Running on host c2
Starting at Tue Jan 18 13:12:55 JST 2022
Running on hosts: c2
Running on 1 nodes.
Running 1 tasks.
Current working directory is /home/rio-hada/workspace/SurrogateModels
> sbatch spy srcc.py -T 1500 --trials 100 --k_size_max 700 --eval_freq 10 --select_mode similarity
Namespace(B=2, D=100, P=16, T=1500, eval_archs=100, eval_freq=10, gpu=False, id=8188, k_size_max=700, mean0=False, name=None, recalc=1, seed=None, select_mode='similarity', trials=100)
save to 'result/image/srcc_t100_T1500_dmax700_sim_mean_8188.png'
Done (1) 1049.7541122436523
Done (2) 1014.4487795829773
Done (3) 999.5396618843079
Done (4) 964.0528521537781
Done (5) 953.0835230350494
Done (6) 922.4601485729218
Done (7) 936.6702589988708
Done (8) 932.4815855026245
Done (9) 904.7778639793396
Done (10) 899.9963142871857
Done (11) 892.017037153244
Done (12) 901.9826467037201
Done (13) 885.0304117202759
Done (14) 880.5750391483307
Done (15) 855.152373790741
Done (16) 865.6561055183411
Done (17) 861.2582151889801
Done (18) 867.7536134719849
Done (19) 847.8824570178986
Done (20) 843.369252204895
Done (21) 844.5390527248383
Done (22) 838.0717628002167
Done (23) 859.4318716526031
Done (24) 840.5874176025391
Done (25) 853.4271993637085
Done (26) 838.4451696872711
Done (27) 838.0198612213135
Done (28) 847.1001014709473
Done (29) 839.8440549373627
Done (30) 854.24933552742
Done (31) 841.5986549854279
Done (32) 848.3541979789734
Done (33) 839.7319715023041
Done (34) 848.6712126731873
Done (35) 834.8639962673187
Done (36) 835.1408686637878
Done (37) 836.7915346622467
Done (38) 843.0035765171051
Done (39) 846.5037503242493
Done (40) 847.1261131763458
Done (41) 846.2092728614807
Done (42) 835.764547586441
Done (43) 833.8418860435486
Done (44) 833.0543823242188
Done (45) 832.2999887466431
Done (46) 839.2004859447479
Done (47) 838.0850162506104
Done (48) 832.2953102588654
Done (49) 831.0466520786285
Done (50) 833.5763552188873
Done (51) 832.7918956279755
Done (52) 835.0679013729095
Done (53) 841.219230890274
Done (54) 843.8431284427643
Done (55) 832.5893194675446
Done (56) 841.559906244278
Done (57) 830.3125052452087
Done (58) 831.1467900276184
Done (59) 831.2811551094055
Done (60) 836.0849978923798
Done (61) 839.2652175426483
Done (62) 832.0770785808563
Done (63) 839.093427658081
Done (64) 834.6289346218109
Done (65) 834.640631198883
Done (66) 841.5253548622131
Done (67) 830.9580845832825
Done (68) 828.8928427696228
Done (69) 830.3058588504791
Done (70) 829.6615374088287
Done (71) 831.5183959007263
Done (72) 848.0839109420776
Done (73) 832.6160261631012
Done (74) 837.3438901901245
Done (75) 838.5292062759399
Done (76) 829.5295794010162
Done (77) 840.5820000171661
Done (78) 837.5351657867432
Done (79) 829.7764277458191
Done (80) 834.273045539856
Done (81) 840.7648878097534
Done (82) 833.0074632167816
Done (83) 836.7829174995422
Done (84) 839.08771276474
Done (85) 831.302695274353
Done (86) 829.355345249176
Done (87) 840.7290635108948
Done (88) 829.8492324352264
Done (89) 830.377151966095
Done (90) 832.5750687122345
Done (91) 835.7476212978363
Done (92) 832.0518746376038
Done (93) 832.8293073177338
Done (94) 835.5264973640442
Done (95) 831.2314631938934
Done (96) 831.0495262145996
Done (97) 841.0931074619293
Done (98) 829.8255105018616
Done (99) 837.8316214084625
Done (100) 831.0239136219025
[0.73657114 0.75722784 0.75387411 0.76225275 0.76665371 0.76562388
 0.7649991  0.76920108 0.7714273  0.77054365 0.77881716 0.77790699
 0.77398692 0.76966865 0.7770429  0.77190951 0.77663846 0.78121692
 0.77245917 0.77369613 0.77828455 0.77799616 0.77235212 0.77178146
 0.77409457 0.77551311 0.78354947 0.7781985  0.76279268 0.7655874
 0.76083876 0.77994059 0.72885281 0.76001728 0.76668371 0.77481548
 0.75349175 0.75884452 0.76111479 0.7662279  0.77909931 0.76162268
 0.7705643  0.76696262 0.76728005 0.74798212 0.75846313 0.75842496
 0.77863762 0.77651905 0.77079244 0.78254101 0.77399532 0.75195284
 0.7606183  0.77979658 0.77171785 0.77049925 0.75402952 0.74810693
 0.78727693 0.77251353 0.75208221 0.75773645 0.76151683 0.76068131
 0.73550915 0.7604054  0.74925353 0.71642748 0.7712006  0.74146343
 0.7761745  0.74875752 0.74824122 0.76796664 0.75978638 0.74224566
 0.75270927 0.7569685  0.76179634 0.76552031 0.76332433 0.76752367
 0.75754743 0.74959388 0.75776394 0.74584686 0.75508875 0.76172241
 0.77375806 0.74851821 0.76769457 0.74789031 0.73334569 0.74994551
 0.74074215 0.7554153  0.75893573 0.76947651 0.76742106 0.75137162
 0.74227435 0.76660786 0.74609901 0.73795308 0.72750483 0.73185635
 0.74970777 0.72623966 0.72104422 0.75139814 0.73107639 0.75862922
 0.74154479 0.73299694 0.72389535 0.73954755 0.76225563 0.73777654
 0.75695302 0.74099526 0.73495362 0.72473363 0.73209301 0.73864134
 0.73515428 0.75515056 0.74520708 0.73689517 0.74481848 0.73052493
 0.75820822 0.7638099  0.72732037 0.74685281 0.72712187 0.73796232
 0.71529565 0.70030243 0.71868419 0.72224386 0.74416262 0.72813237
 0.73252997 0.73606277 0.73716088 0.73832799 0.71367357 0.75425683]
Done at Wed Jan 19 12:53:52 JST 2022
