Running on host c2
Starting at Mon Jan 17 17:48:05 JST 2022
Running on hosts: c2
Running on 1 nodes.
Running 1 tasks.
Current working directory is /home/rio-hada/workspace/SurrogateModels
> sbatch spy srcc.py -T 1500 --trials 100 --k_size_max 200 --eval_freq 10 --select_mode similarity
Namespace(B=2, D=100, P=16, T=1500, eval_archs=100, eval_freq=10, gpu=False, id=8169, k_size_max=200, mean0=False, name=None, recalc=1, seed=None, select_mode='similarity', trials=100)
save to 'result/image/srcc_t100_T1500_dmax200_sim_mean_8169.png'
Done (1) 199.2676751613617
Done (2) 189.90429282188416
Done (3) 183.04432201385498
Done (4) 177.3417022228241
Done (5) 172.9695394039154
Done (6) 166.7151861190796
Done (7) 157.1637635231018
Done (8) 155.9758162498474
Done (9) 153.48861074447632
Done (10) 151.0062551498413
Done (11) 147.5800325870514
Done (12) 148.16774654388428
Done (13) 145.12951827049255
Done (14) 149.07048892974854
Done (15) 143.28911519050598
Done (16) 137.45646405220032
Done (17) 134.18713903427124
Done (18) 135.79309225082397
Done (19) 130.50966048240662
Done (20) 132.79091811180115
Done (21) 130.13411164283752
Done (22) 131.99710941314697
Done (23) 130.92396807670593
Done (24) 127.99166536331177
Done (25) 128.23606157302856
Done (26) 127.7605631351471
Done (27) 124.75991344451904
Done (28) 125.8479151725769
Done (29) 124.41873097419739
Done (30) 125.71943545341492
Done (31) 128.5474727153778
Done (32) 125.07078909873962
Done (33) 123.69424891471863
Done (34) 121.8653998374939
Done (35) 123.7212781906128
Done (36) 122.71213483810425
Done (37) 122.67241716384888
Done (38) 121.66554188728333
Done (39) 121.35324764251709
Done (40) 121.23568105697632
Done (41) 120.09912157058716
Done (42) 122.59090375900269
Done (43) 120.08269834518433
Done (44) 123.49044346809387
Done (45) 119.36447310447693
Done (46) 119.3571846485138
Done (47) 123.27282094955444
Done (48) 119.82438135147095
Done (49) 119.77609181404114
Done (50) 119.32762813568115
Done (51) 120.93952131271362
Done (52) 118.42479753494263
Done (53) 120.92379474639893
Done (54) 120.32129049301147
Done (55) 115.44526290893555
Done (56) 110.47377634048462
Done (57) 109.61121368408203
Done (58) 109.59618258476257
Done (59) 109.67027878761292
Done (60) 108.2649028301239
Done (61) 113.99458742141724
Done (62) 109.21312069892883
Done (63) 109.00322580337524
Done (64) 108.27400636672974
Done (65) 108.90070152282715
Done (66) 107.79270935058594
Done (67) 108.24796223640442
Done (68) 107.1542980670929
Done (69) 109.21382689476013
Done (70) 106.86987018585205
Done (71) 107.7953462600708
Done (72) 107.2327811717987
Done (73) 107.98699641227722
Done (74) 106.8876359462738
Done (75) 107.48492646217346
Done (76) 107.8288881778717
Done (77) 107.57959175109863
Done (78) 106.10408902168274
Done (79) 107.43146967887878
Done (80) 105.88306879997253
Done (81) 106.08526134490967
Done (82) 106.82538485527039
Done (83) 105.844411611557
Done (84) 105.90319156646729
Done (85) 112.29658889770508
Done (86) 106.9100615978241
Done (87) 106.54855370521545
Done (88) 107.23332118988037
Done (89) 107.68824744224548
Done (90) 106.33310508728027
Done (91) 104.89727592468262
Done (92) 104.73104977607727
Done (93) 106.35770153999329
Done (94) 105.9714925289154
Done (95) 105.34524083137512
Done (96) 105.68068218231201
Done (97) 105.14343500137329
Done (98) 104.73316073417664
Done (99) 106.42325067520142
Done (100) 106.24308753013611
[0.74016622 0.74122148 0.76068299 0.7620318  0.76369337 0.77359352
 0.76985803 0.77991131 0.77123792 0.77859766 0.77677744 0.78561488
 0.77388215 0.77142034 0.77711323 0.78627855 0.77845209 0.77308407
 0.77843864 0.76804092 0.78156316 0.77897246 0.76791575 0.77575194
 0.77451389 0.7683838  0.77093345 0.77829283 0.76560516 0.78013513
 0.7799886  0.77648881 0.77172577 0.77543534 0.76035776 0.76361572
 0.77120348 0.77743258 0.7802003  0.77745035 0.77190459 0.76843624
 0.77436436 0.77372853 0.76341014 0.76734389 0.77046697 0.77788011
 0.75966193 0.77119604 0.76106703 0.76830999 0.76810873 0.76231251
 0.76307519 0.75832295 0.76703186 0.76044272 0.77013225 0.76736262
 0.76503102 0.77082688 0.76230039 0.76666223 0.77051317 0.76667543
 0.76716748 0.7668174  0.77096538 0.76125533 0.76751491 0.76648953
 0.75905491 0.76663258 0.75585995 0.76417954 0.75860546 0.75751923
 0.763642   0.75502334 0.75314935 0.76439112 0.76083792 0.76392631
 0.75968749 0.76276748 0.76271707 0.76328125 0.75746643 0.76636904
 0.75798668 0.75792163 0.75323828 0.75938626 0.75653717 0.75219838
 0.75914971 0.75947399 0.75010297 0.76047657 0.75486169 0.76251149
 0.76095542 0.75513123 0.75808281 0.7566489  0.75028539 0.76144698
 0.75149199 0.76546151 0.74808269 0.75692373 0.75305323 0.75332949
 0.75621254 0.76034995 0.746018   0.74504206 0.7441667  0.75375914
 0.75047537 0.74930237 0.75154887 0.74271851 0.75202844 0.74316352
 0.75297078 0.74017162 0.74835284 0.75357924 0.74211521 0.75855158
 0.74487225 0.73874383 0.74792475 0.74320156 0.74974401 0.74159352
 0.7425823  0.74225923 0.74889181 0.74761788 0.73610609 0.74005881
 0.74373657 0.7440492  0.73484584 0.74190711 0.73647177 0.74063966]
Done at Mon Jan 17 21:12:44 JST 2022
