Running on host c2
Starting at Fri Jan 21 19:05:04 JST 2022
Running on hosts: c2
Running on 1 nodes.
Running 1 tasks.
Current working directory is /home/rio-hada/workspace/SurrogateModels
> sbatch spy srcc.py -T 1500 --trials 100 --k_size_max 600 --eval_freq 10
Namespace(B=2, D=100, P=16, T=1500, eval_archs=100, eval_freq=10, gpu=False, id=8309, k_size_max=600, mean0=False, name=None, recalc=1, seed=None, select_mode='random', trials=100)
save to 'result/image/srcc_t100_T1500_dmax600_mean_8309.png'
Done (1) 1395.9034588336945
Done (2) 1175.5188930034637
Done (3) 1046.0654556751251
Done (4) 984.2046544551849
Done (5) 943.0313725471497
Done (6) 911.1550245285034
Done (7) 879.7149541378021
Done (8) 858.3453693389893
Done (9) 852.7412135601044
Done (10) 849.4276859760284
Done (11) 837.4005575180054
Done (12) 828.654622554779
Done (13) 826.9265096187592
Done (14) 831.3492901325226
Done (15) 830.3088436126709
Done (16) 814.683304309845
Done (17) 813.2874994277954
Done (18) 805.6782140731812
Done (19) 804.668607711792
Done (20) 802.9926278591156
Done (21) 809.8509094715118
Done (22) 802.7530465126038
Done (23) 797.663147687912
Done (24) 802.7218835353851
Done (25) 793.5617501735687
Done (26) 798.9888451099396
Done (27) 794.0402112007141
Done (28) 796.1426501274109
Done (29) 800.21062707901
Done (30) 794.9398345947266
Done (31) 790.5269224643707
Done (32) 789.8194479942322
Done (33) 791.3721284866333
Done (34) 792.0318739414215
Done (35) 797.7642793655396
Done (36) 790.8434975147247
Done (37) 787.8732006549835
Done (38) 792.4114181995392
Done (39) 790.7874689102173
Done (40) 799.1191959381104
Done (41) 789.9069600105286
Done (42) 788.5544431209564
Done (43) 788.3967988491058
Done (44) 787.8967969417572
Done (45) 788.5892412662506
Done (46) 789.0433764457703
Done (47) 787.8885307312012
Done (48) 786.7175235748291
Done (49) 785.5486969947815
Done (50) 786.2176954746246
Done (51) 785.8962225914001
Done (52) 786.7450113296509
Done (53) 785.4832327365875
Done (54) 784.5118641853333
Done (55) 785.3407151699066
Done (56) 793.8945410251617
Done (57) 785.0764100551605
Done (58) 785.3708593845367
Done (59) 783.9573714733124
Done (60) 786.3230805397034
Done (61) 785.0447697639465
Done (62) 784.7666072845459
Done (63) 785.1495144367218
Done (64) 784.1040308475494
Done (65) 788.0897281169891
Done (66) 784.0114734172821
Done (67) 784.9000453948975
Done (68) 782.3028404712677
Done (69) 783.9882061481476
Done (70) 784.9509422779083
Done (71) 783.351922750473
Done (72) 782.8965368270874
Done (73) 784.3768384456635
Done (74) 784.3800890445709
Done (75) 781.4875769615173
Done (76) 780.3110384941101
Done (77) 781.4779720306396
Done (78) 783.0727446079254
Done (79) 778.7711260318756
Done (80) 788.1047105789185
Done (81) 780.0825717449188
Done (82) 780.3899524211884
Done (83) 779.9016654491425
Done (84) 779.625901222229
Done (85) 781.0613157749176
Done (86) 780.237621307373
Done (87) 781.0602600574493
Done (88) 781.8414278030396
Done (89) 782.3640069961548
Done (90) 781.894296169281
Done (91) 782.4422860145569
Done (92) 781.0949800014496
Done (93) 780.6725499629974
Done (94) 783.5340723991394
Done (95) 780.5228645801544
Done (96) 780.1415266990662
Done (97) 780.2954857349396
Done (98) 780.7893948554993
Done (99) 781.8737843036652
Done (100) 782.6801083087921
{'srcc': array([0.75407861, 0.76179214, 0.7630399 , 0.76077972, 0.76846865,
       0.76910435, 0.76498746, 0.77729337, 0.7717817 , 0.77281116,
       0.77493489, 0.76949079, 0.77561332, 0.77847885, 0.77382634,
       0.77440912, 0.78377714, 0.77754731, 0.77934665, 0.77732301,
       0.77338206, 0.78105215, 0.78090333, 0.76872847, 0.77492625,
       0.77389439, 0.76612529, 0.77313519, 0.78354431, 0.77914383,
       0.77420738, 0.77766985, 0.78506319, 0.77640888, 0.77785107,
       0.77047081, 0.79034839, 0.77629907, 0.78228515, 0.78775554,
       0.79976454, 0.78441068, 0.78614761, 0.79519964, 0.79148083,
       0.79729625, 0.7971526 , 0.79632619, 0.79568521, 0.8070345 ,
       0.80572733, 0.79625827, 0.79570657, 0.79941914, 0.7985703 ,
       0.79872487, 0.80262658, 0.80115176, 0.79963888, 0.80626727,
       0.79581734, 0.80688185, 0.80464158, 0.80013489, 0.81339382,
       0.80128353, 0.80674395, 0.80540774, 0.80758752, 0.81178446,
       0.80637276, 0.81516844, 0.80335074, 0.8149949 , 0.81185575,
       0.81268983, 0.80505815, 0.81661926, 0.80878272, 0.81384266,
       0.81168077, 0.80772949, 0.81432511, 0.81245929, 0.80855518,
       0.8080042 , 0.81166109, 0.81454401, 0.81058974, 0.80711299,
       0.81407045, 0.81817906, 0.80915536, 0.80827651, 0.80867327,
       0.80638596, 0.80528809, 0.81438188, 0.81276928, 0.81276568,
       0.80706367, 0.81794107, 0.81227903, 0.80531893, 0.81105191,
       0.80908047, 0.81288473, 0.80892757, 0.81706847, 0.81673687,
       0.81414869, 0.81908227, 0.81280804, 0.80505551, 0.81265695,
       0.81143798, 0.81658122, 0.81650309, 0.80827063, 0.81589103,
       0.81238656, 0.81172613, 0.81384974, 0.81572373, 0.81556592,
       0.81710291, 0.81614809, 0.81005329, 0.81559556, 0.81351575,
       0.81749679, 0.81723504, 0.81225407, 0.81116664, 0.81138626,
       0.82021086, 0.82219058, 0.81157132, 0.80422634, 0.81717132,
       0.80097246, 0.80588611, 0.80402868, 0.80614665, 0.8141715 ,
       0.81068011, 0.81284296, 0.80942406, 0.81561488, 0.80686457]), 'acc': array([42.16514439, 42.29417773, 42.41094439, 42.36274995, 42.50198328,
       42.67736661, 42.50878328, 42.63017217, 42.75004439, 42.70159995,
       42.6446055 , 42.57864439, 42.70479995, 42.77294439, 42.64946661,
       42.67693884, 42.73498328, 42.61622217, 42.95641662, 42.69541106,
       42.55786661, 42.68939995, 42.62897217, 42.56593884, 42.70677773,
       42.73493884, 42.47092217, 42.72581661, 42.69030551, 42.6559555 ,
       42.73836106, 42.68532772, 42.66272217, 42.72424995, 42.68623883,
       42.47028884, 42.67411106, 42.50793328, 42.60411661, 42.68791106,
       42.72682773, 42.61306662, 42.56781662, 42.67911106, 42.55527773,
       42.70071106, 42.64889439, 42.60743328, 42.49041106, 42.64726662,
       42.60739439, 42.60817217, 42.55926106, 42.61627772, 42.46559995,
       42.64778884, 42.57511106, 42.57282773, 42.65343884, 42.4897055 ,
       42.33813884, 42.57649439, 42.45731106, 42.48499439, 42.52251106,
       42.57327772, 42.59897217, 42.41591106, 42.45621106, 42.48213884,
       42.54291106, 42.45473328, 42.48473884, 42.5474555 , 42.54008883,
       42.6231055 , 42.47673884, 42.55579995, 42.39797217, 42.38439995,
       42.55025551, 42.47277217, 42.51872217, 42.24956106, 42.49319995,
       42.37197217, 42.43866662, 42.41437772, 42.39457773, 42.25646106,
       42.5619555 , 42.50748884, 42.27049439, 42.31374439, 42.3978055 ,
       42.29551661, 42.29312773, 42.3369555 , 42.31567217, 42.40716106,
       42.3543055 , 42.32619995, 42.34841106, 42.40747773, 42.35259439,
       42.2264055 , 42.31558328, 42.23593883, 42.26544995, 42.25588328,
       42.30356661, 42.3525444 , 42.21306106, 42.20608884, 42.19813884,
       42.19192773, 42.26746661, 42.09343884, 42.14908884, 42.31132217,
       42.1560555 , 42.07197773, 42.15358328, 42.16809995, 42.00717217,
       42.03782773, 42.11812773, 41.87236106, 42.14348328, 41.99722217,
       42.0826055 , 42.15154439, 41.95217217, 42.09403884, 42.0740055 ,
       42.1543555 , 42.07876661, 41.93127217, 41.87917773, 42.01087217,
       41.92172773, 41.99989439, 41.87733328, 41.75444995, 42.00968328,
       41.92429995, 41.79657217, 41.79832772, 41.86822773, 41.79044439])}
Done at Sat Jan 22 17:36:00 JST 2022
