Running on host c2
Starting at Mon Jan 17 21:12:47 JST 2022
Running on hosts: c2
Running on 1 nodes.
Running 1 tasks.
Current working directory is /home/rio-hada/workspace/SurrogateModels
> sbatch spy srcc.py -T 1500 --trials 100 --k_size_max 300 --eval_freq 10 --select_mode similarity
Namespace(B=2, D=100, P=16, T=1500, eval_archs=100, eval_freq=10, gpu=False, id=8180, k_size_max=300, mean0=False, name=None, recalc=1, seed=None, select_mode='similarity', trials=100)
save to 'result/image/srcc_t100_T1500_dmax300_sim_mean_8180.png'
Done (1) 331.259272813797
Done (2) 318.68850326538086
Done (3) 308.78328561782837
Done (4) 295.7705020904541
Done (5) 282.0116138458252
Done (6) 275.36934995651245
Done (7) 272.0008146762848
Done (8) 270.16770482063293
Done (9) 265.7490243911743
Done (10) 262.32832860946655
Done (11) 253.17586374282837
Done (12) 250.10033893585205
Done (13) 244.35763382911682
Done (14) 244.23174476623535
Done (15) 241.4495234489441
Done (16) 243.13603401184082
Done (17) 238.0063877105713
Done (18) 243.8907446861267
Done (19) 235.7516589164734
Done (20) 235.45315957069397
Done (21) 238.9481692314148
Done (22) 236.8390233516693
Done (23) 235.97983837127686
Done (24) 234.71368861198425
Done (25) 231.84031534194946
Done (26) 235.46132445335388
Done (27) 234.3422496318817
Done (28) 231.79350352287292
Done (29) 233.91651797294617
Done (30) 229.50792407989502
Done (31) 229.05676460266113
Done (32) 230.2023286819458
Done (33) 229.42686486244202
Done (34) 227.4571840763092
Done (35) 232.4225046634674
Done (36) 234.0876214504242
Done (37) 229.6240131855011
Done (38) 228.20894718170166
Done (39) 213.89286255836487
Done (40) 212.60685062408447
Done (41) 208.49806427955627
Done (42) 211.48439478874207
Done (43) 211.60105562210083
Done (44) 209.55249524116516
Done (45) 210.67838883399963
Done (46) 207.82255840301514
Done (47) 206.77404141426086
Done (48) 208.4193058013916
Done (49) 210.16470980644226
Done (50) 209.43164730072021
Done (51) 213.10581755638123
Done (52) 207.89233255386353
Done (53) 208.39725756645203
Done (54) 207.3362636566162
Done (55) 206.73548769950867
Done (56) 206.8691282272339
Done (57) 210.34931659698486
Done (58) 207.53031706809998
Done (59) 206.79744791984558
Done (60) 205.62536931037903
Done (61) 209.3597617149353
Done (62) 205.5883719921112
Done (63) 205.22273659706116
Done (64) 206.93209218978882
Done (65) 206.66959238052368
Done (66) 206.27596068382263
Done (67) 206.29830193519592
Done (68) 206.49566340446472
Done (69) 204.88525295257568
Done (70) 205.41396760940552
Done (71) 206.13171911239624
Done (72) 205.64662051200867
Done (73) 211.31186437606812
Done (74) 210.496031999588
Done (75) 204.51707887649536
Done (76) 204.31265139579773
Done (77) 208.09512281417847
Done (78) 205.90604615211487
Done (79) 203.54742240905762
Done (80) 203.723406791687
Done (81) 205.53583359718323
Done (82) 204.76703023910522
Done (83) 202.9907431602478
Done (84) 203.77891302108765
Done (85) 204.05783104896545
Done (86) 205.38194227218628
Done (87) 203.3960280418396
Done (88) 203.41341972351074
Done (89) 204.13118314743042
Done (90) 205.78331756591797
Done (91) 204.34056305885315
Done (92) 202.62937355041504
Done (93) 201.8270127773285
Done (94) 203.1439323425293
Done (95) 202.17694807052612
Done (96) 203.1900556087494
Done (97) 202.91732811927795
Done (98) 201.29705357551575
Done (99) 203.50281023979187
Done (100) 202.94423270225525
[0.74860918 0.75093945 0.76022622 0.75640204 0.75567969 0.76005929
 0.76333681 0.77517192 0.7719874  0.7779838  0.7828372  0.78809157
 0.77072271 0.78454233 0.79002448 0.78899982 0.78750111 0.7939946
 0.78152823 0.79565545 0.79249337 0.78377462 0.78924428 0.7911886
 0.78884092 0.79677216 0.78644092 0.78618854 0.78892973 0.78876796
 0.79330729 0.79089889 0.78485641 0.79062046 0.79136214 0.78502826
 0.78529373 0.79166637 0.78972733 0.7898045  0.79072931 0.79200768
 0.78999316 0.7926441  0.78103414 0.78826871 0.78738518 0.78901206
 0.78751563 0.79309439 0.79274383 0.79328881 0.78801044 0.78753543
 0.78825875 0.78501734 0.78344254 0.77874731 0.7790429  0.77899526
 0.7854057  0.78438176 0.77629115 0.77711299 0.77668839 0.78433039
 0.78650225 0.78286865 0.77292829 0.77780846 0.78493117 0.7774465
 0.7763544  0.77346847 0.77163528 0.78391515 0.78098578 0.7873565
 0.78466991 0.78395092 0.77773357 0.7751688  0.77817378 0.78250285
 0.77901098 0.77933729 0.78765293 0.77712175 0.77168233 0.77376514
 0.77743318 0.77523636 0.76899718 0.77149115 0.77361824 0.77011485
 0.77705419 0.77359736 0.77496934 0.77739754 0.77856046 0.78033351
 0.78365485 0.77711851 0.77527573 0.7773943  0.77585887 0.77065419
 0.77304686 0.78191371 0.77257234 0.77580486 0.77243732 0.77088173
 0.78002724 0.7672084  0.77580582 0.77106679 0.7758315  0.78207165
 0.76501098 0.76926685 0.77887813 0.77244884 0.77851689 0.7712162
 0.77306847 0.77265599 0.77833795 0.7744048  0.76891845 0.76198776
 0.76270567 0.76625167 0.77365185 0.76860246 0.77062562 0.76819658
 0.76728689 0.75326433 0.76198344 0.76687489 0.75990783 0.76317348
 0.77094077 0.76384554 0.76654797 0.76380582 0.77081164 0.7600498 ]
Done at Tue Jan 18 03:24:30 JST 2022
