Running on host c16
Starting at Thu Jan 27 07:08:11 JST 2022
Running on hosts: c16
Running on 1 nodes.
Running 1 tasks.
Current working directory is /home/rio-hada/workspace/SurrogateModels
> sbatch spy srcc.py -T 1500 --trials 100 --k_size_max 700 --eval_freq 10
Namespace(B=2, D=100, P=16, T=1500, eval_archs=100, eval_freq=10, gpu=False, id=8403, k_size_max=700, mean0=False, name=None, recalc=1, seed=None, select_mode='random', trials=100)
save to 'result/image/srcc_t100_T1500_dmax700_mean_8403.png'
Done (1) 1385.2237989902496
Done (2) 1196.0478274822235
Done (3) 1074.2262518405914
Done (4) 1014.9965789318085
Done (5) 973.9175164699554
Done (6) 923.9415955543518
Done (7) 898.3331689834595
Done (8) 879.0171339511871
Done (9) 873.2973201274872
Done (10) 866.2800657749176
Done (11) 855.4011816978455
Done (12) 848.6052167415619
Done (13) 845.5222465991974
Done (14) 847.1933515071869
Done (15) 834.0400154590607
Done (16) 828.3604528903961
Done (17) 818.4114787578583
Done (18) 820.1746873855591
Done (19) 817.9551219940186
Done (20) 825.8061738014221
Done (21) 813.0358097553253
Done (22) 813.0953550338745
Done (23) 811.110844373703
Done (24) 812.7351589202881
Done (25) 811.9608187675476
Done (26) 807.3470733165741
Done (27) 809.7439165115356
Done (28) 811.1958394050598
Done (29) 817.0055484771729
Done (30) 809.4565575122833
Done (31) 806.2803153991699
Done (32) 805.1888377666473
Done (33) 808.3729894161224
Done (34) 805.7938311100006
Done (35) 806.3284592628479
Done (36) 805.8360240459442
Done (37) 806.5429923534393
Done (38) 803.5921974182129
Done (39) 800.9258008003235
Done (40) 804.4064836502075
Done (41) 810.4302046298981
Done (42) 804.2830333709717
Done (43) 804.3961865901947
Done (44) 802.3011381626129
Done (45) 799.9462695121765
Done (46) 800.9089214801788
Done (47) 800.8970086574554
Done (48) 800.6739728450775
Done (49) 802.4253330230713
Done (50) 804.2014808654785
Done (51) 802.3303115367889
Done (52) 800.2327439785004
Done (53) 799.5671820640564
Done (54) 798.5320980548859
Done (55) 800.6694371700287
Done (56) 799.8442373275757
Done (57) 801.1540472507477
Done (58) 808.430123090744
Done (59) 798.5936636924744
Done (60) 799.1991400718689
Done (61) 798.6415951251984
Done (62) 799.6494727134705
Done (63) 799.649998664856
Done (64) 799.338418006897
Done (65) 800.2773203849792
Done (66) 798.2464981079102
Done (67) 797.846031665802
Done (68) 797.9551811218262
Done (69) 797.7283220291138
Done (70) 799.3789823055267
Done (71) 795.9386394023895
Done (72) 798.8586122989655
Done (73) 796.9717943668365
Done (74) 797.5426111221313
Done (75) 794.2895083427429
Done (76) 795.1098909378052
Done (77) 794.3736906051636
Done (78) 799.3807201385498
Done (79) 794.4031822681427
Done (80) 794.4492561817169
Done (81) 795.7120597362518
Done (82) 806.1485486030579
Done (83) 794.3534812927246
Done (84) 794.4569742679596
Done (85) 793.5191757678986
Done (86) 795.8481070995331
Done (87) 794.1659724712372
Done (88) 796.5418763160706
Done (89) 794.9447169303894
Done (90) 794.9154071807861
Done (91) 792.6093702316284
Done (92) 794.0674421787262
Done (93) 796.5751252174377
Done (94) 793.4036087989807
Done (95) 794.7374336719513
Done (96) 796.043824672699
Done (97) 794.0842113494873
Done (98) 795.2432677745819
Done (99) 794.1336765289307
Done (100) 792.9149518013
{'srcc': array([0.73296526, 0.74553183, 0.74789139, 0.75377522, 0.75818566,
       0.7643796 , 0.76281212, 0.77086409, 0.76791227, 0.77437288,
       0.77038224, 0.76905779, 0.77684488, 0.77284716, 0.76711335,
       0.7621805 , 0.77508011, 0.78091437, 0.77127717, 0.76988743,
       0.77035176, 0.77015002, 0.75825215, 0.76538746, 0.76724644,
       0.75363816, 0.7700354 , 0.7691736 , 0.76030519, 0.74879436,
       0.77605605, 0.77789571, 0.77789823, 0.77099154, 0.77667747,
       0.77600876, 0.76785731, 0.77113879, 0.77954119, 0.78564368,
       0.77208425, 0.76668131, 0.76645437, 0.78108419, 0.77990171,
       0.76632307, 0.78159244, 0.78557   , 0.78008425, 0.77732169,
       0.78411989, 0.777967  , 0.78207249, 0.79480108, 0.77709211,
       0.78562712, 0.78949619, 0.77944938, 0.79978686, 0.78725305,
       0.79971593, 0.80234023, 0.7953721 , 0.78989655, 0.79042148,
       0.79175242, 0.78774377, 0.79609553, 0.80290417, 0.80629559,
       0.80366253, 0.80440756, 0.80943894, 0.80508587, 0.80573309,
       0.80195176, 0.80413885, 0.8099616 , 0.81017414, 0.80207633,
       0.79998152, 0.81565833, 0.81065203, 0.80959364, 0.81836232,
       0.81130993, 0.81690837, 0.81309559, 0.80479832, 0.82184782,
       0.80894017, 0.81069259, 0.80834167, 0.81286601, 0.8172054 ,
       0.81227615, 0.81443276, 0.82486997, 0.82020894, 0.82197912,
       0.82102634, 0.81265359, 0.81798728, 0.82379322, 0.81373873,
       0.82493921, 0.81986835, 0.82369085, 0.81630315, 0.81551899,
       0.82698662, 0.81624074, 0.82544182, 0.81807861, 0.82944914,
       0.83277072, 0.8271616 , 0.82373393, 0.81270243, 0.82182622,
       0.82034875, 0.82269127, 0.82273267, 0.82862538, 0.82809997,
       0.8225889 , 0.82250885, 0.82335854, 0.8223904 , 0.8242237 ,
       0.82615038, 0.82413057, 0.82353087, 0.82085497, 0.82210465,
       0.82979778, 0.83650093, 0.824018  , 0.82293945, 0.8232066 ,
       0.83230807, 0.82793771, 0.82433315, 0.8227832 , 0.82766937,
       0.832033  , 0.82373741, 0.82108803, 0.82725077, 0.82888713]), 'acc': array([42.02426661, 42.24089439, 42.32232773, 42.37283328, 42.52191106,
       42.6570055 , 42.61626106, 42.69811106, 42.67862217, 42.7899055 ,
       42.80196106, 42.71603884, 42.87227217, 42.78407217, 42.71529995,
       42.71682217, 42.7502555 , 42.67843884, 42.81903328, 42.65609439,
       42.67952773, 42.73713328, 42.63978884, 42.67083884, 42.47799995,
       42.48502217, 42.49482217, 42.55214995, 42.48525551, 42.47657217,
       42.77022217, 42.66854995, 42.80666106, 42.65019995, 42.60784439,
       42.63753884, 42.52152772, 42.63527773, 42.50872773, 42.76371661,
       42.54511662, 42.66312773, 42.51414995, 42.44707773, 42.49071661,
       42.29447772, 42.49753328, 42.48703328, 42.27249439, 42.34359439,
       42.52078328, 42.25994995, 42.27119995, 42.55899995, 42.31956106,
       42.5237055 , 42.44127217, 42.28341661, 42.50599439, 42.35512217,
       42.55562772, 42.48549439, 42.34857773, 42.43238328, 42.32632217,
       42.41311661, 42.44804439, 42.46058884, 42.53712217, 42.4754555 ,
       42.52919995, 42.47133884, 42.45573884, 42.38104439, 42.45962217,
       42.45324995, 42.51237772, 42.40182217, 42.47079439, 42.42813884,
       42.32287217, 42.44404439, 42.38851661, 42.36524439, 42.55604995,
       42.28269995, 42.34899439, 42.29653884, 42.42892217, 42.46871106,
       42.2654444 , 42.29361661, 42.34527217, 42.42558328, 42.37711106,
       42.24719439, 42.42159995, 42.41831106, 42.25809439, 42.28324995,
       42.33584995, 42.25358884, 42.48772217, 42.4240555 , 42.33556106,
       42.30456661, 42.24498328, 42.30849995, 42.16284439, 42.38807773,
       42.29853328, 42.26422217, 42.35483884, 42.2019055 , 42.23173328,
       42.39528884, 42.23707772, 42.14881106, 42.26608328, 42.2348055 ,
       42.39467773, 42.30097217, 42.27004439, 42.30879995, 42.32103328,
       42.08173328, 42.28879995, 42.44519439, 42.07629995, 42.42864995,
       42.2820944 , 42.15538884, 42.18568328, 42.12463328, 42.09041106,
       42.15962217, 42.27391661, 42.1857055 , 42.07054439, 42.00779439,
       42.29494439, 42.1870055 , 42.18051661, 42.0289055 , 42.12769439,
       42.10894439, 42.03713884, 42.09682773, 42.04566662, 42.05322773])}
Done at Fri Jan 28 06:03:27 JST 2022
