Running on host c2
Starting at Fri Feb 11 04:08:19 JST 2022
Running on hosts: c2
Running on 1 nodes.
Running 1 tasks.
Current working directory is /home/rio-hada/workspace/SurrogateModels
> sbatch spy srcc.py -T 1500 --trials 1 --k_size_max 800
Namespace(B=2, D=100, P=16, T=1500, eval_archs=100, eval_freq=50, gpu=False, id=8483, k_size_max=800, mean0=False, name=None, recalc=1, seed=None, select_mode='random', trials=1)
save to 'result/image/srcc_t1_T1500_dmax800_mean_8483.png'
0 35.06825420713925 5.216749247795476 33.91235623009144 28.652756220892492 45.77775622089249
1 25.351118240056078 8.871764672887167 24.28840289650754 3.777756220892492 45.77775622089249
2 44.37078685506014 8.064334601243045 41.22191708174436 37.05900622089249 65.77775622089248
3 40.734008552154584 6.697822295137487 39.58270861039272 30.465256220892492 59.77775622089249
4 22.566840673197998 6.890764374012284 21.379318720892492 12.527756220892492 45.77775622089249
5 37.35493127403322 6.699927921335208 37.35190097455925 21.777756220892492 51.77775622089249
6 34.11320773184489 13.217704570980064 35.15275622089249 -8.222243779107508 57.27775622089249
7 30.597100710320028 9.13822687970312 29.387340899535054 15.277756220892492 57.52775622089249
8 34.199408440554635 15.893177302114907 35.864407262069996 -20.222243779107508 57.27775622089249
9 40.180283807583926 10.619787788521016 41.531093140255614 7.777756220892492 54.27775622089249
10 39.259453080229655 5.011046765000266 38.541630091562475 30.340256220892492 50.77775622089249
11 38.95885113665901 5.871396574385676 39.25324546044539 24.777756220892492 47.77775622089249
12 30.19405747100877 15.259442526917873 31.184006220892492 -16.222243779107508 64.02775622089248
13 36.28208239980181 7.3899146571492125 35.830037184242336 26.777756220892492 57.52775622089249
14 33.80651402971498 12.236606519953716 30.503536504745092 14.777756220892492 64.27775622089248
15 36.73094230405407 7.518902388940259 37.668468022064836 17.777756220892492 51.77775622089249
16 40.11844834107081 7.742346734107189 37.9060540159571 31.027756220892492 57.77775622089249
17 38.670388068613505 7.43668505281353 36.49650622089249 29.027756220892492 59.77775622089249
18 41.5671037108231 7.202976462365977 40.4139115915825 35.02775622089249 65.77775622089248
19 33.83486917033409 6.730919406362454 31.448340785128558 25.215256220892492 50.77775622089249
20 53.42104458139769 34.571073164815935 44.30900622089249 36.05900622089249 181.77775622089248
21 32.354738804402544 11.558279381628646 33.19886012716085 -2.222243779107508 54.77775622089249
22 29.855786640915973 4.458033998197499 28.97589757919571 22.535568720892492 41.77775622089249
23 43.152714762669966 9.56107978586041 39.98846367448815 32.63713122089249 73.77775622089248
24 20.73481934602979 9.843421161197206 16.78131761876248 11.946731587398553 44.77775622089249
25 33.801871943400045 4.837226346582635 33.21525622089249 25.090256220892492 47.02775622089249
26 30.100620683474546 11.235790368217545 30.69216671870179 -3.222243779107508 52.02775622089249
27 42.829316678928585 8.677419228754665 43.124683028864524 25.277756220892492 67.77775622089248
28 45.47235245763007 19.967355055474354 40.66838122089249 32.02775622089249 117.77775622089248
29 42.02581595672716 10.757621868560811 42.787183227352294 7.777756220892492 58.77775622089249
30 29.00767308301232 3.587200494555144 29.699631220892492 21.184006220892492 36.49650622089249
31 25.26161821300756 11.474568184358144 25.999527307501218 -7.472243779107508 46.27775622089249
32 37.79524250823578 4.292733866214721 37.21640913753516 30.652756220892492 46.77775622089249
33 25.18347192164481 13.197497544442921 24.93738510209807 -9.222243779107508 58.52775622089249
34 36.62503845803306 5.4840311817414 37.282601023131896 24.777756220892492 49.37150622089249
35 37.8344504581329 8.256321024974246 36.931702118711165 23.777756220892492 60.52775622089249
36 35.18694221899897 7.858711160720696 35.336577834672944 15.777756220892492 49.77775622089249
37 34.03995007455616 6.999118671723018 33.70744372089249 25.152756220892492 53.27775622089249
38 39.64110817700727 14.007698826717318 36.13317945957536 23.527756220892492 87.77775622089248
39 41.61217352437612 12.413385357984602 38.0858586434288 33.21525622089249 85.77775622089248
40 34.817444214203725 8.85131969792852 32.65191378357479 25.746506220892492 63.77775622089249
41 42.59985236815323 9.945252191171198 43.29338122089249 15.777756220892492 62.27775622089249
42 33.487995828164074 5.719429031193974 32.10127766889227 27.652756220892492 47.77775622089249
43 43.76429215454096 8.187862914806143 41.283869876252545 31.152756220892492 69.77775622089248
44 35.271091233226834 3.502991777028586 35.514734259935054 28.277756220892492 44.59025622089249
45 38.0275992547242 23.397344413649808 31.756704535113023 23.121506220892492 123.77775622089248
46 35.009812247778946 11.846358374276383 31.877329719086312 24.840256220892492 75.77775622089248
47 36.46145240132271 8.77793590993439 33.684852665401685 22.527756220892492 55.77775622089249
48 41.12161898350663 8.09751460791671 39.414466638318764 29.527756220892492 67.27775622089248
49 44.835383544102655 15.668801521689144 39.99976273400113 33.66838122089249 99.77775622089248
50 39.97518851251557 6.022649159289737 38.67795705744286 30.715256220892492 57.77775622089249
51 31.048085063100213 5.212171917711565 29.372980445389494 24.637131220892492 43.77775622089249
52 28.10562541953547 16.358415982107466 29.740511627737625 -27.222243779107508 50.27775622089249
53 32.62750189366886 10.301894697467771 29.762131220892492 25.777756220892492 69.77775622089248
54 42.50336896436906 5.984570852032269 42.16588443930522 31.777756220892492 55.77775622089249
55 29.62081082017799 5.703415927210862 27.711963986805607 22.840256220892492 40.65275622089249
56 42.19198322431883 7.762713810614983 41.145078312999196 29.871506220892492 63.77775622089249
57 37.71178048641406 15.525926137470517 39.00443100808777 -8.222243779107508 68.77775622089248
58 39.898067686359234 4.340257345601362 39.81551719221831 31.777756220892492 51.84025622089249
59 24.215049410520635 7.502058653243955 23.608653235257513 14.246506220892492 45.77775622089249
60 35.71193331318654 6.9351832347751365 33.52775622089249 26.777756220892492 51.77775622089249
61 29.176453776909096 17.91271745541914 31.33143721607781 -32.22224377910751 53.77775622089249
62 29.028758038497056 18.064032382848193 29.496506220892492 -24.222243779107508 69.52775622089248
63 41.77277213772912 11.666078276493117 39.2220618687548 28.902756220892492 76.77775622089248
64 38.029028767303075 5.500423103435058 36.84025622089249 31.902756220892492 54.27775622089249
65 28.4848624932882 5.276251286275911 26.9499060485877 20.402756220892492 42.77775622089249
66 33.285309575602625 8.214656303973856 30.902756220892492 27.027756220892492 59.77775622089249
67 41.82144414819635 5.653743458240753 41.84025622089249 30.277756220892492 51.62150622089249
68 31.095453414534358 8.326631534908342 31.74919079057789 5.777756220892492 42.27775622089249
69 49.68984892812382 18.78658453218156 44.858930285127435 35.15275622089249 118.27775622089248
70 30.871433760741805 13.842309875021494 30.133224970892492 -4.222243779107508 64.27775622089248
71 32.36749962036573 17.195420765500376 33.8866981135966 -24.222243779107508 60.52775622089249
72 35.71905562684829 10.595021732285137 35.43400622089249 11.777756220892492 65.77775622089248
73 42.98132596714658 11.037111757153495 41.20214955534326 29.902756220892492 79.77775622089248
74 38.83828468559307 15.19599681826579 40.339278490013136 -8.222243779107508 69.27775622089248
75 43.38826088121054 10.126054329472806 44.878296887942234 11.777756220892492 57.09025622089249
76 27.526292070598203 7.087386538072164 26.383968645263856 14.277756220892492 44.27775622089249
77 30.510006583285872 10.995920937734551 32.48650760282775 -0.22224377910750803 54.27775622089249
78 37.01465989876459 8.73958885905804 33.96525622089249 26.027756220892492 63.77775622089249
79 34.51531763976647 5.1021140823118545 33.37150622089249 30.121506220892492 50.52775622089249
80 34.0801313632144 9.054548481028895 32.150207832754184 23.902756220892492 64.77775622089248
81 41.13337767947199 6.324021582433465 40.223521952356144 31.027756220892492 59.27775622089249
82 38.45268915521973 5.4750048410909296 38.27668448347672 28.277756220892492 52.34025622089249
83 48.349549749000786 16.825744228869507 44.73869372089249 31.246506220892492 108.77775622089248
84 27.344479474524945 9.791418442490311 25.932669684060706 10.777756220892492 57.52775622089249
85 42.08317988209277 12.192329271191982 40.04892720005607 21.277756220892492 80.77775622089248
86 28.76937332421678 6.280368938840126 26.930099970892492 19.965256220892492 43.27775622089249
87 40.272399192464526 13.618829808629107 42.065924015959844 -0.22224377910750803 67.27775622089248
88 29.175945192679244 13.275302012282788 29.652756220892492 -12.222243779107508 50.77775622089249
89 42.27205690259803 22.449999979386412 36.815819502652126 28.027756220892492 124.77775622089248
90 25.701594400337203 10.361866728966048 24.152756220892492 3.777756220892492 53.77775622089249
91 37.2356593164374 6.773990730421933 35.56906932216564 28.246506220892492 56.77775622089249
92 35.93563231716536 4.926279594831687 35.88713122089249 28.777756220892492 46.77775622089249
93 36.06388906876033 10.213872468311065 33.370767999495094 27.277756220892492 70.77775622089248
94 41.25648450597228 3.3855647569096643 41.42094865609345 32.15275622089249 47.77775622089249
95 37.5602144600138 8.34343074121987 36.4859977652066 24.277756220892492 60.27775622089249
96 36.98343183688445 6.465783171331533 35.94963122089249 21.402756220892492 52.52775622089249
97 30.54025897859553 13.03831304608918 33.62150622089249 -12.222243779107508 43.77775622089249
98 36.60399242862439 5.183728249089138 35.84913041666373 27.215256220892492 51.84025622089249
99 44.6677166943809 25.837071869395842 37.0689378767506 30.684006220892492 139.77775622089248
mean
10.015286445430295
5.2031640908342744
8.708504043906352
3.3855647569096643
34.571073164815935
std
2.2308028506479176
0.7504176522156901
2.027952382976845
1.0613298840309422
4.726403725900738
Done (1) 1067.3619933128357
{'srcc': array([0.76258026, 0.77611761, 0.73692169, 0.67427543, 0.69940594,
       0.78635464, 0.83525953, 0.7360216 , 0.78625863, 0.76132013,
       0.76840084, 0.8340114 , 0.73766577, 0.78280228, 0.8160096 ,
       0.84834083, 0.7969517 , 0.86447045, 0.91145515, 0.81977798,
       0.84758476, 0.80874887, 0.82454245, 0.83314731, 0.75741974,
       0.81580558, 0.87675968, 0.84274827, 0.73520552, 0.88040804]), 'acc': array([42.55166663, 43.58722218, 42.29222217, 43.35166663, 43.12222214,
       42.10333328, 42.3272222 , 42.82944439, 42.5716666 , 43.0944444 ,
       42.22722217, 41.94444441, 43.44222216, 42.52444439, 42.78222219,
       42.47277773, 40.52833326, 41.86111103, 43.48722214, 42.73833329,
       43.17444437, 42.84444437, 40.43222215, 42.06722215, 42.9816666 ,
       42.81999995, 41.98888883, 42.2183333 , 40.98722218, 42.31666663])}
Done at Fri Feb 11 04:26:09 JST 2022
