Running on host c3
Starting at Sat Jan 22 18:35:27 JST 2022
Running on hosts: c3
Running on 1 nodes.
Running 1 tasks.
Current working directory is /home/rio-hada/workspace/SurrogateModels
> sbatch spy srcc.py -T 1500 --trials 100 --k_size_max 800 --eval_freq 10 --select_mode similarity
Namespace(B=2, D=100, P=16, T=1500, eval_archs=100, eval_freq=10, gpu=False, id=8320, k_size_max=800, mean0=False, name=None, recalc=1, seed=None, select_mode='similarity', trials=100)
save to 'result/image/srcc_t100_T1500_dmax800_sim_mean_8320.png'
Done (1) 1266.0516941547394
Done (2) 1211.6420347690582
Done (3) 1221.5888407230377
Done (4) 1155.401861667633
Done (5) 1162.10462808609
Done (6) 1139.6923167705536
Done (7) 1124.300663471222
Done (8) 1127.096290588379
Done (9) 1121.1689891815186
Done (10) 1110.2478654384613
Done (11) 1092.995552778244
Done (12) 1108.6052129268646
Done (13) 1058.213105916977
Done (14) 1067.4926266670227
Done (15) 1044.0813834667206
Done (16) 1051.7688269615173
Done (17) 1061.3796067237854
Done (18) 1041.1512598991394
Done (19) 1043.2965712547302
Done (20) 1063.9462487697601
Done (21) 1037.3313221931458
Done (22) 1052.976772069931
Done (23) 1054.5203168392181
Done (24) 1044.9118287563324
Done (25) 1049.394730091095
Done (26) 1045.2437131404877
Done (27) 1030.4123826026917
Done (28) 1043.4334156513214
Done (29) 1043.6576611995697
Done (30) 1045.6200289726257
Done (31) 1043.4067826271057
Done (32) 1051.0913808345795
Done (33) 1044.6573157310486
Done (34) 1029.6681442260742
Done (35) 1035.6866607666016
Done (36) 1040.7538022994995
Done (37) 1037.9311075210571
Done (38) 1038.187848329544
Done (39) 1042.5115201473236
Done (40) 1044.9342284202576
Done (41) 1034.4418106079102
Done (42) 1028.7128479480743
Done (43) 1035.3401820659637
Done (44) 1039.7805705070496
Done (45) 1030.6913523674011
Done (46) 1047.5039241313934
Done (47) 1028.4696340560913
Done (48) 1041.4286925792694
Done (49) 1028.8789291381836
Done (50) 1033.8776230812073
Done (51) 1039.4818522930145
Done (52) 1043.7313673496246
Done (53) 1030.813714981079
Done (54) 1029.046122789383
Done (55) 1040.1653158664703
Done (56) 1041.7913258075714
Done (57) 1042.2715592384338
Done (58) 1043.0158262252808
Done (59) 1027.8323683738708
Done (60) 1036.3212983608246
Done (61) 1030.1915528774261
Done (62) 1030.6028995513916
Done (63) 1043.394936323166
Done (64) 1042.7464106082916
Done (65) 1034.3732256889343
Done (66) 1041.2193908691406
Done (67) 1050.5414245128632
Done (68) 1029.2414102554321
Done (69) 1038.561125278473
Done (70) 1038.8653481006622
Done (71) 1041.0638310909271
Done (72) 1047.67799782753
Done (73) 1037.2350013256073
Done (74) 1040.4236586093903
Done (75) 1048.379280090332
Done (76) 1042.7709169387817
Done (77) 1050.848172903061
Done (78) 1044.2986433506012
Done (79) 1036.3180434703827
Done (80) 1044.322348833084
Done (81) 1046.738744020462
Done (82) 1037.778885126114
Done (83) 1047.450544834137
Done (84) 1039.652522802353
Done (85) 1051.7626149654388
Done (86) 1042.5942316055298
Done (87) 1046.6268484592438
Done (88) 1051.3582332134247
Done (89) 1037.017662525177
Done (90) 1047.9215846061707
Done (91) 1049.9698824882507
Done (92) 1039.3563241958618
Done (93) 1051.0027301311493
Done (94) 1050.5939409732819
Done (95) 1039.5031468868256
Done (96) 1037.005627632141
Done (97) 1051.2721135616302
Done (98) 1045.6825971603394
Done (99) 1035.5290596485138
Done (100) 1048.7043368816376
{'srcc': array([0.73872823, 0.75810957, 0.76322076, 0.75731905, 0.76308311,
       0.75487321, 0.76164284, 0.7587742 , 0.75952055, 0.7656282 ,
       0.76650549, 0.76550291, 0.7716192 , 0.76918068, 0.76871239,
       0.76626835, 0.77511983, 0.77687381, 0.76822946, 0.78044956,
       0.77202256, 0.76786223, 0.76302778, 0.76647237, 0.77044476,
       0.75664506, 0.75016502, 0.74178074, 0.74600132, 0.73506583,
       0.72927561, 0.74614725, 0.74088509, 0.75291797, 0.73083648,
       0.72055566, 0.7266183 , 0.6766207 , 0.75937978, 0.7413859 ,
       0.74457354, 0.73185155, 0.72393219, 0.74700414, 0.7398081 ,
       0.74856946, 0.77360132, 0.75777714, 0.75849673, 0.74605017,
       0.74521692, 0.75393459, 0.74101998, 0.70571581, 0.71252481,
       0.71463462, 0.75038164, 0.72609313, 0.72540114, 0.74973117,
       0.72528041, 0.72088833, 0.73876004, 0.70393339, 0.70404368,
       0.72587315, 0.7567754 , 0.72591011, 0.73119244, 0.73006841,
       0.70722892, 0.71244464, 0.73074995, 0.73215518, 0.71774617,
       0.71725017, 0.71542322, 0.736012  , 0.73128881, 0.68413429,
       0.70884248, 0.69470927, 0.68066103, 0.7267802 , 0.70718416,
       0.70772181, 0.68906439, 0.71629871, 0.68897906, 0.68602568,
       0.68175866, 0.66816286, 0.69788899, 0.71128473, 0.67235908,
       0.71736214, 0.71068455, 0.67580834, 0.70777954, 0.68725521,
       0.71987651, 0.68072007, 0.72052301, 0.69754767, 0.68907879,
       0.71604584, 0.65764956, 0.64351959, 0.71587099, 0.70840876,
       0.68164128, 0.70265755, 0.68206745, 0.69462118, 0.6957997 ,
       0.67680612, 0.70082208, 0.68999664, 0.70616838, 0.72284068,
       0.71273483, 0.68670627, 0.7104372 , 0.66713255, 0.69798596,
       0.70433951, 0.702021  , 0.7112162 , 0.70733093, 0.67447237,
       0.68762688, 0.6649877 , 0.72183342, 0.67507807, 0.71058926,
       0.70222886, 0.72390171, 0.69309175, 0.68904698, 0.70362796,
       0.71351503, 0.64829511, 0.70253081, 0.66653213, 0.66120444,
       0.67718584, 0.65566805, 0.66590615, 0.674845  , 0.66641176]), 'acc': array([42.10647217, 42.29059439, 42.17573884, 42.52323884, 42.51266106,
       42.46403328, 42.40038884, 42.61214439, 42.53416662, 42.63667772,
       42.67627773, 42.66279439, 42.67516662, 42.74932217, 42.73633328,
       42.69311661, 42.71582217, 42.76184995, 42.63144995, 42.73333884,
       42.64446661, 42.69779439, 42.65049995, 42.57446662, 42.60494995,
       42.76534439, 42.51593328, 42.40401106, 42.53777772, 42.12951106,
       42.29557217, 42.29486661, 42.21192773, 42.30122217, 42.0253555 ,
       42.02736662, 42.06971661, 41.63581106, 42.31477772, 42.07633328,
       42.0939055 , 41.99773328, 41.83459995, 42.10939439, 42.10418884,
       41.9502555 , 42.4279555 , 42.07363328, 42.07737772, 41.97002217,
       42.22729439, 42.18258884, 41.84276661, 41.51166106, 41.62216106,
       41.58574995, 41.9608555 , 41.79156106, 41.57753884, 41.81583884,
       41.75609995, 41.63878884, 41.73699995, 41.17574439, 41.09858884,
       41.61141106, 41.88477773, 41.6295555 , 41.63254995, 41.64601106,
       41.29196106, 41.26919439, 41.46597773, 41.74817217, 41.36573328,
       41.36101662, 41.32456662, 41.81741106, 41.41097773, 41.19382773,
       41.35741106, 41.30352217, 40.90066661, 41.47842217, 41.24599439,
       41.39329439, 40.99082772, 41.36267217, 41.0133444 , 40.82090551,
       40.75684995, 40.89657217, 41.0913444 , 41.03671662, 40.7439055 ,
       41.24512773, 40.99062217, 40.7370055 , 40.96498884, 40.90284995,
       41.05008328, 40.75279439, 41.10227217, 40.90339439, 40.91204995,
       41.00972773, 40.62218884, 40.44055551, 41.05216661, 40.89746106,
       40.61991106, 40.98221662, 40.5867055 , 40.71711106, 40.91647772,
       40.33971106, 40.86598884, 40.71246662, 40.87696106, 40.91083328,
       41.01074995, 40.97033328, 40.90541662, 40.27162217, 40.68507217,
       40.58976662, 40.65566106, 40.88465551, 40.66523328, 40.80517773,
       40.53703884, 40.49123328, 41.09907217, 40.3329944 , 40.72453884,
       40.74193328, 40.92457217, 40.54422217, 40.55527773, 40.77541661,
       40.88504439, 39.8168055 , 40.7657055 , 40.3812055 , 40.30512217,
       40.37250551, 39.97539995, 40.38168328, 40.17847217, 40.13806662])}
Done at Sun Jan 23 23:55:12 JST 2022
