Running on host c13
Starting at Tue Jan 25 17:32:12 JST 2022
Running on hosts: c13
Running on 1 nodes.
Running 1 tasks.
Current working directory is /home/rio-hada/workspace/SurrogateModels
> sbatch spy srcc.py -T 1500 --trials 100 --eval_freq 10 --name base
Namespace(B=2, D=100, P=16, T=1500, eval_archs=100, eval_freq=10, gpu=False, id=8396, k_size_max=None, mean0=False, name='base', recalc=1, seed=None, select_mode='random', trials=100)
save to 'result/image/srcc_t100_T1500_mean_base_8396.png'
Done (1) 1179.50625538826
Done (2) 1007.2281794548035
Done (3) 886.8310399055481
Done (4) 813.9319298267365
Done (5) 758.7533013820648
Done (6) 725.5723428726196
Done (7) 698.7197093963623
Done (8) 664.8196375370026
Done (9) 672.9716811180115
Done (10) 660.0748693943024
Done (11) 643.9161658287048
Done (12) 641.6843504905701
Done (13) 631.4677655696869
Done (14) 618.6561605930328
Done (15) 619.2068250179291
Done (16) 614.6489570140839
Done (17) 620.9583470821381
Done (18) 608.0600690841675
Done (19) 609.7664527893066
Done (20) 605.8007233142853
Done (21) 601.102231502533
Done (22) 600.0082786083221
Done (23) 599.0066418647766
Done (24) 602.0240285396576
Done (25) 606.0122354030609
Done (26) 596.0114181041718
Done (27) 592.9431557655334
Done (28) 596.935455083847
Done (29) 594.9205720424652
Done (30) 592.6231653690338
Done (31) 593.7841322422028
Done (32) 592.5474240779877
Done (33) 592.458057641983
Done (34) 588.6364698410034
Done (35) 598.9956243038177
Done (36) 588.0106146335602
Done (37) 588.8107039928436
Done (38) 588.9378609657288
Done (39) 586.5792155265808
Done (40) 586.9941368103027
Done (41) 589.4910826683044
Done (42) 585.9154076576233
Done (43) 587.5452795028687
Done (44) 586.6449296474457
Done (45) 588.9089736938477
Done (46) 584.4489521980286
Done (47) 587.6608448028564
Done (48) 581.8985598087311
Done (49) 572.0506329536438
Done (50) 580.9643828868866
Done (51) 573.3372073173523
Done (52) 571.8579595088959
Done (53) 571.6796369552612
Done (54) 570.4998588562012
Done (55) 572.5769748687744
Done (56) 574.0438461303711
Done (57) 568.6068890094757
Done (58) 573.0179257392883
Done (59) 570.9523158073425
Done (60) 573.2080118656158
Done (61) 570.7063593864441
Done (62) 570.7608683109283
Done (63) 571.4654023647308
Done (64) 571.7433054447174
Done (65) 570.0079584121704
Done (66) 571.92334151268
Done (67) 570.2063410282135
Done (68) 580.8726871013641
Done (69) 570.2967376708984
Done (70) 570.8423306941986
Done (71) 571.22447514534
Done (72) 572.1664912700653
Done (73) 570.1461448669434
Done (74) 572.4189310073853
Done (75) 571.4832501411438
Done (76) 571.8973186016083
Done (77) 571.8233242034912
Done (78) 570.7927539348602
Done (79) 571.698139667511
Done (80) 571.6195268630981
Done (81) 572.0282111167908
Done (82) 569.1454131603241
Done (83) 571.3655958175659
Done (84) 570.9574320316315
Done (85) 569.8051266670227
Done (86) 568.2827413082123
Done (87) 569.071150302887
Done (88) 567.7698469161987
Done (89) 568.6444325447083
Done (90) 568.3869662284851
Done (91) 565.7100477218628
Done (92) 568.4935574531555
Done (93) 568.0282030105591
Done (94) 580.0687999725342
Done (95) 568.1396625041962
Done (96) 568.6221644878387
Done (97) 568.0203878879547
Done (98) 569.5608744621277
Done (99) 568.6057550907135
Done (100) 569.2977719306946
{'srcc': array([0.7379688 , 0.7455604 , 0.75456166, 0.75863618, 0.75265047,
       0.75627387, 0.76968173, 0.75925209, 0.75581722, 0.76647069,
       0.7642273 , 0.76886673, 0.77393375, 0.77589007, 0.76616442,
       0.77110975, 0.77271263, 0.76574773, 0.77713315, 0.77544974,
       0.77889685, 0.77613729, 0.77716112, 0.76436748, 0.77038992,
       0.77741434, 0.74850501, 0.76909571, 0.7752312 , 0.75900798,
       0.77053813, 0.77254173, 0.76426415, 0.73908995, 0.75877816,
       0.73469691, 0.733567  , 0.72795428, 0.73748215, 0.74730909,
       0.71767921, 0.70521596, 0.69094617, 0.68784734, 0.70395968,
       0.64828227, 0.62063894, 0.59764476, 0.61661938, 0.62566601,
       0.61436148, 0.58678236, 0.57691905, 0.59606577, 0.55451761,
       0.50595188, 0.53958332, 0.54967477, 0.49262682, 0.48420738,
       0.4630369 , 0.44914263, 0.46721956, 0.48460942, 0.38701446,
       0.42841488, 0.48445545, 0.48978434, 0.38539874, 0.41762304,
       0.40330081, 0.40386607, 0.37782142, 0.34987399, 0.38023834,
       0.36086949, 0.28229079, 0.25246241, 0.32647345, 0.32418062,
       0.26698614, 0.34441008, 0.28243984, 0.28000144, 0.28527777,
       0.25831407, 0.2790369 , 0.22912031, 0.29525413, 0.25864194,
       0.26897054, 0.26970501, 0.26546475, 0.27329793, 0.23784002,
       0.25969973, 0.26865779, 0.22368101, 0.25085629, 0.23731893,
       0.23175158, 0.24709355, 0.21211281, 0.24037432, 0.21162628,
       0.22083528, 0.1537847 , 0.22447501, 0.18408221, 0.18497006,
       0.20339058, 0.21573189, 0.19938446, 0.18907999, 0.18345371,
       0.1213877 , 0.15683408, 0.21300414, 0.22155296, 0.13970093,
       0.17695494, 0.12632139, 0.21434791, 0.21908731, 0.23482436,
       0.12123276, 0.14402016, 0.15299562, 0.17825407, 0.2292474 ,
       0.19233087, 0.18662346, 0.19869967, 0.11195932, 0.16305071,
       0.17700402, 0.17727273, 0.11122316, 0.09498254, 0.18082616,
       0.12528689, 0.02630087, 0.1922009 , 0.17009397, 0.08761632,
       0.0866363 , 0.14579286, 0.07766277, 0.12681668, 0.1463682 ]), 'acc': array([42.18492217, 42.2274055 , 42.25001106, 42.38259439, 42.44317217,
       42.50181661, 42.58451106, 42.47739995, 42.67449995, 42.6398555 ,
       42.53079439, 42.54904994, 42.71486661, 42.7672055 , 42.75861106,
       42.69684439, 42.71769439, 42.88557772, 42.96561661, 42.76386106,
       42.75718328, 42.76676106, 42.88208883, 42.70509439, 42.77149995,
       42.51693884, 42.1463555 , 42.64432773, 42.70351661, 42.45216662,
       42.4780055 , 42.71302217, 42.53849439, 42.21274995, 42.46049439,
       42.14868884, 42.33739439, 42.05623328, 42.1200055 , 42.30406661,
       41.93682772, 41.68283884, 41.57998328, 41.38462773, 41.74668328,
       41.16016662, 40.9082055 , 40.44003884, 40.53166106, 40.70453328,
       40.71854995, 40.18516662, 40.37544995, 40.07379439, 39.80261662,
       39.48757217, 39.91454995, 39.81408884, 39.16837217, 39.10136106,
       38.7410944 , 38.88417773, 38.68994995, 38.93853328, 37.9556444 ,
       39.10966662, 39.20641106, 39.18269439, 37.7939944 , 38.2662944 ,
       38.30229995, 38.19198884, 38.01671106, 37.41594995, 38.46713884,
       37.86683328, 36.9785944 , 35.64449995, 37.86296106, 37.08376662,
       36.76549995, 37.7419444 , 37.5317444 , 37.20062773, 36.79007218,
       36.58360551, 36.91682773, 36.12787773, 36.5893944 , 36.53272773,
       36.73243329, 36.72483884, 36.79402217, 37.2781444 , 36.75345551,
       36.4534444 , 36.42823884, 35.87528884, 36.86801662, 36.42103884,
       36.11911662, 36.29421662, 36.30546107, 36.57544439, 36.06745551,
       36.4956444 , 35.73376662, 36.07256662, 35.71777218, 35.9658944 ,
       36.25669995, 36.10138884, 35.76430551, 35.54541662, 35.29226106,
       34.92912218, 35.7957944 , 36.20621106, 36.47032217, 35.51039995,
       35.87811662, 35.5153944 , 36.11212773, 36.15062217, 36.50828884,
       34.82880551, 35.28477773, 34.92252218, 35.79084995, 36.17244995,
       36.11395551, 35.59289995, 35.72276106, 35.15222218, 35.69188884,
       35.64846106, 35.3070944 , 34.56760551, 34.91578329, 35.8296444 ,
       34.48977773, 33.92656107, 35.55561106, 35.64494995, 34.19674996,
       34.25906106, 35.42756662, 34.38801662, 34.89015551, 35.20162773])}
Done at Wed Jan 26 10:21:49 JST 2022
