Running on host c5
Starting at Sat Jan 22 19:35:00 JST 2022
Running on hosts: c5
Running on 1 nodes.
Running 1 tasks.
Current working directory is /home/rio-hada/workspace/SurrogateModels
> sbatch spy srcc.py -T 1500 --trials 100 --k_size_max 600 --eval_freq 10 --select_mode similarity
Namespace(B=2, D=100, P=16, T=1500, eval_archs=100, eval_freq=10, gpu=False, id=8322, k_size_max=600, mean0=False, name=None, recalc=1, seed=None, select_mode='similarity', trials=100)
save to 'result/image/srcc_t100_T1500_dmax600_sim_mean_8322.png'
Done (1) 850.5289120674133
Done (2) 823.9100387096405
Done (3) 776.8756711483002
Done (4) 782.8388504981995
Done (5) 756.0672037601471
Done (6) 731.03546833992
Done (7) 728.5211279392242
Done (8) 718.0847561359406
Done (9) 712.6347463130951
Done (10) 706.9128708839417
Done (11) 707.9258093833923
Done (12) 698.8133606910706
Done (13) 698.0331563949585
Done (14) 708.2609078884125
Done (15) 692.2094764709473
Done (16) 704.2821888923645
Done (17) 687.2349214553833
Done (18) 679.4018774032593
Done (19) 684.3803322315216
Done (20) 656.2532577514648
Done (21) 652.4354989528656
Done (22) 677.4517443180084
Done (23) 651.4347033500671
Done (24) 655.0993006229401
Done (25) 653.7668092250824
Done (26) 651.9560565948486
Done (27) 650.9749083518982
Done (28) 666.7927017211914
Done (29) 652.7724845409393
Done (30) 655.617910861969
Done (31) 667.2823061943054
Done (32) 650.1028022766113
Done (33) 650.0473728179932
Done (34) 649.8525171279907
Done (35) 648.6205365657806
Done (36) 647.1499752998352
Done (37) 645.4822735786438
Done (38) 645.6601967811584
Done (39) 646.6532905101776
Done (40) 652.7927520275116
Done (41) 649.3521523475647
Done (42) 656.80628657341
Done (43) 648.566864490509
Done (44) 646.6154611110687
Done (45) 655.9222657680511
Done (46) 652.3511056900024
Done (47) 645.5797927379608
Done (48) 650.747594833374
Done (49) 647.11754155159
Done (50) 645.1130633354187
Done (51) 645.5046906471252
Done (52) 644.6559720039368
Done (53) 646.2851984500885
Done (54) 645.6371955871582
Done (55) 644.5538680553436
Done (56) 648.9241218566895
Done (57) 653.4071786403656
Done (58) 660.5626978874207
Done (59) 653.0086705684662
Done (60) 647.7488424777985
Done (61) 644.6641111373901
Done (62) 646.4928772449493
Done (63) 648.9963726997375
Done (64) 647.7641272544861
Done (65) 644.5221838951111
Done (66) 648.3119924068451
Done (67) 647.104573726654
Done (68) 645.3086397647858
Done (69) 646.9910790920258
Done (70) 649.2560358047485
Done (71) 650.3228199481964
Done (72) 648.6885616779327
Done (73) 646.4121539592743
Done (74) 648.4209263324738
Done (75) 652.9745049476624
Done (76) 656.684737443924
Done (77) 649.4484038352966
Done (78) 648.7096016407013
Done (79) 652.4073045253754
Done (80) 647.6828663349152
Done (81) 647.1483917236328
Done (82) 645.9828431606293
Done (83) 650.4478852748871
Done (84) 665.190714597702
Done (85) 656.9802856445312
Done (86) 646.6996908187866
Done (87) 646.5406560897827
Done (88) 645.963897228241
Done (89) 646.6611640453339
Done (90) 647.2222847938538
Done (91) 644.8950593471527
Done (92) 655.6251559257507
Done (93) 646.5237355232239
Done (94) 648.1004958152771
Done (95) 644.9283039569855
Done (96) 647.9993026256561
Done (97) 647.6635613441467
Done (98) 649.4482824802399
Done (99) 647.0310747623444
Done (100) 645.085102558136
{'srcc': array([0.73803924, 0.74795656, 0.75564464, 0.76069379, 0.76413381,
       0.76734113, 0.77040576, 0.76672523, 0.76291125, 0.7648318 ,
       0.77208797, 0.77408557, 0.76822646, 0.76518296, 0.76749583,
       0.77564248, 0.77220906, 0.77335266, 0.76075212, 0.77343102,
       0.7640102 , 0.77314779, 0.76939454, 0.77326469, 0.77317828,
       0.7818339 , 0.77193603, 0.78164776, 0.78428719, 0.78394119,
       0.79110255, 0.79287933, 0.77861782, 0.77171953, 0.7814489 ,
       0.79026979, 0.76707183, 0.79448305, 0.78363144, 0.78583282,
       0.78730825, 0.7893685 , 0.77549283, 0.78770465, 0.76754095,
       0.79404824, 0.78820726, 0.78310759, 0.79786091, 0.78366253,
       0.7577613 , 0.79070879, 0.78969169, 0.77451545, 0.79113675,
       0.77409517, 0.78201668, 0.7797625 , 0.76274587, 0.78096862,
       0.78589187, 0.77163084, 0.78090033, 0.78070531, 0.7937667 ,
       0.76956736, 0.78456142, 0.78179238, 0.78151743, 0.78751191,
       0.79054533, 0.7667724 , 0.79151779, 0.78414929, 0.7765577 ,
       0.77220858, 0.74547819, 0.7751652 , 0.78702958, 0.78665011,
       0.77493213, 0.7641583 , 0.78148035, 0.78153699, 0.76796076,
       0.77301038, 0.77837696, 0.77413225, 0.77793963, 0.78035308,
       0.77500678, 0.76217222, 0.77883804, 0.77053117, 0.78912799,
       0.77484524, 0.77931557, 0.76887129, 0.76610237, 0.772409  ,
       0.77816934, 0.76241824, 0.78763816, 0.76572241, 0.76251821,
       0.7710153 , 0.76491149, 0.75326337, 0.77428719, 0.78230483,
       0.77286577, 0.77191287, 0.77076844, 0.78232091, 0.76325917,
       0.76286361, 0.76278644, 0.76922508, 0.76874119, 0.76255074,
       0.76841452, 0.77040216, 0.77223678, 0.77549187, 0.77197228,
       0.75829463, 0.77163048, 0.76452637, 0.77835212, 0.76459082,
       0.77071407, 0.76532421, 0.76710423, 0.76252673, 0.75703282,
       0.76472919, 0.76115176, 0.75536178, 0.75345419, 0.75956436,
       0.74135338, 0.76055194, 0.76650945, 0.75439004, 0.73758788,
       0.7533787 , 0.74279604, 0.74737786, 0.75980174, 0.74752223]), 'acc': array([42.01538884, 42.21452217, 42.33226106, 42.34255551, 42.43039439,
       42.52222217, 42.56213328, 42.55023884, 42.75208884, 42.71199995,
       42.55729995, 42.73094995, 42.69543884, 42.7204555 , 42.77603884,
       42.76069995, 42.69566661, 42.85376661, 42.46514439, 42.68561662,
       42.71957773, 42.8161944 , 42.89639439, 42.66973328, 42.71948884,
       42.76242773, 42.66224995, 42.75249995, 42.81501106, 42.64436661,
       42.71277773, 42.61154995, 42.71894439, 42.42214439, 42.52813884,
       42.5745055 , 42.33193884, 42.71727217, 42.45008328, 42.52147217,
       42.34906662, 42.55062772, 42.5686555 , 42.48194995, 42.28929995,
       42.45341106, 42.58861661, 42.38580551, 42.58074439, 42.53343884,
       42.14118884, 42.38222772, 42.53112773, 42.16853328, 42.34978884,
       42.22597217, 42.33384995, 42.36449995, 42.26006662, 42.26189439,
       42.32258884, 42.31796106, 42.21272217, 42.24144439, 42.43731106,
       42.26468328, 42.20384439, 42.19192773, 42.16511106, 42.20772217,
       42.32214995, 42.00051106, 42.17207773, 42.28618884, 42.15579995,
       42.17043328, 41.57128884, 41.83289439, 42.20004995, 42.09076106,
       42.10534439, 41.95001662, 41.97992217, 41.9568055 , 42.02779995,
       41.88319439, 41.98621661, 42.00852773, 41.99324995, 42.00243328,
       41.81884995, 41.85819439, 42.02912217, 41.80048328, 41.9986555 ,
       41.96271106, 41.9983055 , 41.85707217, 41.73541661, 41.84316106,
       41.79176662, 41.65387217, 41.92786662, 41.93074995, 41.59101106,
       41.76132773, 41.54670551, 41.27709995, 41.80939439, 41.79402217,
       41.60248884, 41.57222773, 41.69128328, 41.78082217, 41.54958328,
       41.53449439, 41.49127772, 41.51583884, 41.54922217, 41.57287217,
       41.40218884, 41.58419995, 41.59133328, 41.52763883, 41.60331661,
       41.55693328, 41.5303555 , 41.47631661, 41.53951662, 41.46402772,
       41.63709995, 41.56087217, 41.5126555 , 41.15049995, 41.23158328,
       41.40394439, 41.29671106, 41.26636106, 41.18063328, 41.47113328,
       41.14193328, 41.30628884, 41.36736106, 41.26127217, 41.1172055 ,
       41.06884439, 41.09198884, 41.06328884, 41.29301106, 41.20966106])}
Done at Sun Jan 23 14:03:41 JST 2022
