Running on host c2
Starting at Fri Feb 11 13:16:01 JST 2022
Running on hosts: c2
Running on 1 nodes.
Running 1 tasks.
Current working directory is /home/rio-hada/workspace/SurrogateModels
> sbatch spy srcc.py -T 1500 --trials 20 --k_size_max 800 --name median_effect_part1
Namespace(B=2, D=100, P=16, T=1500, eval_archs=100, eval_freq=50, gpu=False, id=8494, k_size_max=800, mean0=False, name='median_effect_part1', recalc=1, seed=None, select_mode='random', trials=20)
save to 'result/image/srcc_t20_T1500_dmax800_mean_median_effect_part1_8494.png'
1000 13.16269293413557
1500 29.457313855026843
2000 6.851612216352613
2500 18.57621949075176
3000 13.54662864679134
1000 1.8401983442588306
1500 13.334410024022313
2000 26.668189521573005
2500 7.721804093705314
3000 9.557795070913414
1000 3.6723667762659162
1500 13.437288403450337
2000 10.834029671085672
2500 33.65303955631127
3000 20.987296655453875
1000 6.0890334377119375
1500 4.236522905646999
2000 6.428068408588669
2500 1122.4915936678117
3000 7.743012508113952
1000 4.259773423489355
1500 25.993392293694946
2000 64.44986411411399
2500 19.927440336095433
3000 14.99903553502225
1000 19.341463469662187
1500 9.286621590432986
2000 13.688929964014706
2500 4.926930077398919
3000 12.093035766942858
1000 2.7655668482961917
1500 10.174727906672521
2000 5.956461078790196
2500 60.88824551108941
3000 16.831415079008153
1000 5.251314699977534
1500 6.46251815018638
2000 5.639257661012617
2500 11.569889594230172
3000 21.873762439746855
1000 6.389051979118709
1500 18.283198176054796
2000 16.165411215163466
2500 9.1700438338522
3000 9.007001882416914
1000 7.792850867500652
1500 15.113981819917715
2000 143.6740023694097
2500 7.268748930514274
3000 124.73459301153213
1000 10.369674007742178
1500 17.35439999004172
2000 21.836505471916436
2500 13.26125738533328
3000 6.386718373827996
1000 5.917812180742014
1500 7.3782409801793785
2000 82.67148872016031
2500 9.841614041278872
3000 86.70913932575235
1000 2.063583978466263
1500 7.832580289857541
2000 4.790533781836826
2500 409204322116.08167
3000 6.31554567790647
1000 10.866414040317428
1500 12.063522972756903
2000 28.941415058743193
2500 39.008484189660415
3000 5.428462742045663
1000 2.567853572246651
1500 14.11060959909756
2000 22.08219037282045
2500 36.69770193582472
3000 15.336876241026847
1000 1.5382756168674987
1500 14.635475691227294
2000 28.3891240823758
2500 8.146920605520762
3000 7.9388719539194925
1000 12.763141791140795
1500 10.629361264151267
2000 23.85033805086578
2500 13.285181146139431
3000 29.869171137842155
1000 10.435267140437544
1500 12.339653135033283
2000 24.843380961347833
2500 18.924178221621926
3000 11.419907505526895
1000 10.920571905217123
1500 8.991824258110169
2000 12.563549482568375
2500 18.832485343092724
3000 10.770165191079723
1000 12.76427888618515
1500 13.875212842097518
2000 4.988803529151314
2500 14.13919646539547
3000 9.662504430738075
{'srcc': array([0.78163636, 0.74770717, 0.78316352, 0.77149895, 0.78262046,
       0.7930297 , 0.78725773, 0.76475368, 0.76957216, 0.79320732,
       0.80278248, 0.78242304, 0.76171497, 0.80047165, 0.79110231,
       0.77323852, 0.80279808, 0.7850333 , 0.81467387, 0.84139154,
       0.82025623, 0.81906391, 0.84979178, 0.82636784, 0.81877288,
       0.83634023, 0.8190147 , 0.81506031, 0.82866427, 0.83948095]), 'acc': array([42.56599994, 42.56811106, 42.45947217, 42.80049994, 42.82180551,
       42.67722217, 42.55838884, 42.4620555 , 42.32074995, 42.79883328,
       42.78688884, 41.95572217, 41.78819439, 42.47097216, 42.03622217,
       42.06324995, 42.23977773, 41.91005551, 42.12902772, 42.83494439,
       42.27899994, 42.19402773, 42.77983328, 42.09502773, 42.07102773,
       42.35277773, 42.12516661, 42.52266661, 42.26322217, 42.15161106])}
Done at Fri Feb 11 16:53:33 JST 2022
