Running on host c3
Starting at Fri Jan 21 19:34:05 JST 2022
Running on hosts: c3
Running on 1 nodes.
Running 1 tasks.
Current working directory is /home/rio-hada/workspace/SurrogateModels
> sbatch spy srcc.py -T 1500 --trials 100 --k_size_max 700 --eval_freq 10
Namespace(B=2, D=100, P=16, T=1500, eval_archs=100, eval_freq=10, gpu=False, id=8310, k_size_max=700, mean0=False, name=None, recalc=1, seed=None, select_mode='random', trials=100)
save to 'result/image/srcc_t100_T1500_dmax700_mean_8310.png'
Done (1) 1395.2806687355042
Done (2) 1201.3792114257812
Done (3) 1080.4929976463318
Done (4) 1005.6706507205963
Done (5) 980.5108451843262
Done (6) 926.5049207210541
Done (7) 902.4200191497803
Done (8) 879.4936201572418
Done (9) 873.0280923843384
Done (10) 868.8048665523529
Done (11) 851.8685715198517
Done (12) 855.2357792854309
Done (13) 851.5554046630859
Done (14) 848.9124934673309
Done (15) 833.4169752597809
Done (16) 833.668906211853
Done (17) 823.8644263744354
Done (18) 823.9641673564911
Done (19) 817.4044513702393
Done (20) 828.3573024272919
Done (21) 822.0254509449005
Done (22) 821.9807221889496
Done (23) 817.4892792701721
Done (24) 816.3222169876099
Done (25) 813.7380871772766
Done (26) 813.9113385677338
Done (27) 809.8344533443451
Done (28) 817.4330995082855
Done (29) 812.6968569755554
Done (30) 809.4291589260101
Done (31) 808.9341132640839
Done (32) 814.4608199596405
Done (33) 807.0246670246124
Done (34) 810.6042664051056
Done (35) 809.6659317016602
Done (36) 806.073618888855
Done (37) 805.0825490951538
Done (38) 806.7073929309845
Done (39) 805.3623316287994
Done (40) 813.7864949703217
Done (41) 805.382376909256
Done (42) 804.6604943275452
Done (43) 806.3812458515167
Done (44) 803.7884528636932
Done (45) 802.8738508224487
Done (46) 806.4152805805206
Done (47) 805.8963286876678
Done (48) 802.0263423919678
Done (49) 806.4611113071442
Done (50) 807.1628408432007
Done (51) 801.9665265083313
Done (52) 803.3909044265747
Done (53) 801.5109581947327
Done (54) 801.0199692249298
Done (55) 802.7279119491577
Done (56) 812.897616147995
Done (57) 806.9566135406494
Done (58) 804.312370300293
Done (59) 804.4964916706085
Done (60) 804.2765698432922
Done (61) 804.5650026798248
Done (62) 804.095764875412
Done (63) 802.907075881958
Done (64) 804.454128742218
Done (65) 803.3430690765381
Done (66) 803.729353427887
Done (67) 803.3337025642395
Done (68) 805.064934015274
Done (69) 801.8031663894653
Done (70) 803.6641616821289
Done (71) 803.2515516281128
Done (72) 800.4813320636749
Done (73) 802.7666912078857
Done (74) 797.5883142948151
Done (75) 799.9416046142578
Done (76) 800.6429965496063
Done (77) 799.3724999427795
Done (78) 799.9400041103363
Done (79) 809.2810690402985
Done (80) 798.7141280174255
Done (81) 796.6923921108246
Done (82) 799.0144860744476
Done (83) 797.9326732158661
Done (84) 797.9532556533813
Done (85) 798.0453155040741
Done (86) 799.3414008617401
Done (87) 799.9032599925995
Done (88) 800.7442560195923
Done (89) 802.2100496292114
Done (90) 801.0629124641418
Done (91) 801.0797393321991
Done (92) 801.4518823623657
Done (93) 801.6684494018555
Done (94) 800.6286759376526
Done (95) 801.754878282547
Done (96) 800.2901775836945
Done (97) 801.2357170581818
Done (98) 800.7260394096375
Done (99) 799.1135542392731
Done (100) 799.2557182312012
{'srcc': array([0.742388  , 0.73967201, 0.74376514, 0.749985  , 0.75132469,
       0.74804824, 0.75760348, 0.75946487, 0.75593483, 0.76377474,
       0.76918116, 0.75961896, 0.75994047, 0.7580474 , 0.7753817 ,
       0.76689937, 0.76534821, 0.76683348, 0.7578195 , 0.76382526,
       0.76509823, 0.75639508, 0.76845965, 0.76528725, 0.75987723,
       0.75057078, 0.74570093, 0.76720096, 0.75089793, 0.77097846,
       0.75146463, 0.75581578, 0.73542274, 0.7591706 , 0.75486769,
       0.76455866, 0.7585703 , 0.75175062, 0.75045161, 0.75326661,
       0.76709175, 0.76875908, 0.77468227, 0.77646517, 0.77379538,
       0.76731581, 0.77775926, 0.77393243, 0.78586679, 0.76471659,
       0.78417786, 0.78747555, 0.78935014, 0.79408341, 0.78925689,
       0.79559388, 0.78764944, 0.79142502, 0.78402484, 0.79742406,
       0.79326601, 0.79116364, 0.78950435, 0.79671455, 0.80429595,
       0.79386163, 0.7933967 , 0.80636496, 0.80328149, 0.80771113,
       0.80192067, 0.80793207, 0.81031251, 0.80899826, 0.81469679,
       0.81027051, 0.79895854, 0.80250285, 0.80908035, 0.80399796,
       0.80551563, 0.81440912, 0.82356988, 0.81988443, 0.8138435 ,
       0.80979862, 0.82018338, 0.81606997, 0.81309691, 0.81775902,
       0.82133297, 0.81436016, 0.80837756, 0.81748839, 0.82022958,
       0.81289913, 0.82105251, 0.81390699, 0.82171953, 0.82058374,
       0.82368569, 0.8229691 , 0.82060786, 0.82131881, 0.82479844,
       0.82412013, 0.83130777, 0.82528293, 0.81906403, 0.82158224,
       0.82830915, 0.82227459, 0.82143858, 0.8309601 , 0.82852145,
       0.82567237, 0.82303714, 0.82134665, 0.82124092, 0.82501542,
       0.82975794, 0.82989259, 0.82522424, 0.82571509, 0.8269505 ,
       0.82304242, 0.82505083, 0.82923384, 0.82873303, 0.82529925,
       0.82540198, 0.82506211, 0.82555404, 0.83037744, 0.81857942,
       0.82421206, 0.82154923, 0.82989475, 0.82111419, 0.82043648,
       0.8212366 , 0.82611053, 0.83067195, 0.82631515, 0.82267207,
       0.83145755, 0.82267759, 0.82926973, 0.83013333, 0.82565869]), 'acc': array([42.17627217, 42.19247773, 42.22547773, 42.29197217, 42.56922773,
       42.52563884, 42.59421661, 42.5250055 , 42.74748328, 42.71938328,
       42.79673328, 42.60363884, 42.47238884, 42.72107217, 42.84288884,
       42.66114995, 42.90986106, 42.61957217, 42.69871662, 42.59364995,
       42.76658328, 42.57679995, 42.74598884, 42.63667773, 42.63464995,
       42.52763884, 42.52631106, 42.73044995, 42.30634995, 42.72759439,
       42.36741106, 42.40778328, 42.21887773, 42.57686661, 42.37734995,
       42.37718328, 42.38922217, 42.39682217, 42.19139439, 42.25793884,
       42.55384439, 42.38958884, 42.40912772, 42.47022772, 42.45884439,
       42.19079995, 42.42762773, 42.35349439, 42.55249995, 42.35066661,
       42.4343944 , 42.34286661, 42.39608328, 42.47784439, 42.49681106,
       42.4321555 , 42.60595551, 42.5331055 , 42.44244439, 42.5678055 ,
       42.50959995, 42.32588884, 42.36566106, 42.3571555 , 42.40676106,
       42.45936106, 42.57087217, 42.38706661, 42.38473328, 42.50483328,
       42.54823884, 42.32136661, 42.48931106, 42.29094995, 42.45358328,
       42.51818884, 42.40771661, 42.38899439, 42.31712217, 42.36338328,
       42.30139439, 42.4758555 , 42.48476106, 42.47522773, 42.43871106,
       42.43766106, 42.48271662, 42.47807773, 42.29458328, 42.46899439,
       42.51673328, 42.34233328, 42.3718555 , 42.45982217, 42.51751661,
       42.33632217, 42.34494439, 42.41244439, 42.26847217, 42.44966106,
       42.45526661, 42.46212217, 42.35018884, 42.25314995, 42.42484995,
       42.3569555 , 42.52327773, 42.42674995, 42.32683883, 42.33721106,
       42.41167217, 42.32062217, 42.42982217, 42.42604995, 42.32904995,
       42.28049995, 42.33548328, 42.23703328, 42.30913328, 42.24552217,
       42.29671106, 42.33169439, 42.29041106, 42.26559995, 42.24782217,
       42.02742772, 42.08391662, 42.3108055 , 42.2854055 , 42.16094995,
       42.25996661, 42.12742772, 42.32552773, 42.20739439, 42.06632773,
       42.13789439, 42.04519995, 42.12856661, 42.15429995, 42.07354995,
       42.10784995, 42.08622217, 42.16639995, 42.03036661, 42.18167217,
       42.16658328, 42.08722772, 42.0627555 , 42.13417217, 41.99888328])}
Done at Sat Jan 22 18:35:26 JST 2022
