Running on host c3
Starting at Tue Jan 18 12:45:05 JST 2022
Running on hosts: c3
Running on 1 nodes.
Running 1 tasks.
Current working directory is /home/rio-hada/workspace/SurrogateModels
> sbatch spy srcc.py -T 1500 --trials 100 --k_size_max 600 --eval_freq 10 --select_mode similarity
Namespace(B=2, D=100, P=16, T=1500, eval_archs=100, eval_freq=10, gpu=False, id=8187, k_size_max=600, mean0=False, name=None, recalc=1, seed=None, select_mode='similarity', trials=100)
save to 'result/image/srcc_t100_T1500_dmax600_sim_mean_8187.png'
Done (1) 859.0114169120789
Done (2) 830.8683309555054
Done (3) 783.8441514968872
Done (4) 772.7243158817291
Done (5) 752.7232904434204
Done (6) 729.7538225650787
Done (7) 757.4722948074341
Done (8) 718.8794302940369
Done (9) 712.5668771266937
Done (10) 727.699996471405
Done (11) 722.9095728397369
Done (12) 705.3187692165375
Done (13) 695.9281105995178
Done (14) 694.8184213638306
Done (15) 705.3184599876404
Done (16) 695.1875357627869
Done (17) 684.776652097702
Done (18) 667.9438192844391
Done (19) 670.2817823886871
Done (20) 654.4796435832977
Done (21) 659.336385011673
Done (22) 652.419055223465
Done (23) 650.1979320049286
Done (24) 663.9194595813751
Done (25) 658.3866920471191
Done (26) 649.8434133529663
Done (27) 658.335517168045
Done (28) 652.1577730178833
Done (29) 650.9273965358734
Done (30) 649.861802816391
Done (31) 649.8760702610016
Done (32) 653.2369844913483
Done (33) 647.8121747970581
Done (34) 647.7949705123901
Done (35) 669.6755981445312
Done (36) 646.0147216320038
Done (37) 661.0718162059784
Done (38) 655.8840503692627
Done (39) 646.8276224136353
Done (40) 647.9755628108978
Done (41) 646.9064371585846
Done (42) 644.7221832275391
Done (43) 644.3121616840363
Done (44) 653.1115353107452
Done (45) 647.2104518413544
Done (46) 650.0688328742981
Done (47) 645.08056640625
Done (48) 641.6881427764893
Done (49) 643.7035503387451
Done (50) 642.7275311946869
Done (51) 649.6484134197235
Done (52) 645.369277715683
Done (53) 643.1786057949066
Done (54) 641.1215074062347
Done (55) 650.1996052265167
Done (56) 642.8499264717102
Done (57) 640.1806197166443
Done (58) 640.2001557350159
Done (59) 640.4859983921051
Done (60) 646.0632526874542
Done (61) 641.212525844574
Done (62) 644.511029958725
Done (63) 640.9731080532074
Done (64) 640.4781863689423
Done (65) 643.1272490024567
Done (66) 640.8272807598114
Done (67) 641.7320938110352
Done (68) 643.266414642334
Done (69) 642.744790315628
Done (70) 642.0954694747925
Done (71) 647.2775318622589
Done (72) 640.317262172699
Done (73) 640.554877281189
Done (74) 647.8417620658875
Done (75) 647.0733940601349
Done (76) 638.3072078227997
Done (77) 642.4030117988586
Done (78) 647.1724276542664
Done (79) 641.8788902759552
Done (80) 639.3879165649414
Done (81) 647.9109616279602
Done (82) 640.7607493400574
Done (83) 640.3282947540283
Done (84) 640.3507354259491
Done (85) 639.6402409076691
Done (86) 641.6142103672028
Done (87) 639.8529455661774
Done (88) 641.119943857193
Done (89) 641.9677546024323
Done (90) 639.8974506855011
Done (91) 640.5370972156525
Done (92) 642.6956646442413
Done (93) 640.0462927818298
Done (94) 639.7630689144135
Done (95) 641.8203361034393
Done (96) 648.1030828952789
Done (97) 645.5809481143951
Done (98) 640.4705338478088
Done (99) 640.5984115600586
Done (100) 638.979020357132
[0.74961632 0.7518363  0.7515664  0.75603276 0.76682568 0.76781806
 0.76517756 0.76747519 0.7709709  0.76263942 0.76827555 0.78475176
 0.77174209 0.77945899 0.78273063 0.78302538 0.77731161 0.76782118
 0.78082028 0.77667387 0.77788575 0.77812001 0.78427711 0.76933777
 0.74329889 0.78882004 0.77860738 0.78593003 0.77824866 0.78240132
 0.76858062 0.77192547 0.79052205 0.78115968 0.78167513 0.78956256
 0.79855782 0.77107975 0.78664914 0.78737042 0.78751251 0.78911251
 0.78645593 0.78607417 0.79431983 0.79538974 0.78575182 0.79113471
 0.79182418 0.78152307 0.78341338 0.79513735 0.78086793 0.78789643
 0.78529217 0.79726685 0.78711743 0.79562448 0.79171353 0.7895778
 0.78063258 0.79166421 0.78192151 0.78720672 0.77214545 0.78747567
 0.79776814 0.77842508 0.78093189 0.76704818 0.76747891 0.7864384
 0.78633279 0.78239496 0.76334161 0.77836784 0.79007573 0.76172853
 0.77332157 0.77734593 0.77565377 0.78029163 0.76275356 0.77344374
 0.77546799 0.76300126 0.78455038 0.76620858 0.76070123 0.78370621
 0.76756772 0.77292493 0.77613177 0.76167273 0.76720852 0.78196124
 0.78219538 0.77217366 0.78561236 0.77194275 0.76487405 0.73973105
 0.76040636 0.76655602 0.76723048 0.76940438 0.75112055 0.76954779
 0.7685637  0.76862082 0.76461698 0.7624162  0.78251065 0.7610273
 0.77691389 0.77321284 0.77743414 0.76847849 0.78422022 0.75901842
 0.77464818 0.75881308 0.77160732 0.76813165 0.75292277 0.77519808
 0.76616022 0.76066187 0.76122448 0.74001656 0.77069871 0.76639652
 0.76655866 0.77226727 0.73906787 0.75125701 0.75561764 0.75144806
 0.76600192 0.77165281 0.75007165 0.76589019 0.77102814 0.75445761
 0.75593615 0.74916652 0.7630489  0.752794   0.78786319 0.77089781]
Done at Wed Jan 19 07:08:36 JST 2022
