Running on host c3
Starting at Sun Jan 23 23:55:14 JST 2022
Running on hosts: c3
Running on 1 nodes.
Running 1 tasks.
Current working directory is /home/rio-hada/workspace/SurrogateModels
> sbatch spy srcc.py -T 1500 --trials 100 --k_size_max 300 --eval_freq 10 --select_mode similarity
Namespace(B=2, D=100, P=16, T=1500, eval_archs=100, eval_freq=10, gpu=False, id=8342, k_size_max=300, mean0=False, name=None, recalc=1, seed=None, select_mode='similarity', trials=100)
save to 'result/image/srcc_t100_T1500_dmax300_sim_mean_8342.png'
Done (1) 330.6632125377655
Done (2) 321.20111560821533
Done (3) 307.2734422683716
Done (4) 295.63544058799744
Done (5) 281.2498905658722
Done (6) 275.81012296676636
Done (7) 272.52515983581543
Done (8) 269.2483344078064
Done (9) 266.1891973018646
Done (10) 262.8213310241699
Done (11) 251.66755986213684
Done (12) 247.7549810409546
Done (13) 246.16947531700134
Done (14) 244.54731822013855
Done (15) 243.94329118728638
Done (16) 245.92389583587646
Done (17) 240.29605865478516
Done (18) 239.557697057724
Done (19) 238.8822705745697
Done (20) 238.7152190208435
Done (21) 238.84393119812012
Done (22) 238.9236171245575
Done (23) 236.41617918014526
Done (24) 234.44431376457214
Done (25) 234.01153898239136
Done (26) 234.07786393165588
Done (27) 235.3234007358551
Done (28) 232.84220790863037
Done (29) 231.67579674720764
Done (30) 230.36774897575378
Done (31) 237.92216897010803
Done (32) 233.41853499412537
Done (33) 233.70351457595825
Done (34) 230.92752289772034
Done (35) 231.37210416793823
Done (36) 232.4477415084839
Done (37) 231.2556231021881
Done (38) 226.8991882801056
Done (39) 211.34870982170105
Done (40) 212.19353032112122
Done (41) 210.71394872665405
Done (42) 215.60578966140747
Done (43) 210.23871278762817
Done (44) 208.9666075706482
Done (45) 210.69178938865662
Done (46) 208.7498607635498
Done (47) 209.4876720905304
Done (48) 206.67721343040466
Done (49) 208.50442910194397
Done (50) 211.1606457233429
Done (51) 208.86236548423767
Done (52) 210.08514308929443
Done (53) 211.45819401741028
Done (54) 208.5397346019745
Done (55) 208.230806350708
Done (56) 210.65263962745667
Done (57) 216.46491813659668
Done (58) 209.40860176086426
Done (59) 209.78224229812622
Done (60) 207.67943286895752
Done (61) 206.46158528327942
Done (62) 206.88903164863586
Done (63) 206.12079286575317
Done (64) 208.82314133644104
Done (65) 207.76156949996948
Done (66) 207.71061062812805
Done (67) 205.6976854801178
Done (68) 208.1947021484375
Done (69) 208.01620054244995
Done (70) 205.69492197036743
Done (71) 207.54822492599487
Done (72) 205.86848092079163
Done (73) 207.01453566551208
Done (74) 207.08155226707458
Done (75) 204.5991027355194
Done (76) 207.08077549934387
Done (77) 212.1719217300415
Done (78) 205.99058628082275
Done (79) 206.05991792678833
Done (80) 206.5919005870819
Done (81) 205.6689429283142
Done (82) 206.44725680351257
Done (83) 204.7246551513672
Done (84) 206.29743432998657
Done (85) 205.53291130065918
Done (86) 205.51758360862732
Done (87) 205.52671909332275
Done (88) 206.84400963783264
Done (89) 205.82339024543762
Done (90) 205.29806208610535
Done (91) 204.44807767868042
Done (92) 203.00158309936523
Done (93) 205.28248023986816
Done (94) 203.76211047172546
Done (95) 205.08013892173767
Done (96) 205.3967490196228
Done (97) 204.68004274368286
Done (98) 204.2077054977417
Done (99) 204.3403856754303
Done (100) 206.70637798309326
{'srcc': array([0.74192955, 0.75399016, 0.75553819, 0.76234491, 0.75390015,
       0.76258446, 0.77671371, 0.76947903, 0.76704626, 0.76909211,
       0.78469979, 0.77777282, 0.78486217, 0.78125485, 0.77881068,
       0.79108563, 0.78102274, 0.78503678, 0.78759148, 0.78801836,
       0.77586355, 0.79557996, 0.77800576, 0.78918668, 0.77927981,
       0.79312223, 0.78651473, 0.78814749, 0.78235836, 0.78297834,
       0.77946151, 0.78672715, 0.78492085, 0.78053765, 0.78377486,
       0.78114695, 0.78221086, 0.77898158, 0.78650933, 0.77692997,
       0.78259394, 0.78034647, 0.78478056, 0.7810171 , 0.77893189,
       0.77757888, 0.78665371, 0.78531521, 0.78627303, 0.78751695,
       0.78113267, 0.78005185, 0.77622658, 0.77668659, 0.78007081,
       0.78002772, 0.77583906, 0.7788078 , 0.77326529, 0.77057918,
       0.76905359, 0.7701877 , 0.77226991, 0.77619814, 0.77214005,
       0.78014149, 0.76933849, 0.77353591, 0.77579658, 0.77978758,
       0.77022634, 0.7728192 , 0.78256994, 0.77737822, 0.77236256,
       0.77519748, 0.77483756, 0.77669391, 0.7720288 , 0.77516976,
       0.78147447, 0.77285737, 0.77487849, 0.76347591, 0.78075656,
       0.77312595, 0.77347351, 0.77330621, 0.7754057 , 0.77888917,
       0.76714719, 0.7739832 , 0.76431599, 0.76647333, 0.77258038,
       0.77886241, 0.75739466, 0.77231767, 0.76874719, 0.7721613 ,
       0.768845  , 0.76429727, 0.77505143, 0.76550723, 0.77228035,
       0.75781974, 0.76623786, 0.76893837, 0.76729733, 0.7683538 ,
       0.75902202, 0.76631491, 0.77051185, 0.754448  , 0.75750687,
       0.76363408, 0.76690729, 0.75997972, 0.76667819, 0.76566277,
       0.76456934, 0.76266355, 0.76441836, 0.75354743, 0.77078008,
       0.7719556 , 0.75896766, 0.76459898, 0.76882148, 0.76104194,
       0.76509199, 0.75550915, 0.76710795, 0.76115596, 0.75894029,
       0.74849217, 0.76266607, 0.75587771, 0.75956496, 0.76129805,
       0.76765773, 0.75144578, 0.76228839, 0.75686493, 0.74117444,
       0.75006973, 0.76366841, 0.75618734, 0.75944794, 0.76825059]), 'acc': array([42.18362217, 42.24863884, 42.38701662, 42.49877217, 42.39292773,
       42.43943328, 42.76832772, 42.70439995, 42.6413055 , 42.60693328,
       42.61267217, 42.64679439, 42.60127217, 42.60157772, 42.7350555 ,
       42.67391106, 42.46559439, 42.54129439, 42.6246055 , 42.59611106,
       42.63199439, 42.74988328, 42.51153884, 42.56518328, 42.64119995,
       42.7289555 , 42.48157772, 42.66338884, 42.58353884, 42.50759439,
       42.5633555 , 42.63886661, 42.46683328, 42.4257055 , 42.36943328,
       42.43988884, 42.37208884, 42.40152772, 42.52894995, 42.30908328,
       42.34540551, 42.41019439, 42.5165444 , 42.35674995, 42.39859439,
       42.3235555 , 42.43528884, 42.36552217, 42.37156662, 42.38817217,
       42.34276661, 42.39171662, 42.25553328, 42.25219995, 42.15879439,
       42.10178328, 42.19736106, 42.08627772, 42.19208328, 42.39602773,
       42.1869555 , 42.01574439, 42.08204995, 42.19314439, 42.07856662,
       42.07313328, 42.11776106, 42.13366661, 42.18472773, 42.26854995,
       42.15902773, 42.07541106, 42.18683328, 42.07383884, 42.01078328,
       42.02142217, 42.11487772, 42.08437217, 41.95621661, 42.08752773,
       42.09329995, 41.86429995, 42.04438884, 41.89059995, 42.08712773,
       41.99884995, 41.85819995, 42.06761661, 41.88286662, 41.93794995,
       41.87202217, 41.79261106, 41.89091662, 41.77902773, 41.92323884,
       41.97124995, 41.6024055 , 41.87516106, 41.85574439, 41.73572217,
       41.81096661, 41.9229055 , 41.72082217, 41.83537217, 41.77469439,
       41.72926662, 41.78241662, 41.78148884, 41.63954439, 41.58296662,
       41.55553884, 41.64883328, 41.83368328, 41.60578884, 41.65544439,
       41.5060055 , 41.49146106, 41.51751106, 41.64959439, 41.62237772,
       41.60428884, 41.49902217, 41.71798884, 41.31846662, 41.53651662,
       41.58082217, 41.60462773, 41.37594439, 41.52996661, 41.44053328,
       41.29650551, 41.32323883, 41.47649995, 41.43799995, 41.3683555 ,
       41.35331106, 41.32876106, 41.28709995, 41.24537217, 41.36601662,
       41.49723328, 41.05687217, 41.32737217, 41.37178884, 41.03656106,
       41.28583328, 41.26839995, 41.03892217, 41.12217773, 41.32789995])}
Done at Mon Jan 24 06:08:38 JST 2022
