Running on host c2
Starting at Fri Feb 11 01:08:03 JST 2022
Running on hosts: c2
Running on 1 nodes.
Running 1 tasks.
Current working directory is /home/rio-hada/workspace/SurrogateModels
> sbatch spy srcc.py -T 1500 --trials 1 --k_size_max 800
Namespace(B=2, D=100, P=16, T=1500, eval_archs=100, eval_freq=50, gpu=False, id=8479, k_size_max=800, mean0=False, name=None, recalc=1, seed=None, select_mode='random', trials=1)
save to 'result/image/srcc_t1_T1500_dmax800_mean_8479.png'
test 100 16
test 102 16
test 104 16
test 106 16
test 108 16
test 110 16
test 112 16
test 114 16
test 116 16
test 118 16
test 120 16
test 122 16
test 124 16
test 126 16
test 128 16
test 130 16
test 132 16
test 134 16
test 136 16
test 138 16
test 140 16
test 142 16
test 144 16
test 146 16
test 148 16
test 150 16
test 152 16
test 154 16
test 156 16
test 158 16
test 160 16
test 162 16
test 164 16
test 166 16
test 168 16
test 170 16
test 172 16
test 174 16
test 176 16
test 178 16
test 180 16
test 182 16
test 184 16
test 186 16
test 188 16
test 190 16
test 192 16
test 194 16
test 196 16
test 198 16
test 200 100
test 200 16
test 202 16
test 204 16
test 206 16
test 208 16
test 210 16
test 212 16
test 214 16
test 216 16
test 218 16
test 220 16
test 222 16
test 224 16
test 226 16
test 228 16
test 230 16
test 232 16
test 234 16
test 236 16
test 238 16
test 240 16
test 242 16
test 244 16
test 246 16
test 248 16
test 250 16
test 252 16
test 254 16
test 256 16
test 258 16
test 260 16
test 262 16
test 264 16
test 266 16
test 268 16
test 270 16
test 272 16
test 274 16
test 276 16
test 278 16
test 280 16
test 282 16
test 284 16
test 286 16
test 288 16
test 290 16
test 292 16
test 294 16
test 296 16
test 298 16
test 300 100
test 300 16
test 302 16
test 304 16
test 306 16
test 308 16
test 310 16
test 312 16
test 314 16
test 316 16
test 318 16
test 320 16
test 322 16
test 324 16
test 326 16
test 328 16
test 330 16
test 332 16
test 334 16
test 336 16
test 338 16
test 340 16
test 342 16
test 344 16
test 346 16
test 348 16
test 350 16
test 352 16
test 354 16
test 356 16
test 358 16
test 360 16
test 362 16
test 364 16
test 366 16
test 368 16
test 370 16
test 372 16
test 374 16
test 376 16
test 378 16
test 380 16
test 382 16
test 384 16
test 386 16
test 388 16
test 390 16
test 392 16
test 394 16
test 396 16
test 398 16
test 400 100
test 400 16
test 402 16
test 404 16
test 406 16
test 408 16
test 410 16
test 412 16
test 414 16
test 416 16
test 418 16
test 420 16
test 422 16
test 424 16
test 426 16
test 428 16
test 430 16
test 432 16
test 434 16
test 436 16
test 438 16
test 440 16
test 442 16
test 444 16
test 446 16
test 448 16
test 450 16
test 452 16
test 454 16
test 456 16
test 458 16
test 460 16
test 462 16
test 464 16
test 466 16
test 468 16
test 470 16
test 472 16
test 474 16
test 476 16
test 478 16
test 480 16
test 482 16
test 484 16
test 486 16
test 488 16
test 490 16
test 492 16
test 494 16
test 496 16
test 498 16
test 500 100
test 500 16
test 502 16
test 504 16
test 506 16
test 508 16
test 510 16
test 512 16
test 514 16
test 516 16
test 518 16
test 520 16
test 522 16
test 524 16
test 526 16
test 528 16
test 530 16
test 532 16
test 534 16
test 536 16
test 538 16
test 540 16
test 542 16
test 544 16
test 546 16
test 548 16
test 550 16
test 552 16
test 554 16
test 556 16
test 558 16
test 560 16
test 562 16
test 564 16
test 566 16
test 568 16
test 570 16
test 572 16
test 574 16
test 576 16
test 578 16
test 580 16
test 582 16
test 584 16
test 586 16
test 588 16
test 590 16
test 592 16
test 594 16
test 596 16
test 598 16
test 600 100
test 600 16
test 602 16
test 604 16
test 606 16
test 608 16
test 610 16
test 612 16
test 614 16
test 616 16
test 618 16
test 620 16
test 622 16
test 624 16
test 626 16
test 628 16
test 630 16
test 632 16
test 634 16
test 636 16
test 638 16
test 640 16
test 642 16
test 644 16
test 646 16
test 648 16
test 650 16
test 652 16
test 654 16
test 656 16
test 658 16
test 660 16
test 662 16
test 664 16
test 666 16
test 668 16
test 670 16
test 672 16
test 674 16
test 676 16
test 678 16
test 680 16
test 682 16
test 684 16
test 686 16
test 688 16
test 690 16
test 692 16
test 694 16
test 696 16
test 698 16
test 700 100
test 700 16
test 702 16
test 704 16
test 706 16
test 708 16
test 710 16
test 712 16
test 714 16
test 716 16
test 718 16
test 720 16
test 722 16
test 724 16
test 726 16
test 728 16
test 730 16
test 732 16
test 734 16
test 736 16
test 738 16
test 740 16
test 742 16
test 744 16
test 746 16
test 748 16
test 750 16
test 752 16
test 754 16
test 756 16
test 758 16
test 760 16
test 762 16
test 764 16
test 766 16
test 768 16
test 770 16
test 772 16
test 774 16
test 776 16
test 778 16
test 780 16
test 782 16
test 784 16
test 786 16
test 788 16
test 790 16
test 792 16
test 794 16
test 796 16
test 798 16
test 800 100
test 800 16
test 802 16
test 804 16
test 806 16
test 808 16
test 810 16
test 812 16
test 814 16
test 816 16
test 818 16
test 820 16
test 822 16
test 824 16
test 826 16
test 828 16
test 830 16
test 832 16
test 834 16
test 836 16
test 838 16
test 840 16
test 842 16
test 844 16
test 846 16
test 848 16
test 850 16
test 852 16
test 854 16
test 856 16
test 858 16
test 860 16
test 862 16
test 864 16
test 866 16
test 868 16
test 870 16
test 872 16
test 874 16
test 876 16
test 878 16
test 880 16
test 882 16
test 884 16
test 886 16
test 888 16
test 890 16
test 892 16
test 894 16
test 896 16
test 898 16
test 900 100
test 900 16
test 902 16
test 904 16
test 906 16
test 908 16
test 910 16
test 912 16
test 914 16
test 916 16
test 918 16
test 920 16
test 922 16
test 924 16
test 926 16
test 928 16
test 930 16
test 932 16
test 934 16
test 936 16
test 938 16
test 940 16
test 942 16
test 944 16
test 946 16
test 948 16
test 950 16
test 952 16
test 954 16
test 956 16
test 958 16
test 960 16
test 962 16
test 964 16
test 966 16
test 968 16
test 970 16
test 972 16
test 974 16
test 976 16
test 978 16
test 980 16
test 982 16
test 984 16
test 986 16
test 988 16
test 990 16
test 992 16
test 994 16
test 996 16
test 998 16
test 1000 100
test 1000 16
test 1002 16
test 1004 16
test 1006 16
test 1008 16
test 1010 16
test 1012 16
test 1014 16
test 1016 16
test 1018 16
test 1020 16
test 1022 16
test 1024 16
test 1026 16
test 1028 16
test 1030 16
test 1032 16
test 1034 16
test 1036 16
test 1038 16
test 1040 16
test 1042 16
test 1044 16
test 1046 16
test 1048 16
test 1050 16
test 1052 16
test 1054 16
test 1056 16
test 1058 16
test 1060 16
test 1062 16
test 1064 16
test 1066 16
test 1068 16
test 1070 16
test 1072 16
test 1074 16
test 1076 16
test 1078 16
test 1080 16
test 1082 16
test 1084 16
test 1086 16
test 1088 16
test 1090 16
test 1092 16
test 1094 16
test 1096 16
test 1098 16
test 1100 100
test 1100 16
test 1102 16
test 1104 16
test 1106 16
test 1108 16
test 1110 16
test 1112 16
test 1114 16
test 1116 16
test 1118 16
test 1120 16
test 1122 16
test 1124 16
test 1126 16
test 1128 16
test 1130 16
test 1132 16
test 1134 16
test 1136 16
test 1138 16
test 1140 16
test 1142 16
test 1144 16
test 1146 16
test 1148 16
test 1150 16
test 1152 16
test 1154 16
test 1156 16
test 1158 16
test 1160 16
test 1162 16
test 1164 16
test 1166 16
test 1168 16
test 1170 16
test 1172 16
test 1174 16
test 1176 16
test 1178 16
test 1180 16
test 1182 16
test 1184 16
test 1186 16
test 1188 16
test 1190 16
test 1192 16
test 1194 16
test 1196 16
test 1198 16
test 1200 100
test 1200 16
test 1202 16
test 1204 16
test 1206 16
test 1208 16
test 1210 16
test 1212 16
test 1214 16
test 1216 16
test 1218 16
test 1220 16
test 1222 16
test 1224 16
test 1226 16
test 1228 16
test 1230 16
test 1232 16
test 1234 16
test 1236 16
test 1238 16
test 1240 16
test 1242 16
test 1244 16
test 1246 16
test 1248 16
test 1250 16
test 1252 16
test 1254 16
test 1256 16
test 1258 16
test 1260 16
test 1262 16
test 1264 16
test 1266 16
test 1268 16
test 1270 16
test 1272 16
test 1274 16
test 1276 16
test 1278 16
test 1280 16
test 1282 16
test 1284 16
test 1286 16
test 1288 16
test 1290 16
test 1292 16
test 1294 16
test 1296 16
test 1298 16
test 1300 100
test 1300 16
test 1302 16
test 1304 16
test 1306 16
test 1308 16
test 1310 16
test 1312 16
test 1314 16
test 1316 16
test 1318 16
test 1320 16
test 1322 16
test 1324 16
test 1326 16
test 1328 16
test 1330 16
test 1332 16
test 1334 16
test 1336 16
test 1338 16
test 1340 16
test 1342 16
test 1344 16
test 1346 16
test 1348 16
test 1350 16
test 1352 16
test 1354 16
test 1356 16
test 1358 16
test 1360 16
test 1362 16
test 1364 16
test 1366 16
test 1368 16
test 1370 16
test 1372 16
test 1374 16
test 1376 16
test 1378 16
test 1380 16
test 1382 16
test 1384 16
test 1386 16
test 1388 16
test 1390 16
test 1392 16
test 1394 16
test 1396 16
test 1398 16
test 1400 100
test 1400 16
test 1402 16
test 1404 16
test 1406 16
test 1408 16
test 1410 16
test 1412 16
test 1414 16
test 1416 16
test 1418 16
test 1420 16
test 1422 16
test 1424 16
test 1426 16
test 1428 16
test 1430 16
test 1432 16
test 1434 16
test 1436 16
test 1438 16
test 1440 16
test 1442 16
test 1444 16
test 1446 16
test 1448 16
test 1450 16
test 1452 16
test 1454 16
test 1456 16
test 1458 16
test 1460 16
test 1462 16
test 1464 16
test 1466 16
test 1468 16
test 1470 16
test 1472 16
test 1474 16
test 1476 16
test 1478 16
test 1480 16
test 1482 16
test 1484 16
test 1486 16
test 1488 16
test 1490 16
test 1492 16
test 1494 16
test 1496 16
test 1498 16
test 1500 100
test 1500 16
test 1502 16
test 1504 16
test 1506 16
test 1508 16
test 1510 16
test 1512 16
test 1514 16
test 1516 16
test 1518 16
test 1520 16
test 1522 16
test 1524 16
test 1526 16
test 1528 16
test 1530 16
test 1532 16
test 1534 16
test 1536 16
test 1538 16
test 1540 16
test 1542 16
test 1544 16
test 1546 16
test 1548 16
test 1550 16
test 1552 16
test 1554 16
test 1556 16
test 1558 16
test 1560 16
test 1562 16
test 1564 16
test 1566 16
test 1568 16
test 1570 16
test 1572 16
test 1574 16
test 1576 16
test 1578 16
test 1580 16
test 1582 16
test 1584 16
test 1586 16
test 1588 16
test 1590 16
test 1592 16
test 1594 16
test 1596 16
test 1598 16
test 1600 100
test 1600 16
test 1602 16
test 1604 16
test 1606 16
test 1608 16
test 1610 16
test 1612 16
test 1614 16
test 1616 16
test 1618 16
test 1620 16
test 1622 16
test 1624 16
test 1626 16
test 1628 16
test 1630 16
test 1632 16
test 1634 16
test 1636 16
test 1638 16
test 1640 16
test 1642 16
test 1644 16
test 1646 16
test 1648 16
test 1650 16
test 1652 16
test 1654 16
test 1656 16
test 1658 16
test 1660 16
test 1662 16
test 1664 16
test 1666 16
test 1668 16
test 1670 16
test 1672 16
test 1674 16
test 1676 16
test 1678 16
test 1680 16
test 1682 16
test 1684 16
test 1686 16
test 1688 16
test 1690 16
test 1692 16
test 1694 16
test 1696 16
test 1698 16
test 1700 100
test 1700 16
test 1702 16
test 1704 16
test 1706 16
test 1708 16
test 1710 16
test 1712 16
test 1714 16
test 1716 16
test 1718 16
test 1720 16
test 1722 16
test 1724 16
test 1726 16
test 1728 16
test 1730 16
test 1732 16
test 1734 16
test 1736 16
test 1738 16
test 1740 16
test 1742 16
test 1744 16
test 1746 16
test 1748 16
test 1750 16
test 1752 16
test 1754 16
test 1756 16
test 1758 16
test 1760 16
test 1762 16
test 1764 16
test 1766 16
test 1768 16
test 1770 16
test 1772 16
test 1774 16
test 1776 16
test 1778 16
test 1780 16
test 1782 16
test 1784 16
test 1786 16
test 1788 16
test 1790 16
test 1792 16
test 1794 16
test 1796 16
test 1798 16
test 1800 100
test 1800 16
test 1802 16
test 1804 16
test 1806 16
test 1808 16
test 1810 16
test 1812 16
test 1814 16
test 1816 16
test 1818 16
test 1820 16
test 1822 16
test 1824 16
test 1826 16
test 1828 16
test 1830 16
test 1832 16
test 1834 16
test 1836 16
test 1838 16
test 1840 16
test 1842 16
test 1844 16
test 1846 16
test 1848 16
test 1850 16
test 1852 16
test 1854 16
test 1856 16
test 1858 16
test 1860 16
test 1862 16
test 1864 16
test 1866 16
test 1868 16
test 1870 16
test 1872 16
test 1874 16
test 1876 16
test 1878 16
test 1880 16
test 1882 16
test 1884 16
test 1886 16
test 1888 16
test 1890 16
test 1892 16
test 1894 16
test 1896 16
test 1898 16
test 1900 100
test 1900 16
test 1902 16
test 1904 16
test 1906 16
test 1908 16
test 1910 16
test 1912 16
test 1914 16
test 1916 16
test 1918 16
test 1920 16
test 1922 16
test 1924 16
test 1926 16
test 1928 16
test 1930 16
test 1932 16
test 1934 16
test 1936 16
test 1938 16
test 1940 16
test 1942 16
test 1944 16
test 1946 16
test 1948 16
test 1950 16
test 1952 16
test 1954 16
test 1956 16
test 1958 16
test 1960 16
test 1962 16
test 1964 16
test 1966 16
test 1968 16
test 1970 16
test 1972 16
test 1974 16
test 1976 16
test 1978 16
test 1980 16
test 1982 16
test 1984 16
test 1986 16
test 1988 16
test 1990 16
test 1992 16
test 1994 16
test 1996 16
test 1998 16
test 2000 100
test 2000 16
test 2002 16
test 2004 16
test 2006 16
test 2008 16
test 2010 16
test 2012 16
test 2014 16
test 2016 16
test 2018 16
test 2020 16
test 2022 16
test 2024 16
test 2026 16
test 2028 16
test 2030 16
test 2032 16
test 2034 16
test 2036 16
test 2038 16
test 2040 16
test 2042 16
test 2044 16
test 2046 16
test 2048 16
test 2050 16
test 2052 16
test 2054 16
test 2056 16
test 2058 16
test 2060 16
test 2062 16
test 2064 16
test 2066 16
test 2068 16
test 2070 16
test 2072 16
test 2074 16
test 2076 16
test 2078 16
test 2080 16
test 2082 16
test 2084 16
test 2086 16
test 2088 16
test 2090 16
test 2092 16
test 2094 16
test 2096 16
test 2098 16
test 2100 100
test 2100 16
test 2102 16
test 2104 16
test 2106 16
test 2108 16
test 2110 16
test 2112 16
test 2114 16
test 2116 16
test 2118 16
test 2120 16
test 2122 16
test 2124 16
test 2126 16
test 2128 16
test 2130 16
test 2132 16
test 2134 16
test 2136 16
test 2138 16
test 2140 16
test 2142 16
test 2144 16
test 2146 16
test 2148 16
test 2150 16
test 2152 16
test 2154 16
test 2156 16
test 2158 16
test 2160 16
test 2162 16
test 2164 16
test 2166 16
test 2168 16
test 2170 16
test 2172 16
test 2174 16
test 2176 16
test 2178 16
test 2180 16
test 2182 16
test 2184 16
test 2186 16
test 2188 16
test 2190 16
test 2192 16
test 2194 16
test 2196 16
test 2198 16
test 2200 100
test 2200 16
test 2202 16
test 2204 16
test 2206 16
test 2208 16
test 2210 16
test 2212 16
test 2214 16
test 2216 16
test 2218 16
test 2220 16
test 2222 16
test 2224 16
test 2226 16
test 2228 16
test 2230 16
test 2232 16
test 2234 16
test 2236 16
test 2238 16
test 2240 16
test 2242 16
test 2244 16
test 2246 16
test 2248 16
test 2250 16
test 2252 16
test 2254 16
test 2256 16
test 2258 16
test 2260 16
test 2262 16
test 2264 16
test 2266 16
test 2268 16
test 2270 16
test 2272 16
test 2274 16
test 2276 16
test 2278 16
test 2280 16
test 2282 16
test 2284 16
test 2286 16
test 2288 16
test 2290 16
test 2292 16
test 2294 16
test 2296 16
test 2298 16
test 2300 100
test 2300 16
test 2302 16
test 2304 16
test 2306 16
test 2308 16
test 2310 16
test 2312 16
test 2314 16
test 2316 16
test 2318 16
test 2320 16
test 2322 16
test 2324 16
test 2326 16
test 2328 16
test 2330 16
test 2332 16
test 2334 16
test 2336 16
test 2338 16
test 2340 16
test 2342 16
test 2344 16
test 2346 16
test 2348 16
test 2350 16
test 2352 16
test 2354 16
test 2356 16
test 2358 16
test 2360 16
test 2362 16
test 2364 16
test 2366 16
test 2368 16
test 2370 16
test 2372 16
test 2374 16
test 2376 16
test 2378 16
test 2380 16
test 2382 16
test 2384 16
test 2386 16
test 2388 16
test 2390 16
test 2392 16
test 2394 16
test 2396 16
test 2398 16
test 2400 100
test 2400 16
test 2402 16
test 2404 16
test 2406 16
test 2408 16
test 2410 16
test 2412 16
test 2414 16
test 2416 16
test 2418 16
test 2420 16
test 2422 16
test 2424 16
test 2426 16
test 2428 16
test 2430 16
test 2432 16
test 2434 16
test 2436 16
test 2438 16
test 2440 16
test 2442 16
test 2444 16
test 2446 16
test 2448 16
test 2450 16
test 2452 16
test 2454 16
test 2456 16
test 2458 16
test 2460 16
test 2462 16
test 2464 16
test 2466 16
test 2468 16
test 2470 16
test 2472 16
test 2474 16
test 2476 16
test 2478 16
test 2480 16
test 2482 16
test 2484 16
test 2486 16
test 2488 16
test 2490 16
test 2492 16
test 2494 16
test 2496 16
test 2498 16
test 2500 100
test 2500 16
test 2502 16
test 2504 16
test 2506 16
test 2508 16
test 2510 16
test 2512 16
test 2514 16
test 2516 16
test 2518 16
test 2520 16
test 2522 16
test 2524 16
test 2526 16
test 2528 16
test 2530 16
test 2532 16
test 2534 16
test 2536 16
test 2538 16
test 2540 16
test 2542 16
test 2544 16
test 2546 16
test 2548 16
test 2550 16
test 2552 16
test 2554 16
test 2556 16
test 2558 16
test 2560 16
test 2562 16
test 2564 16
test 2566 16
test 2568 16
test 2570 16
test 2572 16
test 2574 16
test 2576 16
test 2578 16
test 2580 16
test 2582 16
test 2584 16
test 2586 16
test 2588 16
test 2590 16
test 2592 16
test 2594 16
test 2596 16
test 2598 16
test 2600 100
test 2600 16
test 2602 16
test 2604 16
test 2606 16
test 2608 16
test 2610 16
test 2612 16
test 2614 16
test 2616 16
test 2618 16
test 2620 16
test 2622 16
test 2624 16
test 2626 16
test 2628 16
test 2630 16
test 2632 16
test 2634 16
test 2636 16
test 2638 16
test 2640 16
test 2642 16
test 2644 16
test 2646 16
test 2648 16
test 2650 16
test 2652 16
test 2654 16
test 2656 16
test 2658 16
test 2660 16
test 2662 16
test 2664 16
test 2666 16
test 2668 16
test 2670 16
test 2672 16
test 2674 16
test 2676 16
test 2678 16
test 2680 16
test 2682 16
test 2684 16
test 2686 16
test 2688 16
test 2690 16
test 2692 16
test 2694 16
test 2696 16
test 2698 16
test 2700 100
test 2700 16
test 2702 16
test 2704 16
test 2706 16
test 2708 16
test 2710 16
test 2712 16
test 2714 16
test 2716 16
test 2718 16
test 2720 16
test 2722 16
test 2724 16
test 2726 16
test 2728 16
test 2730 16
test 2732 16
test 2734 16
test 2736 16
test 2738 16
test 2740 16
test 2742 16
test 2744 16
test 2746 16
test 2748 16
test 2750 16
test 2752 16
test 2754 16
test 2756 16
test 2758 16
test 2760 16
test 2762 16
test 2764 16
test 2766 16
test 2768 16
test 2770 16
test 2772 16
test 2774 16
test 2776 16
test 2778 16
test 2780 16
test 2782 16
test 2784 16
test 2786 16
test 2788 16
test 2790 16
test 2792 16
test 2794 16
test 2796 16
test 2798 16
test 2800 100
test 2800 16
test 2802 16
test 2804 16
test 2806 16
test 2808 16
test 2810 16
test 2812 16
test 2814 16
test 2816 16
test 2818 16
test 2820 16
test 2822 16
test 2824 16
test 2826 16
test 2828 16
test 2830 16
test 2832 16
test 2834 16
test 2836 16
test 2838 16
test 2840 16
test 2842 16
test 2844 16
test 2846 16
test 2848 16
test 2850 16
test 2852 16
test 2854 16
test 2856 16
test 2858 16
test 2860 16
test 2862 16
test 2864 16
test 2866 16
test 2868 16
test 2870 16
test 2872 16
test 2874 16
test 2876 16
test 2878 16
test 2880 16
test 2882 16
test 2884 16
test 2886 16
test 2888 16
test 2890 16
test 2892 16
test 2894 16
test 2896 16
test 2898 16
test 2900 100
test 2900 16
test 2902 16
test 2904 16
test 2906 16
test 2908 16
test 2910 16
test 2912 16
test 2914 16
test 2916 16
test 2918 16
test 2920 16
test 2922 16
test 2924 16
test 2926 16
test 2928 16
test 2930 16
test 2932 16
test 2934 16
test 2936 16
test 2938 16
test 2940 16
test 2942 16
test 2944 16
test 2946 16
test 2948 16
test 2950 16
test 2952 16
test 2954 16
test 2956 16
test 2958 16
test 2960 16
test 2962 16
test 2964 16
test 2966 16
test 2968 16
test 2970 16
test 2972 16
test 2974 16
test 2976 16
test 2978 16
test 2980 16
test 2982 16
test 2984 16
test 2986 16
test 2988 16
test 2990 16
test 2992 16
test 2994 16
test 2996 16
test 2998 16
test 3000 100
test 3000 16
test 3002 16
test 3004 16
test 3006 16
test 3008 16
test 3010 16
test 3012 16
test 3014 16
test 3016 16
test 3018 16
test 3020 16
test 3022 16
test 3024 16
test 3026 16
test 3028 16
test 3030 16
test 3032 16
test 3034 16
test 3036 16
test 3038 16
test 3040 16
test 3042 16
test 3044 16
test 3046 16
test 3048 16
test 3050 16
test 3052 16
test 3054 16
test 3056 16
test 3058 16
test 3060 16
test 3062 16
test 3064 16
test 3066 16
test 3068 16
test 3070 16
test 3072 16
test 3074 16
test 3076 16
test 3078 16
test 3080 16
test 3082 16
test 3084 16
test 3086 16
test 3088 16
test 3090 16
test 3092 16
test 3094 16
test 3096 16
test 3098 16
test 3100 100
Done (1) 1063.7319102287292
{'srcc': array([0.78819082, 0.79594359, 0.78568257, 0.75687969, 0.82544254,
       0.80416442, 0.75810381, 0.85078908, 0.82190219, 0.80884488,
       0.78109811, 0.85641764, 0.80693669, 0.78526253, 0.76106811,
       0.76547255, 0.85052505, 0.8610261 , 0.79193519, 0.75924392,
       0.70821482, 0.66222622, 0.7989679 , 0.76260426, 0.790027  ,
       0.880036  , 0.78354635, 0.79257126, 0.79349535, 0.83134713]), 'acc': array([43.99888885, 42.24277772, 42.42388883, 41.27055553, 41.75666662,
       42.22888884, 42.75277772, 44.1483333 , 43.43777772, 42.24999995,
       43.45888885, 43.38499995, 42.43666663, 42.77833328, 40.90777773,
       41.57388882, 42.93833329, 42.61833331, 40.29888885, 42.09166662,
       40.83944438, 42.73611108, 41.4716666 , 41.55111106, 41.73111103,
       41.64388884, 41.68944441, 43.39777773, 39.97611106, 43.39666662])}
Done at Fri Feb 11 01:25:50 JST 2022
