Running on host c2
Starting at Wed Jan 26 09:13:20 JST 2022
Running on hosts: c2
Running on 1 nodes.
Running 1 tasks.
Current working directory is /home/rio-hada/workspace/SurrogateModels
> sbatch spy srcc.py -T 1500 --trials 100 --k_size_max 500 --eval_freq 10
Namespace(B=2, D=100, P=16, T=1500, eval_archs=100, eval_freq=10, gpu=False, id=8400, k_size_max=500, mean0=False, name=None, recalc=1, seed=None, select_mode='random', trials=100)
save to 'result/image/srcc_t100_T1500_dmax500_mean_8400.png'
Done (1) 1406.824781179428
Done (2) 1165.081825017929
Done (3) 1036.4096810817719
Done (4) 966.2787036895752
Done (5) 927.0587894916534
Done (6) 893.7027802467346
Done (7) 888.2923481464386
Done (8) 850.4024019241333
Done (9) 844.4650881290436
Done (10) 837.7077822685242
Done (11) 832.5406630039215
Done (12) 814.9809720516205
Done (13) 820.6784675121307
Done (14) 811.3833010196686
Done (15) 822.2999210357666
Done (16) 812.9736301898956
Done (17) 805.8266365528107
Done (18) 805.7652547359467
Done (19) 806.6701233386993
Done (20) 798.9179337024689
Done (21) 798.3832249641418
Done (22) 804.3364400863647
Done (23) 793.2681586742401
Done (24) 799.0518975257874
Done (25) 797.3881752490997
Done (26) 793.9377748966217
Done (27) 790.3274116516113
Done (28) 792.2852954864502
Done (29) 794.1263647079468
Done (30) 795.8497290611267
Done (31) 790.1970686912537
Done (32) 788.2306234836578
Done (33) 791.397937297821
Done (34) 793.6582553386688
Done (35) 790.2149658203125
Done (36) 790.80242228508
Done (37) 790.5341613292694
Done (38) 791.2931852340698
Done (39) 788.5431377887726
Done (40) 789.8364918231964
Done (41) 795.1592195034027
Done (42) 788.1517012119293
Done (43) 785.3670887947083
Done (44) 786.3240213394165
Done (45) 780.9927940368652
Done (46) 785.9097759723663
Done (47) 781.8520362377167
Done (48) 782.8464522361755
Done (49) 780.6960535049438
Done (50) 781.4516551494598
Done (51) 781.659809589386
Done (52) 781.9949498176575
Done (53) 781.4719874858856
Done (54) 786.387866973877
Done (55) 785.108330488205
Done (56) 794.2636120319366
Done (57) 781.6566188335419
Done (58) 781.9984550476074
Done (59) 783.1510519981384
Done (60) 782.8831779956818
Done (61) 784.8398787975311
Done (62) 782.7017185688019
Done (63) 784.2004642486572
Done (64) 782.5704815387726
Done (65) 782.7395009994507
Done (66) 779.4840195178986
Done (67) 779.3095052242279
Done (68) 780.7463307380676
Done (69) 781.4975626468658
Done (70) 778.9431202411652
Done (71) 779.3710663318634
Done (72) 779.918660402298
Done (73) 777.6879358291626
Done (74) 780.1361703872681
Done (75) 778.0577387809753
Done (76) 780.9037742614746
Done (77) 779.8165111541748
Done (78) 778.9516048431396
Done (79) 788.1906530857086
Done (80) 779.3238003253937
Done (81) 778.8600540161133
Done (82) 776.6388983726501
Done (83) 777.4390025138855
Done (84) 777.1524422168732
Done (85) 778.3426365852356
Done (86) 777.6979882717133
Done (87) 775.9428310394287
Done (88) 776.1889293193817
Done (89) 778.7125704288483
Done (90) 776.132257938385
Done (91) 779.9761340618134
Done (92) 777.1801328659058
Done (93) 777.8202238082886
Done (94) 776.4301793575287
Done (95) 775.7283749580383
Done (96) 776.9229686260223
Done (97) 776.9894998073578
Done (98) 777.5943424701691
Done (99) 776.4569098949432
Done (100) 778.4731121063232
{'srcc': array([0.74467639, 0.75468875, 0.75796748, 0.76458302, 0.76351527,
       0.75547339, 0.77109103, 0.76046925, 0.7667976 , 0.76831779,
       0.76355944, 0.76581038, 0.76326025, 0.77552259, 0.76737258,
       0.77960768, 0.77559448, 0.77113735, 0.77951923, 0.77807033,
       0.77258398, 0.76732541, 0.77994395, 0.77765461, 0.76931293,
       0.77721812, 0.77121128, 0.7807658 , 0.78411425, 0.78418518,
       0.77920444, 0.77258398, 0.77660546, 0.78082472, 0.7748492 ,
       0.78650369, 0.78417486, 0.784382  , 0.77961488, 0.7850321 ,
       0.78365605, 0.78174593, 0.78048005, 0.78150183, 0.78018566,
       0.77636964, 0.78486901, 0.79553939, 0.78207393, 0.7815904 ,
       0.79566913, 0.79915836, 0.79121788, 0.79443984, 0.7867742 ,
       0.78365833, 0.79213693, 0.79048593, 0.79439616, 0.79193759,
       0.79449709, 0.7913691 , 0.79713183, 0.79729037, 0.80194527,
       0.79879784, 0.79334533, 0.78766397, 0.79345263, 0.80096826,
       0.80250597, 0.80392475, 0.78839388, 0.79403696, 0.79703906,
       0.79178266, 0.79650297, 0.79034911, 0.78837972, 0.79726553,
       0.79045365, 0.79894305, 0.79593867, 0.79806697, 0.79172121,
       0.79318284, 0.79466967, 0.78965665, 0.80194695, 0.79602328,
       0.80039412, 0.80010225, 0.7996444 , 0.79494101, 0.78856562,
       0.79953927, 0.79154959, 0.79495794, 0.79991359, 0.79874803,
       0.79892313, 0.79956508, 0.79773249, 0.79891113, 0.79646637,
       0.79196028, 0.79906739, 0.78566661, 0.80048053, 0.78958524,
       0.79438848, 0.80066475, 0.79737054, 0.79548695, 0.79862286,
       0.79625863, 0.79129325, 0.78893477, 0.79391263, 0.79290813,
       0.79935266, 0.7898471 , 0.80040696, 0.79462142, 0.79577546,
       0.78727789, 0.80005845, 0.79339898, 0.79237708, 0.7915748 ,
       0.78249769, 0.78334065, 0.79459286, 0.79369445, 0.79567021,
       0.79549175, 0.79358596, 0.78720804, 0.7887832 , 0.79745719,
       0.79026163, 0.7896396 , 0.79002412, 0.78404356, 0.79400528,
       0.78328761, 0.79420702, 0.78285917, 0.79099814, 0.78252361]), 'acc': array([42.0226555 , 42.27393328, 42.3174555 , 42.43948328, 42.54828328,
       42.39107217, 42.6556055 , 42.49761662, 42.62602217, 42.66739439,
       42.71656106, 42.71037217, 42.71772773, 42.84167773, 42.65816106,
       42.79298328, 42.75763328, 42.78638328, 42.81069439, 42.70818328,
       42.85631662, 42.66541106, 42.92254995, 42.71163328, 42.69316106,
       42.84027217, 42.77868328, 42.82037217, 42.8223555 , 42.64468884,
       42.73964439, 42.79501661, 42.79928328, 42.76131661, 42.73068884,
       42.74219439, 42.81143328, 42.72113884, 42.57566106, 42.65906106,
       42.69411106, 42.70874995, 42.70848884, 42.73742772, 42.62163328,
       42.54926106, 42.62682217, 42.67881662, 42.64668328, 42.6152555 ,
       42.78353328, 42.6469055 , 42.65279439, 42.5816055 , 42.52939995,
       42.47993328, 42.59097773, 42.63817217, 42.73793328, 42.60717773,
       42.63266106, 42.58901106, 42.70558328, 42.58142773, 42.62871106,
       42.55939995, 42.48622217, 42.4677055 , 42.35911106, 42.5908555 ,
       42.60091106, 42.57049439, 42.47666106, 42.50207773, 42.5767055 ,
       42.43064439, 42.48198328, 42.34618328, 42.43892773, 42.40332773,
       42.25924995, 42.50606662, 42.37376662, 42.36814995, 42.45803328,
       42.33923884, 42.33189995, 42.2841555 , 42.37833884, 42.42748884,
       42.3188555 , 42.2770055 , 42.30619995, 42.18442772, 42.11967773,
       42.24054439, 42.17969439, 42.19599995, 42.41371662, 42.1260055 ,
       42.3677555 , 42.14463328, 42.20934995, 42.13573883, 42.11819995,
       42.20679995, 42.05971662, 42.15373328, 42.21103884, 41.95014995,
       42.19487217, 42.18517773, 42.02793328, 42.09082772, 42.08184995,
       42.09757217, 42.08388328, 41.88583884, 42.00822772, 42.04318328,
       42.00279439, 41.95419439, 41.93214439, 41.86747773, 42.02333328,
       41.8034055 , 41.93128328, 41.9250055 , 41.83327773, 41.8251555 ,
       41.69644995, 41.8080055 , 41.77788884, 41.77626662, 41.84642773,
       41.69446662, 41.84811106, 41.64772773, 41.65767217, 41.86613328,
       41.54172773, 41.61179995, 41.83381661, 41.58846106, 41.6258055 ,
       41.6223055 , 41.70712217, 41.49672772, 41.63723883, 41.61402217])}
Done at Thu Jan 27 07:37:58 JST 2022
