Running on host c2
Starting at Fri Feb 11 12:56:46 JST 2022
Running on hosts: c2
Running on 1 nodes.
Running 1 tasks.
Current working directory is /home/rio-hada/workspace/SurrogateModels
> sbatch spy srcc.py -T 1500 --trials 1 --k_size_max 800
Namespace(B=2, D=100, P=16, T=1500, eval_archs=100, eval_freq=50, gpu=False, id=8488, k_size_max=800, mean0=False, name=None, recalc=1, seed=None, select_mode='random', trials=1)
save to 'result/image/srcc_t1_T1500_dmax800_mean_8488.png'
1100 3.2193866501673805
1600 8.615999297517144
2100 4604800300674.185
2600 28.009252837108882
3100 12.455366914008364
{'srcc': array([0.73486949, 0.74168617, 0.76470447, 0.81675368, 0.77171317,
       0.819994  , 0.75960396, 0.7950315 , 0.75853585, 0.81232523,
       0.79091509, 0.84949295, 0.77035704, 0.85236124, 0.83761176,
       0.8380198 , 0.71858386, 0.83762376, 0.89123312, 0.79729973,
       0.84891689, 0.80148815, 0.79131113, 0.77173717, 0.86367837,
       0.84675668, 0.80646865, 0.74072607, 0.80910891, 0.79871587]), 'acc': array([42.36499998, 42.85777773, 43.95277773, 42.94055552, 43.10333329,
       43.88666661, 43.37499996, 43.49444438, 42.94888885, 42.06833328,
       43.3205555 , 42.14888882, 41.66222216, 43.75611105, 42.88611107,
       43.35833327, 42.81388882, 42.95166662, 42.59611106, 41.86777774,
       43.1105555 , 42.3077777 , 42.52555548, 41.97111106, 43.21999996,
       41.95611106, 42.57722219, 41.5327777 , 41.38666662, 40.65888883])}
Done at Fri Feb 11 13:14:32 JST 2022
