Running on host c2
Starting at Thu Jan 27 07:38:03 JST 2022
Running on hosts: c2
Running on 1 nodes.
Running 1 tasks.
Current working directory is /home/rio-hada/workspace/SurrogateModels
> sbatch spy srcc.py -T 1500 --trials 100 --k_size_max 900 --eval_freq 10
Namespace(B=2, D=100, P=16, T=1500, eval_archs=100, eval_freq=10, gpu=False, id=8405, k_size_max=900, mean0=False, name=None, recalc=1, seed=None, select_mode='random', trials=100)
save to 'result/image/srcc_t100_T1500_dmax900_mean_8405.png'
Done (1) 1406.7183623313904
Done (2) 1223.3036046028137
Done (3) 1111.503422498703
Done (4) 1042.3383972644806
Done (5) 991.7228827476501
Done (6) 940.8211622238159
Done (7) 921.844945192337
Done (8) 900.2048118114471
Done (9) 891.2636904716492
Done (10) 885.5226061344147
Done (11) 880.4399328231812
Done (12) 860.8564872741699
Done (13) 853.2451748847961
Done (14) 861.1215243339539
Done (15) 860.8541579246521
Done (16) 849.6498274803162
Done (17) 846.7930245399475
Done (18) 843.8884088993073
Done (19) 844.3129370212555
Done (20) 845.1038842201233
Done (21) 840.9489579200745
Done (22) 837.6568593978882
Done (23) 839.1388492584229
Done (24) 830.7893123626709
Done (25) 835.1407988071442
Done (26) 832.2468736171722
Done (27) 831.5313451290131
Done (28) 828.8015730381012
Done (29) 840.1011350154877
Done (30) 830.2569494247437
Done (31) 830.0758445262909
Done (32) 827.2146506309509
Done (33) 828.7710378170013
Done (34) 830.7600953578949
Done (35) 825.7953643798828
Done (36) 828.531858921051
Done (37) 827.1518311500549
Done (38) 824.5290985107422
Done (39) 823.2896466255188
Done (40) 831.4628374576569
Done (41) 825.5293636322021
Done (42) 823.3773486614227
Done (43) 823.5200684070587
Done (44) 822.5982594490051
Done (45) 822.9974822998047
Done (46) 821.6264564990997
Done (47) 823.4837391376495
Done (48) 821.8345472812653
Done (49) 823.2795553207397
Done (50) 824.4575119018555
Done (51) 821.2189140319824
Done (52) 821.314591884613
Done (53) 821.2171189785004
Done (54) 819.7152109146118
Done (55) 822.3692586421967
Done (56) 820.6929955482483
Done (57) 830.6088795661926
Done (58) 819.1924533843994
Done (59) 820.0400705337524
Done (60) 818.5773599147797
Done (61) 818.161544084549
Done (62) 819.1304061412811
Done (63) 819.2918117046356
Done (64) 822.0039348602295
Done (65) 819.1402781009674
Done (66) 819.3414607048035
Done (67) 818.6435580253601
Done (68) 819.730856180191
Done (69) 819.8422586917877
Done (70) 818.6299386024475
Done (71) 817.116063117981
Done (72) 813.6684784889221
Done (73) 792.62717628479
Done (74) 794.8503706455231
Done (75) 793.4213905334473
Done (76) 792.7051396369934
Done (77) 788.1494724750519
Done (78) 791.3651101589203
Done (79) 802.2416577339172
Done (80) 789.9303092956543
Done (81) 784.7586605548859
Done (82) 785.3553388118744
Done (83) 785.7674469947815
Done (84) 786.4325585365295
Done (85) 787.0433926582336
Done (86) 785.0264627933502
Done (87) 785.7688140869141
Done (88) 788.4470825195312
Done (89) 787.2442753314972
Done (90) 784.925023317337
Done (91) 786.1729626655579
Done (92) 787.1381506919861
Done (93) 785.292646408081
Done (94) 784.9930505752563
Done (95) 785.6487436294556
Done (96) 785.326886177063
Done (97) 784.19216132164
Done (98) 787.1711204051971
Done (99) 791.3675065040588
Done (100) 789.8363275527954
{'srcc': array([0.75019178, 0.75768929, 0.76245833, 0.75266403, 0.7552348 ,
       0.75837612, 0.76513987, 0.75732553, 0.77219778, 0.76996868,
       0.76887753, 0.77687081, 0.77812961, 0.76921044, 0.77576766,
       0.77595128, 0.78568665, 0.7832462 , 0.77885509, 0.77833063,
       0.7739508 , 0.76502598, 0.77458374, 0.76682016, 0.78002976,
       0.75450345, 0.76719844, 0.74358572, 0.75913231, 0.74868047,
       0.75161932, 0.74971269, 0.758758  , 0.74365329, 0.74072511,
       0.72734509, 0.73882508, 0.71399892, 0.70301494, 0.70681908,
       0.70339718, 0.71844512, 0.70153099, 0.70352259, 0.67923456,
       0.72255662, 0.71754563, 0.72776862, 0.73606937, 0.71170225,
       0.71096538, 0.70187471, 0.72923792, 0.73084344, 0.73449925,
       0.7252258 , 0.72684068, 0.71950783, 0.73813741, 0.72516784,
       0.73917228, 0.74544086, 0.74366997, 0.73133009, 0.74014089,
       0.72332793, 0.75124872, 0.73759808, 0.72686325, 0.77557324,
       0.75529469, 0.74392595, 0.7634477 , 0.75965341, 0.75915212,
       0.74664698, 0.77341926, 0.75668191, 0.76484368, 0.76058218,
       0.77632667, 0.76483228, 0.74958068, 0.77801524, 0.77061242,
       0.7614129 , 0.77021926, 0.76379334, 0.77375278, 0.76987891,
       0.79953063, 0.78622046, 0.79130549, 0.79795416, 0.78177558,
       0.79401344, 0.78237828, 0.78397312, 0.79608533, 0.79401104,
       0.77565749, 0.79043588, 0.79510219, 0.77468071, 0.79305863,
       0.79393219, 0.79409229, 0.80298626, 0.80797828, 0.80434467,
       0.80573237, 0.80173129, 0.79247873, 0.80439628, 0.80523252,
       0.81328473, 0.81111335, 0.80226823, 0.80796472, 0.79987555,
       0.8112276 , 0.80409541, 0.80494557, 0.79323924, 0.80815734,
       0.80429955, 0.81537594, 0.82630555, 0.81582358, 0.82127645,
       0.81249349, 0.81402448, 0.81951611, 0.81428167, 0.81462046,
       0.81680744, 0.80965989, 0.80729349, 0.81968989, 0.81365305,
       0.81617918, 0.82172289, 0.81841332, 0.81225023, 0.80680924,
       0.821152  , 0.82955356, 0.82952139, 0.82810453, 0.82935038]), 'acc': array([42.00862217, 42.3321555 , 42.44618328, 42.21884439, 42.54782773,
       42.50383884, 42.64727217, 42.53314995, 42.83192217, 42.68689995,
       42.68447217, 42.71963328, 42.72478884, 42.60931106, 42.88523884,
       42.71203884, 42.79037773, 42.88379995, 42.79288884, 42.77161106,
       42.80461661, 42.71136106, 42.75208884, 42.48799439, 42.77676106,
       42.33099995, 42.69733328, 42.21214995, 42.59292773, 42.31471662,
       42.54724439, 42.48141662, 42.59691661, 41.96791662, 42.18313883,
       42.11106662, 42.22986661, 41.69983328, 41.73658884, 41.72718884,
       41.78878328, 41.85636662, 41.80776106, 41.73620551, 41.25496662,
       42.00503884, 41.79787773, 41.89844439, 41.7674555 , 41.83186662,
       41.64488328, 41.57581106, 41.76718884, 41.74629439, 41.76786106,
       41.53832217, 41.7447055 , 41.55883328, 41.59022217, 41.50447773,
       41.61238328, 41.73041106, 41.67357217, 41.65829995, 41.6109555 ,
       41.46826661, 41.61528328, 41.75439995, 41.5513944 , 42.00933328,
       41.87106662, 41.64188328, 41.85773328, 41.8733055 , 41.70131661,
       41.71806661, 41.83592773, 41.65912772, 41.74088884, 41.85916662,
       42.02129439, 41.90208883, 41.6889055 , 42.00242772, 41.84084439,
       41.79168884, 42.06146661, 41.72198884, 41.86156661, 41.67974439,
       41.91801106, 42.11485551, 42.09542773, 41.9812055 , 41.78659439,
       41.87163884, 41.77172772, 41.99419995, 41.85858884, 42.03103884,
       41.91403328, 41.73059995, 41.87549439, 41.80951661, 41.92538328,
       41.80676106, 41.88927217, 42.08761106, 42.02521106, 41.95731661,
       42.08786106, 42.09564439, 41.93256106, 42.07109995, 42.05514995,
       41.98061662, 41.92310551, 42.01196661, 41.81596662, 41.94878884,
       42.21188883, 41.89918883, 41.95041661, 41.76069439, 41.89331662,
       41.91557773, 42.10784995, 42.18407217, 41.89392773, 42.01456106,
       41.94202217, 42.09498884, 41.91795551, 41.93056662, 41.95191661,
       42.15137773, 42.04952217, 42.01553883, 42.0724555 , 42.00659439,
       42.10136662, 41.97583328, 42.03719995, 42.04448883, 41.87258328,
       42.03519995, 42.0309555 , 42.08331662, 42.00063328, 41.98523328])}
Done at Fri Jan 28 06:55:26 JST 2022
