Running on host c3
Starting at Sat Jan 15 09:41:32 JST 2022
Running on hosts: c3
Running on 1 nodes.
Running 1 tasks.
Current working directory is /home/rio-hada/workspace/SurrogateModels
> sbatch spy srcc.py -T 1500 --trials 100 --k_size_max 200 --eval_freq 10
Namespace(B=2, D=100, P=16, T=1500, eval_archs=100, eval_freq=10, gpu=False, id=8038, k_size_max=200, mean0=False, name=None, recalc=1, seed=None, select_mode='random', trials=100)
save to 'result/image/srcc_t100_T1500_dmax200_mean_8038.png'
Done (1) 1433.9475409984589
Done (2) 1147.1445133686066
Done (3) 1011.9136996269226
Done (4) 939.1357326507568
Done (5) 904.3298382759094
Done (6) 867.4408991336823
Done (7) 852.3122844696045
Done (8) 835.5738229751587
Done (9) 809.3037497997284
Done (10) 799.6625392436981
Done (11) 800.1242053508759
Done (12) 791.3416903018951
Done (13) 785.9251573085785
Done (14) 779.9195966720581
Done (15) 780.4393646717072
pinv: t = 2628
Done (16) 775.7817254066467
Done (17) 771.6745691299438
Done (18) 765.4043219089508
Done (19) 772.0262851715088
Done (20) 763.2923696041107
Done (21) 766.6181955337524
Done (22) 764.1139810085297
Done (23) 772.690390586853
Done (24) 761.339418888092
Done (25) 764.139496088028
Done (26) 764.3415772914886
Done (27) 762.1806838512421
Done (28) 768.8581910133362
Done (29) 759.8999633789062
Done (30) 759.5656821727753
Done (31) 758.1290619373322
Done (32) 757.0354330539703
Done (33) 763.7373399734497
Done (34) 756.2801735401154
Done (35) 754.7075967788696
Done (36) 751.3664009571075
Done (37) 755.3208420276642
Done (38) 749.5631084442139
Done (39) 759.0679843425751
Done (40) 750.267374753952
Done (41) 746.66246342659
Done (42) 748.0929219722748
Done (43) 748.5670733451843
Done (44) 749.0712583065033
Done (45) 750.2483658790588
Done (46) 757.5918126106262
Done (47) 749.0967569351196
Done (48) 751.3998143672943
Done (49) 750.9369626045227
Done (50) 749.0022566318512
Done (51) 748.4547758102417
Done (52) 748.9789087772369
Done (53) 755.2204990386963
Done (54) 749.4693653583527
Done (55) 748.4914736747742
Done (56) 745.8845129013062
Done (57) 748.2295503616333
Done (58) 749.2003998756409
Done (59) 747.5704898834229
Done (60) 746.9183497428894
Done (61) 757.3823373317719
Done (62) 747.0569257736206
Done (63) 746.9632921218872
Done (64) 745.4806656837463
Done (65) 748.012585401535
Done (66) 746.8795077800751
Done (67) 746.183605670929
Done (68) 746.4385008811951
Done (69) 747.2456641197205
Done (70) 754.4658966064453
Done (71) 745.9151029586792
Done (72) 746.5851149559021
Done (73) 747.0618979930878
Done (74) 745.1230611801147
Done (75) 746.5439648628235
Done (76) 747.0179507732391
Done (77) 746.8732647895813
Done (78) 744.2355823516846
Done (79) 754.6798720359802
Done (80) 744.1369752883911
Done (81) 744.5833871364594
Done (82) 743.0023653507233
Done (83) 745.139232635498
Done (84) 743.7961051464081
Done (85) 743.1493685245514
Done (86) 744.0044875144958
Done (87) 743.0668296813965
Done (88) 742.8307530879974
Done (89) 753.9752082824707
Done (90) 741.5291953086853
Done (91) 743.3146915435791
Done (92) 743.2655875682831
Done (93) 742.5997874736786
Done (94) 743.6222410202026
Done (95) 742.0419499874115
Done (96) 742.9033272266388
Done (97) 741.7180762290955
Done (98) 741.4433114528656
Done (99) 743.1725912094116
Done (100) 752.1861884593964
[0.74921104 0.75196148 0.74592199 0.75416502 0.76359916 0.76214077
 0.75856406 0.77573093 0.77401224 0.76586535 0.77282448 0.77320036
 0.76935638 0.7688204  0.77089805 0.77845497 0.78483288 0.77738506
 0.7790267  0.79087285 0.78204692 0.77637036 0.77852169 0.78553291
 0.77891725 0.7928234  0.7796108  0.78660594 0.77620642 0.78169361
 0.78687393 0.77886217 0.78296682 0.78691449 0.79174833 0.78580246
 0.79099274 0.78459262 0.78565065 0.78868467 0.78910519 0.79033483
 0.79119928 0.79524128 0.79136358 0.79153711 0.77662478 0.78049541
 0.78416346 0.78605389 0.79210213 0.78838392 0.78998128 0.79212361
 0.78980318 0.77264062 0.78980582 0.78611749 0.79234095 0.78312295
 0.78924308 0.78532421 0.78912403 0.78554323 0.79186619 0.78583174
 0.78269403 0.79483264 0.78725329 0.78857702 0.78230411 0.79554011
 0.78153459 0.78657546 0.78531521 0.79211077 0.7850183  0.78314407
 0.7888378  0.79010069 0.79048353 0.78532277 0.78570105 0.78782646
 0.79273147 0.79329181 0.78946343 0.78916364 0.78647177 0.79374761
 0.78528677 0.78571509 0.77710639 0.79298254 0.78802268 0.7775568
 0.7906369  0.78128677 0.79335974 0.77793999 0.78918764 0.78404932
 0.78399088 0.78322172 0.78245077 0.77271695 0.78047957 0.78198572
 0.77928773 0.78543306 0.78427339 0.78230159 0.78372661 0.78969553
 0.7791604  0.78107507 0.77727441 0.77928617 0.77018878 0.77903402
 0.78052505 0.77447177 0.77675236 0.77726193 0.78471083 0.77848953
 0.77798812 0.77005341 0.7817799  0.77671023 0.7683598  0.77780054
 0.77784806 0.78060114 0.77102874 0.77392559 0.78305467 0.76870891
 0.77921104 0.78289601 0.77146955 0.77051293 0.76956652 0.76818266
 0.77443504 0.77585263 0.76424602 0.76267111 0.7683604  0.76746511]
Done at Sun Jan 16 07:11:56 JST 2022
