Running on host c2
Starting at Tue Jan 18 03:24:35 JST 2022
Running on hosts: c2
Running on 1 nodes.
Running 1 tasks.
Current working directory is /home/rio-hada/workspace/SurrogateModels
> sbatch spy srcc.py -T 1500 --trials 100 --k_size_max 400 --eval_freq 10 --select_mode similarity
Namespace(B=2, D=100, P=16, T=1500, eval_archs=100, eval_freq=10, gpu=False, id=8184, k_size_max=400, mean0=False, name=None, recalc=1, seed=None, select_mode='similarity', trials=100)
save to 'result/image/srcc_t100_T1500_dmax400_sim_mean_8184.png'
Done (1) 489.3607761859894
Done (2) 471.04999685287476
Done (3) 450.485182762146
Done (4) 434.8374798297882
Done (5) 426.11257672309875
Done (6) 423.0971918106079
Done (7) 411.3175082206726
Done (8) 399.6659016609192
Done (9) 396.126291513443
Done (10) 389.28177285194397
Done (11) 385.89371967315674
Done (12) 382.946494102478
Done (13) 382.44841265678406
Done (14) 381.17737102508545
Done (15) 382.58471727371216
Done (16) 375.01786851882935
Done (17) 373.3395924568176
Done (18) 370.8425271511078
Done (19) 372.33803844451904
Done (20) 368.8894872665405
Done (21) 366.8853266239166
Done (22) 370.6211748123169
Done (23) 366.00737500190735
Done (24) 365.4328365325928
Done (25) 363.08196544647217
Done (26) 360.8068995475769
Done (27) 363.93179273605347
Done (28) 359.98228669166565
Done (29) 360.65097522735596
Done (30) 348.7849061489105
Done (31) 342.42488956451416
Done (32) 345.46582317352295
Done (33) 339.5963304042816
Done (34) 342.07900881767273
Done (35) 342.8104989528656
Done (36) 339.31019377708435
Done (37) 341.03694915771484
Done (38) 341.8754539489746
Done (39) 344.9844934940338
Done (40) 340.26680088043213
Done (41) 339.62142419815063
Done (42) 336.2489402294159
Done (43) 341.5279450416565
Done (44) 339.0748097896576
Done (45) 339.52317547798157
Done (46) 343.1261911392212
Done (47) 338.7051582336426
Done (48) 337.75199460983276
Done (49) 337.9080843925476
Done (50) 341.86480617523193
Done (51) 338.06792306900024
Done (52) 336.8170154094696
Done (53) 338.1862940788269
Done (54) 338.8275077342987
Done (55) 336.58076572418213
Done (56) 336.9209179878235
Done (57) 337.0320496559143
Done (58) 337.04261088371277
Done (59) 335.6295964717865
Done (60) 338.2026410102844
Done (61) 335.864675283432
Done (62) 334.4467809200287
Done (63) 333.81124687194824
Done (64) 335.0626437664032
Done (65) 348.7876377105713
Done (66) 334.875492811203
Done (67) 334.93113231658936
Done (68) 335.67363810539246
Done (69) 333.3044173717499
Done (70) 336.4122586250305
Done (71) 335.2216191291809
Done (72) 334.5249090194702
Done (73) 336.92768955230713
Done (74) 336.67812609672546
Done (75) 333.76565384864807
Done (76) 332.9553418159485
Done (77) 334.7807672023773
Done (78) 336.21663880348206
Done (79) 335.28451347351074
Done (80) 335.1460018157959
Done (81) 334.4485945701599
Done (82) 333.5970182418823
Done (83) 334.83813524246216
Done (84) 333.8305103778839
Done (85) 334.8263771533966
Done (86) 333.19193172454834
Done (87) 334.13847374916077
Done (88) 333.62412309646606
Done (89) 333.72625732421875
Done (90) 332.7303879261017
Done (91) 333.90049958229065
Done (92) 331.9576814174652
Done (93) 332.4317021369934
Done (94) 336.3631329536438
Done (95) 332.0202407836914
Done (96) 340.6427536010742
Done (97) 332.20585894584656
Done (98) 334.32918334007263
Done (99) 333.221533536911
Done (100) 332.1206090450287
[0.75082748 0.75538698 0.76185011 0.76067495 0.76233015 0.77065515
 0.76351947 0.77054305 0.76860654 0.76467015 0.76863498 0.76167513
 0.77188791 0.77239808 0.77180522 0.77596316 0.77873663 0.7767904
 0.78660786 0.78806853 0.78440456 0.78723264 0.78534785 0.79173309
 0.7875994  0.78402844 0.77978062 0.78017306 0.78170837 0.79308935
 0.78952787 0.79400168 0.79801284 0.79787039 0.78785287 0.79029835
 0.78650297 0.78509931 0.78669331 0.78886241 0.79481644 0.78915176
 0.79492697 0.78012601 0.79076016 0.78775674 0.78551119 0.78823702
 0.79526769 0.78369421 0.79398236 0.78852601 0.78789223 0.7877721
 0.79143894 0.78151887 0.78916796 0.78721968 0.78033987 0.78319004
 0.78973669 0.78173873 0.78804188 0.78618374 0.78080396 0.78521644
 0.77284668 0.77810381 0.77991431 0.77635236 0.77911551 0.78255722
 0.77941254 0.7733967  0.78349931 0.78829151 0.76795128 0.78420858
 0.77549835 0.77931257 0.78498662 0.77234779 0.77008197 0.77804068
 0.77476568 0.7681571  0.7722369  0.78086685 0.78404284 0.76817318
 0.77784458 0.77419922 0.78003468 0.77815998 0.77294413 0.75885281
 0.77600312 0.77343558 0.77455194 0.77980846 0.76470471 0.7714435
 0.77723036 0.77183354 0.77926481 0.77816946 0.76505239 0.77797156
 0.76246301 0.77408029 0.77765665 0.76411977 0.77309175 0.77489337
 0.77488413 0.77160516 0.76794383 0.76802628 0.77106775 0.76501614
 0.76513423 0.76997576 0.75971269 0.77373081 0.76823966 0.75935758
 0.77428623 0.77149019 0.7672402  0.76647525 0.77163204 0.77159916
 0.76624362 0.7606189  0.76763732 0.76402088 0.77110483 0.76464254
 0.77011845 0.76770621 0.75688353 0.76076136 0.76131173 0.75933501
 0.75994827 0.7621643  0.7601577  0.7564036  0.75605089 0.75987447]
Done at Tue Jan 18 13:12:53 JST 2022
