Running on host c4
Starting at Thu Jan 27 07:13:53 JST 2022
Running on hosts: c4
Running on 1 nodes.
Running 1 tasks.
Current working directory is /home/rio-hada/workspace/SurrogateModels
> sbatch spy srcc.py -T 1500 --trials 100 --k_size_max 800 --eval_freq 10
Namespace(B=2, D=100, P=16, T=1500, eval_archs=100, eval_freq=10, gpu=False, id=8404, k_size_max=800, mean0=False, name=None, recalc=1, seed=None, select_mode='random', trials=100)
save to 'result/image/srcc_t100_T1500_dmax800_mean_8404.png'
Done (1) 1412.349499464035
Done (2) 1222.4250965118408
Done (3) 1116.703919172287
Done (4) 1031.6398711204529
Done (5) 1003.1803514957428
Done (6) 942.3131010532379
Done (7) 921.2863726615906
Done (8) 903.1398205757141
Done (9) 885.0497140884399
Done (10) 884.3438608646393
Done (11) 872.3097903728485
Done (12) 869.0276215076447
Done (13) 864.9379341602325
Done (14) 864.6240921020508
Done (15) 859.7098710536957
Done (16) 855.7886321544647
Done (17) 851.3796098232269
Done (18) 853.0416679382324
Done (19) 844.5647783279419
Done (20) 849.8286263942719
Done (21) 842.8914120197296
Done (22) 842.0962765216827
Done (23) 837.984678030014
Done (24) 832.6515300273895
Done (25) 835.2100977897644
Done (26) 834.1471922397614
Done (27) 833.9206533432007
Done (28) 828.841471195221
Done (29) 838.081375837326
Done (30) 830.0918872356415
Done (31) 828.388994216919
Done (32) 828.498831987381
Done (33) 826.568957567215
Done (34) 823.7655236721039
Done (35) 824.6014034748077
Done (36) 824.5434393882751
Done (37) 820.5868244171143
Done (38) 819.1075720787048
Done (39) 819.9001934528351
Done (40) 828.1046392917633
Done (41) 819.620724439621
Done (42) 820.1625671386719
Done (43) 818.949366569519
Done (44) 818.772714138031
Done (45) 816.9899859428406
Done (46) 816.418416261673
Done (47) 817.5075821876526
Done (48) 817.2869975566864
Done (49) 817.1502110958099
Done (50) 816.0123183727264
Done (51) 819.6635744571686
Done (52) 823.5878458023071
Done (53) 823.2316946983337
Done (54) 825.1220617294312
Done (55) 823.6106562614441
Done (56) 824.2382411956787
Done (57) 835.0165674686432
Done (58) 823.9384334087372
Done (59) 825.2621190547943
Done (60) 822.5726294517517
Done (61) 823.863933801651
Done (62) 823.2837114334106
Done (63) 821.8808279037476
Done (64) 821.1601774692535
Done (65) 822.0819444656372
Done (66) 822.5711390972137
Done (67) 823.5909540653229
Done (68) 819.784735918045
Done (69) 821.6392242908478
Done (70) 821.7674164772034
Done (71) 822.1946213245392
Done (72) 820.9975578784943
Done (73) 820.5647509098053
Done (74) 820.486013174057
Done (75) 820.0942249298096
Done (76) 823.2050702571869
Done (77) 822.2027266025543
Done (78) 819.6179323196411
Done (79) 821.8587007522583
Done (80) 829.4696481227875
Done (81) 822.258118391037
Done (82) 818.30561876297
Done (83) 816.6818866729736
Done (84) 817.31862449646
Done (85) 817.9908740520477
Done (86) 818.024489402771
Done (87) 815.8005108833313
Done (88) 816.566656589508
Done (89) 807.972775220871
Done (90) 798.552330493927
Done (91) 799.2496511936188
Done (92) 797.8283047676086
Done (93) 799.5586948394775
Done (94) 798.7186887264252
Done (95) 800.489414691925
Done (96) 798.7438373565674
Done (97) 800.8775324821472
Done (98) 799.862521648407
Done (99) 798.1431679725647
Done (100) 798.3212931156158
{'srcc': array([0.73276028, 0.75197168, 0.75248041, 0.75864614, 0.7650321 ,
       0.77032007, 0.76802796, 0.76587567, 0.7758213 , 0.78280444,
       0.76021494, 0.76576118, 0.78065755, 0.77455734, 0.76671119,
       0.77292253, 0.77826499, 0.77525269, 0.77967285, 0.78182778,
       0.77326001, 0.77936346, 0.78497678, 0.78271035, 0.77581902,
       0.78265575, 0.78098422, 0.77672511, 0.78158296, 0.77215842,
       0.77332265, 0.76793519, 0.76357684, 0.75672499, 0.74109235,
       0.73569349, 0.76490309, 0.75356592, 0.7545619 , 0.76358476,
       0.76470711, 0.7629967 , 0.7506243 , 0.76914263, 0.76906055,
       0.75746499, 0.75540282, 0.76798356, 0.74991287, 0.76268683,
       0.74959004, 0.7501739 , 0.72399544, 0.76059622, 0.77826943,
       0.7681949 , 0.76684728, 0.75780918, 0.76511839, 0.78405425,
       0.75731713, 0.77322076, 0.78430759, 0.78945383, 0.78581122,
       0.77808305, 0.78353039, 0.78776466, 0.78871323, 0.79413441,
       0.77530561, 0.78336538, 0.77713879, 0.7890339 , 0.78571545,
       0.79755596, 0.78693045, 0.79497906, 0.79666247, 0.79498122,
       0.80414809, 0.80670279, 0.80692205, 0.80748731, 0.7961685 ,
       0.80330741, 0.78498158, 0.80468311, 0.80353783, 0.81225155,
       0.79243936, 0.79286337, 0.79127561, 0.80657858, 0.81459538,
       0.80847033, 0.81471155, 0.80990363, 0.81686145, 0.81530513,
       0.81313183, 0.81575002, 0.81566625, 0.81989127, 0.80992739,
       0.80779082, 0.81794371, 0.81468323, 0.80319376, 0.809227  ,
       0.81131977, 0.82922964, 0.81533273, 0.82224878, 0.82055446,
       0.81790483, 0.81249037, 0.81694317, 0.8151634 , 0.82255722,
       0.81503858, 0.81531989, 0.82536142, 0.81820558, 0.82282628,
       0.83082736, 0.82310987, 0.82110447, 0.82543654, 0.82571257,
       0.83420162, 0.82806097, 0.82937186, 0.82869247, 0.82999628,
       0.82853213, 0.82182154, 0.82575602, 0.83370609, 0.82807513,
       0.83209373, 0.82530513, 0.82183306, 0.82938602, 0.82097102,
       0.82308527, 0.82721788, 0.83260258, 0.83015338, 0.83050765]), 'acc': array([41.92794439, 42.39773884, 42.28976661, 42.36661106, 42.62714995,
       42.39787217, 42.42082217, 42.49374995, 42.50389439, 42.69752217,
       42.59736106, 42.6360055 , 42.64721661, 42.7879555 , 42.5756555 ,
       42.77587217, 42.83184995, 42.84169439, 42.70784439, 42.81451661,
       42.74428328, 42.82397217, 42.76198328, 42.89224995, 42.90424439,
       42.77348328, 42.75083328, 42.65001106, 42.75428328, 42.71146106,
       42.69404995, 42.65628884, 42.59613884, 42.45366106, 42.40941661,
       42.06341661, 42.48531661, 42.16505551, 42.32126662, 42.52318328,
       42.55112772, 42.4809555 , 42.29407773, 42.43366662, 42.43947217,
       42.32697217, 42.37261106, 42.32857217, 42.14366662, 42.25183328,
       42.01761662, 41.94534439, 41.91892773, 42.17683884, 42.32766661,
       42.32199439, 42.1731055 , 42.0929055 , 42.2043555 , 42.08691661,
       42.03951661, 42.18241106, 42.11617217, 42.25188884, 42.31328328,
       42.10907217, 42.26657217, 42.2121055 , 42.07682772, 42.16966106,
       42.09422772, 42.1690055 , 42.25861106, 42.18796662, 42.10407772,
       42.25834995, 42.09823328, 42.29299995, 42.32419995, 42.11443884,
       42.24663884, 42.29429995, 42.26118884, 42.21552773, 42.0646055 ,
       42.21582773, 42.26389995, 42.29897773, 42.26953328, 42.3740055 ,
       42.13867772, 42.03197773, 42.22289995, 42.09242773, 42.24793328,
       42.28449995, 42.3118444 , 42.30279995, 42.25946106, 42.44904439,
       42.2216055 , 42.35971106, 42.23346661, 42.23513328, 42.03183884,
       42.09977773, 42.34826106, 42.08702773, 42.1781555 , 42.30093884,
       42.01179439, 42.24776661, 42.18277773, 42.34218328, 42.26136661,
       42.1634555 , 42.30704439, 42.19944439, 42.05434439, 42.19574439,
       42.12839995, 42.18313884, 42.25957773, 42.25516661, 42.26122217,
       42.38017217, 42.3094055 , 42.18339439, 42.12204439, 42.0643555 ,
       42.40228884, 42.16943884, 42.0371555 , 42.1524055 , 42.12834439,
       42.20551661, 42.22074439, 42.0763555 , 42.1463555 , 42.19338328,
       42.24354995, 42.0971055 , 42.02359995, 42.20897772, 41.86439995,
       42.19144995, 42.17197773, 42.15413328, 42.08489995, 42.03421106])}
Done at Fri Jan 28 06:42:41 JST 2022
