Running on host c6
Starting at Thu Jan 20 21:39:54 JST 2022
Running on hosts: c6
Running on 1 nodes.
Running 1 tasks.
Current working directory is /home/rio-hada/workspace/SurrogateModels
> sbatch spy srcc.py -T 1500 --trials 100 --k_size_max 500 --eval_freq 10
Namespace(B=2, D=100, P=16, T=1500, eval_archs=100, eval_freq=10, gpu=False, id=8296, k_size_max=500, mean0=False, name=None, recalc=1, seed=None, select_mode='random', trials=100)
save to 'result/image/srcc_t100_T1500_dmax500_mean_8296.png'
Done (1) 1395.2167298793793
Done (2) 1159.8624024391174
Done (3) 1034.7776925563812
Done (4) 960.9789168834686
Done (5) 922.9392807483673
Done (6) 894.0270328521729
Done (7) 881.7656598091125
Done (8) 850.4632530212402
Done (9) 835.0093076229095
Done (10) 825.9456126689911
Done (11) 830.6786839962006
Done (12) 818.5092630386353
Done (13) 818.0100617408752
Done (14) 814.5384047031403
Done (15) 819.3103635311127
Done (16) 805.7530236244202
Done (17) 806.7230010032654
Done (18) 799.7935891151428
Done (19) 796.3133506774902
Done (20) 798.7326953411102
Done (21) 799.381795167923
Done (22) 790.6054153442383
Done (23) 790.6871755123138
Done (24) 797.3349459171295
Done (25) 791.4535818099976
Done (26) 791.084380865097
Done (27) 787.5071973800659
Done (28) 785.6427519321442
Done (29) 795.8144392967224
Done (30) 787.61328291893
Done (31) 785.3188118934631
Done (32) 784.3474810123444
Done (33) 787.8143353462219
Done (34) 783.1109364032745
Done (35) 784.204540014267
Done (36) 787.2794237136841
Done (37) 781.576477766037
Done (38) 783.9672031402588
Done (39) 781.9379703998566
Done (40) 783.5809533596039
Done (41) 786.1739704608917
Done (42) 781.5655257701874
Done (43) 782.124226808548
Done (44) 783.2118601799011
Done (45) 781.1307139396667
Done (46) 778.5101826190948
Done (47) 781.3565254211426
Done (48) 781.2670133113861
Done (49) 779.2822074890137
Done (50) 778.0543699264526
Done (51) 776.6241161823273
Done (52) 777.5226862430573
Done (53) 778.1741967201233
pinv: t = 1364
Done (54) 777.1417214870453
Done (55) 776.9931581020355
Done (56) 784.6123638153076
Done (57) 777.6450972557068
Done (58) 779.409734249115
Done (59) 776.6743912696838
Done (60) 776.1694598197937
Done (61) 775.9370951652527
Done (62) 776.40070104599
Done (63) 777.7649743556976
Done (64) 778.2190556526184
Done (65) 777.3549177646637
Done (66) 776.5098927021027
Done (67) 774.5903730392456
Done (68) 774.6505377292633
Done (69) 776.9636464118958
Done (70) 775.584493637085
Done (71) 775.4584908485413
Done (72) 776.1141631603241
Done (73) 776.1000473499298
Done (74) 777.8891909122467
Done (75) 776.5309345722198
Done (76) 775.1903576850891
Done (77) 774.8902306556702
Done (78) 777.3663368225098
Done (79) 785.0729484558105
Done (80) 773.662339925766
Done (81) 772.5521223545074
Done (82) 775.4285881519318
Done (83) 772.7588188648224
Done (84) 773.4084539413452
Done (85) 770.1986975669861
Done (86) 771.8596246242523
Done (87) 771.9403052330017
Done (88) 773.1605632305145
Done (89) 771.7090051174164
Done (90) 772.9152038097382
Done (91) 773.9988703727722
Done (92) 774.4347774982452
Done (93) 774.3575465679169
Done (94) 774.3541858196259
Done (95) 773.8683557510376
Done (96) 776.467075586319
Done (97) 772.9032080173492
Done (98) 772.9587736129761
Done (99) 773.3378291130066
Done (100) 774.0101289749146
{'srcc': array([0.74387255, 0.75380006, 0.76414509, 0.76160504, 0.76504722,
       0.76567261, 0.76857594, 0.75804236, 0.77209937, 0.77455458,
       0.77267831, 0.77615926, 0.7632246 , 0.77422274, 0.77858842,
       0.77195128, 0.78421986, 0.78054809, 0.77842076, 0.77484284,
       0.77593771, 0.78365461, 0.77554539, 0.78501338, 0.7745643 ,
       0.78028575, 0.78264542, 0.78143642, 0.78328773, 0.78124356,
       0.78330549, 0.78301698, 0.78318728, 0.78651617, 0.78319652,
       0.78456958, 0.78918716, 0.77866031, 0.78628215, 0.78866643,
       0.78951035, 0.7939766 , 0.78945263, 0.77991251, 0.78852565,
       0.78690237, 0.79569241, 0.79756304, 0.79371881, 0.78754419,
       0.79592631, 0.79294869, 0.78990543, 0.79545491, 0.7949607 ,
       0.80011209, 0.78543654, 0.79109199, 0.79605281, 0.79256118,
       0.79513003, 0.79913747, 0.79066211, 0.79636208, 0.78145047,
       0.79605581, 0.80113339, 0.79805737, 0.79977042, 0.79967597,
       0.80052793, 0.79810561, 0.80025887, 0.79877828, 0.79755512,
       0.80026763, 0.79700882, 0.79821878, 0.79727453, 0.79426895,
       0.80000288, 0.80607081, 0.78921068, 0.79565233, 0.80115968,
       0.79834047, 0.7940348 , 0.79343618, 0.79026019, 0.79674635,
       0.79689253, 0.7949991 , 0.78954539, 0.80344902, 0.79791155,
       0.79376994, 0.80524308, 0.80264314, 0.80668347, 0.79636088,
       0.79157084, 0.80174089, 0.79759892, 0.78928113, 0.79789223,
       0.79713375, 0.79990939, 0.79903102, 0.7882417 , 0.79321764,
       0.79312499, 0.79079052, 0.79656562, 0.79637816, 0.80143162,
       0.78804716, 0.79934725, 0.79274383, 0.7950201 , 0.78657066,
       0.79231251, 0.79436352, 0.79579802, 0.79972037, 0.78520552,
       0.79249529, 0.80071755, 0.7901667 , 0.79468359, 0.79725509,
       0.79233603, 0.80102406, 0.79389595, 0.79192475, 0.79928305,
       0.79697318, 0.78884404, 0.79170309, 0.79452373, 0.78202352,
       0.78173957, 0.78789523, 0.79078044, 0.7903748 , 0.78653429,
       0.79451305, 0.78267147, 0.79112943, 0.78714935, 0.7877571 ]), 'acc': array([42.05933328, 42.40524439, 42.3540055 , 42.40398329, 42.5360555 ,
       42.55996661, 42.4511055 , 42.52331661, 42.58626662, 42.68077217,
       42.6060055 , 42.73177773, 42.65406106, 42.68263884, 42.73551106,
       42.77314439, 42.76107217, 42.78632772, 42.76387773, 42.78483328,
       42.76547217, 42.65446662, 42.77598328, 42.76648328, 42.76042217,
       42.90572773, 42.8606055 , 42.6537555 , 42.76943884, 42.68309995,
       42.78933884, 42.80809439, 42.58001106, 42.72522773, 42.58361106,
       42.79572773, 42.68562217, 42.57958884, 42.64544995, 42.7864055 ,
       42.82508328, 42.76566106, 42.78451662, 42.47544995, 42.68990551,
       42.5622555 , 42.64982217, 42.68853884, 42.70547217, 42.60452773,
       42.52129439, 42.55308884, 42.62132773, 42.70704439, 42.66662217,
       42.77864439, 42.52101661, 42.47959439, 42.55687217, 42.53609995,
       42.43248328, 42.55784995, 42.51442217, 42.58407773, 42.60134439,
       42.47022773, 42.42779439, 42.64029995, 42.55376106, 42.5397555 ,
       42.43624439, 42.46272773, 42.46513328, 42.51197772, 42.51102773,
       42.44918884, 42.35163884, 42.36167217, 42.43974439, 42.35874439,
       42.37748884, 42.46523328, 42.31394439, 42.44874995, 42.42511106,
       42.50668328, 42.32954995, 42.41838328, 42.31857217, 42.27509995,
       42.24569439, 42.21178884, 42.04891661, 42.43258884, 42.23206661,
       42.24859439, 42.43654995, 42.21244995, 42.30408884, 42.29475551,
       42.18804995, 42.05471106, 42.17981661, 42.19587217, 42.24006106,
       42.19018884, 42.07119439, 42.03967773, 41.89856106, 42.15202217,
       42.17973328, 42.10367217, 41.97719995, 42.0508555 , 42.05989995,
       41.90091661, 42.04217772, 41.93947773, 41.83073328, 42.02031661,
       41.87031661, 41.88392217, 41.90739995, 41.86719995, 41.79661661,
       41.7906055 , 41.89558884, 41.86218328, 41.94673328, 41.85338884,
       41.88116661, 41.82191106, 41.78637217, 41.70786661, 41.8899055 ,
       41.85954439, 41.79834995, 41.86512772, 41.81086106, 41.60682217,
       41.45302772, 41.67117217, 41.77786106, 41.87708328, 41.62678884,
       41.71811662, 41.60286106, 41.71703328, 41.41582773, 41.40101106])}
Done at Fri Jan 21 19:57:07 JST 2022
