Running on host c3
Starting at Wed Jan 26 14:59:00 JST 2022
Running on hosts: c3
Running on 1 nodes.
Running 1 tasks.
Current working directory is /home/rio-hada/workspace/SurrogateModels
> sbatch spy srcc.py -T 1500 --trials 100 --k_size_max 600 --eval_freq 10
Namespace(B=2, D=100, P=16, T=1500, eval_archs=100, eval_freq=10, gpu=False, id=8401, k_size_max=600, mean0=False, name=None, recalc=1, seed=None, select_mode='random', trials=100)
save to 'result/image/srcc_t100_T1500_dmax600_mean_8401.png'
Done (1) 1393.4081785678864
Done (2) 1166.8249118328094
Done (3) 1048.9459466934204
Done (4) 988.253148317337
Done (5) 952.9588003158569
Done (6) 912.5178172588348
Done (7) 871.3072803020477
Done (8) 852.3134725093842
Done (9) 844.3171038627625
Done (10) 846.5129668712616
Done (11) 832.3214237689972
Done (12) 829.4053957462311
Done (13) 827.960244178772
Done (14) 818.6409301757812
Done (15) 826.855302810669
Done (16) 816.4098253250122
Done (17) 812.65500831604
Done (18) 811.8896460533142
Done (19) 805.672328710556
Done (20) 800.687159538269
Done (21) 811.0764946937561
Done (22) 806.4858140945435
Done (23) 797.6637847423553
Done (24) 799.1218898296356
Done (25) 800.1576011180878
Done (26) 796.0904974937439
Done (27) 802.9667689800262
Done (28) 793.7142934799194
Done (29) 801.7037081718445
Done (30) 793.9433414936066
Done (31) 791.5942933559418
Done (32) 791.2902932167053
Done (33) 791.7269749641418
Done (34) 789.9966187477112
Done (35) 789.7474417686462
Done (36) 787.6210119724274
Done (37) 790.6235506534576
Done (38) 791.7288732528687
Done (39) 789.3998572826385
Done (40) 796.3018417358398
Done (41) 791.0886781215668
Done (42) 787.5329110622406
Done (43) 787.2443301677704
Done (44) 790.194420337677
Done (45) 787.5553877353668
Done (46) 789.2445251941681
Done (47) 787.9200069904327
Done (48) 787.4431812763214
Done (49) 787.1985774040222
Done (50) 786.1457762718201
Done (51) 784.9961504936218
Done (52) 785.6189205646515
Done (53) 786.5560510158539
Done (54) 787.0097622871399
Done (55) 788.2438967227936
Done (56) 794.4668772220612
Done (57) 785.6924510002136
Done (58) 783.7503361701965
Done (59) 785.3352539539337
Done (60) 787.8637802600861
pinv: t = 3032
Done (61) 786.4399793148041
Done (62) 788.0930099487305
Done (63) 785.7442030906677
Done (64) 786.6752624511719
Done (65) 785.9727611541748
Done (66) 787.314112663269
Done (67) 785.7302849292755
Done (68) 786.7970485687256
Done (69) 785.9771590232849
Done (70) 788.8284769058228
Done (71) 786.644547700882
Done (72) 787.5153901576996
Done (73) 785.4370963573456
Done (74) 787.3102667331696
Done (75) 786.4993340969086
Done (76) 785.5537548065186
Done (77) 783.9654428958893
Done (78) 785.049890756607
Done (79) 796.375629901886
Done (80) 787.7737693786621
Done (81) 784.1511383056641
Done (82) 785.6824979782104
Done (83) 784.9104533195496
Done (84) 784.038322687149
Done (85) 784.3665187358856
Done (86) 783.6969845294952
Done (87) 784.2573096752167
Done (88) 784.7658486366272
Done (89) 783.2157914638519
Done (90) 783.6800971031189
Done (91) 784.0944392681122
Done (92) 785.7831673622131
Done (93) 784.2190902233124
Done (94) 785.5210180282593
Done (95) 784.1259322166443
Done (96) 783.8781826496124
Done (97) 783.3700368404388
Done (98) 783.3815507888794
Done (99) 784.8212733268738
Done (100) 787.2394666671753
{'srcc': array([0.74060366, 0.74664926, 0.74811905, 0.75294761, 0.76223114,
       0.75841332, 0.76479028, 0.76156544, 0.76805161, 0.76734029,
       0.77652373, 0.7692156 , 0.77432523, 0.77079448, 0.77031095,
       0.77666235, 0.77495002, 0.77108059, 0.75894533, 0.77938506,
       0.78325617, 0.77825155, 0.75710051, 0.77696226, 0.76628299,
       0.76677852, 0.76957768, 0.7701643 , 0.76889829, 0.77811521,
       0.775176  , 0.77443036, 0.77711167, 0.77780318, 0.77528965,
       0.782391  , 0.78294617, 0.78377282, 0.77952211, 0.78073507,
       0.77254461, 0.78454341, 0.78447825, 0.77797288, 0.78626163,
       0.78775146, 0.78336358, 0.79463162, 0.78332013, 0.79697294,
       0.79862958, 0.79109979, 0.79918896, 0.79649937, 0.79594071,
       0.78805293, 0.79398104, 0.79609709, 0.80271287, 0.79745527,
       0.80644956, 0.79466655, 0.80512007, 0.80106619, 0.79873567,
       0.80257546, 0.80392547, 0.80459094, 0.80188455, 0.80654821,
       0.80742958, 0.80174773, 0.7998225 , 0.81328245, 0.80473795,
       0.80312907, 0.81321368, 0.8105769 , 0.80790555, 0.80700654,
       0.80505875, 0.80291821, 0.81696034, 0.8059868 , 0.81264554,
       0.80844068, 0.80478644, 0.80874887, 0.80557744, 0.81490333,
       0.80735374, 0.80391395, 0.81012817, 0.81135362, 0.81490009,
       0.80134449, 0.81168413, 0.81691905, 0.8214189 , 0.81222538,
       0.81863774, 0.81683804, 0.81417726, 0.80959124, 0.81028299,
       0.81104878, 0.80989331, 0.80669715, 0.81040612, 0.81880204,
       0.81291497, 0.80710735, 0.80358944, 0.80827279, 0.80928437,
       0.81452373, 0.81499538, 0.8091562 , 0.80644572, 0.8101931 ,
       0.80876772, 0.81594755, 0.8149673 , 0.8241973 , 0.81083192,
       0.81423522, 0.80635104, 0.81330453, 0.81187159, 0.81112139,
       0.8124348 , 0.81177942, 0.80627075, 0.80894809, 0.81471395,
       0.81074659, 0.81154263, 0.81138002, 0.81032595, 0.80739466,
       0.81644092, 0.8122411 , 0.81093585, 0.81108491, 0.80487045,
       0.80247501, 0.81521824, 0.81420402, 0.80535134, 0.81424554]), 'acc': array([42.05558884, 42.2271555 , 42.12969995, 42.34123328, 42.41518884,
       42.35337217, 42.5060555 , 42.53021106, 42.5201055 , 42.57068883,
       42.69793328, 42.71081106, 42.71008884, 42.58673328, 42.76846106,
       42.80793328, 42.82652217, 42.70512217, 42.63167217, 42.71414995,
       42.83100551, 42.62377217, 42.51167217, 42.57143328, 42.50687217,
       42.68514439, 42.76353884, 42.65139995, 42.58953884, 42.80316662,
       42.57913884, 42.64491661, 42.79808328, 42.89446106, 42.48219994,
       42.6400055 , 42.60242217, 42.73547217, 42.61137217, 42.51704995,
       42.43437773, 42.72601662, 42.57139995, 42.75481106, 42.66941106,
       42.65638328, 42.44063328, 42.51028884, 42.52806106, 42.77787773,
       42.61558328, 42.66006661, 42.53034439, 42.53139995, 42.63479439,
       42.56147217, 42.64215551, 42.57332773, 42.50694995, 42.54155551,
       42.54461661, 42.51431661, 42.62903328, 42.50593328, 42.44731661,
       42.46974439, 42.58376661, 42.50403328, 42.46537773, 42.55938328,
       42.67478884, 42.60596106, 42.34121106, 42.52244995, 42.39341106,
       42.48175551, 42.49932217, 42.40296106, 42.37377773, 42.4068055 ,
       42.43861106, 42.47407217, 42.53006106, 42.48223328, 42.56301106,
       42.37317773, 42.45664439, 42.47828884, 42.36396661, 42.40311661,
       42.56176106, 42.24781106, 42.3367555 , 42.43141106, 42.48019995,
       42.31168884, 42.43718884, 42.39564995, 42.43662773, 42.43909439,
       42.23609439, 42.19413328, 42.47822773, 42.24286661, 42.38668328,
       42.33159995, 42.21278884, 42.47441661, 42.18516106, 42.30414439,
       42.27392217, 42.1530555 , 42.33483328, 42.35324439, 42.1803055 ,
       42.16416106, 42.1068055 , 42.14177773, 42.09349995, 42.20183884,
       42.1289055 , 42.24832773, 42.1344055 , 42.13404439, 42.15752772,
       42.11158328, 42.06273328, 42.0510055 , 42.13971661, 42.08112773,
       42.02733328, 42.09314995, 42.07146106, 42.02061661, 42.0231055 ,
       42.12639995, 41.88152217, 42.1480555 , 41.97462772, 41.99766106,
       41.96534995, 42.01589995, 41.99041106, 41.96676662, 41.92036662,
       41.86808328, 41.99756661, 41.98774995, 41.92709995, 41.96242773])}
Done at Thu Jan 27 13:31:45 JST 2022
