Running on host c5
Starting at Thu Jan 20 21:39:54 JST 2022
Running on hosts: c5
Running on 1 nodes.
Running 1 tasks.
Current working directory is /home/rio-hada/workspace/SurrogateModels
> sbatch spy srcc.py -T 1500 --trials 100 --k_size_max 400 --eval_freq 10
Namespace(B=2, D=100, P=16, T=1500, eval_archs=100, eval_freq=10, gpu=False, id=8295, k_size_max=400, mean0=False, name=None, recalc=1, seed=None, select_mode='random', trials=100)
save to 'result/image/srcc_t100_T1500_dmax400_mean_8295.png'
Done (1) 1400.7754817008972
Done (2) 1147.8172843456268
Done (3) 1012.623108625412
Done (4) 949.2918348312378
Done (5) 910.2971131801605
Done (6) 882.8487050533295
Done (7) 873.9891662597656
Done (8) 844.7574019432068
Done (9) 817.9899520874023
Done (10) 815.5721940994263
Done (11) 809.6417429447174
Done (12) 798.9066755771637
Done (13) 799.0888986587524
Done (14) 803.4501686096191
Done (15) 798.0687835216522
Done (16) 793.9713394641876
Done (17) 791.0311739444733
Done (18) 786.1846449375153
Done (19) 782.1806683540344
Done (20) 787.1249899864197
Done (21) 782.4012401103973
Done (22) 778.5130867958069
Done (23) 775.1025667190552
Done (24) 778.5640466213226
Done (25) 775.7961232662201
Done (26) 776.6118712425232
Done (27) 780.9469888210297
Done (28) 774.8034243583679
Done (29) 772.5160930156708
Done (30) 771.3965601921082
Done (31) 772.7228531837463
Done (32) 771.7260749340057
Done (33) 770.3870890140533
Done (34) 771.5421073436737
Done (35) 771.7372961044312
Done (36) 770.9068632125854
Done (37) 774.0066375732422
Done (38) 769.5282893180847
Done (39) 770.2367095947266
Done (40) 770.8690986633301
Done (41) 769.1767065525055
Done (42) 766.3290300369263
Done (43) 764.6024179458618
Done (44) 765.9421181678772
Done (45) 766.5377831459045
Done (46) 765.1918005943298
Done (47) 766.5778579711914
Done (48) 765.8373670578003
Done (49) 774.3149647712708
Done (50) 764.213228225708
Done (51) 765.3390941619873
Done (52) 765.9848313331604
Done (53) 764.9128875732422
Done (54) 765.3976755142212
Done (55) 764.0770673751831
pinv: t = 672
Done (56) 763.1715161800385
Done (57) 764.0156626701355
Done (58) 763.0391137599945
Done (59) 762.8293471336365
Done (60) 762.8855664730072
Done (61) 765.0496573448181
Done (62) 764.0927782058716
Done (63) 765.5244495868683
Done (64) 760.1749198436737
Done (65) 760.7373809814453
Done (66) 771.6246564388275
Done (67) 763.3364152908325
Done (68) 759.596274137497
Done (69) 759.9359123706818
Done (70) 760.8230254650116
Done (71) 762.7896254062653
Done (72) 761.0413630008698
Done (73) 762.0000996589661
Done (74) 761.2804145812988
Done (75) 762.7732875347137
Done (76) 761.0434007644653
Done (77) 758.2431273460388
Done (78) 761.322963476181
Done (79) 759.318336725235
Done (80) 760.6979093551636
Done (81) 758.9555382728577
Done (82) 758.6485576629639
Done (83) 760.6862299442291
Done (84) 759.931049823761
Done (85) 759.617506980896
Done (86) 759.7027807235718
Done (87) 770.081887960434
Done (88) 760.3053457736969
Done (89) 757.8419725894928
Done (90) 760.2846255302429
Done (91) 759.3802275657654
pinv: t = 1778
Done (92) 759.4335725307465
Done (93) 758.9091627597809
Done (94) 759.691620349884
Done (95) 760.3733193874359
Done (96) 758.1821715831757
Done (97) 759.2524356842041
Done (98) 758.7846894264221
Done (99) 760.2582476139069
Done (100) 758.2303349971771
{'srcc': array([0.74525341, 0.73938866, 0.75591515, 0.75447681, 0.75988947,
       0.76798056, 0.76272547, 0.76024542, 0.76740366, 0.77206721,
       0.77161512, 0.76949235, 0.77281824, 0.76615458, 0.78432307,
       0.77409589, 0.77567549, 0.77779154, 0.77481536, 0.77616886,
       0.77740078, 0.77805521, 0.78708647, 0.77916856, 0.7882363 ,
       0.77886205, 0.77666367, 0.78021974, 0.77946967, 0.78485617,
       0.7785571 , 0.79131605, 0.77841464, 0.78109451, 0.7867874 ,
       0.77714767, 0.79021842, 0.78014797, 0.7849523 , 0.77918944,
       0.7765811 , 0.7857901 , 0.78149283, 0.79330909, 0.78279892,
       0.79009817, 0.7941853 , 0.7890093 , 0.79244644, 0.7929775 ,
       0.79088893, 0.79382214, 0.79383606, 0.78931329, 0.79128497,
       0.78728833, 0.78824998, 0.78897546, 0.79725905, 0.78448209,
       0.79250477, 0.79335278, 0.79596628, 0.78276364, 0.78635152,
       0.7925571 , 0.79183498, 0.79422586, 0.78268491, 0.78553867,
       0.78971437, 0.78829919, 0.79487573, 0.79703822, 0.7950189 ,
       0.80209925, 0.79626571, 0.78811881, 0.79254953, 0.8061919 ,
       0.794409  , 0.7849853 , 0.79287717, 0.78903894, 0.79248653,
       0.79661038, 0.78797996, 0.79076316, 0.79870315, 0.78826079,
       0.79218998, 0.7985709 , 0.79120384, 0.78731569, 0.78908551,
       0.79531917, 0.79027795, 0.79383318, 0.78334005, 0.78781134,
       0.79087021, 0.80516268, 0.78528905, 0.79794467, 0.79542922,
       0.79525713, 0.79083936, 0.78472343, 0.79383462, 0.7852198 ,
       0.78543438, 0.79790651, 0.79034983, 0.79971593, 0.79732709,
       0.78791479, 0.78952355, 0.78885389, 0.78756808, 0.78173921,
       0.78715788, 0.78099046, 0.78697858, 0.77967549, 0.78594563,
       0.78916796, 0.78593687, 0.78711419, 0.77837204, 0.77626091,
       0.78254365, 0.78693585, 0.78544098, 0.79315236, 0.77988311,
       0.7801697 , 0.78846361, 0.78559556, 0.7863826 , 0.78186415,
       0.78420354, 0.78615182, 0.7899796 , 0.78599628, 0.78986679,
       0.78129349, 0.77822322, 0.78574917, 0.78771737, 0.77641608]), 'acc': array([41.96638328, 42.20469995, 42.1991555 , 42.31486662, 42.5719555 ,
       42.6428055 , 42.65588884, 42.61087217, 42.7789555 , 42.69562773,
       42.82171662, 42.71654995, 42.59591106, 42.75771662, 42.77838884,
       42.66437217, 42.73041106, 42.64812217, 42.64132217, 42.74636662,
       42.75604439, 42.69713884, 42.86722772, 42.57564439, 42.83099439,
       42.75203884, 42.77446662, 42.76456661, 42.80006661, 42.80603884,
       42.83727217, 42.78073328, 42.73706106, 42.83412773, 42.77308883,
       42.52564995, 42.74994439, 42.72363884, 42.62067217, 42.54339439,
       42.60448328, 42.75436661, 42.71152773, 42.66168884, 42.62843328,
       42.6846555 , 42.62813328, 42.72563328, 42.70029439, 42.71836106,
       42.65896661, 42.59648328, 42.65948328, 42.55347217, 42.57487217,
       42.42219439, 42.59963884, 42.57074995, 42.60101106, 42.57602773,
       42.62231106, 42.63956661, 42.56187773, 42.58451661, 42.54608328,
       42.36994439, 42.39792217, 42.55539439, 42.27362772, 42.32023883,
       42.43356662, 42.40312217, 42.62894439, 42.45167773, 42.4285055 ,
       42.52622217, 42.46527773, 42.36654439, 42.33654439, 42.53178328,
       42.36421662, 42.23454439, 42.26709995, 42.24082773, 42.13802773,
       42.1003555 , 42.23453328, 42.19252217, 42.26659439, 42.26311106,
       42.29426106, 42.24374995, 42.26243328, 42.15268884, 42.09668328,
       42.13320551, 42.19478884, 42.24497217, 42.09399439, 42.01750551,
       42.04922773, 42.06027217, 42.09959439, 42.13297217, 41.98246106,
       42.04562217, 41.98717773, 41.87139995, 42.0172055 , 41.88956106,
       41.9931055 , 42.03492217, 41.94964995, 41.95183328, 41.90451661,
       41.85393328, 41.90982217, 41.78731106, 41.89194439, 41.7112055 ,
       41.85686106, 41.81287773, 41.75868884, 41.7924555 , 41.5276555 ,
       41.82641106, 41.83293884, 41.7433055 , 41.71528884, 41.63933884,
       41.77892773, 41.57616106, 41.60687217, 41.78206106, 41.71367773,
       41.62523328, 41.69294439, 41.37159439, 41.57481106, 41.44619995,
       41.66801662, 41.55882773, 41.56022217, 41.52977217, 41.61454439,
       41.64589995, 41.49408328, 41.53514439, 41.38424439, 41.50948328])}
Done at Fri Jan 21 19:34:01 JST 2022
