Running on host c6
Starting at Fri Feb 11 13:16:01 JST 2022
Running on hosts: c6
Running on 1 nodes.
Running 1 tasks.
Current working directory is /home/rio-hada/workspace/SurrogateModels
> sbatch spy srcc.py -T 1500 --trials 20 --k_size_max 800 --name median_effect_part5
Namespace(B=2, D=100, P=16, T=1500, eval_archs=100, eval_freq=50, gpu=False, id=8498, k_size_max=800, mean0=False, name='median_effect_part5', recalc=1, seed=None, select_mode='random', trials=20)
save to 'result/image/srcc_t20_T1500_dmax800_mean_median_effect_part5_8498.png'
1000 1147409966080.992
1500 5.177148396110721
2000 15.413884553299853
2500 7.238545707199831
3000 5.696309630063495
1000 44.55758411943733
1500 35.42319459909532
2000 14.163873584279747
2500 10.49011253978878
3000 7.712559056658339
1000 28.618831865189414
1500 3.7600485445911946
2000 14.346513195414312
2500 16.81387441913169
3000 132.25107623490527
1000 2.3042844414491124
1500 7.314310300303171
2000 31.72356775742299
2500 21.44322618139274
3000 26.313077178858734
1000 7.361112736147264
1500 22.421648885055493
2000 12.089425103106537
2500 9.602449808389085
3000 53.75969805673011
1000 6.810259076820941
1500 6.076692736458936
2000 8.792211010043697
2500 15.432717925025253
3000 11.343264408967428
1000 11.477421506526719
1500 6.2239624210831455
2000 12.137348127796841
2500 11.208021781466785
3000 9.686186358661226
1000 3.342360313375555
1500 2199.009702638988
2000 15.024827214184837
2500 1520555231403.7441
3000 14.629412431146864
1000 9.625004743194914
1500 15.624825572824648
2000 15.594034445015135
2500 8.741246174847468
3000 5.854736541711766
1000 16.87156567690878
1500 5.966506198943339
2000 70.27474274051085
2500 8.394558343603647
3000 9.022491891589015
1000 1.2341602784934416
1500 11.308598954134162
2000 7.3160085925029446
2500 16.223213287561805
3000 20.581829709218493
1000 1.0099431823349467
1500 23.413470729747328
2000 6.562692177386826
2500 8.485973843633277
3000 11.036033817887802
1000 5.894574262394103
1500 7.02323912386435
2000 5.024575017408468
2500 9.813557579135228
3000 17.084287410291203
1000 1.501877481662739
1500 6.549587755471839
2000 14.185068533640994
2500 106.4019022682169
3000 23.736214255571372
1000 20.9394937621682
1500 9.377539919663839
2000 6.212743223413225
2500 13.193485159819947
3000 11.917347664154821
1000 2.4898904098474732
1500 11.82119015100908
2000 89.85340472524668
2500 10.860670531217558
3000 6.912275439888218
1000 4.377960467510078
1500 97.19941400974066
2000 5.9656556749371985
2500 9.824660996355345
3000 30.110128375651556
1000 6.820813667617925
1500 11.701548789530005
2000 18.142040111963574
2500 87.7660029995567
3000 10.155422411725032
1000 11.580480033873968
1500 7.883552973742823
2000 12.404134196217626
2500 10.917961408045667
3000 10.38567756875502
1000 5.29221302415424
1500 44.66190522898439
2000 10.970951328370868
2500 5.919904282116516
3000 3095640628267.0093
{'srcc': array([0.75372817, 0.76977138, 0.77166697, 0.79382778, 0.77867387,
       0.76139754, 0.74732373, 0.76221002, 0.75658866, 0.7479952 ,
       0.77378518, 0.77258686, 0.76476268, 0.7729517 , 0.78079868,
       0.7910003 , 0.80175998, 0.80726973, 0.8180042 , 0.82533213,
       0.81225863, 0.81508191, 0.80894809, 0.8090465 , 0.83237744,
       0.81608761, 0.8370369 , 0.81244164, 0.84354035, 0.84655326]), 'acc': array([42.57719439, 42.81499994, 42.67549994, 42.68994439, 42.92538884,
       42.9925555 , 42.26683328, 42.48849995, 42.58447216, 42.08702773,
       42.0365555 , 42.12308328, 42.02702773, 42.33877773, 41.9868055 ,
       42.2785555 , 42.3763055 , 42.22049995, 42.35758328, 42.37202773,
       42.1108055 , 42.20824995, 42.06094439, 42.03119439, 42.06383328,
       42.26749995, 42.21027772, 42.04272216, 42.47961106, 41.9653055 ])}
Done at Fri Feb 11 16:56:15 JST 2022
