Running on host c2
Starting at Sat Jan 29 01:31:52 JST 2022
Running on hosts: c2
Running on 1 nodes.
Running 1 tasks.
Current working directory is /home/rio-hada/workspace/SurrogateModels
> sbatch spy srcc.py -T 1500 --trials 100 --k_size_max 400 --eval_freq 10 --select_mode similarity
Namespace(B=2, D=100, P=16, T=1500, eval_archs=100, eval_freq=10, gpu=False, id=8422, k_size_max=400, mean0=False, name=None, recalc=1, seed=None, select_mode='similarity', trials=100)
save to 'result/image/srcc_t100_T1500_dmax400_sim_mean_8422.png'
Done (1) 493.09391617774963
Done (2) 473.64956998825073
Done (3) 456.5038366317749
Done (4) 434.5168843269348
Done (5) 425.8737258911133
Done (6) 418.6670207977295
Done (7) 409.1312930583954
Done (8) 398.7165563106537
Done (9) 394.13859367370605
Done (10) 387.2669458389282
Done (11) 384.9859609603882
Done (12) 383.9398834705353
Done (13) 379.88568019866943
Done (14) 378.1348624229431
Done (15) 377.3586492538452
Done (16) 371.68689918518066
Done (17) 370.30382800102234
Done (18) 370.00612902641296
Done (19) 371.06491351127625
Done (20) 376.0299587249756
Done (21) 368.1207695007324
Done (22) 366.8022429943085
Done (23) 365.4101138114929
Done (24) 365.3614683151245
Done (25) 361.8128867149353
Done (26) 359.5961136817932
Done (27) 363.525573015213
Done (28) 365.0581729412079
Done (29) 361.25596141815186
Done (30) 346.4111440181732
Done (31) 345.9138889312744
Done (32) 345.0560326576233
Done (33) 345.27335929870605
Done (34) 342.9422826766968
Done (35) 344.9019150733948
Done (36) 345.235235452652
Done (37) 341.84559512138367
Done (38) 347.1618411540985
Done (39) 342.6013894081116
Done (40) 342.61578035354614
Done (41) 340.9735150337219
Done (42) 342.20096611976624
Done (43) 340.0502483844757
Done (44) 339.4410021305084
Done (45) 340.60823369026184
Done (46) 339.95088839530945
Done (47) 337.8462767601013
Done (48) 338.96722745895386
Done (49) 338.7621319293976
Done (50) 338.0278751850128
Done (51) 336.93098759651184
Done (52) 342.73698353767395
Done (53) 333.76131534576416
Done (54) 337.19655680656433
Done (55) 336.48721718788147
Done (56) 336.25486183166504
Done (57) 336.09936594963074
Done (58) 335.2374098300934
Done (59) 337.3234848976135
Done (60) 336.87000727653503
Done (61) 334.4184226989746
Done (62) 335.6040654182434
Done (63) 335.3228266239166
Done (64) 336.8627438545227
Done (65) 335.5048520565033
Done (66) 335.3026707172394
Done (67) 335.9836986064911
Done (68) 336.0624053478241
Done (69) 335.94125270843506
Done (70) 335.5889992713928
Done (71) 335.622522354126
Done (72) 342.024781703949
Done (73) 335.52742290496826
Done (74) 334.6777603626251
Done (75) 338.9193825721741
Done (76) 333.4045147895813
Done (77) 334.0279836654663
Done (78) 334.2422652244568
Done (79) 334.48017954826355
Done (80) 333.64254450798035
Done (81) 333.971111536026
Done (82) 333.3519239425659
Done (83) 334.18408036231995
Done (84) 332.7874994277954
Done (85) 335.2386221885681
Done (86) 332.19694113731384
Done (87) 335.71743154525757
Done (88) 333.46920371055603
Done (89) 333.3652024269104
Done (90) 332.8601117134094
Done (91) 333.34390020370483
Done (92) 331.634135723114
Done (93) 332.1934621334076
Done (94) 332.050119638443
Done (95) 332.990257024765
Done (96) 331.08177947998047
Done (97) 335.7243826389313
Done (98) 340.30374026298523
Done (99) 333.09890699386597
Done (100) 333.21875619888306
{'srcc': array([0.75798332, 0.75579466, 0.75164728, 0.75418902, 0.75758896,
       0.75959316, 0.76655122, 0.76296622, 0.76424626, 0.77601656,
       0.76533525, 0.76932925, 0.77142322, 0.76992955, 0.77355068,
       0.77705719, 0.78108479, 0.7857961 , 0.78064566, 0.78979046,
       0.78898446, 0.79077696, 0.78405185, 0.78833531, 0.7835682 ,
       0.78708155, 0.7942051 , 0.79155716, 0.78304434, 0.7987814 ,
       0.78973393, 0.78596172, 0.79611425, 0.79652529, 0.78866703,
       0.78871659, 0.78637984, 0.78288953, 0.7877721 , 0.78346115,
       0.78023102, 0.79087669, 0.78603588, 0.79582922, 0.7785589 ,
       0.78180258, 0.78528353, 0.78193903, 0.78884356, 0.78576394,
       0.78303546, 0.79241872, 0.77770525, 0.78561176, 0.79511095,
       0.78596508, 0.78157516, 0.7787514 , 0.77680228, 0.78004356,
       0.78179454, 0.78570657, 0.78034059, 0.78445065, 0.78095974,
       0.78201536, 0.77902802, 0.78256178, 0.78340654, 0.78256478,
       0.78891065, 0.77955584, 0.77301386, 0.77710051, 0.78571689,
       0.77709451, 0.79031155, 0.77551047, 0.78571749, 0.78580858,
       0.7800102 , 0.77833891, 0.77598116, 0.78748635, 0.77173825,
       0.77478452, 0.77673531, 0.77836808, 0.78338266, 0.76989139,
       0.77200396, 0.77496538, 0.77226271, 0.76153159, 0.78754767,
       0.77084584, 0.77854689, 0.76927165, 0.77672487, 0.77571077,
       0.77222826, 0.77880276, 0.77957156, 0.75840612, 0.7783796 ,
       0.77444776, 0.77573657, 0.76914887, 0.76757312, 0.77174545,
       0.76783126, 0.76415386, 0.76823666, 0.77311563, 0.77012205,
       0.7707652 , 0.77411773, 0.77019742, 0.77252685, 0.76979586,
       0.7547652 , 0.76539286, 0.76933393, 0.77413489, 0.77430687,
       0.7731892 , 0.77233399, 0.76789415, 0.77041884, 0.76963864,
       0.7736222 , 0.7732036 , 0.76055458, 0.78011125, 0.77223558,
       0.76751635, 0.76874695, 0.76420642, 0.76255422, 0.76986907,
       0.76384302, 0.76056754, 0.75773825, 0.75681092, 0.75766457,
       0.75767189, 0.76311539, 0.75973465, 0.75029151, 0.74867375]), 'acc': array([42.00455551, 42.12663328, 42.31641661, 42.40538884, 42.54039995,
       42.39046662, 42.3566555 , 42.51782773, 42.50924995, 42.77606106,
       42.46877773, 42.67799995, 42.7979555 , 42.7051555 , 42.6741055 ,
       42.76862217, 42.75584995, 42.78373328, 42.67156106, 42.78382773,
       42.61766661, 42.74562217, 42.59297772, 42.61672217, 42.69746662,
       42.72828328, 42.71994439, 42.66071661, 42.47648328, 42.71188328,
       42.73516106, 42.6966055 , 42.47943328, 42.6709055 , 42.61164995,
       42.66593328, 42.5395555 , 42.6604555 , 42.55346662, 42.39445551,
       42.5398555 , 42.44167217, 42.61502772, 42.61869995, 42.41886662,
       42.44831661, 42.3728055 , 42.41279439, 42.53784439, 42.25946106,
       42.26481106, 42.43284439, 42.38422217, 42.51882773, 42.45999995,
       42.37203328, 42.27934439, 42.25612773, 42.25626106, 42.18263884,
       42.34436106, 42.35159439, 42.40364439, 42.24751106, 42.20592772,
       42.33378884, 42.26647773, 42.34261662, 42.2661055 , 42.25786662,
       42.11433328, 42.12589995, 42.11327217, 42.19920551, 42.03137772,
       42.07951662, 42.08028328, 42.08673328, 42.15277217, 42.07838884,
       41.95028328, 42.04916662, 41.94379439, 42.11701661, 41.97702773,
       41.88566661, 41.97248328, 41.97843328, 42.13815551, 41.93980551,
       41.8339055 , 42.07117773, 42.00567772, 41.96689439, 42.01628328,
       42.08384439, 41.84423884, 41.87665551, 41.88747773, 41.96598884,
       41.82142217, 41.85573328, 41.92318883, 41.71016106, 41.90253328,
       41.92417773, 41.7017444 , 41.87383328, 41.86433328, 41.73604439,
       41.73558884, 41.56613328, 41.64314995, 41.67422217, 41.69057217,
       41.82582773, 41.52937217, 41.75457773, 41.76072773, 41.65329439,
       41.57643884, 41.63481661, 41.59290551, 41.32457772, 41.64607773,
       41.60862217, 41.58352217, 41.4767555 , 41.68474995, 41.51742217,
       41.49199439, 41.52877773, 41.47607772, 41.70157773, 41.49734439,
       41.41384995, 41.39203884, 41.5416055 , 41.20647217, 41.41297773,
       41.35297773, 41.28238328, 41.24129995, 41.33053884, 41.29423328,
       41.28796106, 41.30249439, 41.20603328, 41.36346661, 41.15042773])}
Done at Sat Jan 29 11:19:59 JST 2022
