Running on host c2
Starting at Sat Jan 22 17:36:02 JST 2022
Running on hosts: c2
Running on 1 nodes.
Running 1 tasks.
Current working directory is /home/rio-hada/workspace/SurrogateModels
> sbatch spy srcc.py -T 1500 --trials 100 --k_size_max 900 --eval_freq 10 --select_mode similarity
Namespace(B=2, D=100, P=16, T=1500, eval_archs=100, eval_freq=10, gpu=False, id=8318, k_size_max=900, mean0=False, name=None, recalc=1, seed=None, select_mode='similarity', trials=100)
save to 'result/image/srcc_t100_T1500_dmax900_sim_mean_8318.png'
Done (1) 1491.8292214870453
Done (2) 1448.52388048172
Done (3) 1419.52454662323
Done (4) 1396.5991837978363
Done (5) 1373.8676753044128
Done (6) 1338.4888112545013
Done (7) 1348.420461177826
Done (8) 1320.2700757980347
Done (9) 1308.3696575164795
Done (10) 1299.3097825050354
Done (11) 1265.5351173877716
Done (12) 1279.2747640609741
Done (13) 1253.077095746994
Done (14) 1252.5742638111115
Done (15) 1250.8861260414124
Done (16) 1271.1319241523743
Done (17) 1260.0451018810272
Done (18) 1243.537929534912
Done (19) 1261.2429254055023
Done (20) 1259.4582705497742
Done (21) 1245.2557351589203
Done (22) 1262.1262714862823
Done (23) 1258.9055452346802
Done (24) 1241.5955529212952
Done (25) 1251.7857806682587
Done (26) 1246.929455280304
Done (27) 1255.47261428833
Done (28) 1244.850349187851
Done (29) 1257.1532740592957
Done (30) 1252.78484582901
Done (31) 1247.5261671543121
Done (32) 1262.3814585208893
Done (33) 1255.5895047187805
Done (34) 1250.7434327602386
Done (35) 1254.457978963852
Done (36) 1252.699468612671
Done (37) 1252.5728352069855
Done (38) 1246.2229709625244
Done (39) 1254.7883868217468
Done (40) 1251.0083134174347
Done (41) 1254.8234028816223
Done (42) 1257.214401960373
Done (43) 1244.091351032257
Done (44) 1252.5215556621552
Done (45) 1252.182149887085
Done (46) 1254.4989545345306
Done (47) 1257.1153874397278
Done (48) 1249.359284877777
Done (49) 1247.9699249267578
Done (50) 1251.842962026596
Done (51) 1254.980120897293
Done (52) 1246.2267906665802
Done (53) 1245.500116109848
Done (54) 1255.91921043396
Done (55) 1254.1306338310242
Done (56) 1247.7407324314117
Done (57) 1253.3872003555298
Done (58) 1252.7785713672638
Done (59) 1253.909234046936
Done (60) 1254.4280149936676
Done (61) 1254.5586292743683
Done (62) 1247.5841708183289
Done (63) 1251.9612700939178
Done (64) 1256.2102785110474
Done (65) 1265.7186090946198
Done (66) 1255.440688610077
Done (67) 1258.7199938297272
Done (68) 1254.8737168312073
Done (69) 1243.930363893509
Done (70) 1254.064647436142
Done (71) 1254.5580916404724
Done (72) 1254.65061545372
Done (73) 1255.3129897117615
Done (74) 1258.3328576087952
Done (75) 1247.9914355278015
Done (76) 1255.7466099262238
Done (77) 1257.7227561473846
Done (78) 1245.7749185562134
Done (79) 1256.7576549053192
Done (80) 1256.1240966320038
Done (81) 1252.187442779541
Done (82) 1255.242892742157
Done (83) 1254.918380022049
Done (84) 1256.4810512065887
Done (85) 1251.217261314392
Done (86) 1256.2303495407104
Done (87) 1257.0134828090668
Done (88) 1257.876463651657
Done (89) 1254.3092803955078
Done (90) 1254.4492065906525
Done (91) 1256.14710354805
Done (92) 1251.86634683609
Done (93) 1249.0303332805634
Done (94) 1264.0424370765686
Done (95) 1248.0166263580322
Done (96) 1259.8659827709198
Done (97) 1259.9411189556122
Done (98) 1255.6991052627563
Done (99) 1246.7634212970734
Done (100) 1256.5757434368134
{'srcc': array([0.75565053, 0.75068539, 0.7623538 , 0.75124824, 0.75967393,
       0.75866211, 0.76401536, 0.76218494, 0.76982646, 0.76923768,
       0.77609109, 0.77167237, 0.77713363, 0.77158488, 0.77156652,
       0.77918572, 0.76854305, 0.77025455, 0.78124068, 0.77189583,
       0.7750129 , 0.76388947, 0.76744902, 0.77575698, 0.76765005,
       0.77226895, 0.78066043, 0.78216142, 0.77454545, 0.7781835 ,
       0.76251389, 0.76414641, 0.77059718, 0.74773453, 0.75842808,
       0.74831983, 0.74984818, 0.721242  , 0.74100306, 0.76612481,
       0.75411341, 0.71217762, 0.73339334, 0.75494437, 0.70766013,
       0.71300186, 0.74086589, 0.72691329, 0.7146381 , 0.72338686,
       0.6978429 , 0.6946015 , 0.68489325, 0.70655818, 0.70609145,
       0.70669715, 0.71464938, 0.693197  , 0.73645281, 0.69031647,
       0.71397504, 0.69451917, 0.69713363, 0.71598584, 0.68861806,
       0.70633003, 0.69335746, 0.68861818, 0.65493441, 0.67150711,
       0.67213945, 0.66553015, 0.67448725, 0.6963808 , 0.68263702,
       0.62913867, 0.67077684, 0.68062634, 0.6619616 , 0.63945083,
       0.67044428, 0.65680168, 0.67288173, 0.67690117, 0.62565929,
       0.68913327, 0.66726049, 0.63415002, 0.65258638, 0.66771365,
       0.64110363, 0.68789379, 0.6524078 , 0.66167381, 0.65583102,
       0.64170837, 0.64428503, 0.66395296, 0.62599112, 0.65898062,
       0.63672247, 0.67890657, 0.64516388, 0.65340462, 0.64751443,
       0.64335242, 0.62820882, 0.64854245, 0.6431736 , 0.61053453,
       0.64744482, 0.67990387, 0.66101134, 0.66116328, 0.60845389,
       0.64175602, 0.64371041, 0.62666343, 0.65733861, 0.66558548,
       0.6153829 , 0.61572841, 0.61153603, 0.60512283, 0.67202592,
       0.64439028, 0.59408869, 0.62869475, 0.60741398, 0.65562244,
       0.67114983, 0.64881656, 0.63649157, 0.57592607, 0.61712091,
       0.61271635, 0.5893997 , 0.6468114 , 0.66950279, 0.6237649 ,
       0.58078392, 0.58793783, 0.63012001, 0.64026511, 0.57059034,
       0.63535686, 0.62229907, 0.61402784, 0.60248005, 0.56464074]), 'acc': array([42.11543883, 42.17526106, 42.36023328, 42.43532217, 42.43179439,
       42.49684995, 42.59334995, 42.47298328, 42.66614439, 42.5184555 ,
       42.74074995, 42.66983884, 42.69537217, 42.64547217, 42.76928328,
       42.81233884, 42.72328328, 42.80779439, 42.8015555 , 42.82323884,
       42.74672217, 42.72366106, 42.7346555 , 42.74562773, 42.75639995,
       42.68528328, 42.76937217, 42.72888328, 42.50131662, 42.75678884,
       42.74051106, 42.53468328, 42.47389439, 42.37573328, 42.60538328,
       42.24896662, 42.32848884, 42.20278884, 42.11687773, 42.44126106,
       42.10887773, 42.0057555 , 42.0571055 , 42.22803884, 41.76661106,
       41.82421661, 41.9984555 , 41.89114995, 41.75273328, 41.73356106,
       41.55712773, 41.21707217, 41.31689995, 41.37467773, 41.40816106,
       41.70906662, 41.47659995, 41.24293884, 41.75603884, 41.25191661,
       41.51033884, 41.39066661, 41.32247217, 41.49132773, 41.2200555 ,
       41.46697217, 41.17272217, 41.24721662, 41.01833884, 41.02284995,
       41.00437773, 40.93194995, 41.08004995, 41.18502217, 41.10089995,
       40.33453884, 40.90361662, 40.97751661, 40.78797773, 40.44451662,
       40.92681662, 40.74541106, 40.73688328, 40.80318884, 39.99886106,
       41.15088884, 41.03332773, 40.31391662, 40.54714439, 40.71267217,
       40.59148328, 40.84611106, 40.42324439, 40.62222217, 40.7588444 ,
       40.26718884, 40.25226106, 40.59399439, 40.16213328, 40.37208328,
       40.32706106, 40.57019439, 40.29137217, 40.48516106, 40.29633328,
       40.23783328, 40.14168884, 40.52454439, 40.23776106, 40.04938884,
       40.43823884, 40.51878884, 40.31539439, 40.37769995, 39.89154995,
       40.13547217, 40.25966662, 40.10056106, 40.34612217, 40.41081662,
       39.85452773, 40.18306661, 40.00843328, 39.71918884, 40.44765551,
       39.99701106, 39.25583328, 40.03215551, 39.60045551, 39.94474995,
       40.48273884, 40.09363328, 39.67133328, 39.54211662, 39.86781662,
       39.54337773, 39.45955551, 40.06893884, 40.18836661, 39.72354439,
       39.39527773, 39.62519439, 39.72821106, 39.66974995, 39.15029439,
       39.89498884, 39.82727217, 39.74493328, 39.69094995, 39.32877773])}
Done at Mon Jan 24 04:46:23 JST 2022
