Running on host c3
Starting at Sun Jan 16 14:45:07 JST 2022
Running on hosts: c3
Running on 1 nodes.
Running 1 tasks.
Current working directory is /home/rio-hada/workspace/SurrogateModels
> sbatch spy srcc.py -T 1500 --trials 100 --k_size_max 600 --eval_freq 10
Namespace(B=2, D=100, P=16, T=1500, eval_archs=100, eval_freq=10, gpu=False, id=8113, k_size_max=600, mean0=False, name=None, recalc=1, seed=None, select_mode='random', trials=100)
save to 'result/image/srcc_t100_T1500_dmax600_mean_8113.png'
Done (1) 1392.3491837978363
Done (2) 1169.072120666504
Done (3) 1049.8306965827942
Done (4) 986.5059607028961
Done (5) 943.8551428318024
Done (6) 910.8572373390198
Done (7) 872.4152595996857
Done (8) 856.1590442657471
Done (9) 843.567400932312
Done (10) 835.2745358943939
Done (11) 842.4971067905426
Done (12) 837.3629052639008
Done (13) 822.6550180912018
Done (14) 821.4736099243164
Done (15) 816.674825668335
Done (16) 816.812126159668
Done (17) 811.2260203361511
Done (18) 807.1486780643463
Done (19) 807.9636857509613
Done (20) 801.685581445694
Done (21) 802.7945721149445
Done (22) 798.4584131240845
Done (23) 807.2193081378937
Done (24) 799.1183226108551
Done (25) 795.5620131492615
Done (26) 792.9668786525726
Done (27) 794.9778685569763
Done (28) 795.9945611953735
Done (29) 795.8963561058044
Done (30) 792.0343403816223
Done (31) 793.6584615707397
Done (32) 792.2585785388947
Done (33) 791.174320936203
Done (34) 797.8235380649567
Done (35) 791.1056866645813
Done (36) 790.0033583641052
Done (37) 790.672057390213
Done (38) 792.006961107254
Done (39) 785.7042512893677
Done (40) 785.800124168396
Done (41) 786.8925061225891
Done (42) 787.6862082481384
Done (43) 782.5959658622742
Done (44) 783.398850440979
Done (45) 783.6714899539948
Done (46) 785.1171262264252
Done (47) 785.2771005630493
Done (48) 783.7426650524139
Done (49) 795.0163638591766
Done (50) 786.2397618293762
Done (51) 781.6360599994659
Done (52) 780.87757563591
Done (53) 783.2207939624786
Done (54) 785.2019145488739
Done (55) 785.6008007526398
Done (56) 785.0822720527649
Done (57) 784.2786772251129
Done (58) 783.9637625217438
Done (59) 783.5454957485199
Done (60) 783.8458604812622
Done (61) 782.9212334156036
Done (62) 783.5693769454956
Done (63) 782.7032566070557
Done (64) 782.2880201339722
Done (65) 780.018566608429
Done (66) 783.2990324497223
Done (67) 783.7126295566559
Done (68) 783.1989841461182
Done (69) 784.1197247505188
Done (70) 783.8095977306366
Done (71) 783.5694906711578
Done (72) 791.9142944812775
Done (73) 781.3234357833862
Done (74) 782.1788256168365
Done (75) 782.4310512542725
Done (76) 785.9634118080139
Done (77) 782.713020324707
Done (78) 781.729567527771
Done (79) 782.6220588684082
Done (80) 781.9049181938171
Done (81) 780.5019030570984
Done (82) 781.9601962566376
Done (83) 780.8656539916992
Done (84) 780.6867899894714
Done (85) 781.466828584671
Done (86) 781.166098356247
Done (87) 780.0780076980591
Done (88) 778.2567160129547
Done (89) 778.5000057220459
Done (90) 778.0031614303589
Done (91) 777.2631046772003
Done (92) 779.8554368019104
Done (93) 779.6949148178101
Done (94) 777.0019319057465
Done (95) 778.0500779151917
Done (96) 779.7895760536194
Done (97) 777.4948282241821
Done (98) 778.8535933494568
Done (99) 777.6279203891754
Done (100) 779.5137298107147
[0.74254197 0.74462718 0.75654965 0.76422742 0.75193879 0.76013465
 0.76303834 0.76910027 0.77041428 0.76327225 0.77349655 0.75488785
 0.75884344 0.77842952 0.77502826 0.7749661  0.77985119 0.76508119
 0.76544374 0.77762556 0.77514527 0.77060594 0.77757156 0.74932349
 0.78375446 0.76617474 0.77517996 0.7653847  0.76536106 0.77710747
 0.77930981 0.76932577 0.77624722 0.7809973  0.77615674 0.77275056
 0.77814473 0.77795488 0.78416166 0.77722352 0.78507891 0.78630555
 0.78788311 0.78862958 0.79512523 0.7949739  0.79038668 0.79732169
 0.80443588 0.78859034 0.79579742 0.80091557 0.79640204 0.78473927
 0.79407045 0.79329913 0.7871838  0.79949151 0.80186175 0.80278056
 0.80433795 0.80036976 0.80647057 0.80637372 0.80583102 0.80087585
 0.80204068 0.80351059 0.80171521 0.81289361 0.80776538 0.81189331
 0.80421062 0.8042153  0.80770645 0.80198188 0.81275524 0.80269475
 0.80821878 0.80213105 0.8191994  0.81176322 0.81060822 0.81073651
 0.8095784  0.81426895 0.80654749 0.80915548 0.81174269 0.81586859
 0.81368509 0.81742622 0.81943534 0.81136346 0.81520564 0.81058422
 0.8157991  0.81836832 0.81642604 0.81209781 0.80636796 0.81176538
 0.80481404 0.81305755 0.81440192 0.81429511 0.81662502 0.80507735
 0.80826883 0.82253753 0.81665587 0.8038297  0.81637384 0.81514767
 0.81102418 0.81472763 0.81143594 0.8138387  0.81545515 0.81494749
 0.81642124 0.81446589 0.81180942 0.8124318  0.81374053 0.82158488
 0.81091281 0.80751347 0.8097877  0.81013081 0.80569373 0.81808653
 0.80781566 0.80854413 0.81817906 0.81372625 0.8096066  0.8094243
 0.8118189  0.8160156  0.8029685  0.81081752 0.80926709 0.80847177
 0.80775074 0.82132037 0.80675896 0.80764368 0.80702718 0.80756604]
Done at Mon Jan 17 13:13:18 JST 2022
