Running on host c4
Starting at Sat Jan 29 06:22:43 JST 2022
Running on hosts: c4
Running on 1 nodes.
Running 1 tasks.
Current working directory is /home/rio-hada/workspace/SurrogateModels
> sbatch spy srcc.py -T 1500 --trials 100 --k_size_max 300 --eval_freq 10 --select_mode similarity
Namespace(B=2, D=100, P=16, T=1500, eval_archs=100, eval_freq=10, gpu=False, id=8423, k_size_max=300, mean0=False, name=None, recalc=1, seed=None, select_mode='similarity', trials=100)
save to 'result/image/srcc_t100_T1500_dmax300_sim_mean_8423.png'
Done (1) 331.8239326477051
Done (2) 321.61676931381226
Done (3) 306.91310358047485
Done (4) 296.6935091018677
Done (5) 280.56201243400574
Done (6) 279.11540031433105
Done (7) 271.56550693511963
Done (8) 272.13008737564087
Done (9) 274.18060636520386
Done (10) 261.3818440437317
Done (11) 251.43458151817322
Done (12) 250.25148582458496
Done (13) 244.30611371994019
Done (14) 247.74903798103333
Done (15) 243.66888666152954
Done (16) 244.1389660835266
Done (17) 241.2901108264923
Done (18) 237.81243538856506
Done (19) 241.05649185180664
Done (20) 241.43658351898193
Done (21) 237.9839005470276
Done (22) 237.08079171180725
Done (23) 238.86873817443848
Done (24) 237.0259120464325
Done (25) 236.43014764785767
Done (26) 236.56408166885376
Done (27) 233.83903050422668
Done (28) 232.18427896499634
Done (29) 232.36444473266602
Done (30) 231.8258774280548
Done (31) 236.062255859375
Done (32) 231.16860675811768
Done (33) 228.54088521003723
Done (34) 232.60053825378418
Done (35) 230.4948878288269
Done (36) 228.34925365447998
Done (37) 230.53949761390686
Done (38) 231.14645171165466
Done (39) 211.59194040298462
Done (40) 210.65540289878845
Done (41) 215.15446090698242
Done (42) 211.26353883743286
Done (43) 216.8283863067627
Done (44) 211.9179708957672
Done (45) 210.74539494514465
Done (46) 210.86836123466492
Done (47) 210.54002118110657
Done (48) 210.673273563385
Done (49) 211.92654061317444
Done (50) 210.12334489822388
Done (51) 210.03366041183472
Done (52) 209.0173716545105
Done (53) 211.77436232566833
Done (54) 210.42764353752136
Done (55) 208.10036444664001
Done (56) 209.84979104995728
Done (57) 207.82259345054626
Done (58) 216.18323469161987
Done (59) 208.4606544971466
Done (60) 209.27679800987244
Done (61) 208.9195647239685
Done (62) 208.52085137367249
Done (63) 208.8040337562561
Done (64) 208.19745182991028
Done (65) 207.46508359909058
Done (66) 207.5562801361084
Done (67) 206.3965938091278
Done (68) 207.41669631004333
Done (69) 206.8395872116089
Done (70) 205.42480444908142
Done (71) 204.48536252975464
Done (72) 206.89427089691162
Done (73) 205.0758557319641
Done (74) 205.74439239501953
Done (75) 203.93207907676697
Done (76) 204.88640117645264
Done (77) 212.428861618042
Done (78) 203.70780634880066
Done (79) 205.7704894542694
Done (80) 203.8562479019165
Done (81) 202.67216658592224
Done (82) 204.31085920333862
Done (83) 206.45331406593323
Done (84) 204.6474690437317
Done (85) 206.51351928710938
Done (86) 205.96091771125793
Done (87) 203.57467341423035
Done (88) 204.0282678604126
Done (89) 204.64179968833923
Done (90) 205.85430479049683
Done (91) 204.2207009792328
Done (92) 203.65995264053345
Done (93) 205.15066647529602
Done (94) 204.1737983226776
Done (95) 204.64610242843628
Done (96) 202.5155668258667
Done (97) 203.02200722694397
Done (98) 204.35331964492798
Done (99) 203.64014959335327
Done (100) 203.62213158607483
{'srcc': array([0.74631731, 0.74674155, 0.74340882, 0.75377342, 0.75786655,
       0.76632667, 0.77238824, 0.76500066, 0.77301902, 0.76343366,
       0.77079904, 0.78294413, 0.78602748, 0.77828767, 0.78720516,
       0.78247057, 0.77515968, 0.78598368, 0.78856646, 0.78264806,
       0.7880132 , 0.77281428, 0.78271359, 0.78749391, 0.79041224,
       0.7894339 , 0.78746979, 0.7850243 , 0.7913913 , 0.78678968,
       0.78941158, 0.78701806, 0.78062298, 0.79284308, 0.78451293,
       0.78180966, 0.78436616, 0.78189331, 0.78551371, 0.7892258 ,
       0.78866115, 0.78712811, 0.77858914, 0.78323744, 0.77445197,
       0.78421482, 0.77555176, 0.78124728, 0.78469799, 0.77050441,
       0.78070603, 0.7782303 , 0.77915176, 0.78269271, 0.77801884,
       0.77669883, 0.78200672, 0.77753027, 0.76658602, 0.77898926,
       0.77621386, 0.76815626, 0.77907759, 0.77197624, 0.77092649,
       0.78229859, 0.77127189, 0.77494701, 0.78179694, 0.7710075 ,
       0.76993987, 0.77776394, 0.77497558, 0.77012229, 0.772806  ,
       0.76504254, 0.77569265, 0.78133597, 0.77327801, 0.77329901,
       0.77757696, 0.77755668, 0.7758033 , 0.76891233, 0.77912787,
       0.76773045, 0.76869547, 0.76710519, 0.76861698, 0.769645  ,
       0.77946907, 0.7701637 , 0.76911887, 0.78041728, 0.76690717,
       0.78309271, 0.77091689, 0.76506511, 0.76902958, 0.77993795,
       0.77387927, 0.7677931 , 0.7793565 , 0.75670759, 0.76902118,
       0.77370285, 0.76653489, 0.76312403, 0.76195884, 0.7672264 ,
       0.77015206, 0.76808233, 0.76811425, 0.76825431, 0.76435248,
       0.77013021, 0.77193279, 0.77135398, 0.76338038, 0.76916496,
       0.76729961, 0.76789655, 0.75912979, 0.7667604 , 0.76993963,
       0.75770969, 0.76111155, 0.76901818, 0.76193495, 0.76368365,
       0.76780654, 0.76359064, 0.76851761, 0.76279808, 0.76398764,
       0.76096658, 0.75092205, 0.76147951, 0.76487885, 0.75761752,
       0.75686649, 0.76451773, 0.7550183 , 0.74886973, 0.74734437,
       0.75658722, 0.75207477, 0.76490249, 0.74941242, 0.74462598]), 'acc': array([42.02701106, 42.26489995, 42.4193055 , 42.43169995, 42.40731106,
       42.5768055 , 42.68253884, 42.50437773, 42.64192217, 42.65667217,
       42.7024555 , 42.62743328, 42.66543884, 42.52079439, 42.64814995,
       42.72941106, 42.56661106, 42.65831106, 42.75642217, 42.5677555 ,
       42.53637217, 42.53284995, 42.72751662, 42.46938884, 42.49968328,
       42.59484439, 42.54754995, 42.54662773, 42.58463328, 42.52872217,
       42.45974439, 42.54783328, 42.37903328, 42.47869439, 42.55421106,
       42.31776662, 42.45171106, 42.52708884, 42.52529439, 42.4807555 ,
       42.45351661, 42.41787217, 42.28815551, 42.3692055 , 42.33634995,
       42.37349995, 42.2221555 , 42.30884439, 42.22603328, 42.29929995,
       42.44829995, 42.31479439, 42.28664995, 42.23391662, 42.26474995,
       42.24701106, 42.19814439, 42.27128883, 42.13788328, 42.28454995,
       42.37151661, 42.12577772, 42.26649439, 42.04728328, 42.15834439,
       42.17752772, 42.09204995, 42.29314995, 42.17252217, 42.08466661,
       42.08447772, 42.16226662, 42.16062217, 42.10404439, 41.88144995,
       41.99947773, 42.01763328, 42.1149055 , 41.9924055 , 42.10537773,
       42.0007555 , 41.94328328, 41.96392217, 42.14006106, 41.93793328,
       41.84336661, 41.9686555 , 41.65426106, 41.97617217, 41.99732217,
       41.92452217, 41.92386662, 41.80188884, 42.03383884, 41.96882773,
       41.98996106, 41.89326106, 41.79234439, 41.81111662, 41.88568328,
       41.68708328, 41.80197773, 41.71879439, 41.77487772, 41.6796555 ,
       41.7242055 , 41.60787773, 41.70779439, 41.60647773, 41.72801106,
       41.78907217, 41.65479995, 41.67759995, 41.75706662, 41.60777773,
       41.79327773, 41.7479055 , 41.53008328, 41.64088884, 41.58883884,
       41.4999555 , 41.67566661, 41.26322217, 41.66318328, 41.8113555 ,
       41.30121106, 41.44093884, 41.59749995, 41.35767217, 41.38158328,
       41.36154995, 41.37859995, 41.43006662, 41.32183328, 41.48997217,
       41.3213555 , 41.41541661, 41.56914439, 41.38346661, 41.29542217,
       41.3606555 , 41.2682555 , 41.23934995, 41.30122772, 41.09386106,
       41.20256661, 41.19704995, 41.29691106, 41.05874439, 41.06871661])}
Done at Sat Jan 29 12:36:22 JST 2022
