Running on host c4
Starting at Tue Jan 18 04:36:19 JST 2022
Running on hosts: c4
Running on 1 nodes.
Running 1 tasks.
Current working directory is /home/rio-hada/workspace/SurrogateModels
> sbatch spy srcc.py -T 1500 --trials 100 --k_size_max 500 --eval_freq 10 --select_mode similarity
Namespace(B=2, D=100, P=16, T=1500, eval_archs=100, eval_freq=10, gpu=False, id=8185, k_size_max=500, mean0=False, name=None, recalc=1, seed=None, select_mode='similarity', trials=100)
save to 'result/image/srcc_t100_T1500_dmax500_sim_mean_8185.png'
Done (1) 675.6029875278473
Done (2) 649.1901898384094
Done (3) 614.2942996025085
Done (4) 591.3153607845306
Done (5) 581.8022809028625
Done (6) 564.9738891124725
Done (7) 551.8702549934387
Done (8) 547.3485186100006
Done (9) 538.6684322357178
Done (10) 533.5552558898926
Done (11) 528.9932377338409
Done (12) 532.3074860572815
Done (13) 532.3228557109833
Done (14) 527.6911170482635
Done (15) 525.271712064743
Done (16) 524.0220000743866
Done (17) 521.354216337204
Done (18) 518.1543388366699
Done (19) 516.2276492118835
Done (20) 519.9625990390778
Done (21) 514.7365279197693
Done (22) 512.053542137146
Done (23) 511.11283779144287
Done (24) 499.6297631263733
Done (25) 491.2178864479065
Done (26) 504.19386076927185
Done (27) 489.42742562294006
Done (28) 492.1352288722992
Done (29) 486.9346332550049
Done (30) 486.6983366012573
Done (31) 486.56627368927
Done (32) 486.18840646743774
Done (33) 485.19003033638
Done (34) 486.25284123420715
Done (35) 485.68613600730896
Done (36) 483.1579580307007
Done (37) 482.3510615825653
Done (38) 481.6678469181061
Done (39) 483.2392723560333
Done (40) 485.31180357933044
Done (41) 488.7655017375946
Done (42) 481.5200991630554
Done (43) 480.45622158050537
Done (44) 484.418842792511
Done (45) 491.22004866600037
Done (46) 479.97061467170715
Done (47) 481.4433808326721
Done (48) 480.3688373565674
Done (49) 479.83415508270264
Done (50) 480.3325300216675
Done (51) 480.3028173446655
Done (52) 480.68418049812317
Done (53) 480.60485911369324
Done (54) 481.59271240234375
Done (55) 478.89747190475464
Done (56) 480.61979508399963
Done (57) 479.71974062919617
Done (58) 479.0971488952637
Done (59) 480.3209171295166
Done (60) 484.7693054676056
Done (61) 478.64753818511963
Done (62) 481.4589455127716
Done (63) 480.5220220088959
Done (64) 478.2824127674103
Done (65) 479.7184464931488
Done (66) 479.5260708332062
Done (67) 479.38991522789
Done (68) 479.339453458786
Done (69) 478.5765905380249
Done (70) 477.8417856693268
Done (71) 478.09178471565247
Done (72) 476.2582890987396
Done (73) 478.4952528476715
Done (74) 480.59914207458496
Done (75) 477.91642332077026
Done (76) 477.95812940597534
Done (77) 478.3214144706726
Done (78) 482.19422721862793
Done (79) 478.7331259250641
Done (80) 473.8245117664337
Done (81) 477.381587266922
Done (82) 479.44709157943726
Done (83) 474.9292776584625
Done (84) 477.45452547073364
Done (85) 477.00679421424866
Done (86) 475.6086518764496
Done (87) 476.6509382724762
Done (88) 477.7535333633423
Done (89) 477.06296849250793
Done (90) 484.4032082557678
Done (91) 477.26754546165466
Done (92) 477.0005989074707
Done (93) 478.6540644168854
Done (94) 477.4829225540161
Done (95) 476.64832615852356
Done (96) 477.2702341079712
Done (97) 476.8100562095642
Done (98) 477.7130603790283
Done (99) 476.6629521846771
Done (100) 477.41580963134766
[0.74291029 0.75606025 0.75072415 0.76105503 0.75613465 0.77399412
 0.76411785 0.76852481 0.77371581 0.7724204  0.77083468 0.77880432
 0.76787939 0.78049493 0.78357864 0.77686049 0.76983402 0.77495602
 0.78288197 0.76823834 0.7753667  0.77961188 0.78179454 0.78992511
 0.76752307 0.79549787 0.79497162 0.78309835 0.79564212 0.78202472
 0.78814545 0.79221734 0.78820246 0.79165413 0.79534173 0.78511959
 0.79190267 0.78509475 0.79307819 0.78341122 0.78152751 0.78628203
 0.77976898 0.78870231 0.79140702 0.7889943  0.78976562 0.78765593
 0.792352   0.79367585 0.78151707 0.79448113 0.79228023 0.78471839
 0.7899676  0.78432307 0.78371257 0.78550279 0.78077672 0.79066979
 0.79290717 0.78819982 0.782033   0.79072115 0.78918812 0.77882784
 0.78834287 0.79168005 0.78572157 0.79026703 0.797152   0.78702442
 0.7885793  0.78068539 0.79395296 0.79472331 0.78856646 0.78116904
 0.78056178 0.78781542 0.78115296 0.78509259 0.78120084 0.78614293
 0.7851598  0.7897859  0.77158248 0.7920144  0.7869829  0.7911802
 0.78848617 0.77835692 0.78715308 0.78348755 0.78107591 0.78090657
 0.78220138 0.78704734 0.78525557 0.78134017 0.77842208 0.78516712
 0.77559484 0.78667687 0.78044668 0.77462586 0.7829649  0.77941434
 0.778782   0.77949283 0.78732205 0.77373093 0.77895086 0.78200984
 0.78445149 0.77529517 0.77207189 0.78154635 0.77531605 0.76849397
 0.77915128 0.77010249 0.77869295 0.77146631 0.77707051 0.78004776
 0.77720024 0.77040504 0.77988155 0.78284644 0.76887477 0.77007933
 0.7635934  0.77400288 0.77497786 0.76594047 0.7796444  0.76093933
 0.7741775  0.76553363 0.77679904 0.76336682 0.76521932 0.77401008
 0.76388083 0.77169673 0.77243888 0.77533621 0.76251785 0.76317828]
Done at Tue Jan 18 18:25:00 JST 2022
