Running on host c3
Starting at Fri Feb 11 13:16:01 JST 2022
Running on hosts: c3
Running on 1 nodes.
Running 1 tasks.
Current working directory is /home/rio-hada/workspace/SurrogateModels
> sbatch spy srcc.py -T 1500 --trials 20 --k_size_max 800 --name median_effect_part2
Namespace(B=2, D=100, P=16, T=1500, eval_archs=100, eval_freq=50, gpu=False, id=8495, k_size_max=800, mean0=False, name='median_effect_part2', recalc=1, seed=None, select_mode='random', trials=20)
save to 'result/image/srcc_t20_T1500_dmax800_mean_median_effect_part2_8495.png'
1000 12.621343610475522
1500 3.9535718830452584
2000 11.774026454019381
2500 25.976653928219328
3000 7.8192596722862
1000 5.528997133463167
1500 88.88794970192122
2000 7.649371016326758
2500 4.894827293129176
3000 20.574442809342028
1000 5.3635185928419356
1500 11.750523216550608
2000 37.53600053344169
2500 69.58424978901036
3000 9.097211569132417
1000 38.653119337504606
1500 19.356260610340954
2000 11.296453418090136
2500 4.0921764293060745
3000 16.132824211707366
1000 3.189749178718508
1500 9.998421407077588
2000 19.35072521492774
2500 7.661148545539264
3000 17.24051213248759
1000 2.551108159153465
1500 12.257752563979853
2000 12.069842876707575
2500 6.919281058382094
3000 8.376904467605407
1000 2.900745099645036
1500 6.576147769669323
2000 6.43162191593943
2500 18.94735264007521
3000 7.196511787115611
1000 1.4968633344041105
1500 38.39815922384672
2000 8.103207214012857
2500 20.253565180340104
3000 15.469700097671238
1000 7.192177322207172
1500 37.83390497570843
2000 44.32972635551197
2500 10.854356341198692
3000 332602267401.5311
1000 10.90763054650746
1500 12.150123190088046
2000 105.0035501610077
2500 19.185680260933058
3000 101.29860897818473
1000 5.106480395526689
1500 35.345982750989116
2000 13.852314092916473
2500 8.594081209635402
3000 15.53441770688518
1000 45.51581297819153
1500 60.09248768484559
2000 6.139380808135873
2500 11.522617163693658
3000 5.793299028188535
1000 41.755784663465896
1500 8.28474727924179
2000 6.346101504147908
2500 181.2199077031475
3000 17.11827286375988
1000 6.564845603571269
1500 13.493939628552644
2000 77.47152783146478
2500 11.728226503639291
3000 25.034460000047112
1000 3.693143644812218
1500 8.670440402760907
2000 49.81277195259799
2500 11.641254139790602
3000 18.872916835965082
1000 3.8147222216370062
1500 3.894938464513384
2000 6.197146414272567
2500 7.882237570170395
3000 8.013803141903164
1000 4.030508304678894
1500 193.5749056066683
2000 7.177697562252592
2500 46.33549374200052
3000 7.5920757757595165
1000 4.76073000127753
1500 11.625922325917747
2000 55.29882246060962
2500 555.4830258401115
3000 12.40570326595673
1000 4.263154455155676
1500 23.038100653523422
2000 215.11020773884243
2500 7.444982975323321
3000 1847138540796.3628
1000 23.711662194009758
1500 33.38294703182827
2000 9.453185336125271
2500 34.23913220207889
3000 1518013241098.2488
{'srcc': array([0.7750057 , 0.76527573, 0.78031623, 0.77334773, 0.78249445,
       0.7629841 , 0.69957636, 0.76950315, 0.74756676, 0.7390207 ,
       0.75740714, 0.79825743, 0.79893249, 0.79414161, 0.77716952,
       0.78946415, 0.80488149, 0.80610561, 0.81226883, 0.82142454,
       0.81910891, 0.80446805, 0.81708731, 0.82869667, 0.81969157,
       0.8289793 , 0.81750735, 0.83991359, 0.8330075 , 0.83326073]), 'acc': array([42.8965555 , 42.56077772, 42.84249995, 42.4443055 , 42.80863884,
       42.76836106, 42.03080551, 42.45336106, 42.58558328, 42.22791662,
       41.95413884, 42.42905551, 42.43305551, 42.31969439, 42.03708328,
       42.29997217, 42.00841662, 42.26522217, 42.21224994, 42.35008328,
       42.1953055 , 42.14561106, 41.95169439, 42.5683055 , 42.10866661,
       42.15924995, 42.40527772, 42.5020555 , 42.5124444 , 42.34919439])}
Done at Fri Feb 11 16:56:30 JST 2022
