Running on host c15
Starting at Sat Jan 15 16:53:35 JST 2022
Running on hosts: c15
Running on 1 nodes.
Running 1 tasks.
Current working directory is /home/rio-hada/workspace/SurrogateModels
> sbatch spy srcc.py -T 1500 --trials 100 --k_size_max 300 --eval_freq 10
Namespace(B=2, D=100, P=16, T=1500, eval_archs=100, eval_freq=10, gpu=False, id=8051, k_size_max=300, mean0=False, name=None, recalc=1, seed=None, select_mode='random', trials=100)
save to 'result/image/srcc_t100_T1500_dmax300_mean_8051.png'
Done (1) 1418.776785850525
Done (2) 1144.6148507595062
Done (3) 1020.5774273872375
Done (4) 955.1841771602631
Done (5) 909.1017565727234
Done (6) 883.3173639774323
Done (7) 858.5793721675873
Done (8) 854.1322898864746
Done (9) 816.3993775844574
Done (10) 808.3238351345062
Done (11) 816.0911183357239
Done (12) 805.1309478282928
Done (13) 797.6371607780457
Done (14) 795.1123967170715
Done (15) 783.6253969669342
Done (16) 786.3378920555115
Done (17) 781.0652937889099
Done (18) 781.7486433982849
Done (19) 779.2101109027863
Done (20) 774.0989751815796
Done (21) 783.111569404602
Done (22) 777.0179579257965
Done (23) 775.1788682937622
Done (24) 774.3757092952728
Done (25) 773.2624320983887
Done (26) 773.5657444000244
Done (27) 774.0252134799957
Done (28) 779.2215838432312
Done (29) 772.397353887558
Done (30) 771.7566471099854
Done (31) 771.4727020263672
Done (32) 773.0358211994171
Done (33) 771.1220469474792
Done (34) 770.3006336688995
Done (35) 768.4291608333588
Done (36) 773.9974641799927
Done (37) 766.7850749492645
Done (38) 769.1775348186493
Done (39) 766.6425380706787
Done (40) 770.0592043399811
Done (41) 766.32927942276
Done (42) 768.3262236118317
Done (43) 766.4613890647888
Done (44) 767.9701499938965
Done (45) 765.9066774845123
Done (46) 771.5884501934052
Done (47) 763.260326385498
Done (48) 762.3008468151093
Done (49) 762.6447451114655
Done (50) 764.6412990093231
Done (51) 762.7392470836639
Done (52) 763.6444380283356
Done (53) 763.022706747055
Done (54) 763.8397152423859
Done (55) 762.4963603019714
Done (56) 764.8171713352203
Done (57) 762.9299528598785
Done (58) 764.1205887794495
Done (59) 772.1156890392303
Done (60) 762.7613582611084
Done (61) 762.7142071723938
Done (62) 761.1660430431366
Done (63) 762.3807668685913
Done (64) 762.1483538150787
Done (65) 761.5641915798187
Done (66) 762.1989781856537
Done (67) 761.6889898777008
Done (68) 762.45001745224
Done (69) 760.0057396888733
Done (70) 761.3248715400696
Done (71) 761.9863977432251
Done (72) 761.2654523849487
Done (73) 760.1441566944122
Done (74) 760.5837359428406
Done (75) 767.7329235076904
Done (76) 758.1593344211578
Done (77) 758.2288596630096
Done (78) 758.2688343524933
Done (79) 758.7457239627838
Done (80) 756.6446917057037
Done (81) 757.959212064743
Done (82) 757.5722255706787
Done (83) 755.7835545539856
Done (84) 755.9611983299255
Done (85) 757.1470084190369
Done (86) 756.5452716350555
Done (87) 756.8855228424072
Done (88) 756.2300679683685
Done (89) 757.8427045345306
pinv: t = 2596
Done (90) 756.8731648921967
Done (91) 755.5600225925446
Done (92) 755.6988513469696
Done (93) 766.1087017059326
Done (94) 754.3538455963135
Done (95) 756.9312677383423
Done (96) 755.3463001251221
Done (97) 755.0896859169006
Done (98) 755.2791478633881
Done (99) 755.0202164649963
Done (100) 756.5204634666443
[0.74978866 0.7533925  0.753591   0.76916484 0.76665047 0.76490309
 0.76641872 0.7741595  0.76787231 0.76468851 0.77892877 0.76922628
 0.768803   0.77024782 0.77416142 0.76701578 0.77547831 0.77768221
 0.7784096  0.77505707 0.77974305 0.78692493 0.770006   0.78517072
 0.77624362 0.77496982 0.78696922 0.78602748 0.78010525 0.78461506
 0.78113927 0.78466223 0.78558164 0.78264398 0.78708887 0.78681956
 0.78084368 0.79122112 0.78285941 0.78400444 0.7889529  0.78527177
 0.78497114 0.78440168 0.77898878 0.78609181 0.78770381 0.79436376
 0.7877649  0.79347087 0.79116304 0.78311959 0.79445293 0.7853841
 0.78240492 0.79463474 0.79703666 0.79726949 0.78882868 0.78647669
 0.78922496 0.78837192 0.78440192 0.7939778  0.79021266 0.79215122
 0.79035788 0.79097918 0.79333609 0.79198992 0.79622814 0.78061806
 0.78402472 0.80243156 0.79306103 0.79349751 0.79092913 0.78607141
 0.79066595 0.78726241 0.78663018 0.78669535 0.79553807 0.78770333
 0.78694689 0.7839808  0.79162292 0.78959616 0.7937667  0.78907219
 0.78549595 0.78658542 0.7872228  0.79029871 0.78643264 0.78706367
 0.79510351 0.79326097 0.78593951 0.79002868 0.7878321  0.78643192
 0.79194683 0.7911658  0.78302286 0.78625527 0.78530405 0.79412373
 0.78887129 0.77999244 0.78041116 0.78610129 0.78681776 0.79084416
 0.7835874  0.78530501 0.78450201 0.78087633 0.7904054  0.77987987
 0.78399412 0.78830579 0.78396172 0.78389175 0.7780174  0.78499958
 0.77646085 0.78031035 0.77797852 0.78308179 0.77880192 0.78070447
 0.78765485 0.77948587 0.77879028 0.77233807 0.78033771 0.77978122
 0.77842148 0.77947375 0.77831335 0.76339862 0.77971149 0.78196376
 0.77754479 0.77639472 0.77113327 0.77754779 0.77993387 0.77611329]
Done at Sun Jan 16 14:45:06 JST 2022
