Running on host c5
Starting at Fri Jan 28 06:03:28 JST 2022
Running on hosts: c5
Running on 1 nodes.
Running 1 tasks.
Current working directory is /home/rio-hada/workspace/SurrogateModels
> sbatch spy srcc.py -T 1500 --trials 100 --k_size_max 800 --eval_freq 10 --select_mode similarity
Namespace(B=2, D=100, P=16, T=1500, eval_archs=100, eval_freq=10, gpu=False, id=8415, k_size_max=800, mean0=False, name=None, recalc=1, seed=None, select_mode='similarity', trials=100)
save to 'result/image/srcc_t100_T1500_dmax800_sim_mean_8415.png'
Done (1) 1283.9905545711517
Done (2) 1237.1899032592773
Done (3) 1233.3996250629425
Done (4) 1173.0551619529724
Done (5) 1182.442408323288
Done (6) 1144.4097409248352
Done (7) 1139.9441587924957
Done (8) 1164.7781462669373
Done (9) 1142.9252440929413
Done (10) 1112.8193781375885
Done (11) 1133.2197351455688
Done (12) 1088.9816780090332
Done (13) 1088.8109049797058
Done (14) 1069.8086154460907
Done (15) 1078.9679789543152
Done (16) 1083.055594921112
Done (17) 1089.6633794307709
Done (18) 1082.1458134651184
Done (19) 1067.1016929149628
Done (20) 1055.7705826759338
Done (21) 1060.9213590621948
Done (22) 1060.7525925636292
Done (23) 1060.9155213832855
Done (24) 1064.4189686775208
Done (25) 1071.4671695232391
Done (26) 1067.4917273521423
Done (27) 1051.1576414108276
Done (28) 1066.8998956680298
Done (29) 1070.7314517498016
Done (30) 1059.2190446853638
Done (31) 1064.3416936397552
Done (32) 1070.8317832946777
Done (33) 1054.9429605007172
Done (34) 1057.9250195026398
Done (35) 1068.9563682079315
Done (36) 1051.194509267807
Done (37) 1060.6407327651978
Done (38) 1053.915781736374
Done (39) 1050.487530708313
Done (40) 1064.598948955536
Done (41) 1066.6954362392426
Done (42) 1059.3800601959229
Done (43) 1062.2698066234589
Done (44) 1052.1032440662384
Done (45) 1056.0370264053345
Done (46) 1066.4318795204163
Done (47) 1059.3444919586182
Done (48) 1051.445787191391
Done (49) 1053.8104453086853
Done (50) 1064.2086472511292
Done (51) 1062.777883052826
Done (52) 1063.1575200557709
Done (53) 1062.410123348236
Done (54) 1065.7267911434174
Done (55) 1056.135437965393
Done (56) 1066.4545850753784
Done (57) 1061.7296071052551
Done (58) 1061.791023492813
Done (59) 1054.1090636253357
Done (60) 1051.3827576637268
Done (61) 1050.3245284557343
Done (62) 1056.4280097484589
Done (63) 1057.5771615505219
Done (64) 1059.6137838363647
Done (65) 1051.3741171360016
Done (66) 1050.5021693706512
Done (67) 1061.2035162448883
Done (68) 1056.6227066516876
Done (69) 1053.0004479885101
Done (70) 1064.3579378128052
Done (71) 1057.1618177890778
Done (72) 1063.3678171634674
Done (73) 1048.8191120624542
Done (74) 1066.0349307060242
Done (75) 1058.8430004119873
Done (76) 1049.9687464237213
Done (77) 1058.8044102191925
Done (78) 1050.3533165454865
Done (79) 1054.421241760254
Done (80) 1059.193902015686
Done (81) 1057.0852522850037
Done (82) 1065.9444599151611
Done (83) 1062.8183188438416
Done (84) 1062.5265400409698
Done (85) 1058.542100429535
Done (86) 1057.6068530082703
Done (87) 1066.8473756313324
Done (88) 1050.279130935669
Done (89) 1050.7128570079803
Done (90) 1049.8785598278046
Done (91) 1063.0198817253113
Done (92) 1063.0082604885101
Done (93) 1064.9955742359161
Done (94) 1050.3841242790222
Done (95) 1061.725491285324
Done (96) 1059.9939198493958
Done (97) 1053.5172817707062
Done (98) 1058.066121339798
Done (99) 1061.68367934227
Done (100) 1050.472950220108
{'srcc': array([0.75012061, 0.75351743, 0.75913651, 0.7527856 , 0.75591875,
       0.75876064, 0.76785815, 0.76421758, 0.77385911, 0.76662886,
       0.76342994, 0.7726495 , 0.7709829 , 0.77145335, 0.77032643,
       0.77716304, 0.76665119, 0.77201368, 0.77952547, 0.76366121,
       0.76708467, 0.7682465 , 0.77756772, 0.77395188, 0.74545671,
       0.78012745, 0.76383162, 0.75479448, 0.76057762, 0.764418  ,
       0.77084896, 0.76346715, 0.75005461, 0.76290153, 0.71229655,
       0.73518092, 0.73743498, 0.73812829, 0.72619814, 0.72703942,
       0.73051197, 0.71507795, 0.75461806, 0.74568497, 0.75788791,
       0.7465583 , 0.75271815, 0.75960576, 0.76753783, 0.74491029,
       0.74096562, 0.7430237 , 0.73176214, 0.7142405 , 0.74888857,
       0.70615854, 0.73981422, 0.72619526, 0.74743846, 0.73864254,
       0.73456454, 0.74315956, 0.72723792, 0.6849919 , 0.70673507,
       0.71493573, 0.74589115, 0.74758188, 0.70717144, 0.69791167,
       0.73717624, 0.65098506, 0.71100198, 0.70603312, 0.72887333,
       0.68777606, 0.72017234, 0.71245593, 0.6970321 , 0.70046085,
       0.69832391, 0.72284344, 0.69116604, 0.70663138, 0.70041644,
       0.71306823, 0.67392595, 0.70576694, 0.72655122, 0.7190333 ,
       0.71878656, 0.72341758, 0.694797  , 0.68824314, 0.73386991,
       0.70045257, 0.74634443, 0.71199076, 0.71136826, 0.68542406,
       0.68162676, 0.70151263, 0.71347759, 0.70124692, 0.66468059,
       0.70158872, 0.7213787 , 0.71027243, 0.71779934, 0.70488425,
       0.68490117, 0.7120084 , 0.71244704, 0.68090309, 0.69472703,
       0.71248125, 0.69763636, 0.68218686, 0.69323588, 0.69662382,
       0.67032019, 0.66673267, 0.68519832, 0.71623138, 0.71243456,
       0.69379322, 0.6880498 , 0.71572229, 0.68306643, 0.66825131,
       0.65633735, 0.67029883, 0.65461458, 0.68437192, 0.70494197,
       0.69876676, 0.65672319, 0.64931017, 0.69761224, 0.66404344,
       0.65956952, 0.70071431, 0.67916256, 0.64241524, 0.67181914,
       0.67984278, 0.68737594, 0.71045725, 0.69028455, 0.66371113]), 'acc': array([42.01642772, 42.30923328, 42.33731106, 42.38059995, 42.45727217,
       42.51698328, 42.64621106, 42.61664995, 42.7038055 , 42.73594439,
       42.66014439, 42.73909439, 42.67888884, 42.72617772, 42.61633884,
       42.65641661, 42.72934995, 42.73736106, 42.78963884, 42.60281661,
       42.61846662, 42.52669439, 42.61163328, 42.69828884, 42.36912773,
       42.7427555 , 42.63047217, 42.38254995, 42.4079555 , 42.57188328,
       42.5472055 , 42.55342773, 42.27837773, 42.46899439, 41.80928884,
       42.23136106, 42.11392217, 42.23134995, 42.06329995, 42.09141662,
       41.93952773, 41.7969555 , 42.16469995, 42.27854439, 42.16006662,
       42.15991106, 42.03791106, 42.20191106, 42.24119439, 42.05053328,
       41.93424439, 41.95089995, 41.71197773, 41.51472217, 41.99322217,
       41.4032055 , 42.10113328, 41.54898328, 41.8937444 , 41.90544995,
       41.78609439, 41.73407217, 41.44066662, 40.87181106, 41.36336662,
       41.61628883, 41.83472772, 41.64988328, 41.41467773, 41.2420555 ,
       41.48761661, 40.47968328, 41.37721106, 41.42858328, 41.56257217,
       41.08592773, 41.49187217, 40.92532217, 41.1836055 , 41.02503884,
       40.98484439, 41.22773884, 40.69607217, 41.26758884, 41.14482773,
       41.2642555 , 40.81152217, 41.09497773, 41.4115055 , 41.15240551,
       41.30837217, 41.30209995, 41.05383884, 40.76342217, 41.45112217,
       41.05493328, 41.55146106, 41.14837217, 41.29523884, 41.00057772,
       40.68986662, 41.06195551, 41.1079555 , 40.84734439, 40.43834995,
       41.07568328, 41.08273328, 40.84939439, 41.04331662, 40.96148328,
       40.55667217, 41.0068555 , 40.95582773, 40.84048884, 40.59802773,
       40.76313884, 40.69338884, 40.7494444 , 40.63221106, 40.94126106,
       40.52673884, 40.4811555 , 40.6375555 , 41.19341662, 40.95267217,
       40.62743328, 40.53271662, 40.82892773, 40.63261662, 40.44459995,
       40.17161106, 40.44193884, 40.51974439, 40.48443328, 40.88121106,
       40.74958328, 40.40803884, 40.3612555 , 40.88104439, 40.42736661,
       40.26328328, 40.58843884, 40.55016106, 39.99476662, 40.33898884,
       40.49505551, 40.62143884, 41.13189995, 40.4474055 , 40.07231106])}
Done at Sat Jan 29 11:53:22 JST 2022
