Running on host c2
Starting at Sat Jan 15 04:17:24 JST 2022
Running on hosts: c2
Running on 1 nodes.
Running 1 tasks.
Current working directory is /home/rio-hada/workspace/SurrogateModels
> sbatch spy srcc.py -T 1500 --trials 100 --eval_freq 10 --name base
Namespace(B=2, D=100, P=16, T=1500, eval_archs=100, eval_freq=10, gpu=False, id=8027, k_size_max=None, mean0=False, name='base', recalc=1, seed=None, select_mode='random', trials=100)
save to 'result/image/srcc_t100_T1500_mean_base_8027.png'
Done (1) 1173.0557579994202
Done (2) 1002.2201788425446
Done (3) 892.8140742778778
Done (4) 816.4511902332306
Done (5) 758.0442852973938
Done (6) 714.3089756965637
Done (7) 691.0519433021545
Done (8) 668.7866449356079
Done (9) 661.9280548095703
Done (10) 659.5040240287781
Done (11) 644.7945833206177
Done (12) 629.0883994102478
Done (13) 636.4984483718872
Done (14) 620.1473760604858
Done (15) 613.7262191772461
Done (16) 610.1034488677979
Done (17) 610.6702675819397
Done (18) 602.9269478321075
Done (19) 610.2506136894226
Done (20) 597.7009265422821
Done (21) 599.3069355487823
Done (22) 601.6561055183411
Done (23) 598.9274082183838
Done (24) 592.8820426464081
Done (25) 594.3627693653107
Done (26) 595.0099387168884
Done (27) 592.0563116073608
Done (28) 589.4428443908691
Done (29) 597.9691801071167
Done (30) 590.5907969474792
Done (31) 592.496814250946
Done (32) 591.1266071796417
Done (33) 588.0507326126099
Done (34) 589.6394338607788
Done (35) 589.1187915802002
Done (36) 591.4658019542694
Done (37) 587.3525607585907
Done (38) 585.5477147102356
Done (39) 588.0319471359253
Done (40) 587.2230596542358
Done (41) 587.496467590332
Done (42) 585.0870699882507
Done (43) 592.2085738182068
Done (44) 587.7899415493011
Done (45) 583.7708201408386
Done (46) 585.64439702034
Done (47) 587.7380745410919
Done (48) 570.150041103363
Done (49) 568.2756526470184
Done (50) 567.6535692214966
Done (51) 567.6073365211487
Done (52) 568.5694909095764
Done (53) 570.7199773788452
Done (54) 568.8189413547516
Done (55) 568.7703311443329
Done (56) 569.6801924705505
Done (57) 571.8595960140228
Done (58) 574.1325516700745
Done (59) 569.4641246795654
Done (60) 571.7820289134979
Done (61) 572.9319753646851
Done (62) 571.8144783973694
Done (63) 583.155437707901
Done (64) 571.6641368865967
Done (65) 572.3285698890686
Done (66) 570.2646472454071
Done (67) 568.9229109287262
Done (68) 569.6546850204468
Done (69) 566.10511302948
Done (70) 566.7116887569427
Done (71) 566.2147138118744
Done (72) 567.5864675045013
Done (73) 568.7243630886078
Done (74) 567.3111927509308
Done (75) 566.5037267208099
Done (76) 567.066520690918
Done (77) 567.4690425395966
Done (78) 566.8149890899658
Done (79) 567.0656793117523
Done (80) 567.76726770401
Done (81) 568.4752292633057
Done (82) 565.6745793819427
Done (83) 569.9949381351471
Done (84) 569.4279463291168
Done (85) 563.6265461444855
Done (86) 565.2569153308868
Done (87) 564.1913876533508
Done (88) 564.086977481842
Done (89) 564.8888068199158
Done (90) 564.9198689460754
Done (91) 563.5774111747742
Done (92) 576.4442055225372
Done (93) 564.7032907009125
Done (94) 565.0335412025452
Done (95) 562.5736210346222
Done (96) 564.025556564331
Done (97) 565.6538002490997
Done (98) 566.9591298103333
Done (99) 564.6917440891266
Done (100) 565.9791741371155
[0.74104686 0.74998116 0.75727333 0.75910627 0.76473411 0.76372829
 0.77768269 0.77170417 0.76250285 0.77209337 0.75781482 0.77432583
 0.77689805 0.77909679 0.77693621 0.773224   0.78182898 0.77043108
 0.77187159 0.76689709 0.77746367 0.77260654 0.76267303 0.77010897
 0.76458386 0.75805329 0.76013537 0.7717625  0.7593961  0.75149439
 0.76865227 0.73998188 0.76211689 0.75827159 0.73915728 0.74689409
 0.73878752 0.70614329 0.70741722 0.69774617 0.681967   0.65808749
 0.67797396 0.62926709 0.63646757 0.65775014 0.6691982  0.63355752
 0.64331989 0.60999364 0.57608677 0.60074935 0.54169637 0.56225743
 0.55187375 0.51225251 0.55344506 0.50200168 0.49677756 0.49208797
 0.44779022 0.44792691 0.45056298 0.39954899 0.44499766 0.43188575
 0.41157048 0.40567681 0.4157511  0.39971413 0.38792067 0.34794131
 0.35336886 0.37387951 0.3297709  0.30083    0.35390723 0.32106643
 0.33123924 0.27009361 0.3077643  0.25066415 0.32992571 0.30007357
 0.2851922  0.32005221 0.25921452 0.25973933 0.25298914 0.26334953
 0.23190051 0.28490753 0.25620318 0.24725065 0.27306643 0.21070435
 0.20065347 0.22170705 0.25379982 0.2015664  0.2386357  0.24441932
 0.23719868 0.19666079 0.19727009 0.23256574 0.18479664 0.25109895
 0.21599616 0.18490477 0.26758596 0.19439724 0.23305635 0.21538026
 0.2126417  0.21099958 0.18348899 0.17536958 0.22664818 0.12585887
 0.1194171  0.14623978 0.22375722 0.15122472 0.17163948 0.17693945
 0.23589595 0.13465287 0.18021206 0.11446061 0.17183822 0.17168497
 0.10768701 0.14848809 0.17811305 0.16080444 0.11909055 0.19748887
 0.14470339 0.1928222  0.13673627 0.15078872 0.1644216  0.09870339
 0.1033643  0.07130885 0.10460294 0.11168929 0.11077192 0.13017018]
Done at Sat Jan 15 21:02:39 JST 2022
