Running on host c4
Starting at Fri Feb 11 13:16:01 JST 2022
Running on hosts: c4
Running on 1 nodes.
Running 1 tasks.
Current working directory is /home/rio-hada/workspace/SurrogateModels
> sbatch spy srcc.py -T 1500 --trials 20 --k_size_max 800 --name median_effect_part3
Namespace(B=2, D=100, P=16, T=1500, eval_archs=100, eval_freq=50, gpu=False, id=8496, k_size_max=800, mean0=False, name='median_effect_part3', recalc=1, seed=None, select_mode='random', trials=20)
save to 'result/image/srcc_t20_T1500_dmax800_mean_median_effect_part3_8496.png'
1000 23.847613199231333
1500 1493477446578.8672
2000 9.730949456257308
2500 8.567256143687809
3000 17.74836352126192
1000 21.761827007414023
1500 28.184450509916584
2000 25.606114502061512
2500 18.9319733300212
3000 14.46094259332929
1000 8.563507725252963
1500 7.20358924467677
2000 4.382031026891009
2500 11.358818980943427
3000 105.03659743672686
1000 14.144332493980617
1500 13.5465053783234
2000 10.08716099268407
2500 30.50745567563253
3000 24.621301123089076
1000 39.24463734210986
1500 4.48557837109408
2000 7.6179098128950375
2500 9.094976184798771
3000 11.718275137767504
1000 33.527457037390874
1500 7.134006368725971
2000 13.152082926341182
2500 9.64949737713191
3000 8.809850038076457
1000 17.089284018786287
1500 45.9047068074497
2000 71.11911226368241
2500 160.86467481826816
3000 7.084649262502003
1000 3.690354249798652
1500 24.894611418745587
2000 23.944624938942194
2500 47.39026093435162
3000 10.216005981519173
1000 3.912068529964851
1500 5.011633616779105
2000 6.607815586652932
2500 69.91959910067717
3000 23.53485689395544
1000 4.930446168590049
1500 29.446205610953424
2000 20.769292027193515
2500 15.130290750330795
3000 10.312430154974434
1000 3.8332880796632325
1500 19.462919638546534
2000 19.4949051314552
2500 19.760693081822
3000 7.925704451484229
1000 6.730081228381889
1500 48.71476827511265
2000 17.726956421752288
2500 23.04883761311614
3000 9.626947488439683
1000 1.308395304207961
1500 14.537451484890717
2000 15.992045843115815
2500 25.92471932484287
3000 17.122879880638582
1000 4.497381717391309
1500 6.696210685396003
2000 11.629092825389016
2500 38.15623447040734
3000 14.094774538362433
1000 3.7729576600587857
1500 8.753761251131767
2000 27.47584514560214
2500 10.665813812243167
3000 6.210516850683129
1000 4.2340719678510945
1500 13.05952147550391
2000 4.151271048908805
2500 40.61361625994662
3000 11.308949498895272
1000 6.006114374217356
1500 14.691673975361136
2000 4.212670099388629
2500 10.63585818377969
3000 45.43699796569241
1000 14.002175442285989
1500 14.343449507941536
2000 31.902585090984914
2500 9.9822023942362
3000 16.507701831338075
1000 9.412916449938722
1500 4.071895825681744
2000 11.065770589058845
2500 4.911137266162279
3000 21.185571790762854
1000 6.043758220261342
1500 9.89361487903209
2000 13.267157566700313
2500 32.58841610736571
3000 13.06644151452428
{'srcc': array([0.76369757, 0.76108611, 0.77168197, 0.76929133, 0.77642304,
       0.75074707, 0.75311311, 0.75418302, 0.7389895 , 0.76337054,
       0.78631983, 0.78336274, 0.78469127, 0.74771137, 0.80353015,
       0.78363336, 0.78919772, 0.81392439, 0.81779418, 0.80447105,
       0.80493669, 0.81649865, 0.80605941, 0.81015302, 0.82515392,
       0.82862586, 0.83331413, 0.82746175, 0.81792679, 0.83534113]), 'acc': array([42.59024995, 42.42436105, 42.8233055 , 42.93936106, 42.42361106,
       42.33033328, 42.25063883, 42.49416661, 42.36927773, 42.52977772,
       42.38416661, 42.16108328, 42.22033328, 42.14438884, 41.96099995,
       41.99752772, 41.93241662, 42.22763884, 42.62499995, 42.01186106,
       41.96774995, 42.47011106, 42.18586106, 42.16302772, 42.10691662,
       42.02316661, 42.34624995, 41.87036106, 41.97841662, 42.03433328])}
Done at Fri Feb 11 16:52:14 JST 2022
