Running on host c14
Starting at Tue Jan 25 17:32:14 JST 2022
Running on hosts: c14
Running on 1 nodes.
Running 1 tasks.
Current working directory is /home/rio-hada/workspace/SurrogateModels
> sbatch spy srcc.py -T 1500 --trials 100 --k_size_max 200 --eval_freq 10
Namespace(B=2, D=100, P=16, T=1500, eval_archs=100, eval_freq=10, gpu=False, id=8397, k_size_max=200, mean0=False, name=None, recalc=1, seed=None, select_mode='random', trials=100)
save to 'result/image/srcc_t100_T1500_dmax200_mean_8397.png'
Done (1) 1425.4538009166718
Done (2) 1146.216905117035
Done (3) 1007.0625343322754
Done (4) 936.290812253952
Done (5) 895.4265196323395
Done (6) 865.9759111404419
Done (7) 849.8832440376282
Done (8) 830.7899370193481
Done (9) 828.5322482585907
Done (10) 795.4097619056702
Done (11) 787.4440095424652
Done (12) 789.5102951526642
Done (13) 779.3863308429718
Done (14) 774.8622741699219
Done (15) 779.4697871208191
Done (16) 768.3094880580902
Done (17) 763.8171393871307
Done (18) 772.7515571117401
Done (19) 765.5271451473236
Done (20) 763.0191571712494
Done (21) 759.6686208248138
Done (22) 768.7224617004395
Done (23) 764.64244556427
Done (24) 761.3431050777435
Done (25) 760.384298324585
Done (26) 764.6336381435394
Done (27) 756.2357203960419
Done (28) 757.5439658164978
Done (29) 764.4277234077454
Done (30) 762.7223343849182
Done (31) 756.4382309913635
Done (32) 751.799150466919
Done (33) 756.4813334941864
Done (34) 752.1538667678833
Done (35) 763.5361890792847
Done (36) 754.662529706955
Done (37) 749.8423156738281
pinv: t = 1006
Done (38) 749.9377589225769
Done (39) 749.8482668399811
Done (40) 748.7948803901672
Done (41) 756.4537916183472
Done (42) 746.4903163909912
Done (43) 747.6692950725555
Done (44) 748.3210120201111
Done (45) 751.9746968746185
Done (46) 749.0635793209076
Done (47) 749.7787857055664
Done (48) 754.488109588623
Done (49) 745.8411254882812
Done (50) 746.8423435688019
Done (51) 750.9566323757172
Done (52) 748.4444587230682
Done (53) 745.5305335521698
Done (54) 749.8390166759491
Done (55) 757.1381487846375
Done (56) 748.043888092041
Done (57) 746.7565531730652
Done (58) 747.5752367973328
Done (59) 747.2876448631287
Done (60) 747.7226297855377
Done (61) 745.9162817001343
Done (62) 742.2746958732605
Done (63) 750.0667593479156
Done (64) 742.5641911029816
Done (65) 746.0612428188324
Done (66) 747.8504528999329
Done (67) 746.3929758071899
Done (68) 746.1140451431274
Done (69) 747.706738948822
Done (70) 742.1470329761505
Done (71) 751.4752848148346
Done (72) 742.6814262866974
Done (73) 741.9280223846436
pinv: t = 2200
Done (74) 740.8623428344727
Done (75) 741.68008852005
Done (76) 741.0728530883789
Done (77) 741.3691530227661
Done (78) 741.2791314125061
Done (79) 739.494692325592
Done (80) 752.2494530677795
Done (81) 741.8636436462402
Done (82) 743.4910361766815
Done (83) 740.2617888450623
Done (84) 742.7094643115997
Done (85) 742.0849056243896
Done (86) 740.4816815853119
Done (87) 739.1509928703308
Done (88) 739.3686656951904
Done (89) 748.3701405525208
Done (90) 739.7457847595215
Done (91) 737.8065872192383
Done (92) 738.6763653755188
Done (93) 742.0154581069946
pinv: t = 2344
Done (94) 740.4188015460968
Done (95) 741.2884192466736
Done (96) 743.0212438106537
Done (97) 740.2102792263031
Done (98) 740.7770819664001
Done (99) 751.8224239349365
Done (100) 741.198625087738
{'srcc': array([0.74210789, 0.75016166, 0.75692481, 0.7553751 , 0.76314623,
       0.76532025, 0.76612913, 0.75766085, 0.76646685, 0.76801356,
       0.7766279 , 0.76969361, 0.77321152, 0.76765365, 0.76835608,
       0.7786393 , 0.77731149, 0.76955716, 0.78360672, 0.77056718,
       0.77830423, 0.77483972, 0.77651545, 0.78825011, 0.7834315 ,
       0.78594851, 0.79071923, 0.78589175, 0.78174797, 0.78776826,
       0.78146559, 0.78289229, 0.78631539, 0.78393063, 0.79129253,
       0.78708239, 0.78846241, 0.78229595, 0.784424  , 0.78624026,
       0.78107627, 0.78944674, 0.78694533, 0.79258326, 0.78476964,
       0.78299982, 0.78170669, 0.78591515, 0.79234155, 0.7929871 ,
       0.7923736 , 0.78784818, 0.79361644, 0.78981422, 0.7945613 ,
       0.78094629, 0.78972781, 0.78632919, 0.79414173, 0.78627951,
       0.78427975, 0.78600468, 0.79247093, 0.79139334, 0.78895086,
       0.78917396, 0.78618698, 0.79477   , 0.78949955, 0.7906087 ,
       0.78516196, 0.78415314, 0.79100858, 0.78910123, 0.78027879,
       0.78777894, 0.78678836, 0.79001452, 0.7914321 , 0.79446949,
       0.79395596, 0.78512883, 0.78553555, 0.78283204, 0.78248473,
       0.77738122, 0.78729649, 0.78698134, 0.78634359, 0.78310579,
       0.78072259, 0.78111959, 0.78465443, 0.78071191, 0.78186823,
       0.78711575, 0.78145203, 0.78205821, 0.7795502 , 0.78327561,
       0.78417738, 0.778761  , 0.77880756, 0.77573225, 0.77709919,
       0.77852217, 0.78265035, 0.77904362, 0.78616874, 0.77770837,
       0.78268059, 0.78435464, 0.7801973 , 0.77763696, 0.77952115,
       0.7673991 , 0.77188419, 0.77767765, 0.77727033, 0.78234875,
       0.77598344, 0.77589523, 0.77416082, 0.7776474 , 0.77429787,
       0.77396688, 0.77464782, 0.77328209, 0.77161308, 0.77530189,
       0.78168305, 0.77365809, 0.77097906, 0.77323576, 0.78090585,
       0.78184326, 0.77521548, 0.77821686, 0.7700354 , 0.77813525,
       0.76905119, 0.77477972, 0.76990039, 0.77442508, 0.77104698,
       0.77318656, 0.76917144, 0.76867423, 0.76992079, 0.76089217]), 'acc': array([42.10808328, 42.03087217, 42.3450055 , 42.46201661, 42.54989439,
       42.42949995, 42.61602773, 42.54492217, 42.67604994, 42.64393328,
       42.76034439, 42.7113055 , 42.69548884, 42.63716106, 42.73303328,
       42.69178328, 42.75487773, 42.62841662, 42.80249995, 42.47634995,
       42.6737555 , 42.60271661, 42.68776661, 42.73931106, 42.65423329,
       42.71157217, 42.81667217, 42.77971661, 42.7299055 , 42.67632217,
       42.68148328, 42.67129995, 42.6893055 , 42.68107217, 42.70077217,
       42.62408328, 42.75086661, 42.62461106, 42.63451106, 42.71229995,
       42.6772555 , 42.63508883, 42.47377217, 42.74366662, 42.6625055 ,
       42.57598328, 42.47822217, 42.66392773, 42.50334995, 42.64913328,
       42.63277773, 42.51081106, 42.50891662, 42.49465551, 42.53353328,
       42.46226661, 42.52144995, 42.47439439, 42.42952217, 42.49292773,
       42.46376662, 42.45418884, 42.42529439, 42.49857217, 42.39822217,
       42.42536106, 42.30144995, 42.45864439, 42.32497772, 42.36741661,
       42.47612217, 42.40231106, 42.40074439, 42.36726662, 42.32891661,
       42.46113328, 42.29252772, 42.42033884, 42.36172217, 42.21851106,
       42.26008328, 42.15356661, 42.15348884, 42.24052217, 42.3143555 ,
       42.09888884, 42.2199555 , 42.16128328, 42.13057773, 42.15263884,
       41.99436106, 42.09163883, 41.98281662, 42.15086106, 42.15148884,
       42.17279439, 42.08948328, 42.15711662, 41.87181106, 42.01394995,
       42.02102217, 41.94883884, 41.99489439, 41.96833328, 41.83971106,
       41.95052773, 41.98065551, 41.97399995, 41.87621661, 41.74686661,
       41.94457772, 42.03072772, 41.79367217, 41.87277773, 41.78651106,
       41.77158884, 41.68819439, 41.81948884, 41.7120055 , 41.88534995,
       41.58343884, 41.77171106, 41.65769439, 41.76511106, 41.67268328,
       41.5859555 , 41.7174055 , 41.60408328, 41.65489995, 41.7403555 ,
       41.59092217, 41.55138884, 41.46456662, 41.64022217, 41.61378328,
       41.50499995, 41.52038328, 41.52698328, 41.43482217, 41.54792773,
       41.34479995, 41.5889055 , 41.40479439, 41.40886106, 41.41388884,
       41.4144055 , 41.31903884, 41.31117773, 41.30476661, 41.19033328])}
Done at Wed Jan 26 14:58:59 JST 2022
