Running on host c2
Starting at Thu Jan 20 21:39:53 JST 2022
Running on hosts: c2
Running on 1 nodes.
Running 1 tasks.
Current working directory is /home/rio-hada/workspace/SurrogateModels
> sbatch spy srcc.py -T 1500 --trials 100 --eval_freq 10 --name base
Namespace(B=2, D=100, P=16, T=1500, eval_archs=100, eval_freq=10, gpu=False, id=8292, k_size_max=None, mean0=False, name='base', recalc=1, seed=None, select_mode='random', trials=100)
save to 'result/image/srcc_t100_T1500_mean_base_8292.png'
Done (1) 1181.276317358017
Done (2) 1012.7823750972748
Done (3) 891.0032730102539
Done (4) 812.7769837379456
Done (5) 762.3920285701752
Done (6) 717.4234313964844
Done (7) 687.7077376842499
Done (8) 675.945291519165
Done (9) 660.796061038971
Done (10) 649.0473313331604
Done (11) 639.261486530304
Done (12) 643.8227751255035
Done (13) 630.8958780765533
Done (14) 619.9351861476898
Done (15) 613.6505427360535
Done (16) 615.0569863319397
Done (17) 623.6520318984985
Done (18) 611.1271138191223
Done (19) 608.5810837745667
Done (20) 606.9829745292664
Done (21) 602.2063941955566
Done (22) 601.8325881958008
Done (23) 600.8461828231812
Done (24) 601.2823503017426
Done (25) 606.0468833446503
Done (26) 597.9423906803131
Done (27) 599.3334767818451
Done (28) 596.8902359008789
Done (29) 595.4588758945465
Done (30) 595.0190930366516
Done (31) 590.6566841602325
Done (32) 589.4689507484436
Done (33) 589.2224233150482
Done (34) 587.968337059021
Done (35) 590.7127158641815
Done (36) 597.6164722442627
Done (37) 588.0419733524323
Done (38) 589.3639805316925
Done (39) 586.8097071647644
Done (40) 587.3428802490234
Done (41) 586.2006013393402
Done (42) 588.331681728363
Done (43) 586.2752730846405
Done (44) 586.0332436561584
Done (45) 586.741693019867
Done (46) 586.1728477478027
Done (47) 590.1773526668549
Done (48) 572.6062607765198
Done (49) 570.6545331478119
Done (50) 581.0838997364044
Done (51) 572.885840177536
Done (52) 570.2493197917938
Done (53) 572.9106476306915
Done (54) 571.0380034446716
Done (55) 569.279402256012
Done (56) 570.9280495643616
Done (57) 569.6809220314026
Done (58) 570.1831548213959
Done (59) 570.3445107936859
Done (60) 569.6927828788757
Done (61) 571.0584683418274
Done (62) 571.7701282501221
Done (63) 568.941155910492
Done (64) 570.670952796936
Done (65) 571.0840051174164
Done (66) 568.673793554306
Done (67) 568.9456593990326
Done (68) 569.8669142723083
Done (69) 579.1578617095947
Done (70) 565.7140634059906
Done (71) 567.6537113189697
Done (72) 566.8566851615906
Done (73) 568.4367690086365
Done (74) 570.1006779670715
Done (75) 568.0226299762726
Done (76) 566.7184212207794
Done (77) 567.7167615890503
Done (78) 569.6142122745514
Done (79) 566.8464682102203
Done (80) 568.1080029010773
Done (81) 570.0267939567566
Done (82) 568.2723593711853
Done (83) 566.154522895813
Done (84) 569.4477846622467
Done (85) 568.3637392520905
Done (86) 569.190958738327
Done (87) 568.7651071548462
pinv: t = 446
Done (88) 569.6867492198944
Done (89) 567.8678185939789
Done (90) 567.7726442813873
Done (91) 566.8333232402802
Done (92) 567.9583008289337
Done (93) 566.6498391628265
Done (94) 568.231721162796
Done (95) 577.452314376831
Done (96) 565.5874874591827
Done (97) 566.6241841316223
Done (98) 566.7262980937958
Done (99) 568.2758302688599
Done (100) 567.8404719829559
{'srcc': array([0.74145551, 0.74644308, 0.75127825, 0.75986055, 0.76150483,
       0.75639592, 0.769191  , 0.76718572, 0.7742189 , 0.77741446,
       0.76726361, 0.77180054, 0.76233027, 0.775976  , 0.77651701,
       0.77495362, 0.77809529, 0.77801656, 0.77699358, 0.77702958,
       0.77818506, 0.77565785, 0.7665751 , 0.77045833, 0.76930189,
       0.75848077, 0.76564788, 0.76115476, 0.76858518, 0.75778302,
       0.75693069, 0.74110003, 0.76028407, 0.74884536, 0.7576444 ,
       0.71715116, 0.73428527, 0.72198284, 0.69897666, 0.71421218,
       0.7076132 , 0.70602436, 0.69039664, 0.69425323, 0.62038368,
       0.67027423, 0.67280876, 0.62420798, 0.58307555, 0.60107003,
       0.57990507, 0.57953027, 0.61058122, 0.55914491, 0.52487033,
       0.54168041, 0.5495814 , 0.51370261, 0.52476544, 0.4437859 ,
       0.51231863, 0.51400576, 0.4408282 , 0.45880708, 0.42113855,
       0.40096934, 0.41883564, 0.39846673, 0.43812517, 0.42918584,
       0.35170981, 0.29709475, 0.36522904, 0.34269259, 0.34770393,
       0.32984266, 0.35407885, 0.3076216 , 0.37812121, 0.30904962,
       0.34152343, 0.35754587, 0.29379874, 0.27871695, 0.35261338,
       0.27686457, 0.30824446, 0.25297054, 0.28211533, 0.28733933,
       0.27197456, 0.25055074, 0.28594023, 0.2523886 , 0.25558176,
       0.28693189, 0.199624  , 0.2036036 , 0.27878752, 0.2780162 ,
       0.26319784, 0.22277696, 0.17668527, 0.20324884, 0.17303054,
       0.20572661, 0.23593315, 0.2178339 , 0.1931766 , 0.16957792,
       0.16260438, 0.16945839, 0.19850093, 0.16612637, 0.17330957,
       0.18912979, 0.16294965, 0.17118044, 0.18296514, 0.1376456 ,
       0.17438524, 0.12495662, 0.12033591, 0.13518356, 0.16168149,
       0.15141026, 0.20891689, 0.12676748, 0.12671347, 0.16451041,
       0.15256958, 0.15229055, 0.15810249, 0.15955368, 0.20619526,
       0.1760342 , 0.20922676, 0.1291916 , 0.13359328, 0.13474143,
       0.13544338, 0.08211149, 0.10360936, 0.18344374, 0.11755992,
       0.15890861, 0.09387831, 0.09616022, 0.14821938, 0.13358248]), 'acc': array([42.02538328, 42.16859439, 42.2209555 , 42.27662773, 42.4751555 ,
       42.31083884, 42.60204439, 42.53484995, 42.66823884, 42.78374439,
       42.5915555 , 42.7478555 , 42.63053328, 42.80977217, 42.70410551,
       42.86054439, 42.80439995, 42.68378328, 42.86011106, 42.86313884,
       42.85921106, 42.87378328, 42.45647217, 42.81798884, 42.6484055 ,
       42.71064439, 42.59209439, 42.68484439, 42.68173328, 42.56831662,
       42.46298328, 42.32389995, 42.35823884, 42.52823328, 42.44267772,
       41.76274439, 42.1431555 , 41.95001661, 41.50517772, 41.8120055 ,
       41.80842773, 41.78037773, 41.69211106, 41.56716661, 40.25197217,
       41.10512773, 41.19591106, 40.60746662, 40.46963884, 40.13243328,
       40.44677217, 40.22708884, 40.5277555 , 39.77492217, 39.70257217,
       39.58269439, 39.87927773, 39.37169995, 39.68412773, 38.42878328,
       39.60186662, 39.43856662, 38.88999995, 38.70803328, 38.37863884,
       38.33241662, 38.44644995, 37.81349995, 38.47175551, 38.67627773,
       38.16221106, 37.00954995, 37.88528328, 37.33378328, 37.38009439,
       37.47816106, 37.4071444 , 36.8646444 , 38.03285551, 37.29651106,
       37.77278328, 37.51668328, 37.28062773, 37.06728329, 37.36357217,
       37.13582773, 37.56207773, 36.51325551, 36.98479995, 37.51158329,
       36.86923328, 36.88306662, 37.15727218, 36.91713884, 37.06631662,
       37.00397217, 36.07958884, 35.98412218, 37.11909439, 36.98018328,
       36.72412773, 36.36234995, 35.5258444 , 35.57451106, 35.77477773,
       35.6906444 , 36.79631106, 36.3593944 , 35.98212218, 35.53899995,
       36.04603328, 35.03706107, 35.7917444 , 35.93661662, 36.08023328,
       35.72700551, 35.11322217, 35.61403884, 35.84841662, 35.09393884,
       35.54403329, 34.89743884, 34.90100551, 35.15566662, 34.9926444 ,
       35.52769996, 36.67247218, 35.39808884, 35.28084995, 35.2742444 ,
       35.43276662, 35.42711106, 35.55224439, 35.36146662, 36.07312773,
       35.69925551, 35.85872218, 34.95563884, 34.84183884, 34.9622944 ,
       35.21891106, 34.10453329, 34.6889444 , 35.74107218, 34.52726107,
       35.41801106, 35.24325551, 34.96067773, 35.90653884, 35.16061107])}
Done at Fri Jan 21 14:27:39 JST 2022
