Running on host c3
Starting at Thu Jan 27 13:31:50 JST 2022
Running on hosts: c3
Running on 1 nodes.
Running 1 tasks.
Current working directory is /home/rio-hada/workspace/SurrogateModels
> sbatch spy srcc.py -T 1500 --trials 100 --k_size_max 900 --eval_freq 10 --select_mode similarity
Namespace(B=2, D=100, P=16, T=1500, eval_archs=100, eval_freq=10, gpu=False, id=8407, k_size_max=900, mean0=False, name=None, recalc=1, seed=None, select_mode='similarity', trials=100)
save to 'result/image/srcc_t100_T1500_dmax900_sim_mean_8407.png'
Done (1) 1483.363736152649
Done (2) 1442.680171251297
Done (3) 1433.1199407577515
Done (4) 1381.6700284481049
Done (5) 1379.4137041568756
Done (6) 1357.8759648799896
Done (7) 1353.2974631786346
Done (8) 1337.914615392685
Done (9) 1305.4520263671875
Done (10) 1267.3429579734802
Done (11) 1253.2792773246765
Done (12) 1267.6915726661682
Done (13) 1259.454802274704
Done (14) 1249.3103845119476
Done (15) 1273.5093929767609
Done (16) 1251.1617052555084
Done (17) 1256.653576850891
Done (18) 1255.8857142925262
Done (19) 1256.5550408363342
Done (20) 1248.576209306717
Done (21) 1256.6453785896301
Done (22) 1254.37526345253
Done (23) 1252.509336233139
Done (24) 1255.408178806305
Done (25) 1247.0468728542328
Done (26) 1249.9904119968414
Done (27) 1253.4354572296143
Done (28) 1246.4826674461365
Done (29) 1241.7967402935028
Done (30) 1260.1705996990204
Done (31) 1251.705887079239
Done (32) 1248.8816974163055
Done (33) 1238.8262724876404
Done (34) 1252.5782251358032
Done (35) 1253.1255414485931
Done (36) 1254.839943408966
Done (37) 1246.7304809093475
Done (38) 1253.4247167110443
Done (39) 1246.7956635951996
Done (40) 1245.5271773338318
Done (41) 1242.2576098442078
Done (42) 1246.0740399360657
Done (43) 1244.3838198184967
Done (44) 1243.0449712276459
Done (45) 1252.8714060783386
Done (46) 1248.6293215751648
Done (47) 1249.717665195465
Done (48) 1251.0028789043427
Done (49) 1245.7546708583832
Done (50) 1247.2564897537231
Done (51) 1244.32657456398
Done (52) 1239.5486900806427
Done (53) 1244.7696413993835
Done (54) 1245.5181579589844
Done (55) 1238.794454574585
Done (56) 1246.4243693351746
Done (57) 1243.206873178482
Done (58) 1244.4500319957733
Done (59) 1243.1476030349731
Done (60) 1242.8554854393005
Done (61) 1246.5673215389252
Done (62) 1244.5305888652802
Done (63) 1247.2138576507568
Done (64) 1246.4867658615112
Done (65) 1246.9288330078125
Done (66) 1252.9172999858856
Done (67) 1239.741770029068
Done (68) 1245.1232571601868
Done (69) 1247.0248456001282
Done (70) 1242.184262752533
Done (71) 1246.7124688625336
Done (72) 1247.2495412826538
Done (73) 1241.4909784793854
Done (74) 1244.5880193710327
Done (75) 1243.5905575752258
Done (76) 1243.8519806861877
Done (77) 1243.8428704738617
Done (78) 1248.012713432312
Done (79) 1246.6561543941498
Done (80) 1236.4994740486145
Done (81) 1246.9059624671936
Done (82) 1246.376281261444
Done (83) 1248.7553265094757
Done (84) 1247.5995061397552
Done (85) 1247.2577664852142
Done (86) 1247.135371685028
Done (87) 1248.4297029972076
Done (88) 1248.1345255374908
Done (89) 1243.6656086444855
Done (90) 1247.981048822403
Done (91) 1249.5195219516754
Done (92) 1251.3638372421265
Done (93) 1246.2989761829376
Done (94) 1247.193121433258
Done (95) 1246.3028500080109
Done (96) 1247.6006817817688
Done (97) 1246.1283121109009
Done (98) 1258.475103855133
Done (99) 1247.0152778625488
Done (100) 1251.0720627307892
{'srcc': array([0.74296778, 0.74847465, 0.75450273, 0.7609985 , 0.76406853,
       0.76451593, 0.76826007, 0.77186907, 0.76499994, 0.7700234 ,
       0.77759448, 0.76929529, 0.77443036, 0.77153279, 0.76196184,
       0.77717984, 0.77553171, 0.77444488, 0.76749955, 0.75670363,
       0.78056586, 0.76163912, 0.76819838, 0.77372097, 0.75429655,
       0.76733861, 0.75471563, 0.77469991, 0.76778398, 0.76041056,
       0.75220618, 0.75937198, 0.77162604, 0.75156136, 0.75646709,
       0.74984506, 0.74719748, 0.69679712, 0.70995932, 0.70811773,
       0.68599196, 0.70131845, 0.69731005, 0.70317624, 0.68665839,
       0.65185959, 0.71095086, 0.71183426, 0.69310879, 0.6875544 ,
       0.71286781, 0.71837996, 0.69639256, 0.6952066 , 0.68251797,
       0.71953471, 0.66932373, 0.67207873, 0.69124584, 0.67034947,
       0.68794935, 0.65774869, 0.68928149, 0.69071155, 0.64523144,
       0.65433999, 0.66026271, 0.65244524, 0.65193027, 0.64241548,
       0.64752691, 0.66261182, 0.66197816, 0.61874011, 0.61380318,
       0.62624746, 0.65292205, 0.62907267, 0.64040468, 0.63810369,
       0.60624278, 0.60070063, 0.61888665, 0.62968161, 0.59042568,
       0.62128605, 0.62138206, 0.65840912, 0.61741566, 0.60034743,
       0.63801116, 0.63649877, 0.62693369, 0.64352955, 0.60309943,
       0.66236604, 0.64778374, 0.63773693, 0.61030651, 0.66699094,
       0.63203804, 0.64691161, 0.66108467, 0.65428911, 0.59790363,
       0.67466955, 0.59997036, 0.58655602, 0.62034083, 0.6385829 ,
       0.61247633, 0.6454447 , 0.59443372, 0.65544026, 0.59189187,
       0.6258267 , 0.65167873, 0.66682172, 0.61798068, 0.63461506,
       0.59878008, 0.63877192, 0.64852325, 0.64344722, 0.61795884,
       0.65031011, 0.64494041, 0.6439904 , 0.65126673, 0.59183618,
       0.64210177, 0.63011809, 0.66491893, 0.6297709 , 0.59395704,
       0.58556532, 0.64287009, 0.62663474, 0.63047033, 0.6492282 ,
       0.60360192, 0.62729169, 0.65198632, 0.60823858, 0.6232216 ,
       0.62641956, 0.59147243, 0.61435176, 0.63942838, 0.57396604]), 'acc': array([42.12108884, 42.16993328, 42.27903328, 42.51364439, 42.44097217,
       42.58107217, 42.54892772, 42.71378884, 42.55911662, 42.62888328,
       42.64522217, 42.74452773, 42.71949995, 42.68184995, 42.4653055 ,
       42.78572772, 42.80484995, 42.6708555 , 42.67659995, 42.61109439,
       42.71289439, 42.63066662, 42.67608884, 42.74727773, 42.59416661,
       42.70069995, 42.55003884, 42.73284995, 42.62292217, 42.48011661,
       42.32101106, 42.38249439, 42.46277772, 42.4013055 , 42.42268328,
       42.1683055 , 42.06054439, 41.75179439, 41.8320555 , 41.80886662,
       41.60081106, 41.53277217, 41.52916661, 41.64394995, 41.64837773,
       40.76677773, 41.76863328, 41.55169439, 41.48138328, 41.41413884,
       41.38143328, 41.54782217, 41.5311055 , 41.34458884, 41.25732773,
       41.6627055 , 40.99929439, 40.73908884, 41.09469439, 40.98632773,
       41.40245551, 41.14147773, 41.17071661, 41.24711106, 40.79653328,
       40.56132773, 40.64372217, 40.62854439, 40.49739439, 40.63244439,
       40.78469995, 40.47554439, 40.68609995, 40.2391555 , 40.07166106,
       40.18512217, 40.4229555 , 40.31722217, 40.5292055 , 40.3185055 ,
       40.06276661, 39.93954995, 40.20839995, 40.23451106, 39.57304995,
       40.21773328, 40.24494439, 40.34548328, 39.68083328, 39.97659995,
       40.16599995, 40.24659439, 40.08518884, 40.54966106, 39.89928884,
       40.54341661, 40.41422217, 40.22628328, 39.73473328, 40.40566106,
       40.18384995, 40.4088055 , 40.48103328, 40.29359995, 39.72617217,
       40.63349439, 39.81623884, 39.72013328, 39.79318328, 39.88513884,
       39.57179995, 40.18204439, 39.4546555 , 40.3112555 , 39.68757217,
       40.0526055 , 40.34456106, 40.38662773, 39.77312773, 39.84669995,
       39.72476662, 40.2435055 , 40.15691106, 40.26308328, 39.88963328,
       40.14987217, 40.14859995, 40.27383884, 40.22753328, 39.48051106,
       39.8923055 , 39.89296662, 40.23601662, 39.81191661, 39.67164995,
       39.27949439, 40.26605551, 39.92156106, 40.02732217, 40.14897773,
       39.60359995, 39.68351106, 40.00313884, 39.51470551, 39.7823055 ,
       39.40394439, 39.6684555 , 39.4767944 , 39.77533328, 38.69670551])}
Done at Sat Jan 29 00:33:57 JST 2022
