Running on host c4
Starting at Tue Jan 18 18:25:04 JST 2022
Running on hosts: c4
Running on 1 nodes.
Running 1 tasks.
Current working directory is /home/rio-hada/workspace/SurrogateModels
> sbatch spy srcc.py -T 1500 --trials 100 --k_size_max 800 --eval_freq 10 --select_mode similarity
Namespace(B=2, D=100, P=16, T=1500, eval_archs=100, eval_freq=10, gpu=False, id=8231, k_size_max=800, mean0=False, name=None, recalc=1, seed=None, select_mode='similarity', trials=100)
save to 'result/image/srcc_t100_T1500_dmax800_sim_mean_8231.png'
Done (1) 1285.813311100006
Done (2) 1224.7825155258179
Done (3) 1231.823835849762
Done (4) 1179.5547604560852
Done (5) 1167.4032967090607
Done (6) 1153.4624071121216
Done (7) 1141.0804216861725
Done (8) 1142.156980752945
Done (9) 1122.775413274765
Done (10) 1116.003039598465
Done (11) 1091.7670485973358
Done (12) 1073.7875583171844
Done (13) 1051.3004355430603
Done (14) 1052.1654756069183
Done (15) 1057.2421560287476
Done (16) 1057.207147359848
Done (17) 1063.3160998821259
Done (18) 1049.2318060398102
Done (19) 1054.9882190227509
Done (20) 1039.6820437908173
Done (21) 1042.609759569168
Done (22) 1056.2907464504242
Done (23) 1043.8010277748108
Done (24) 1042.3638818264008
Done (25) 1047.2280526161194
Done (26) 1047.9441785812378
Done (27) 1038.051702260971
Done (28) 1042.3923590183258
Done (29) 1045.6767024993896
Done (30) 1044.1307308673859
Done (31) 1048.645959854126
Done (32) 1041.3212308883667
Done (33) 1049.967529296875
Done (34) 1040.053854227066
Done (35) 1046.5526461601257
Done (36) 1046.3752844333649
Done (37) 1043.6881182193756
Done (38) 1043.503445148468
Done (39) 1044.248332977295
Done (40) 1041.2981770038605
Done (41) 1041.7955169677734
Done (42) 1048.5303280353546
Done (43) 1037.317909002304
Done (44) 1042.5251610279083
Done (45) 1046.1065196990967
Done (46) 1042.3241307735443
Done (47) 1034.1031503677368
Done (48) 1043.5527720451355
Done (49) 1041.0693085193634
Done (50) 1034.2672712802887
Done (51) 1048.429750919342
Done (52) 1041.6983907222748
Done (53) 1036.0593736171722
Done (54) 1046.6711864471436
Done (55) 1047.5486676692963
Done (56) 1035.574334859848
Done (57) 1036.9740962982178
Done (58) 1042.992031097412
Done (59) 1043.3416142463684
Done (60) 1043.9431235790253
Done (61) 1041.5875670909882
Done (62) 1038.5222368240356
Done (63) 1037.5055303573608
Done (64) 1046.7405998706818
Done (65) 1053.8845901489258
Done (66) 1046.6187736988068
Done (67) 1043.713487148285
Done (68) 1038.5751123428345
Done (69) 1032.953682422638
Done (70) 1037.0410811901093
Done (71) 1046.2423174381256
Done (72) 1045.023315668106
Done (73) 1041.574790239334
Done (74) 1036.9896976947784
Done (75) 1043.904108762741
Done (76) 1046.319439649582
Done (77) 1035.871393442154
Done (78) 1044.8640506267548
Done (79) 1044.4549334049225
Done (80) 1036.495943069458
Done (81) 1043.8826382160187
Done (82) 1041.940506696701
Done (83) 1037.5263495445251
Done (84) 1038.3414463996887
Done (85) 1048.7719283103943
Done (86) 1046.1597638130188
Done (87) 1035.8122169971466
Done (88) 1038.1502768993378
Done (89) 1051.2211163043976
Done (90) 1045.2275121212006
Done (91) 1036.6268253326416
Done (92) 1038.8352046012878
Done (93) 1042.827808380127
Done (94) 1042.307657957077
Done (95) 1041.4565773010254
Done (96) 1043.9717309474945
Done (97) 1042.9758093357086
Done (98) 1042.4601984024048
Done (99) 1037.4801075458527
Done (100) 1037.0813853740692
[0.74636988 0.76180318 0.75854593 0.7599928  0.76336286 0.75940882
 0.75951815 0.7743736  0.76517228 0.76928077 0.76667087 0.77067099
 0.78028323 0.7686141  0.76837816 0.77267447 0.77102154 0.78129457
 0.78356328 0.77311911 0.77936706 0.77154383 0.77214101 0.77611917
 0.76592823 0.7644114  0.75917048 0.76415374 0.76552019 0.75770693
 0.76226367 0.73901614 0.74818038 0.70916556 0.75027651 0.74541566
 0.75258878 0.75460078 0.76172913 0.74466475 0.75431527 0.75692085
 0.75970741 0.76618902 0.76222106 0.74801416 0.77022166 0.76671503
 0.76420666 0.75218866 0.75969865 0.74014689 0.7533721  0.74817522
 0.73692829 0.72865299 0.76380198 0.71599436 0.75958332 0.74861314
 0.74419358 0.76946367 0.73659766 0.73708275 0.75713399 0.71788803
 0.71721212 0.75211233 0.71693345 0.72832043 0.74539814 0.732415
 0.70855566 0.70091233 0.72005461 0.74498362 0.72705395 0.71387447
 0.70846853 0.72915656 0.72719976 0.74494557 0.71763816 0.72604908
 0.73530453 0.71019958 0.71247633 0.69723648 0.70464722 0.70197816
 0.71488161 0.73367213 0.72567693 0.72516184 0.71285413 0.74619778
 0.72519256 0.71998032 0.70682652 0.73322688 0.68104362 0.69517468
 0.71995884 0.70711743 0.69160024 0.73211809 0.69346307 0.7148036
 0.68858266 0.71166901 0.70819022 0.72442844 0.69640456 0.66872607
 0.64990567 0.66899238 0.66869859 0.69386355 0.69904254 0.69548707
 0.67126325 0.71223402 0.66315908 0.70979346 0.68100966 0.67319376
 0.67671983 0.66255542 0.6996024  0.68090837 0.66445221 0.67397924
 0.70334461 0.66217642 0.71319772 0.68908035 0.6812258  0.6690195
 0.68306883 0.70778338 0.68844536 0.69918764 0.70035548 0.67758008
 0.6734069  0.68338218 0.68711215 0.70679928 0.65497906 0.69105479]
Done at Wed Jan 19 23:48:11 JST 2022
