Running on host c3
Starting at Wed Jan 19 07:08:41 JST 2022
Running on hosts: c3
Running on 1 nodes.
Running 1 tasks.
Current working directory is /home/rio-hada/workspace/SurrogateModels
> sbatch spy srcc.py -T 1500 --trials 100 --k_size_max 900 --eval_freq 10 --select_mode similarity
Namespace(B=2, D=100, P=16, T=1500, eval_archs=100, eval_freq=10, gpu=False, id=8255, k_size_max=900, mean0=False, name=None, recalc=1, seed=None, select_mode='similarity', trials=100)
save to 'result/image/srcc_t100_T1500_dmax900_sim_mean_8255.png'
Done (1) 1485.573499917984
Done (2) 1458.483172416687
Done (3) 1441.2831239700317
Done (4) 1407.542510509491
Done (5) 1382.2058753967285
Done (6) 1381.3621938228607
Done (7) 1361.2912576198578
Done (8) 1347.557655096054
Done (9) 1328.4656856060028
Done (10) 1285.3403403759003
Done (11) 1285.1153106689453
Done (12) 1284.0876796245575
Done (13) 1264.5642771720886
Done (14) 1272.1974592208862
Done (15) 1262.5414245128632
Done (16) 1251.5925681591034
Done (17) 1269.9150726795197
Done (18) 1260.6657979488373
Done (19) 1269.2493770122528
Done (20) 1272.4677035808563
Done (21) 1268.429010629654
Done (22) 1265.2388648986816
Done (23) 1248.6085138320923
Done (24) 1272.1598484516144
Done (25) 1254.711151599884
Done (26) 1255.5430660247803
Done (27) 1248.6687531471252
Done (28) 1261.2291011810303
Done (29) 1258.7956495285034
Done (30) 1261.440887928009
Done (31) 1264.1108343601227
Done (32) 1262.3015441894531
Done (33) 1263.3595089912415
Done (34) 1260.5595245361328
Done (35) 1250.7073814868927
Done (36) 1258.8135056495667
Done (37) 1260.2198779582977
Done (38) 1269.0245370864868
Done (39) 1264.5731670856476
Done (40) 1262.3569588661194
Done (41) 1260.3981220722198
Done (42) 1261.237093925476
Done (43) 1264.2344508171082
Done (44) 1251.3986134529114
Done (45) 1261.7669744491577
Done (46) 1256.6833035945892
Done (47) 1259.102852344513
Done (48) 1263.3952188491821
Done (49) 1261.4027802944183
Done (50) 1263.9863860607147
Done (51) 1253.8281769752502
Done (52) 1263.6649112701416
Done (53) 1256.4194993972778
Done (54) 1262.9543645381927
Done (55) 1256.3488240242004
Done (56) 1262.6227962970734
Done (57) 1260.2982203960419
Done (58) 1255.237382888794
Done (59) 1263.2534177303314
Done (60) 1266.6011638641357
Done (61) 1269.2776885032654
Done (62) 1266.4327535629272
Done (63) 1262.3557846546173
Done (64) 1264.9547085762024
Done (65) 1262.2791237831116
Done (66) 1256.7483541965485
Done (67) 1264.6202960014343
Done (68) 1263.9906523227692
Done (69) 1264.9594507217407
Done (70) 1265.287740945816
Done (71) 1265.329022884369
Done (72) 1259.878930568695
Done (73) 1260.7113645076752
Done (74) 1262.9675724506378
Done (75) 1267.2185142040253
Done (76) 1261.1233232021332
Done (77) 1261.3455386161804
Done (78) 1264.5894684791565
Done (79) 1257.7099623680115
Done (80) 1268.7012231349945
Done (81) 1270.5016083717346
Done (82) 1261.5595481395721
Done (83) 1261.2538003921509
Done (84) 1267.7402839660645
Done (85) 1264.1623032093048
Done (86) 1262.6257956027985
Done (87) 1268.7193927764893
Done (88) 1268.501009941101
Done (89) 1268.9127826690674
Done (90) 1268.2196879386902
Done (91) 1268.8610439300537
Done (92) 1270.7106244564056
Done (93) 1267.1265408992767
Done (94) 1262.298612356186
Done (95) 1260.8129229545593
Done (96) 1267.4488806724548
Done (97) 1266.0294048786163
Done (98) 1268.9611356258392
Done (99) 1258.3449075222015
Done (100) 1267.8802289962769
[0.74517324 0.75221518 0.76222898 0.76026319 0.75983546 0.7670225
 0.76357576 0.77271551 0.77532385 0.77681452 0.77765965 0.7644474
 0.77366637 0.78222586 0.77484836 0.77187735 0.77968665 0.77453069
 0.77638836 0.7658171  0.77246085 0.77738302 0.78614281 0.77388119
 0.76917636 0.78066415 0.76750123 0.7701745  0.76559772 0.74469439
 0.73528581 0.75344686 0.74258626 0.77240048 0.74826835 0.73946019
 0.75310711 0.73407801 0.7229619  0.71027615 0.70311551 0.70377882
 0.75018422 0.70240168 0.71310015 0.69487801 0.71558932 0.72629247
 0.69204932 0.6729973  0.7116264  0.69624662 0.72503318 0.70641368
 0.70537654 0.70669991 0.70632451 0.69276892 0.71365521 0.70364932
 0.71161332 0.7031556  0.68853117 0.71076892 0.71321596 0.66054965
 0.69578158 0.65264038 0.66937042 0.692788   0.65029835 0.68490621
 0.66707855 0.63725365 0.68418962 0.67295998 0.63386667 0.70713351
 0.68089397 0.66228443 0.67068371 0.64202784 0.64170453 0.69744494
 0.6417979  0.6599568  0.57618506 0.63336046 0.62808317 0.65513483
 0.65474347 0.63834515 0.64161932 0.6719502  0.65826607 0.67281596
 0.59774629 0.6693907  0.64542946 0.62561284 0.6612498  0.64691653
 0.60103774 0.62313135 0.66279064 0.6262153  0.64234887 0.67536658
 0.63075968 0.61237108 0.61551467 0.66588311 0.68129601 0.68900582
 0.62603408 0.63761692 0.63580258 0.65295086 0.62416154 0.65061698
 0.6250123  0.5819808  0.60777042 0.61788275 0.63791083 0.60172721
 0.65959496 0.61132829 0.56373129 0.64238944 0.60238236 0.65537042
 0.59623378 0.60534617 0.61068491 0.58354023 0.60753015 0.57316724
 0.63186955 0.64019862 0.62690525 0.62536022 0.59138218 0.67282916
 0.61373993 0.60357984 0.66574485 0.62153519 0.60729721 0.62110279]
Done at Thu Jan 20 18:35:17 JST 2022
