Running on host c3
Starting at Sat Jan 29 00:34:00 JST 2022
Running on hosts: c3
Running on 1 nodes.
Running 1 tasks.
Current working directory is /home/rio-hada/workspace/SurrogateModels
> sbatch spy srcc.py -T 1500 --trials 100 --k_size_max 500 --eval_freq 10 --select_mode similarity
Namespace(B=2, D=100, P=16, T=1500, eval_archs=100, eval_freq=10, gpu=False, id=8421, k_size_max=500, mean0=False, name=None, recalc=1, seed=None, select_mode='similarity', trials=100)
save to 'result/image/srcc_t100_T1500_dmax500_sim_mean_8421.png'
Done (1) 679.108971118927
Done (2) 649.790953874588
Done (3) 619.1171319484711
Done (4) 603.0158331394196
Done (5) 587.5312128067017
Done (6) 573.2346081733704
Done (7) 560.2062320709229
Done (8) 558.4946620464325
Done (9) 553.826329946518
Done (10) 547.0387420654297
Done (11) 543.9877817630768
Done (12) 543.66752576828
Done (13) 537.057186126709
Done (14) 532.4736366271973
Done (15) 532.3047132492065
Done (16) 542.3573698997498
Done (17) 533.3875637054443
Done (18) 527.4867262840271
Done (19) 523.85413646698
Done (20) 524.0713746547699
Done (21) 519.9519066810608
Done (22) 517.5559406280518
Done (23) 521.0624334812164
Done (24) 500.3327867984772
Done (25) 503.60379695892334
Done (26) 499.1637029647827
Done (27) 498.1967544555664
Done (28) 497.5313436985016
Done (29) 498.2048783302307
Done (30) 500.94166469573975
Done (31) 495.4122030735016
Done (32) 497.67459774017334
Done (33) 495.47390031814575
Done (34) 501.59365677833557
Done (35) 496.0188994407654
Done (36) 495.5217125415802
Done (37) 493.7915287017822
Done (38) 495.0027484893799
Done (39) 494.2020037174225
Done (40) 492.8277122974396
Done (41) 494.5916666984558
Done (42) 491.78530859947205
Done (43) 492.4710910320282
Done (44) 489.8603184223175
Done (45) 488.1656804084778
Done (46) 489.14524936676025
Done (47) 494.9087345600128
Done (48) 490.28180861473083
Done (49) 490.80162286758423
Done (50) 489.6991641521454
Done (51) 489.1228766441345
Done (52) 487.95935893058777
Done (53) 488.8804886341095
Done (54) 490.3887617588043
Done (55) 489.9442563056946
Done (56) 489.5414559841156
Done (57) 487.9078674316406
Done (58) 488.7106411457062
Done (59) 490.878534078598
Done (60) 490.5353512763977
Done (61) 490.0453805923462
Done (62) 491.478728055954
Done (63) 491.14535093307495
Done (64) 488.7684781551361
Done (65) 489.8216235637665
Done (66) 494.6254012584686
Done (67) 487.53829646110535
Done (68) 487.0634431838989
Done (69) 487.82729482650757
Done (70) 488.0892069339752
Done (71) 488.7866413593292
Done (72) 488.7119519710541
Done (73) 487.7467255592346
Done (74) 487.15229773521423
Done (75) 489.1172139644623
Done (76) 489.2359411716461
Done (77) 488.394273519516
Done (78) 488.3128659725189
Done (79) 489.4399061203003
Done (80) 489.39051723480225
Done (81) 487.732563495636
Done (82) 487.8217215538025
Done (83) 497.9563331604004
Done (84) 487.66515278816223
Done (85) 485.9696829319
Done (86) 487.31496834754944
Done (87) 491.3356602191925
Done (88) 485.96677255630493
Done (89) 486.6082773208618
Done (90) 489.11063599586487
Done (91) 486.0875325202942
Done (92) 493.91737961769104
Done (93) 485.4471709728241
Done (94) 484.65575098991394
Done (95) 487.96773409843445
Done (96) 485.1201937198639
Done (97) 487.2758831977844
Done (98) 487.7210204601288
Done (99) 488.80500507354736
Done (100) 489.1548721790314
{'srcc': array([0.7450105 , 0.75735374, 0.76294749, 0.76148059, 0.76468119,
       0.76124968, 0.76980858, 0.76367129, 0.76701026, 0.77336922,
       0.77938278, 0.77007489, 0.7734255 , 0.76009745, 0.77839976,
       0.77362808, 0.77491737, 0.76530861, 0.77280864, 0.76597288,
       0.78890141, 0.78249937, 0.79222226, 0.78129793, 0.78719496,
       0.77846841, 0.77981014, 0.77870771, 0.7826003 , 0.78894101,
       0.78147303, 0.78767057, 0.78560588, 0.80115344, 0.78701794,
       0.78492949, 0.78660282, 0.79288689, 0.79011233, 0.78487537,
       0.78642508, 0.78342694, 0.78263618, 0.78854989, 0.7869985 ,
       0.78720108, 0.78475152, 0.79097438, 0.78628707, 0.78940342,
       0.77835908, 0.79022922, 0.79212589, 0.7846387 , 0.79206709,
       0.78187963, 0.79021998, 0.78602196, 0.78789595, 0.78546199,
       0.79013225, 0.78487381, 0.77856946, 0.78337858, 0.78881416,
       0.77368737, 0.78640732, 0.78554467, 0.76306847, 0.79033423,
       0.78685005, 0.78359652, 0.77213537, 0.78690789, 0.76515296,
       0.78735482, 0.78228095, 0.79075308, 0.77349799, 0.78578746,
       0.78093249, 0.78342514, 0.78630687, 0.7789661 , 0.7824372 ,
       0.7708078 , 0.77143846, 0.77301926, 0.78104446, 0.78588683,
       0.77851809, 0.78292289, 0.78671059, 0.7840408 , 0.78301422,
       0.77025227, 0.77272811, 0.77932757, 0.7669625 , 0.7800156 ,
       0.76629979, 0.77364116, 0.77488305, 0.77398044, 0.77394659,
       0.78133501, 0.77547843, 0.76452253, 0.76889613, 0.77577486,
       0.77445869, 0.77829007, 0.77328977, 0.7737925 , 0.76891293,
       0.76738218, 0.77598236, 0.76057102, 0.76703198, 0.77232175,
       0.76997876, 0.76969517, 0.76400252, 0.76737018, 0.77399232,
       0.76511035, 0.77351227, 0.77250993, 0.77166409, 0.76598752,
       0.76894929, 0.76876364, 0.77251269, 0.76216166, 0.76163576,
       0.76893885, 0.76559004, 0.76712991, 0.7679652 , 0.77641128,
       0.77211713, 0.76253417, 0.76429979, 0.76222394, 0.75219094,
       0.76041272, 0.76228155, 0.75965473, 0.75067219, 0.76360324]), 'acc': array([42.16747773, 42.23373883, 42.26444439, 42.51214995, 42.40072217,
       42.54024995, 42.43569439, 42.66117773, 42.55044439, 42.5709555 ,
       42.78841662, 42.59824439, 42.79791106, 42.67031106, 42.87502772,
       42.70444439, 42.69048328, 42.70392217, 42.65351661, 42.6022055 ,
       42.81107217, 42.77752773, 42.86164439, 42.77919995, 42.71043328,
       42.58916661, 42.77301661, 42.59586662, 42.61843884, 42.56874439,
       42.48924995, 42.68468884, 42.64698884, 42.65227217, 42.5473555 ,
       42.52527773, 42.72148328, 42.62251662, 42.6312055 , 42.54281661,
       42.48834439, 42.51401106, 42.41447772, 42.56037773, 42.54372217,
       42.42692217, 42.51873884, 42.52943328, 42.58588328, 42.49166661,
       42.56873884, 42.63313328, 42.52082217, 42.39855551, 42.31074439,
       42.45248328, 42.34157773, 42.28573884, 42.48072217, 42.34832217,
       42.49734995, 42.13749995, 42.28412217, 42.25447773, 42.28626106,
       42.07246661, 42.27622217, 42.29028884, 41.99372773, 42.38979439,
       42.3163055 , 42.02997217, 42.22541106, 42.24386661, 41.88261662,
       42.06627217, 42.10599439, 42.30002217, 42.02034995, 42.21449995,
       42.06678884, 42.02944995, 42.18472773, 42.16859995, 42.18539995,
       41.85696106, 42.07841106, 41.95492217, 41.99563884, 41.90811106,
       41.99046106, 42.03813328, 42.10186106, 42.06599439, 42.02571662,
       41.78512217, 41.65221106, 41.84804439, 41.9909555 , 41.74593328,
       41.75479439, 41.7718055 , 41.95913884, 41.65164995, 41.90663328,
       41.89712217, 41.86209439, 41.73747217, 41.83768884, 41.79468328,
       41.68896661, 41.97973328, 41.81221662, 41.72122772, 41.77321661,
       41.63046106, 41.84341106, 41.66904439, 41.68556661, 41.49116661,
       41.6406055 , 41.64833884, 41.5718555 , 41.58309995, 41.6336055 ,
       41.63578884, 41.60429439, 41.59632217, 41.57658884, 41.55341106,
       41.59208884, 41.53528884, 41.77674995, 41.54569439, 41.37243328,
       41.54954995, 41.57252772, 41.33177217, 41.50904995, 41.64736106,
       41.43312217, 41.36347773, 41.41413884, 41.22156661, 41.23564995,
       41.33549439, 41.39929995, 41.21596106, 41.30478328, 41.35247217])}
Done at Sat Jan 29 14:38:12 JST 2022
