Running on host c2
Starting at Fri Jan 28 06:55:29 JST 2022
Running on hosts: c2
Running on 1 nodes.
Running 1 tasks.
Current working directory is /home/rio-hada/workspace/SurrogateModels
> sbatch spy srcc.py -T 1500 --trials 100 --k_size_max 600 --eval_freq 10 --select_mode similarity
Namespace(B=2, D=100, P=16, T=1500, eval_archs=100, eval_freq=10, gpu=False, id=8417, k_size_max=600, mean0=False, name=None, recalc=1, seed=None, select_mode='similarity', trials=100)
save to 'result/image/srcc_t100_T1500_dmax600_sim_mean_8417.png'
Done (1) 853.3174715042114
Done (2) 820.3789637088776
Done (3) 795.3401708602905
Done (4) 784.7611253261566
Done (5) 760.0015535354614
Done (6) 753.648469209671
Done (7) 735.7038571834564
Done (8) 750.6606137752533
Done (9) 728.2454526424408
Done (10) 714.8075988292694
Done (11) 708.0469489097595
Done (12) 702.422611951828
Done (13) 712.4374325275421
Done (14) 706.7233669757843
Done (15) 700.105703830719
Done (16) 692.5818655490875
Done (17) 683.5080051422119
Done (18) 663.5692174434662
Done (19) 662.9150805473328
Done (20) 677.2708888053894
Done (21) 668.4490537643433
Done (22) 667.0427906513214
Done (23) 658.8313474655151
Done (24) 660.6954026222229
Done (25) 660.1742081642151
Done (26) 661.0021371841431
Done (27) 658.556624174118
Done (28) 660.6383018493652
Done (29) 668.1363472938538
Done (30) 667.2308619022369
Done (31) 657.6224455833435
Done (32) 655.7399914264679
Done (33) 667.8918538093567
Done (34) 654.007110118866
Done (35) 653.6845831871033
Done (36) 653.2998127937317
Done (37) 654.7990968227386
Done (38) 653.1635367870331
Done (39) 654.0359542369843
Done (40) 669.3445551395416
Done (41) 655.6521046161652
Done (42) 661.2476303577423
Done (43) 653.3205072879791
Done (44) 655.7125384807587
Done (45) 654.5305879116058
Done (46) 652.7743752002716
Done (47) 654.6900963783264
Done (48) 652.0905208587646
Done (49) 655.1251130104065
Done (50) 653.7355554103851
Done (51) 651.9494071006775
Done (52) 653.1488990783691
Done (53) 653.6155154705048
Done (54) 655.4468412399292
Done (55) 651.1544666290283
Done (56) 650.347740650177
Done (57) 658.8547825813293
Done (58) 656.6148788928986
Done (59) 649.6564109325409
Done (60) 664.4664764404297
Done (61) 650.386069059372
Done (62) 659.1628866195679
Done (63) 652.0697953701019
Done (64) 648.6325440406799
Done (65) 649.7313604354858
Done (66) 648.6014666557312
Done (67) 649.7839756011963
Done (68) 655.7928941249847
Done (69) 649.6116001605988
Done (70) 649.8359298706055
Done (71) 649.8424293994904
Done (72) 660.6878089904785
Done (73) 649.4326066970825
Done (74) 648.9918184280396
Done (75) 647.4760370254517
Done (76) 649.1982891559601
Done (77) 655.3079526424408
Done (78) 650.1687343120575
Done (79) 650.8167295455933
Done (80) 650.5075402259827
Done (81) 655.9004004001617
Done (82) 650.2444713115692
Done (83) 653.1522672176361
Done (84) 647.4896509647369
Done (85) 649.4749076366425
Done (86) 657.3257584571838
Done (87) 649.5573201179504
Done (88) 649.1103236675262
Done (89) 651.3753488063812
Done (90) 648.107241153717
Done (91) 656.9098656177521
Done (92) 648.7334270477295
Done (93) 646.5605385303497
Done (94) 651.9899616241455
Done (95) 659.7614035606384
Done (96) 647.871072769165
Done (97) 655.1821155548096
Done (98) 655.4779653549194
Done (99) 656.028975725174
Done (100) 648.2251355648041
{'srcc': array([0.73527297, 0.74708719, 0.75058578, 0.75740846, 0.75682112,
       0.75318608, 0.76122016, 0.76919436, 0.76081356, 0.76675992,
       0.77065347, 0.76835296, 0.77020786, 0.77648953, 0.77660594,
       0.76807009, 0.78131905, 0.77254041, 0.76741374, 0.77948455,
       0.77075764, 0.77826739, 0.77165497, 0.76582694, 0.76936742,
       0.77968485, 0.77405125, 0.7707994 , 0.77362112, 0.77377414,
       0.772821  , 0.77159844, 0.77703846, 0.76687825, 0.78602868,
       0.78308515, 0.7736402 , 0.77482868, 0.77639484, 0.78185971,
       0.77073015, 0.76212277, 0.78584314, 0.77728389, 0.7733583 ,
       0.7791994 , 0.77309835, 0.78611773, 0.77189139, 0.76599892,
       0.76701698, 0.77838212, 0.76211281, 0.75719004, 0.77893381,
       0.782397  , 0.76840744, 0.77297618, 0.76175122, 0.77977162,
       0.77281596, 0.7620402 , 0.78569301, 0.7813649 , 0.77552115,
       0.76859826, 0.79547951, 0.76483876, 0.77655746, 0.76755056,
       0.78100558, 0.76400264, 0.77100534, 0.77386487, 0.78946055,
       0.78195548, 0.75211509, 0.7736138 , 0.78593363, 0.77737054,
       0.78565893, 0.77484128, 0.78104002, 0.77747963, 0.78512415,
       0.78377606, 0.78001596, 0.78236028, 0.78273147, 0.78940042,
       0.78353687, 0.77907507, 0.77994731, 0.76643984, 0.78116076,
       0.75047225, 0.75262262, 0.77159628, 0.76204656, 0.75864986,
       0.76274743, 0.76428983, 0.77192895, 0.7823742 , 0.76093981,
       0.73930285, 0.76121764, 0.75797456, 0.77403012, 0.77448953,
       0.77059238, 0.77673279, 0.75877708, 0.75247573, 0.75570165,
       0.74804956, 0.77817306, 0.76568929, 0.76720768, 0.75838776,
       0.75711491, 0.76491161, 0.76204356, 0.75119868, 0.75858266,
       0.76313795, 0.76495038, 0.76826271, 0.76395584, 0.76416262,
       0.73953939, 0.76232955, 0.76190555, 0.74801536, 0.75620906,
       0.74892301, 0.72958476, 0.75470555, 0.76317492, 0.75132001,
       0.76811857, 0.76745791, 0.74353267, 0.74550687, 0.75835596,
       0.74493585, 0.76523072, 0.73147951, 0.75925629, 0.75374509]), 'acc': array([42.20582217, 42.21048328, 42.41119995, 42.29081661, 42.42637217,
       42.51369995, 42.66068884, 42.61909995, 42.68158328, 42.63539995,
       42.80337217, 42.68578884, 42.86213328, 42.6843055 , 42.73752217,
       42.77879994, 42.80904995, 42.7023055 , 42.64831106, 42.76292217,
       42.7612555 , 42.76174439, 42.78532773, 42.59527773, 42.69481662,
       42.7724555 , 42.53694995, 42.76156106, 42.57197217, 42.61913884,
       42.54423884, 42.53908328, 42.67097217, 42.57963884, 42.58988884,
       42.43094439, 42.5247555 , 42.52154995, 42.47202773, 42.63241106,
       42.37467773, 42.31091662, 42.40936662, 42.49472217, 42.35653328,
       42.40969995, 42.23389439, 42.48181662, 42.46196662, 42.28746662,
       42.04690551, 42.35439995, 42.18876106, 41.98591662, 42.31844995,
       42.1503555 , 42.35143328, 42.30392772, 42.2178055 , 42.23362773,
       42.19962217, 42.04102217, 42.34153328, 42.27581106, 42.23621106,
       42.08486661, 42.31007773, 42.00979439, 42.22971661, 41.90371661,
       42.17889995, 42.01184439, 42.04534995, 41.91001106, 42.06599995,
       42.1529555 , 41.79768884, 42.02836106, 42.00463883, 42.06776662,
       42.11523883, 41.99442217, 42.1299555 , 41.8421555 , 42.09204439,
       42.12597217, 41.97827217, 41.96146661, 41.91849439, 42.03899439,
       42.01119439, 41.96522773, 41.93453328, 41.7715555 , 41.8601555 ,
       41.36136661, 41.77226106, 41.66888884, 41.74588328, 41.68421662,
       41.69727773, 41.77212217, 41.55477772, 41.95021106, 41.64874995,
       41.36628328, 41.4142555 , 41.74969439, 41.70331662, 41.59851661,
       41.67140551, 41.60023884, 41.57793884, 41.41128328, 41.40646661,
       41.54379439, 41.6521055 , 41.60723884, 41.5436055 , 41.43658883,
       41.55788884, 41.53924995, 41.71142773, 41.3084055 , 41.44847773,
       41.55702217, 41.32876661, 41.52812217, 41.40379995, 41.42411662,
       41.35347773, 41.49181106, 41.48986106, 41.26717773, 41.37241661,
       41.1830555 , 40.82151106, 41.33779439, 41.33827773, 41.30122772,
       41.32684995, 41.4667555 , 41.17568883, 41.35156106, 41.25451661,
       41.12724439, 41.41327773, 40.92443884, 41.25389439, 41.11744995])}
Done at Sat Jan 29 01:31:48 JST 2022
