Running on host c4
Starting at Sun Jan 23 18:39:20 JST 2022
Running on hosts: c4
Running on 1 nodes.
Running 1 tasks.
Current working directory is /home/rio-hada/workspace/SurrogateModels
> sbatch spy srcc.py -T 1500 --trials 100 --k_size_max 400 --eval_freq 10 --select_mode similarity
Namespace(B=2, D=100, P=16, T=1500, eval_archs=100, eval_freq=10, gpu=False, id=8341, k_size_max=400, mean0=False, name=None, recalc=1, seed=None, select_mode='similarity', trials=100)
save to 'result/image/srcc_t100_T1500_dmax400_sim_mean_8341.png'
Done (1) 496.46985960006714
Done (2) 471.0493252277374
Done (3) 454.49245738983154
Done (4) 434.5657503604889
Done (5) 427.68484449386597
Done (6) 421.6054000854492
Done (7) 412.43308329582214
Done (8) 402.15109872817993
Done (9) 394.79561138153076
Done (10) 389.10986709594727
Done (11) 389.13779878616333
Done (12) 384.81992411613464
Done (13) 381.2576127052307
Done (14) 385.30586075782776
Done (15) 378.0193991661072
Done (16) 377.30089020729065
Done (17) 381.63250517845154
Done (18) 374.1870770454407
Done (19) 376.15190386772156
Done (20) 372.2707166671753
Done (21) 368.79513812065125
Done (22) 371.63566637039185
Done (23) 368.46908044815063
Done (24) 365.8877956867218
Done (25) 367.30420303344727
Done (26) 363.61084485054016
Done (27) 370.9955015182495
Done (28) 365.1837306022644
Done (29) 353.5459804534912
Done (30) 349.8975439071655
Done (31) 347.47655034065247
Done (32) 347.44279050827026
Done (33) 346.1993730068207
Done (34) 347.24959325790405
Done (35) 344.6670162677765
Done (36) 347.63036274909973
Done (37) 345.36409521102905
Done (38) 351.20618724823
Done (39) 344.5247597694397
Done (40) 346.2491936683655
Done (41) 346.57710790634155
Done (42) 343.2753221988678
Done (43) 344.4892008304596
Done (44) 342.5682168006897
Done (45) 342.8541030883789
Done (46) 342.9815905094147
Done (47) 342.3257429599762
Done (48) 340.4772789478302
Done (49) 340.18297052383423
Done (50) 341.0612473487854
Done (51) 340.48733019828796
Done (52) 342.94659996032715
Done (53) 337.29100918769836
Done (54) 341.090528011322
Done (55) 339.6284337043762
Done (56) 339.7424805164337
Done (57) 339.2367854118347
Done (58) 339.0813591480255
Done (59) 338.8561668395996
Done (60) 339.1258809566498
Done (61) 343.6139302253723
Done (62) 337.79246163368225
Done (63) 338.3391110897064
Done (64) 339.247389793396
Done (65) 338.41390585899353
Done (66) 338.0056164264679
Done (67) 336.8329544067383
Done (68) 337.7746398448944
Done (69) 338.35644602775574
Done (70) 339.19188714027405
Done (71) 344.97688245773315
Done (72) 337.61608028411865
Done (73) 338.31688022613525
Done (74) 336.1457395553589
Done (75) 338.67630100250244
Done (76) 340.68875193595886
Done (77) 337.4837543964386
Done (78) 338.4658854007721
Done (79) 336.8247833251953
Done (80) 336.1355609893799
Done (81) 337.3441867828369
Done (82) 336.505900144577
Done (83) 335.8654479980469
Done (84) 335.30766248703003
Done (85) 335.3705892562866
Done (86) 338.675901889801
Done (87) 337.55276322364807
Done (88) 335.9292633533478
Done (89) 336.64910197257996
Done (90) 335.70777678489685
Done (91) 334.3588149547577
Done (92) 338.7574760913849
Done (93) 335.72883200645447
Done (94) 336.52401089668274
Done (95) 335.0254547595978
Done (96) 335.58905148506165
Done (97) 336.86798572540283
Done (98) 342.6559121608734
Done (99) 334.5123043060303
Done (100) 335.10651755332947
{'srcc': array([0.75104998, 0.75161584, 0.74600924, 0.75580894, 0.75365209,
       0.76415158, 0.77050897, 0.77406697, 0.75866139, 0.76326445,
       0.76844104, 0.77309487, 0.77155884, 0.77092721, 0.76592151,
       0.77458206, 0.77463606, 0.77652421, 0.77576586, 0.78740402,
       0.78560864, 0.78570813, 0.78285689, 0.77137978, 0.78859754,
       0.79060714, 0.78965821, 0.79247429, 0.78897594, 0.78615854,
       0.79165473, 0.790836  , 0.79185443, 0.78970861, 0.79389943,
       0.79097654, 0.79626139, 0.79052385, 0.7893955 , 0.78788443,
       0.78934317, 0.77426079, 0.7945919 , 0.78866499, 0.78872463,
       0.78831731, 0.78754539, 0.7895748 , 0.77786703, 0.78743678,
       0.79389187, 0.78611881, 0.79054185, 0.78863018, 0.78190075,
       0.79329997, 0.78303606, 0.78021662, 0.79117204, 0.80199712,
       0.78630795, 0.78042556, 0.78886421, 0.78097018, 0.77787183,
       0.78670291, 0.78129133, 0.78963084, 0.78766397, 0.77802232,
       0.78538446, 0.78115092, 0.79028347, 0.78396724, 0.78600432,
       0.78862514, 0.78749967, 0.77752751, 0.77701674, 0.78133309,
       0.77972781, 0.78130717, 0.776824  , 0.77629139, 0.78011629,
       0.7862279 , 0.78086037, 0.77763144, 0.78016622, 0.77204044,
       0.78218662, 0.7712108 , 0.77511155, 0.7734225 , 0.77233915,
       0.78048053, 0.78385779, 0.78117384, 0.78348275, 0.77768401,
       0.7756102 , 0.7802057 , 0.7780042 , 0.78438452, 0.77507387,
       0.76867543, 0.77758512, 0.77891677, 0.76582166, 0.76933705,
       0.77325893, 0.77080768, 0.76824362, 0.76954743, 0.77873255,
       0.76539538, 0.78266835, 0.7741883 , 0.76870831, 0.77215254,
       0.76529157, 0.76439436, 0.77717336, 0.77548899, 0.76385251,
       0.77457606, 0.76513279, 0.77038944, 0.76089541, 0.76741374,
       0.76928077, 0.77198704, 0.76582214, 0.76613213, 0.76345647,
       0.77324128, 0.77482208, 0.7757835 , 0.77947207, 0.76730189,
       0.76574941, 0.76225335, 0.763633  , 0.77433003, 0.75708659,
       0.76511503, 0.77910615, 0.7720138 , 0.76307771, 0.76790183]), 'acc': array([42.13573884, 42.24099439, 42.2899055 , 42.37329995, 42.39092217,
       42.51583883, 42.59091106, 42.70424995, 42.51168884, 42.54814439,
       42.52003884, 42.72084439, 42.81919439, 42.61416106, 42.6233055 ,
       42.65218884, 42.63562773, 42.66096662, 42.5955555 , 42.77217217,
       42.75678884, 42.69883884, 42.73994995, 42.59958884, 42.47378328,
       42.6970944 , 42.52186661, 42.79146106, 42.70392773, 42.60602217,
       42.56277217, 42.62818884, 42.6098555 , 42.56837217, 42.63505551,
       42.5555055 , 42.58226106, 42.5373055 , 42.44702217, 42.55297217,
       42.64383328, 42.47042217, 42.59036106, 42.38167217, 42.33402217,
       42.38655551, 42.49442217, 42.55769995, 42.24402772, 42.42803328,
       42.51128328, 42.47099995, 42.48806106, 42.26061661, 42.32802217,
       42.47281661, 42.27622773, 42.26911661, 42.41889439, 42.29722773,
       42.3082055 , 42.24734995, 42.34128328, 42.30357217, 42.22404995,
       42.27396106, 42.2014555 , 42.20463884, 42.19962773, 42.26079439,
       42.12917217, 42.17658883, 42.25558884, 42.22523328, 42.33579995,
       42.17252217, 42.21533884, 42.07584439, 42.08442773, 42.07579995,
       42.05579439, 42.09197217, 42.13664995, 42.04036106, 41.97703328,
       42.07658884, 42.06636662, 42.06047217, 42.00141662, 41.8963055 ,
       42.03906106, 41.93592217, 41.77844439, 41.75071106, 41.92837217,
       41.71346106, 41.92082773, 41.8669555 , 41.81598884, 41.78759439,
       41.79016661, 41.95017772, 41.71673884, 41.85299995, 41.92455551,
       41.89891662, 41.69054995, 41.84949995, 41.57741661, 41.67314439,
       41.77699995, 41.65564994, 41.76852217, 41.62571106, 41.70017773,
       41.52007773, 41.8467555 , 41.62414439, 41.70861662, 41.49792217,
       41.53497772, 41.53843884, 41.60459439, 41.69892772, 41.64427773,
       41.51462773, 41.62961661, 41.51543328, 41.44018328, 41.52953883,
       41.45839995, 41.78702773, 41.44871662, 41.51157217, 41.54358328,
       41.36143328, 41.59272217, 41.4407555 , 41.37704995, 41.27234995,
       41.42568884, 41.27351661, 41.39468884, 41.24973884, 41.29663884,
       41.10589995, 41.44724995, 41.14416661, 41.13216106, 41.1410555 ])}
Done at Mon Jan 24 04:31:54 JST 2022
