Running on host c4
Starting at Sat Jan 22 19:01:22 JST 2022
Running on hosts: c4
Running on 1 nodes.
Running 1 tasks.
Current working directory is /home/rio-hada/workspace/SurrogateModels
> sbatch spy srcc.py -T 1500 --trials 100 --k_size_max 700 --eval_freq 10 --select_mode similarity
Namespace(B=2, D=100, P=16, T=1500, eval_archs=100, eval_freq=10, gpu=False, id=8321, k_size_max=700, mean0=False, name=None, recalc=1, seed=None, select_mode='similarity', trials=100)
save to 'result/image/srcc_t100_T1500_dmax700_sim_mean_8321.png'
Done (1) 1046.4752490520477
Done (2) 1013.6108067035675
Done (3) 978.6924483776093
Done (4) 957.4758727550507
Done (5) 930.1437137126923
Done (6) 918.6486942768097
Done (7) 909.5485363006592
Done (8) 919.2873554229736
Done (9) 936.7434422969818
Done (10) 918.7456457614899
Done (11) 909.9707899093628
Done (12) 881.8404974937439
Done (13) 908.9044699668884
Done (14) 872.2057590484619
Done (15) 854.6896815299988
Done (16) 839.6327276229858
Done (17) 840.3427755832672
Done (18) 842.0425710678101
Done (19) 844.7173736095428
Done (20) 848.5513024330139
Done (21) 836.9129912853241
Done (22) 855.1544904708862
Done (23) 837.0273315906525
Done (24) 854.4868862628937
Done (25) 841.1381182670593
Done (26) 836.1214632987976
Done (27) 855.430079460144
Done (28) 832.7769856452942
Done (29) 830.1433899402618
Done (30) 837.491503238678
Done (31) 830.372965335846
Done (32) 850.7866666316986
Done (33) 845.2314267158508
Done (34) 847.3546137809753
Done (35) 844.4672586917877
Done (36) 837.3493049144745
Done (37) 848.4604108333588
Done (38) 847.9571712017059
Done (39) 830.8141529560089
Done (40) 841.6869564056396
Done (41) 833.9125409126282
Done (42) 831.4153475761414
Done (43) 830.7838253974915
Done (44) 835.6695110797882
Done (45) 833.5254857540131
Done (46) 831.9112441539764
Done (47) 834.6419808864594
Done (48) 834.5591218471527
Done (49) 838.4810104370117
Done (50) 834.4737548828125
Done (51) 850.554089307785
Done (52) 845.7111177444458
Done (53) 843.0901062488556
Done (54) 831.1990258693695
Done (55) 836.2899787425995
Done (56) 843.7938666343689
Done (57) 834.8160967826843
Done (58) 832.777405500412
Done (59) 838.3242313861847
Done (60) 828.1890933513641
Done (61) 837.0641713142395
Done (62) 826.9971699714661
Done (63) 834.7882835865021
Done (64) 831.5837938785553
Done (65) 829.3616523742676
Done (66) 829.141793012619
Done (67) 832.5589497089386
Done (68) 842.6419293880463
Done (69) 831.9211254119873
Done (70) 831.567629814148
Done (71) 845.5803718566895
Done (72) 830.1557621955872
Done (73) 829.9098460674286
Done (74) 836.8256731033325
Done (75) 829.9305956363678
Done (76) 829.6843593120575
Done (77) 835.3475475311279
Done (78) 829.7838802337646
Done (79) 845.9007530212402
Done (80) 837.2341551780701
Done (81) 830.9399199485779
Done (82) 837.4558236598969
Done (83) 831.0573205947876
Done (84) 842.2876739501953
Done (85) 829.1778576374054
Done (86) 834.3608963489532
Done (87) 827.7023377418518
Done (88) 843.1275289058685
Done (89) 829.5899167060852
Done (90) 832.4739637374878
Done (91) 828.1630072593689
Done (92) 840.6100611686707
Done (93) 828.053496837616
Done (94) 830.9145269393921
Done (95) 827.0798082351685
Done (96) 827.1971645355225
Done (97) 827.8979980945587
Done (98) 824.2186934947968
Done (99) 841.5279471874237
Done (100) 833.2982180118561
{'srcc': array([0.7466375 , 0.75566805, 0.76292157, 0.76199352, 0.76180246,
       0.76015686, 0.75976418, 0.77774545, 0.76983702, 0.77688917,
       0.76890753, 0.77550027, 0.77693657, 0.77471803, 0.77210669,
       0.78691557, 0.77574617, 0.77250345, 0.77453117, 0.77687861,
       0.76160648, 0.77141722, 0.76607261, 0.77938218, 0.78438248,
       0.77017138, 0.76725821, 0.75603564, 0.76430111, 0.74254365,
       0.76817858, 0.77698746, 0.77205761, 0.76027531, 0.76979478,
       0.76246361, 0.75973789, 0.76667483, 0.78104374, 0.77470267,
       0.76662658, 0.75129133, 0.75173681, 0.77034827, 0.76593459,
       0.76991623, 0.78976946, 0.76317132, 0.75992691, 0.76711503,
       0.76189163, 0.7616108 , 0.7667622 , 0.76308947, 0.72707567,
       0.74070171, 0.7180024 , 0.74209013, 0.77354287, 0.75445773,
       0.73839268, 0.75618842, 0.74663858, 0.75920492, 0.76714263,
       0.74973309, 0.72526721, 0.76183522, 0.77063666, 0.76089709,
       0.74684548, 0.76594143, 0.75488245, 0.75723756, 0.7654339 ,
       0.7654057 , 0.75177498, 0.77933753, 0.7417961 , 0.73739574,
       0.76143582, 0.75718224, 0.76021818, 0.7445829 , 0.76995752,
       0.75255554, 0.7644294 , 0.76828479, 0.76358332, 0.73711539,
       0.74121176, 0.74560636, 0.74403924, 0.73252301, 0.76313963,
       0.7426045 , 0.75367057, 0.7433655 , 0.74097186, 0.73721488,
       0.75130717, 0.73895014, 0.74345623, 0.76026547, 0.74561692,
       0.70191107, 0.73226943, 0.71493645, 0.74882616, 0.74712643,
       0.73735134, 0.72189283, 0.74136454, 0.75526469, 0.74808629,
       0.75646697, 0.74690861, 0.74259706, 0.7631586 , 0.72691605,
       0.72447033, 0.73944278, 0.74715716, 0.74410945, 0.74059442,
       0.74601476, 0.75932829, 0.76656898, 0.7497565 , 0.72862514,
       0.73804416, 0.73953663, 0.73837876, 0.73703618, 0.73811845,
       0.74177318, 0.74218158, 0.74711863, 0.74166745, 0.72168485,
       0.73748959, 0.74632787, 0.72095242, 0.75222322, 0.7529829 ,
       0.7339958 , 0.75115572, 0.71427879, 0.7283784 , 0.7301949 ]), 'acc': array([42.06977217, 42.19153884, 42.28012217, 42.43507773, 42.33122217,
       42.37154995, 42.46187772, 42.68254995, 42.6282055 , 42.6328055 ,
       42.58869439, 42.70336106, 42.86164439, 42.67052773, 42.87188328,
       42.82769439, 42.73397217, 42.80511661, 42.90711662, 42.68681106,
       42.56671106, 42.74049995, 42.54489439, 42.74148883, 42.70251662,
       42.70596106, 42.58733884, 42.45658884, 42.51149995, 42.38680551,
       42.54979439, 42.73782217, 42.53531106, 42.39267217, 42.39823884,
       42.49152217, 42.27531661, 42.44578328, 42.54011106, 42.49891662,
       42.37202773, 42.26379439, 42.13497773, 42.37592772, 42.06099995,
       42.34526106, 42.44538884, 42.19572773, 41.97912772, 42.31366661,
       42.13056106, 42.20672217, 42.02056106, 42.03013328, 41.79677773,
       41.9256555 , 41.69474439, 41.6912055 , 42.1089555 , 41.99553328,
       41.90018328, 41.91033328, 41.84983328, 41.73744439, 41.99388884,
       41.95733328, 41.61156106, 42.02116106, 42.03223328, 41.85227217,
       41.7738055 , 41.8479055 , 41.66088884, 41.86682217, 41.84352217,
       42.08817217, 41.68681106, 41.9223555 , 41.82089995, 41.62353328,
       41.78611106, 41.77551661, 41.81596661, 41.4577555 , 41.86859995,
       41.68992773, 41.71938328, 41.70088328, 41.65302217, 41.5351055 ,
       41.53488328, 41.54666661, 41.57708328, 41.38798328, 41.85992773,
       41.68988884, 41.61539995, 41.48393328, 41.43322217, 41.29248328,
       41.50923884, 41.33261662, 41.43244439, 41.60362217, 41.46806662,
       40.90737773, 41.1557555 , 41.12548328, 41.32646662, 41.33932773,
       41.41653884, 40.82897773, 41.28897772, 41.38193884, 41.44352773,
       41.51028328, 41.28311662, 41.44713884, 41.57874439, 41.15123884,
       41.09632217, 41.32658328, 41.26680551, 41.1280555 , 41.16681661,
       41.26464439, 41.30187773, 41.42711662, 41.58913884, 41.06589439,
       41.17928328, 41.17108884, 41.03236106, 41.0857555 , 41.15174995,
       41.06702217, 40.92074995, 41.30573328, 40.84489995, 40.79603884,
       41.10398884, 41.19744995, 40.63739995, 41.11687773, 41.24623328,
       40.8598555 , 41.31094439, 40.66308884, 40.6333555 , 40.89913328])}
Done at Sun Jan 23 18:39:14 JST 2022
