Running on host c2
Starting at Sat Jan 15 21:02:42 JST 2022
Running on hosts: c2
Running on 1 nodes.
Running 1 tasks.
Current working directory is /home/rio-hada/workspace/SurrogateModels
> sbatch spy srcc.py -T 1500 --trials 100 --k_size_max 400 --eval_freq 10
Namespace(B=2, D=100, P=16, T=1500, eval_archs=100, eval_freq=10, gpu=False, id=8078, k_size_max=400, mean0=False, name=None, recalc=1, seed=None, select_mode='random', trials=100)
save to 'result/image/srcc_t100_T1500_dmax400_mean_8078.png'
Done (1) 1402.2717549800873
Done (2) 1152.0433549880981
Done (3) 1016.6676332950592
Done (4) 942.2824022769928
Done (5) 909.5439805984497
Done (6) 881.3114302158356
Done (7) 871.323956489563
Done (8) 851.7110018730164
Done (9) 823.0388381481171
Done (10) 813.6912474632263
Done (11) 805.6769316196442
Done (12) 804.4847657680511
Done (13) 800.4764385223389
Done (14) 794.5340263843536
Done (15) 798.5620231628418
Done (16) 791.5221145153046
Done (17) 786.3727440834045
Done (18) 782.7495806217194
Done (19) 777.4288415908813
Done (20) 774.0327825546265
Done (21) 771.3525657653809
Done (22) 775.951051235199
Done (23) 772.2359712123871
Done (24) 776.5642566680908
Done (25) 771.5988929271698
Done (26) 770.7553541660309
Done (27) 768.7769918441772
Done (28) 771.3164012432098
Done (29) 767.3610887527466
Done (30) 774.7402167320251
Done (31) 765.0159451961517
Done (32) 765.4243524074554
Done (33) 761.2603614330292
Done (34) 760.1899321079254
Done (35) 761.2068889141083
Done (36) 762.0432529449463
Done (37) 760.378743648529
Done (38) 761.8479590415955
Done (39) 761.1453263759613
Done (40) 763.4404196739197
Done (41) 759.8354623317719
Done (42) 772.4169204235077
Done (43) 760.4869966506958
Done (44) 762.1759037971497
Done (45) 759.7896628379822
Done (46) 763.1115500926971
Done (47) 760.4351010322571
Done (48) 760.674322605133
Done (49) 757.8955497741699
Done (50) 761.0544946193695
Done (51) 759.5954115390778
Done (52) 759.1713585853577
Done (53) 758.3179061412811
Done (54) 761.9979305267334
Done (55) 760.9666273593903
Done (56) 757.0815229415894
Done (57) 761.0675473213196
Done (58) 766.4468040466309
Done (59) 759.154627084732
Done (60) 761.5744342803955
Done (61) 758.8076865673065
Done (62) 757.2898709774017
Done (63) 758.0847215652466
Done (64) 757.1901149749756
Done (65) 756.6446542739868
Done (66) 758.3962693214417
Done (67) 755.6278562545776
Done (68) 759.4045491218567
Done (69) 756.2095565795898
Done (70) 756.7278945446014
Done (71) 751.0616135597229
Done (72) 753.2189559936523
Done (73) 755.4001808166504
Done (74) 755.5618197917938
Done (75) 755.7302527427673
Done (76) 755.9263806343079
Done (77) 754.1530704498291
Done (78) 755.8373026847839
Done (79) 764.830629825592
Done (80) 755.2598724365234
Done (81) 756.4209716320038
Done (82) 754.4125006198883
Done (83) 755.0166041851044
Done (84) 754.9601910114288
Done (85) 752.0733473300934
Done (86) 752.1089332103729
Done (87) 753.0863518714905
Done (88) 752.3777031898499
Done (89) 751.8603661060333
Done (90) 753.2171967029572
Done (91) 753.570561170578
Done (92) 754.6475970745087
Done (93) 753.3743984699249
Done (94) 752.2564234733582
Done (95) 751.2441217899323
Done (96) 753.6932187080383
Done (97) 754.680743932724
Done (98) 752.0969355106354
pinv: t = 2198
Done (99) 751.739440202713
Done (100) 754.7341547012329
[0.75048353 0.75750123 0.74521008 0.76015578 0.77027807 0.75956448
 0.7533709  0.76429895 0.77454461 0.76602808 0.77453861 0.76469931
 0.77231047 0.77612769 0.77320048 0.77305827 0.76020018 0.77966937
 0.77488989 0.7635502  0.77254749 0.78266103 0.76393243 0.78420534
 0.77153903 0.78005701 0.77933609 0.77549247 0.78131725 0.78032823
 0.78361236 0.7810105  0.7757745  0.78810789 0.77726697 0.7828354
 0.78997348 0.78923156 0.78884344 0.78180606 0.78191203 0.77517108
 0.78502406 0.77812973 0.78837    0.78769685 0.79364056 0.78451725
 0.78695842 0.78680372 0.78858146 0.78694185 0.79147999 0.78962172
 0.79342886 0.79493741 0.79315284 0.78871107 0.78484176 0.80123096
 0.78769241 0.7888462  0.79004404 0.79120744 0.7946405  0.78957876
 0.78609613 0.78401848 0.789182   0.78637108 0.79266319 0.79262802
 0.77847105 0.78491701 0.79770069 0.79215146 0.78834467 0.78916028
 0.79088845 0.79432139 0.79065383 0.7954105  0.78517804 0.78860162
 0.7956192  0.79363624 0.78792871 0.79077804 0.79093105 0.79041356
 0.78526349 0.78848017 0.78903018 0.79537306 0.78723924 0.79035728
 0.79415122 0.78736802 0.79030723 0.79170297 0.78587855 0.7886213
 0.78728521 0.78688233 0.78821782 0.78404008 0.78861026 0.78846997
 0.7881847  0.78546979 0.78845953 0.77941014 0.79065203 0.78222118
 0.78210405 0.78711779 0.79189355 0.78209457 0.79091209 0.79084788
 0.77979934 0.79231371 0.7886369  0.77944758 0.78612205 0.79013069
 0.78243732 0.79038008 0.78395392 0.79108995 0.78859238 0.78326001
 0.78030795 0.78471275 0.78452937 0.78137774 0.78386847 0.77826511
 0.77827219 0.77821866 0.77883084 0.78599088 0.77854629 0.77945251
 0.77809229 0.77972985 0.76897558 0.78057498 0.78363372 0.7743874 ]
Done at Sun Jan 16 18:48:41 JST 2022
