Running on host c4
Starting at Fri Jan 21 19:49:22 JST 2022
Running on hosts: c4
Running on 1 nodes.
Running 1 tasks.
Current working directory is /home/rio-hada/workspace/SurrogateModels
> sbatch spy srcc.py -T 1500 --trials 100 --k_size_max 800 --eval_freq 10
Namespace(B=2, D=100, P=16, T=1500, eval_archs=100, eval_freq=10, gpu=False, id=8311, k_size_max=800, mean0=False, name=None, recalc=1, seed=None, select_mode='random', trials=100)
save to 'result/image/srcc_t100_T1500_dmax800_mean_8311.png'
Done (1) 1406.048003435135
Done (2) 1219.4149174690247
Done (3) 1109.8470516204834
Done (4) 1032.4443435668945
Done (5) 987.6194405555725
Done (6) 935.3335497379303
Done (7) 913.7495296001434
Done (8) 899.3493933677673
Done (9) 883.0492568016052
Done (10) 877.8718767166138
Done (11) 866.7967798709869
Done (12) 865.7779984474182
Done (13) 861.6785116195679
Done (14) 856.8079617023468
Done (15) 849.7261309623718
Done (16) 844.5064916610718
Done (17) 842.2143740653992
Done (18) 836.9320995807648
Done (19) 834.6373748779297
Done (20) 837.0557687282562
Done (21) 830.0021486282349
Done (22) 822.307957649231
Done (23) 823.6128787994385
Done (24) 826.7681014537811
Done (25) 826.1400346755981
Done (26) 822.2235202789307
Done (27) 822.7406091690063
Done (28) 830.6198563575745
Done (29) 823.5539681911469
Done (30) 828.1137421131134
Done (31) 821.1107378005981
Done (32) 822.1600601673126
Done (33) 820.380795955658
Done (34) 820.3049297332764
Done (35) 822.144528388977
Done (36) 822.0819861888885
Done (37) 819.6525943279266
Done (38) 816.525865316391
Done (39) 814.9241120815277
Done (40) 824.1876962184906
Done (41) 814.8637166023254
Done (42) 815.3936054706573
Done (43) 816.5569927692413
Done (44) 816.8327803611755
Done (45) 814.1706018447876
Done (46) 815.0539066791534
Done (47) 815.9464747905731
Done (48) 812.7031943798065
Done (49) 812.699501991272
Done (50) 814.173487663269
Done (51) 812.5351581573486
Done (52) 813.5530734062195
Done (53) 811.8426296710968
Done (54) 813.8084807395935
Done (55) 811.7600810527802
Done (56) 823.4554262161255
Done (57) 812.1250870227814
Done (58) 813.6867718696594
Done (59) 811.7397232055664
Done (60) 810.521576166153
Done (61) 810.2573983669281
Done (62) 810.721976518631
Done (63) 810.557256937027
Done (64) 809.1571683883667
Done (65) 810.9957511425018
Done (66) 808.7654945850372
Done (67) 811.5813102722168
Done (68) 809.1544737815857
Done (69) 809.5669503211975
Done (70) 810.9248850345612
Done (71) 810.3395094871521
Done (72) 809.8111753463745
Done (73) 809.1931881904602
Done (74) 810.5259773731232
Done (75) 810.8960580825806
Done (76) 807.6817688941956
Done (77) 808.8312532901764
Done (78) 811.6349995136261
Done (79) 820.413830280304
Done (80) 807.6395900249481
Done (81) 804.9407660961151
Done (82) 803.6338810920715
Done (83) 806.0537235736847
Done (84) 807.2669668197632
Done (85) 808.6418554782867
Done (86) 787.8398427963257
Done (87) 784.7629799842834
Done (88) 784.4615273475647
Done (89) 785.8957169055939
Done (90) 785.2082858085632
Done (91) 784.937174320221
Done (92) 784.2572648525238
Done (93) 782.4033644199371
Done (94) 782.5434768199921
Done (95) 783.9524509906769
Done (96) 783.5109052658081
Done (97) 782.2409248352051
Done (98) 784.756466627121
Done (99) 782.6596772670746
Done (100) 783.7052025794983
{'srcc': array([0.73785347, 0.75968809, 0.75322412, 0.7524048 , 0.75210045,
       0.76330669, 0.7618195 , 0.75125761, 0.76297522, 0.76998476,
       0.76758128, 0.77973081, 0.77546931, 0.77468515, 0.76324932,
       0.77134005, 0.76638128, 0.77830903, 0.76492205, 0.77090705,
       0.77687597, 0.77902214, 0.7688084 , 0.76940282, 0.76927345,
       0.76949295, 0.76962472, 0.75966265, 0.77122004, 0.75316316,
       0.74808161, 0.75668371, 0.75842364, 0.72929709, 0.75453081,
       0.74671947, 0.73735974, 0.74923648, 0.67203132, 0.75891209,
       0.74243924, 0.74693489, 0.75931593, 0.74430015, 0.75498806,
       0.77496694, 0.77480648, 0.7481763 , 0.73175362, 0.76377462,
       0.7627682 , 0.76891761, 0.7750429 , 0.76017066, 0.78379466,
       0.76984038, 0.74911995, 0.76006121, 0.77497834, 0.76684236,
       0.77153279, 0.78721104, 0.78167489, 0.79195404, 0.77621794,
       0.77425875, 0.78814785, 0.77847789, 0.77399028, 0.79663318,
       0.78974113, 0.78818854, 0.78052757, 0.78429343, 0.79248797,
       0.79732805, 0.78492385, 0.8005907 , 0.80311503, 0.80474959,
       0.79239328, 0.80691665, 0.80118668, 0.7973817 , 0.80645137,
       0.79110603, 0.80385023, 0.79549343, 0.79860762, 0.81072739,
       0.80605161, 0.80280252, 0.7985847 , 0.80914791, 0.81182262,
       0.81216106, 0.81323984, 0.81317072, 0.81125689, 0.81689025,
       0.81433327, 0.79830051, 0.81775878, 0.81905047, 0.8111778 ,
       0.82096046, 0.81901566, 0.81450225, 0.81447177, 0.80994023,
       0.81134077, 0.81670063, 0.82463606, 0.82021926, 0.81594515,
       0.82120732, 0.81665419, 0.82550483, 0.82490213, 0.82520816,
       0.81652565, 0.81821062, 0.81496838, 0.82256082, 0.82656406,
       0.82907783, 0.82310987, 0.82746199, 0.82816958, 0.82746583,
       0.83179094, 0.83077516, 0.83502118, 0.83302586, 0.82203564,
       0.83081776, 0.83170885, 0.83258146, 0.82775422, 0.82808785,
       0.82768137, 0.82712175, 0.83654449, 0.83506019, 0.8323868 ,
       0.82624134, 0.83004752, 0.83692457, 0.82796664, 0.83425215]), 'acc': array([42.06904439, 42.32508884, 42.1343555 , 42.2910055 , 42.29643328,
       42.68976661, 42.48462773, 42.52996661, 42.60234995, 42.60066661,
       42.64218328, 42.77134995, 42.74048328, 42.82734439, 42.64856661,
       42.6300055 , 42.31602217, 42.74738884, 42.67267773, 42.77596661,
       42.7848555 , 42.67887772, 42.62768328, 42.55186106, 42.62586661,
       42.71567773, 42.74438884, 42.46509995, 42.66361662, 42.36177217,
       42.25620551, 42.43166106, 42.44858328, 42.06099439, 42.24122773,
       42.16543328, 42.18556106, 42.25982217, 41.61046106, 42.34327217,
       42.13663884, 42.05824439, 42.26421106, 42.04966662, 42.29489995,
       42.37967217, 42.2030555 , 41.99703884, 41.8022555 , 42.20488884,
       42.04111661, 42.13387217, 42.14272772, 42.08256661, 42.40059995,
       42.16996662, 42.05219995, 42.0657555 , 42.10853884, 42.10857773,
       42.12658884, 42.33742217, 42.20871106, 42.21228884, 42.09179439,
       42.14778328, 42.22728884, 42.15178884, 41.99092772, 42.23657773,
       42.21079995, 42.16536661, 42.09954439, 42.14051661, 42.22428884,
       42.07653328, 42.28836662, 42.16488328, 42.25619439, 42.19339995,
       42.14679995, 42.3022555 , 42.2934555 , 42.18514439, 42.23609439,
       42.12032217, 42.24097772, 42.22211661, 42.22063328, 42.3208055 ,
       42.15643328, 42.09672217, 42.15691106, 42.43559995, 42.16724439,
       42.29367773, 42.24418328, 42.37312217, 42.24556106, 42.19550551,
       42.17924439, 42.05356106, 42.17529995, 42.32967773, 42.2116055 ,
       42.37296661, 42.24862217, 42.12328328, 42.10829995, 42.13207217,
       42.13221662, 42.16189995, 42.33012773, 42.22989439, 42.15953328,
       42.3012555 , 42.33581106, 42.22103328, 42.23006662, 42.16053884,
       42.30799995, 42.27232217, 42.21657772, 42.27439995, 42.30791106,
       42.22619439, 42.17048884, 42.13027217, 42.23002217, 42.11789439,
       42.15716106, 42.31202217, 42.26698328, 42.24262217, 42.15041106,
       42.15752772, 42.21544439, 42.10039439, 42.2677055 , 42.16542217,
       42.04811106, 42.20983328, 42.28913884, 42.25256661, 42.22328328,
       42.14971106, 42.29739995, 42.20756661, 42.23644995, 42.1736055 ])}
Done at Sat Jan 22 19:01:20 JST 2022
