Running on host c4
Starting at Fri Jan 28 06:42:46 JST 2022
Running on hosts: c4
Running on 1 nodes.
Running 1 tasks.
Current working directory is /home/rio-hada/workspace/SurrogateModels
> sbatch spy srcc.py -T 1500 --trials 100 --k_size_max 700 --eval_freq 10 --select_mode similarity
Namespace(B=2, D=100, P=16, T=1500, eval_archs=100, eval_freq=10, gpu=False, id=8416, k_size_max=700, mean0=False, name=None, recalc=1, seed=None, select_mode='similarity', trials=100)
save to 'result/image/srcc_t100_T1500_dmax700_sim_mean_8416.png'
Done (1) 1065.6592078208923
Done (2) 1019.8220250606537
Done (3) 984.5059769153595
Done (4) 971.5603947639465
Done (5) 929.8411116600037
Done (6) 924.0193638801575
Done (7) 913.3242607116699
Done (8) 902.7486655712128
Done (9) 917.8375747203827
Done (10) 913.5582573413849
Done (11) 890.5153679847717
Done (12) 886.955536365509
Done (13) 884.5478706359863
Done (14) 898.9307065010071
Done (15) 893.6848411560059
Done (16) 841.6337687969208
Done (17) 858.9874622821808
Done (18) 841.5143053531647
Done (19) 841.107070684433
Done (20) 863.6093142032623
Done (21) 836.8029477596283
Done (22) 857.4341626167297
Done (23) 835.0866055488586
Done (24) 846.1623992919922
Done (25) 847.5553224086761
Done (26) 852.407470703125
Done (27) 842.9875822067261
Done (28) 832.2935085296631
Done (29) 849.9586443901062
Done (30) 831.9355516433716
Done (31) 846.449779510498
Done (32) 833.698014497757
Done (33) 829.5186097621918
Done (34) 833.0103690624237
Done (35) 853.0346839427948
Done (36) 848.0462691783905
Done (37) 844.9274861812592
Done (38) 838.9886345863342
Done (39) 834.1291646957397
Done (40) 849.41930103302
Done (41) 843.0362091064453
Done (42) 831.6877019405365
Done (43) 829.3148698806763
Done (44) 830.3677794933319
Done (45) 832.681497335434
Done (46) 845.581681728363
Done (47) 828.2608373165131
Done (48) 827.83740401268
Done (49) 826.7314398288727
Done (50) 829.1846716403961
Done (51) 845.9167339801788
Done (52) 835.9244110584259
Done (53) 830.8720726966858
Done (54) 845.3220949172974
Done (55) 845.2733182907104
Done (56) 830.1364953517914
Done (57) 830.5109162330627
Done (58) 845.7134301662445
Done (59) 841.3819351196289
Done (60) 830.8567018508911
Done (61) 831.3644654750824
Done (62) 831.6347172260284
Done (63) 842.9255702495575
Done (64) 832.8419134616852
Done (65) 835.1906106472015
Done (66) 833.0716812610626
Done (67) 831.4803729057312
Done (68) 833.0375623703003
Done (69) 836.9994659423828
Done (70) 834.2894649505615
Done (71) 839.6755123138428
Done (72) 843.111917257309
Done (73) 835.3695960044861
Done (74) 831.5122957229614
Done (75) 832.3462040424347
Done (76) 841.8263623714447
Done (77) 830.4658303260803
Done (78) 832.2969059944153
Done (79) 831.2398407459259
Done (80) 839.7724661827087
Done (81) 830.7791931629181
Done (82) 840.6991376876831
Done (83) 841.9775700569153
Done (84) 833.0594990253448
Done (85) 833.8292980194092
Done (86) 834.0003135204315
Done (87) 842.7530989646912
Done (88) 836.422431230545
Done (89) 829.5980761051178
Done (90) 838.0110375881195
Done (91) 838.0631511211395
Done (92) 834.3960001468658
Done (93) 828.7627854347229
Done (94) 830.0748164653778
Done (95) 834.432044506073
Done (96) 829.3465633392334
Done (97) 832.5673286914825
Done (98) 832.6263978481293
Done (99) 832.160736322403
Done (100) 830.2644228935242
{'srcc': array([0.75032739, 0.75068839, 0.75814137, 0.75627195, 0.76838152,
       0.7658135 , 0.76813897, 0.764     , 0.77037084, 0.76785467,
       0.76769901, 0.76462622, 0.77254257, 0.76646613, 0.77285713,
       0.76340174, 0.78495914, 0.76990735, 0.77690033, 0.78219202,
       0.76300462, 0.76794695, 0.76763336, 0.77806049, 0.78108947,
       0.76031599, 0.77740882, 0.75396364, 0.77122076, 0.75883072,
       0.77094221, 0.75780966, 0.76891029, 0.77106691, 0.77448389,
       0.75699442, 0.76268299, 0.78053957, 0.77662538, 0.75340306,
       0.77367069, 0.77346055, 0.78012025, 0.78065635, 0.75971209,
       0.77281728, 0.77147471, 0.75571989, 0.75763432, 0.76573261,
       0.75935554, 0.77726517, 0.78800948, 0.77603972, 0.78027255,
       0.76153723, 0.77350207, 0.76859034, 0.75134389, 0.7686009 ,
       0.77763024, 0.76850285, 0.77195032, 0.7652036 , 0.7572426 ,
       0.77286781, 0.76232403, 0.7749703 , 0.77449853, 0.77496034,
       0.76985563, 0.75900894, 0.76404992, 0.7753643 , 0.77550711,
       0.76730573, 0.75829751, 0.76049793, 0.75145263, 0.76604104,
       0.77525485, 0.75212781, 0.76736826, 0.75810813, 0.75224422,
       0.75340918, 0.76446721, 0.74624566, 0.77547555, 0.762797  ,
       0.76923696, 0.76338998, 0.75455458, 0.76406985, 0.75458194,
       0.75576022, 0.75145827, 0.77997288, 0.75626067, 0.75892061,
       0.75738266, 0.75584926, 0.74838008, 0.74878248, 0.71276436,
       0.74424926, 0.74148695, 0.76570045, 0.73697942, 0.75698674,
       0.7649727 , 0.766033  , 0.76036604, 0.75305443, 0.74814989,
       0.7233607 , 0.74566457, 0.74769289, 0.7748222 , 0.76064866,
       0.76403468, 0.75441584, 0.75315296, 0.74953639, 0.73305107,
       0.73060786, 0.7242375 , 0.74548359, 0.74585203, 0.77235956,
       0.74426367, 0.76459034, 0.74252661, 0.74396112, 0.73962088,
       0.72650225, 0.75022898, 0.74788419, 0.75778362, 0.70056946,
       0.73164692, 0.753188  , 0.73917624, 0.74841176, 0.75315224,
       0.73496682, 0.72149847, 0.74293069, 0.75463846, 0.73333717]), 'acc': array([42.04502217, 42.1640055 , 42.39397217, 42.41764439, 42.51681661,
       42.58047773, 42.66831106, 42.64914995, 42.80422772, 42.60266661,
       42.62318884, 42.6660555 , 42.71424995, 42.74791106, 42.72663328,
       42.69696661, 42.76801106, 42.70682773, 42.77961661, 42.81939439,
       42.63418328, 42.57039995, 42.68574995, 42.80939439, 42.77714439,
       42.66322772, 42.73489995, 42.61547217, 42.67484439, 42.66141106,
       42.45472772, 42.61001662, 42.38147217, 42.53101661, 42.43804439,
       42.42009995, 42.31623328, 42.41303884, 42.58016661, 42.40507217,
       42.4615055 , 42.42365551, 42.42064439, 42.46348328, 42.24518884,
       42.40186106, 42.35967772, 42.23992217, 42.08384995, 42.23892773,
       42.26949439, 42.19754995, 42.33852217, 42.10633328, 42.31916106,
       42.19582773, 42.27934995, 42.24391106, 41.93801661, 42.07258884,
       42.23857773, 42.03704439, 42.15507217, 42.10506662, 42.01422217,
       42.13758328, 41.88709995, 42.07286661, 42.22091106, 42.1707555 ,
       42.12746662, 41.75044995, 41.99046106, 42.0648555 , 42.2005555 ,
       41.9349055 , 41.77379439, 42.04146662, 41.63241661, 41.92227217,
       42.11006106, 41.76754439, 41.83417217, 41.83414995, 41.86647773,
       41.66526661, 41.67746106, 41.62282773, 42.03123328, 41.89756106,
       41.92967217, 41.88212217, 41.40131106, 41.56488328, 41.78777217,
       41.7086555 , 41.3951055 , 41.98956106, 41.66065551, 41.6596055 ,
       41.73609995, 41.59873884, 41.65406661, 41.55336661, 41.29368328,
       41.45271661, 41.42654439, 41.58399995, 41.43801661, 41.58422772,
       41.71571662, 41.70268328, 41.54292773, 41.5534555 , 41.34701106,
       40.87301106, 41.37982773, 41.38001661, 41.87596106, 41.53043328,
       41.53843884, 41.38424439, 41.45082773, 41.2683055 , 41.1011444 ,
       41.08342217, 40.88966106, 41.27169995, 41.10972217, 41.44764995,
       41.08833328, 41.34139439, 41.24675551, 41.19018884, 41.04909439,
       40.99679439, 41.14421106, 41.11716661, 41.2611555 , 40.56454439,
       41.11588884, 41.16192217, 41.02576106, 41.19129439, 41.03876662,
       40.98056106, 40.85546662, 40.87771106, 41.05097217, 41.00194995])}
Done at Sat Jan 29 06:22:37 JST 2022
