Running on host c8
Starting at Sun Jan 16 07:11:59 JST 2022
Running on hosts: c8
Running on 1 nodes.
Running 1 tasks.
Current working directory is /home/rio-hada/workspace/SurrogateModels
> sbatch spy srcc.py -T 1500 --trials 100 --k_size_max 500 --eval_freq 10
Namespace(B=2, D=100, P=16, T=1500, eval_archs=100, eval_freq=10, gpu=False, id=8106, k_size_max=500, mean0=False, name=None, recalc=1, seed=None, select_mode='random', trials=100)
save to 'result/image/srcc_t100_T1500_dmax500_mean_8106.png'
Done (1) 1400.747284412384
Done (2) 1161.766806602478
Done (3) 1032.2339825630188
Done (4) 974.6732692718506
Done (5) 933.9545032978058
Done (6) 901.2876634597778
Done (7) 891.1067125797272
Done (8) 853.0513586997986
Done (9) 837.4129514694214
Done (10) 831.2589402198792
Done (11) 831.8069543838501
Done (12) 820.9661412239075
Done (13) 820.0326507091522
Done (14) 816.1014366149902
Done (15) 813.5789527893066
Done (16) 809.5850841999054
Done (17) 819.7558879852295
Done (18) 806.2148189544678
Done (19) 800.192494392395
Done (20) 801.5873908996582
Done (21) 793.7773072719574
Done (22) 791.8649158477783
Done (23) 790.748382806778
Done (24) 801.4344291687012
Done (25) 792.484753370285
Done (26) 788.6072025299072
Done (27) 791.0639061927795
Done (28) 791.219892501831
Done (29) 790.536367893219
Done (30) 792.3725552558899
Done (31) 787.9857754707336
Done (32) 788.1429681777954
Done (33) 788.711345911026
Done (34) 793.1806781291962
Done (35) 785.5522565841675
Done (36) 785.723069190979
Done (37) 782.9504334926605
Done (38) 780.7844295501709
Done (39) 779.0493862628937
Done (40) 778.7809495925903
Done (41) 777.8442521095276
Done (42) 778.2924168109894
Done (43) 781.7394342422485
Done (44) 779.6958558559418
Done (45) 782.1560990810394
Done (46) 784.3474540710449
Done (47) 780.5276608467102
Done (48) 781.9514317512512
Done (49) 790.9004507064819
Done (50) 779.1402878761292
Done (51) 783.1889617443085
Done (52) 779.2336986064911
Done (53) 776.2309172153473
Done (54) 776.665896654129
Done (55) 778.2170267105103
Done (56) 779.8572144508362
Done (57) 779.5469353199005
Done (58) 777.5565493106842
Done (59) 779.8171696662903
Done (60) 779.8324551582336
Done (61) 778.6595432758331
Done (62) 778.5791172981262
Done (63) 780.0818498134613
Done (64) 777.4517390727997
Done (65) 777.3450529575348
Done (66) 776.2897388935089
Done (67) 774.4720046520233
Done (68) 773.8313620090485
Done (69) 777.262725353241
Done (70) 776.4305768013
Done (71) 788.352609872818
Done (72) 779.4169116020203
Done (73) 782.6882140636444
Done (74) 780.7403604984283
Done (75) 777.351135969162
Done (76) 777.3926692008972
Done (77) 774.8298020362854
Done (78) 777.5681161880493
Done (79) 774.9982173442841
Done (80) 776.3681085109711
Done (81) 778.5708448886871
Done (82) 778.1099376678467
Done (83) 776.5329489707947
Done (84) 776.4870252609253
Done (85) 775.6888122558594
Done (86) 777.8802981376648
Done (87) 776.3060586452484
Done (88) 777.2592329978943
Done (89) 778.7448689937592
Done (90) 775.2847428321838
Done (91) 775.1857647895813
Done (92) 777.5867233276367
Done (93) 776.9336194992065
Done (94) 777.1058034896851
Done (95) 777.019809961319
Done (96) 777.6977827548981
Done (97) 779.375816822052
Done (98) 777.731029510498
Done (99) 777.5905556678772
Done (100) 779.6976001262665
[0.75184938 0.74903762 0.75456202 0.75791407 0.75592103 0.75577342
 0.76128665 0.76649853 0.76526901 0.76678608 0.76501758 0.770812
 0.76693309 0.76760936 0.76834983 0.77185347 0.76748143 0.76371497
 0.76810129 0.76088029 0.77588947 0.76669127 0.76621938 0.77315716
 0.7742009  0.76601752 0.77870315 0.77460582 0.77580714 0.78258722
 0.7707856  0.77665155 0.77851053 0.78196436 0.77807417 0.77644572
 0.78812289 0.78590435 0.78362136 0.77668047 0.78833423 0.78253021
 0.77922016 0.78358716 0.7878051  0.78615842 0.78737342 0.78767741
 0.78234959 0.78778086 0.78984782 0.79060246 0.78846481 0.78558236
 0.79380042 0.79269547 0.80019286 0.79568389 0.79789559 0.79345827
 0.79430819 0.79563768 0.79803084 0.79569457 0.79077516 0.79370129
 0.78477012 0.79214917 0.79948491 0.79752607 0.79565197 0.79413873
 0.79018782 0.79562328 0.79789427 0.80351779 0.78933093 0.79894221
 0.79652913 0.79480948 0.79811185 0.79487165 0.79645041 0.79946967
 0.80197204 0.80106487 0.80117792 0.79693945 0.79460606 0.79468935
 0.80194083 0.79440372 0.79909715 0.80614341 0.79522352 0.80292289
 0.79722796 0.79632571 0.79828323 0.79431215 0.79148431 0.79709847
 0.79523432 0.80223474 0.79166145 0.79068095 0.79132829 0.8020048
 0.79437336 0.79769097 0.79797432 0.7984402  0.7954183  0.80509283
 0.79386667 0.79908239 0.78769085 0.79752811 0.79540954 0.79318788
 0.7965541  0.79324344 0.79351995 0.79446589 0.80297882 0.79981494
 0.79832055 0.79623582 0.79918776 0.78576862 0.79495842 0.79348575
 0.79951431 0.79265323 0.79812385 0.78798728 0.79052157 0.78485485
 0.78607501 0.79804068 0.78762184 0.79484308 0.78253681 0.79511395
 0.79259898 0.78827003 0.79162376 0.7867748  0.79154131 0.7843844 ]
Done at Mon Jan 17 05:32:57 JST 2022
