Running on host c3
Starting at Mon Jan 17 13:13:20 JST 2022
Running on hosts: c3
Running on 1 nodes.
Running 1 tasks.
Current working directory is /home/rio-hada/workspace/SurrogateModels
> sbatch spy srcc.py -T 1500 --trials 100 --k_size_max 900 --eval_freq 10
Namespace(B=2, D=100, P=16, T=1500, eval_archs=100, eval_freq=10, gpu=False, id=8153, k_size_max=900, mean0=False, name=None, recalc=1, seed=None, select_mode='random', trials=100)
save to 'result/image/srcc_t100_T1500_dmax900_mean_8153.png'
Done (1) 1415.0732507705688
Done (2) 1223.6714510917664
Done (3) 1115.3776285648346
Done (4) 1040.4300005435944
Done (5) 1015.7382817268372
Done (6) 958.262538433075
Done (7) 931.3405659198761
Done (8) 905.9197239875793
Done (9) 900.3056898117065
Done (10) 893.1230688095093
Done (11) 883.8471879959106
Done (12) 878.4511473178864
Done (13) 865.3412790298462
Done (14) 865.9750409126282
Done (15) 861.0936274528503
Done (16) 859.8276190757751
Done (17) 856.7875986099243
Done (18) 849.7698011398315
Done (19) 847.7763929367065
Done (20) 847.3730578422546
Done (21) 846.8185298442841
Done (22) 851.866696357727
Done (23) 841.8332159519196
Done (24) 839.0098466873169
Done (25) 840.5646963119507
Done (26) 837.0707333087921
Done (27) 835.4572322368622
Done (28) 834.9761962890625
Done (29) 834.392181634903
Done (30) 832.4100077152252
Done (31) 835.6157591342926
Done (32) 833.1878111362457
Done (33) 841.191935300827
Done (34) 835.1641612052917
Done (35) 833.9169325828552
Done (36) 832.9731149673462
Done (37) 830.7044832706451
Done (38) 831.2404363155365
Done (39) 829.3283076286316
Done (40) 828.0057787895203
Done (41) 831.006334066391
Done (42) 830.5113949775696
Done (43) 830.6545679569244
Done (44) 827.3050935268402
Done (45) 825.8548955917358
Done (46) 826.8837888240814
Done (47) 826.7653224468231
Done (48) 825.7735042572021
Done (49) 834.2199656963348
Done (50) 828.3828694820404
Done (51) 825.3358910083771
Done (52) 825.799929857254
Done (53) 825.3971481323242
Done (54) 827.125773191452
Done (55) 826.1445739269257
Done (56) 828.9389939308167
Done (57) 827.5260198116302
Done (58) 828.7277998924255
Done (59) 824.745423078537
Done (60) 826.6407980918884
Done (61) 825.0385146141052
Done (62) 825.1669483184814
Done (63) 823.1469206809998
Done (64) 823.0138101577759
Done (65) 823.8639068603516
Done (66) 821.6680495738983
Done (67) 823.6595964431763
Done (68) 825.2447628974915
Done (69) 825.0330142974854
Done (70) 825.1956791877747
Done (71) 825.5563447475433
Done (72) 825.7115406990051
Done (73) 815.2310991287231
Done (74) 815.111870765686
Done (75) 806.2859704494476
Done (76) 804.5676295757294
Done (77) 804.3752646446228
Done (78) 805.6297869682312
Done (79) 800.3924219608307
Done (80) 802.7843205928802
Done (81) 801.6193792819977
Done (82) 800.2547390460968
Done (83) 801.1706030368805
Done (84) 802.5742537975311
Done (85) 801.4562873840332
Done (86) 801.6602981090546
Done (87) 803.3471326828003
Done (88) 803.9237558841705
Done (89) 804.4987580776215
Done (90) 804.3164579868317
Done (91) 804.2593767642975
Done (92) 803.024284362793
Done (93) 800.9891703128815
Done (94) 803.093124628067
Done (95) 801.6834270954132
Done (96) 801.0386743545532
Done (97) 801.4407625198364
Done (98) 801.3521814346313
Done (99) 802.112019777298
Done (100) 803.7059609889984
[0.7437715  0.75348887 0.751609   0.75137534 0.76091413 0.75762196
 0.76245389 0.7629703  0.76355248 0.772421   0.77431923 0.76195512
 0.7700414  0.78389019 0.77366757 0.77206649 0.77192475 0.7736024
 0.77543822 0.78182718 0.76891353 0.76448533 0.77027327 0.7711832
 0.77971149 0.76187423 0.76284572 0.76287369 0.75706535 0.76369265
 0.74201296 0.75376934 0.7535904  0.71303342 0.7419946  0.71479352
 0.71363636 0.69511551 0.70116856 0.69573201 0.68750375 0.65627483
 0.72455506 0.70111575 0.67420126 0.72828383 0.71918008 0.69800612
 0.70297654 0.69827267 0.72975938 0.69120336 0.75072043 0.72603036
 0.74277816 0.70631683 0.71812133 0.73450141 0.71344566 0.68922952
 0.74126433 0.72623786 0.71590387 0.74564728 0.74031743 0.73401404
 0.74750231 0.73233723 0.73817018 0.75710003 0.76069907 0.7538045
 0.76233627 0.76074731 0.77098278 0.76019334 0.76099838 0.75185671
 0.7568426  0.76791023 0.76873747 0.77856622 0.76419118 0.77642172
 0.76150495 0.77831743 0.75433387 0.7525919  0.79722052 0.78975398
 0.79987903 0.79886745 0.78765989 0.76561524 0.78877576 0.77584194
 0.79808617 0.79046169 0.7734189  0.79691809 0.79001272 0.78847825
 0.78306571 0.79834215 0.80165953 0.77950339 0.8032438  0.79080972
 0.80744158 0.80351467 0.8012222  0.80293969 0.80433711 0.79202976
 0.80066691 0.79559628 0.79818662 0.81442148 0.80615602 0.80433159
 0.80731365 0.80212637 0.80789163 0.81052433 0.8009943  0.80552103
 0.81955104 0.80898074 0.82696214 0.8183958  0.81768893 0.8186087
 0.82535434 0.81388347 0.80813825 0.81485845 0.81849913 0.81233447
 0.81446325 0.82373393 0.8141973  0.82655686 0.81604128 0.81682004
 0.82208305 0.8298105  0.8260426  0.8289625  0.82124044 0.82411881]
Done at Tue Jan 18 12:45:01 JST 2022
