Running on host c5
Starting at Sun Jan 23 14:03:45 JST 2022
Running on hosts: c5
Running on 1 nodes.
Running 1 tasks.
Current working directory is /home/rio-hada/workspace/SurrogateModels
> sbatch spy srcc.py -T 1500 --trials 100 --k_size_max 500 --eval_freq 10 --select_mode similarity
Namespace(B=2, D=100, P=16, T=1500, eval_archs=100, eval_freq=10, gpu=False, id=8340, k_size_max=500, mean0=False, name=None, recalc=1, seed=None, select_mode='similarity', trials=100)
save to 'result/image/srcc_t100_T1500_dmax500_sim_mean_8340.png'
Done (1) 664.1866581439972
Done (2) 640.7316825389862
Done (3) 603.1140484809875
Done (4) 595.7977435588837
Done (5) 582.9003279209137
Done (6) 571.6044571399689
Done (7) 557.902340888977
Done (8) 549.9416670799255
Done (9) 542.0454185009003
Done (10) 538.6193156242371
Done (11) 532.6726224422455
Done (12) 536.4211204051971
Done (13) 529.1495308876038
Done (14) 525.1841521263123
Done (15) 526.0448324680328
Done (16) 531.7668123245239
Done (17) 527.0271048545837
Done (18) 518.3211331367493
Done (19) 517.4906101226807
Done (20) 516.0183794498444
Done (21) 513.7821979522705
Done (22) 514.3962159156799
Done (23) 515.1253409385681
Done (24) 506.36297702789307
Done (25) 493.5025587081909
Done (26) 496.07733273506165
Done (27) 500.79460310935974
Done (28) 494.72358202934265
Done (29) 505.1394622325897
Done (30) 491.2819993495941
Done (31) 489.7475848197937
Done (32) 489.5063896179199
Done (33) 490.86391496658325
Done (34) 488.9776954650879
Done (35) 485.3269190788269
Done (36) 487.93446469306946
Done (37) 485.48980379104614
Done (38) 486.53221344947815
Done (39) 488.3662974834442
Done (40) 486.9341640472412
Done (41) 485.13577103614807
Done (42) 487.04264664649963
Done (43) 484.73824524879456
Done (44) 485.219931602478
Done (45) 484.81479501724243
Done (46) 489.83137011528015
Done (47) 496.31704473495483
Done (48) 485.10982847213745
Done (49) 484.6685769557953
Done (50) 482.7068078517914
Done (51) 484.1516184806824
Done (52) 483.693790435791
Done (53) 481.78766894340515
Done (54) 485.1568305492401
Done (55) 484.35616755485535
Done (56) 482.76059913635254
Done (57) 482.3820836544037
Done (58) 484.8398561477661
Done (59) 484.0542633533478
Done (60) 482.17890882492065
Done (61) 483.7626392841339
Done (62) 484.191278219223
Done (63) 483.69468450546265
Done (64) 489.23986649513245
Done (65) 478.64392280578613
Done (66) 480.03709173202515
Done (67) 483.2205100059509
Done (68) 481.33921670913696
Done (69) 481.1571533679962
Done (70) 483.9199643135071
Done (71) 480.60837149620056
Done (72) 480.319540977478
Done (73) 481.84178709983826
Done (74) 483.7853786945343
Done (75) 482.5745413303375
Done (76) 480.74734354019165
Done (77) 480.19604754447937
Done (78) 481.3445086479187
Done (79) 479.4349904060364
Done (80) 478.52807569503784
Done (81) 478.6144235134125
Done (82) 479.91233134269714
Done (83) 479.908704996109
Done (84) 482.44854617118835
Done (85) 480.68027448654175
Done (86) 487.9138767719269
Done (87) 480.18799090385437
Done (88) 479.73593854904175
Done (89) 480.3559613227844
Done (90) 485.3873727321625
Done (91) 477.9649019241333
Done (92) 479.24308013916016
Done (93) 477.8735523223877
Done (94) 482.1029920578003
Done (95) 479.3051235675812
Done (96) 479.28930139541626
Done (97) 478.5875618457794
Done (98) 480.7415828704834
Done (99) 479.8875768184662
Done (100) 478.5703773498535
{'srcc': array([0.73896802, 0.74772673, 0.75422382, 0.75521884, 0.75160708,
       0.7617979 , 0.75069223, 0.76196844, 0.74990663, 0.76925797,
       0.76641764, 0.7676204 , 0.76003996, 0.76227063, 0.76023618,
       0.77103282, 0.77018998, 0.77030543, 0.76258518, 0.77535338,
       0.77107675, 0.78330561, 0.78446973, 0.7720444 , 0.78431419,
       0.77856058, 0.78293237, 0.78263126, 0.78522208, 0.77627915,
       0.77433747, 0.78204548, 0.78132025, 0.78551623, 0.78302034,
       0.78193099, 0.78706871, 0.77974473, 0.78835116, 0.78302946,
       0.79422166, 0.79371797, 0.79516892, 0.78168557, 0.78830495,
       0.78156988, 0.79025839, 0.79677024, 0.7929967 , 0.7865919 ,
       0.7889769 , 0.78906739, 0.78289229, 0.78810561, 0.79128365,
       0.79054965, 0.78963624, 0.7870015 , 0.78236172, 0.78200012,
       0.790352  , 0.78453789, 0.79040612, 0.79738842, 0.78158596,
       0.7895946 , 0.77834275, 0.78098278, 0.78651257, 0.78680624,
       0.77881428, 0.78316232, 0.78714335, 0.7887994 , 0.77966661,
       0.78038716, 0.76688569, 0.79264494, 0.77734125, 0.79175914,
       0.77714599, 0.77209025, 0.77385527, 0.77955608, 0.78440984,
       0.78194167, 0.7683904 , 0.77526397, 0.78513339, 0.77928965,
       0.77566829, 0.77738146, 0.78536394, 0.76881944, 0.78238392,
       0.77191047, 0.77656826, 0.76768605, 0.77106331, 0.76526445,
       0.7900402 , 0.78377186, 0.7856    , 0.76601596, 0.77379682,
       0.7716348 , 0.77631503, 0.7824    , 0.77100786, 0.77726529,
       0.77370513, 0.7749565 , 0.77227579, 0.7723844 , 0.77381038,
       0.76834191, 0.76997672, 0.77580066, 0.76913915, 0.76491425,
       0.76961008, 0.76927537, 0.76688665, 0.77213633, 0.76770513,
       0.74986883, 0.76806001, 0.76003444, 0.75912271, 0.76100198,
       0.75487141, 0.77264518, 0.75058926, 0.77423906, 0.76972373,
       0.77503342, 0.7745835 , 0.77045077, 0.7814369 , 0.77309403,
       0.76613333, 0.76171809, 0.76070111, 0.75713147, 0.76905071,
       0.7488024 , 0.75496226, 0.75117612, 0.75516556, 0.76592751]), 'acc': array([42.06211106, 42.27744439, 42.23257217, 42.39015551, 42.22547217,
       42.45082772, 42.50761106, 42.60302217, 42.36827772, 42.64242772,
       42.74482217, 42.51006661, 42.61719995, 42.74363328, 42.63604995,
       42.73137773, 42.75438328, 42.57984439, 42.56736106, 42.83451106,
       42.76716662, 42.9068055 , 42.5752055 , 42.63112217, 42.72388884,
       42.68563328, 42.67818328, 42.69597217, 42.68093328, 42.58526106,
       42.53181106, 42.72033884, 42.53241661, 42.59353328, 42.58823328,
       42.53752217, 42.54473884, 42.64166106, 42.59556662, 42.48283884,
       42.61839995, 42.57891661, 42.53127773, 42.4977055 , 42.55976106,
       42.35731662, 42.46069995, 42.52662773, 42.44647217, 42.49742217,
       42.4273555 , 42.43672217, 42.47379439, 42.29004995, 42.47599439,
       42.53197217, 42.50262217, 42.43550551, 42.34027773, 42.2807555 ,
       42.46203884, 42.34861106, 42.37061661, 42.40737772, 42.12559439,
       42.36961106, 42.17394995, 42.34696662, 42.2531555 , 42.19826662,
       42.23023328, 42.13194995, 42.36558328, 42.25723884, 42.13673328,
       42.1365555 , 41.95712217, 42.13189439, 42.09082217, 42.18618884,
       42.21345551, 42.11742217, 41.85666106, 42.1241555 , 42.04828884,
       42.13909995, 42.05546661, 42.05567773, 42.11969995, 42.10753328,
       41.93848328, 42.13148884, 42.08386106, 41.93437217, 41.90193883,
       41.85228884, 41.86491106, 41.92969439, 41.97319995, 41.84522773,
       42.04026661, 42.00126662, 41.90111661, 41.76677773, 41.7957055 ,
       41.72548328, 41.82209995, 41.68519995, 41.8143055 , 41.80999995,
       41.64184439, 41.84786661, 41.8497555 , 41.75207217, 41.88492217,
       41.73428884, 41.71823884, 41.71172772, 41.72438328, 41.87269995,
       41.86158884, 41.73521106, 41.69664439, 41.40816106, 41.73651661,
       41.49517217, 41.45612773, 41.44626661, 41.60128884, 41.4773555 ,
       41.28333328, 41.45738884, 41.22507773, 41.60706661, 41.4304055 ,
       41.58202773, 41.47066106, 41.53136662, 41.74472773, 41.60372217,
       41.46303884, 41.42734995, 41.42491106, 41.32331661, 41.35559439,
       41.26494439, 41.08903328, 41.08202217, 41.05771661, 41.24058884])}
Done at Mon Jan 24 03:56:40 JST 2022
