Running on host c4
Starting at Thu Jan 20 21:39:53 JST 2022
Running on hosts: c4
Running on 1 nodes.
Running 1 tasks.
Current working directory is /home/rio-hada/workspace/SurrogateModels
> sbatch spy srcc.py -T 1500 --trials 100 --k_size_max 300 --eval_freq 10
Namespace(B=2, D=100, P=16, T=1500, eval_archs=100, eval_freq=10, gpu=False, id=8294, k_size_max=300, mean0=False, name=None, recalc=1, seed=None, select_mode='random', trials=100)
save to 'result/image/srcc_t100_T1500_dmax300_mean_8294.png'
Done (1) 1425.4285159111023
Done (2) 1146.5719158649445
Done (3) 1020.9076142311096
Done (4) 956.0553231239319
Done (5) 919.4750056266785
Done (6) 888.4264576435089
Done (7) 874.1693365573883
Done (8) 863.875837802887
Done (9) 832.444986820221
Done (10) 814.0592176914215
Done (11) 821.7618534564972
Done (12) 808.6206195354462
Done (13) 808.8630881309509
Done (14) 801.2209649085999
Done (15) 809.2726263999939
Done (16) 801.6541318893433
Done (17) 800.8544664382935
Done (18) 799.0465347766876
Done (19) 793.3284430503845
Done (20) 798.4210240840912
Done (21) 786.3957052230835
Done (22) 783.7638125419617
Done (23) 787.6150705814362
Done (24) 783.6357412338257
Done (25) 783.9168617725372
Done (26) 791.0948693752289
Done (27) 781.2973029613495
Done (28) 781.9227957725525
Done (29) 786.1061389446259
Done (30) 783.2796928882599
Done (31) 782.280354976654
Done (32) 779.2897572517395
Done (33) 785.9383327960968
Done (34) 776.8683331012726
Done (35) 781.2355711460114
Done (36) 777.4479069709778
Done (37) 778.2047469615936
Done (38) 779.9384529590607
Done (39) 777.8510937690735
Done (40) 776.5629231929779
Done (41) 775.951379776001
Done (42) 785.6273305416107
Done (43) 777.5689797401428
Done (44) 777.5435991287231
Done (45) 776.3357555866241
Done (46) 776.5832438468933
Done (47) 773.9836919307709
Done (48) 774.9050598144531
Done (49) 774.1365706920624
Done (50) 773.5971837043762
Done (51) 774.1641166210175
Done (52) 775.9457018375397
Done (53) 781.4595212936401
Done (54) 774.7330529689789
Done (55) 773.2467992305756
Done (56) 774.1417536735535
Done (57) 772.1275637149811
Done (58) 771.8580274581909
Done (59) 775.44371342659
Done (60) 770.9718954563141
Done (61) 771.8034625053406
Done (62) 773.9425582885742
Done (63) 772.561395406723
Done (64) 770.6841557025909
Done (65) 770.6055476665497
Done (66) 778.2610855102539
Done (67) 769.0978100299835
Done (68) 768.929018497467
Done (69) 769.792322397232
Done (70) 769.5365962982178
Done (71) 770.8306829929352
Done (72) 770.3815248012543
Done (73) 771.65070104599
Done (74) 770.1830904483795
Done (75) 770.5440962314606
Done (76) 769.8367688655853
Done (77) 772.773176908493
Done (78) 770.8303592205048
Done (79) 771.3263871669769
Done (80) 780.5116486549377
Done (81) 770.8587186336517
Done (82) 772.2113704681396
Done (83) 771.022677898407
Done (84) 770.5600419044495
Done (85) 770.9828758239746
Done (86) 770.3628380298615
Done (87) 770.33873462677
Done (88) 771.5774388313293
Done (89) 768.1279022693634
Done (90) 769.5445146560669
Done (91) 766.5207760334015
Done (92) 768.592036485672
Done (93) 766.4660503864288
Done (94) 769.1766986846924
Done (95) 767.364901304245
Done (96) 765.130450963974
Done (97) 767.8799381256104
Done (98) 776.135335445404
Done (99) 764.9409010410309
Done (100) 765.3478047847748
{'srcc': array([0.75071443, 0.74200804, 0.75089877, 0.7548216 , 0.76875056,
       0.75551923, 0.76068599, 0.76747987, 0.77192871, 0.76116652,
       0.77616886, 0.76771593, 0.77658362, 0.76177894, 0.7781997 ,
       0.76861422, 0.7799964 , 0.78073099, 0.76951059, 0.77314515,
       0.79108335, 0.78151587, 0.7831952 , 0.77390939, 0.78342814,
       0.78553423, 0.78866667, 0.78958236, 0.78502838, 0.78212697,
       0.77849637, 0.78231191, 0.79613441, 0.78490645, 0.78897426,
       0.79309499, 0.78496502, 0.78449901, 0.79110123, 0.78763984,
       0.79272355, 0.79412589, 0.78625359, 0.78631335, 0.79681512,
       0.79054533, 0.79035188, 0.79796508, 0.78937582, 0.79667663,
       0.79341386, 0.79700618, 0.79375434, 0.79463138, 0.80667555,
       0.7837907 , 0.79221386, 0.80084968, 0.79408317, 0.78582958,
       0.79967765, 0.79579814, 0.79943822, 0.79418146, 0.80230291,
       0.79881404, 0.79988671, 0.78010129, 0.78980042, 0.80487453,
       0.79697774, 0.78908191, 0.79268455, 0.79401056, 0.79934605,
       0.79427687, 0.80039988, 0.7981667 , 0.79019406, 0.79126145,
       0.78812925, 0.79080852, 0.79200756, 0.79559124, 0.79092097,
       0.79259922, 0.7902183 , 0.78348611, 0.79152319, 0.79050033,
       0.7895892 , 0.79186331, 0.78584158, 0.78665371, 0.78639676,
       0.78727657, 0.79486877, 0.78023894, 0.78907315, 0.78567549,
       0.78497474, 0.78587375, 0.7810063 , 0.78779034, 0.79027603,
       0.7875718 , 0.79174317, 0.78745311, 0.78854905, 0.78186187,
       0.78726553, 0.78145647, 0.77595488, 0.78169469, 0.78213393,
       0.77666559, 0.78149343, 0.78069691, 0.7863652 , 0.79245485,
       0.78302274, 0.77958488, 0.78447309, 0.78058602, 0.78353219,
       0.78005785, 0.78408833, 0.77051185, 0.78555644, 0.77765677,
       0.78346883, 0.78367813, 0.78076952, 0.78013813, 0.78386631,
       0.78785743, 0.78668935, 0.78309907, 0.77622202, 0.78278788,
       0.78359112, 0.76811197, 0.78184974, 0.77956112, 0.78713831,
       0.77275128, 0.78087417, 0.76931701, 0.77241152, 0.77808497]), 'acc': array([42.13679439, 42.33249439, 42.24689995, 42.28336106, 42.4065555 ,
       42.54536106, 42.42422217, 42.61226661, 42.66253328, 42.71773884,
       42.73989995, 42.72352772, 42.71873328, 42.53441106, 42.72944995,
       42.72133884, 42.78468884, 42.77933328, 42.75756105, 42.68457773,
       42.80029439, 42.67723328, 42.84024995, 42.81003883, 42.75349995,
       42.71469995, 42.7686055 , 42.72347217, 42.71921662, 42.77131106,
       42.59719995, 42.59253328, 42.79296106, 42.60983328, 42.76571106,
       42.62918328, 42.6855555 , 42.62367217, 42.57407773, 42.77427773,
       42.68644439, 42.63976106, 42.64110551, 42.63876662, 42.4864555 ,
       42.57133328, 42.55916661, 42.74944995, 42.61743884, 42.69020551,
       42.65791106, 42.60083328, 42.66276106, 42.48881661, 42.67866661,
       42.39927773, 42.71603884, 42.58696106, 42.50603328, 42.36943884,
       42.52154439, 42.49438884, 42.52392773, 42.43242217, 42.48952772,
       42.56079439, 42.44209995, 42.3310555 , 42.52863884, 42.58078328,
       42.43028884, 42.41984995, 42.48382773, 42.36763884, 42.24103884,
       42.38855551, 42.37651106, 42.30843328, 42.4484055 , 42.31819994,
       42.47946106, 42.39251661, 42.26396662, 42.20581106, 42.3054055 ,
       42.13633328, 42.21574439, 42.25219439, 42.30402772, 42.1032555 ,
       42.0616555 , 42.25286662, 42.16932217, 42.07528884, 42.10432773,
       42.06071106, 42.07502772, 41.9878055 , 42.12382217, 41.98352773,
       42.12241106, 42.01933884, 41.90709439, 42.03953328, 42.19079995,
       42.03538328, 41.9639555 , 41.88841106, 41.96556106, 41.90408328,
       41.87804995, 41.93212772, 41.9686555 , 41.8594555 , 41.74909439,
       41.79678884, 41.80168328, 41.77014439, 41.8487055 , 41.9163055 ,
       41.82476661, 41.84759439, 41.8071555 , 41.72241106, 41.78838884,
       41.81063884, 41.75288884, 41.66306662, 41.79052217, 41.53967217,
       41.61132217, 41.62036661, 41.67676662, 41.65421661, 41.57332773,
       41.74181662, 41.6138055 , 41.49601106, 41.54864995, 41.64268328,
       41.62031661, 41.45219995, 41.35819439, 41.42288884, 41.58479995,
       41.47242773, 41.59292772, 41.41181661, 41.4393555 , 41.50274995])}
Done at Fri Jan 21 19:49:20 JST 2022
