Running on host c2
Starting at Sat Jan 29 11:20:00 JST 2022
Running on hosts: c2
Running on 1 nodes.
Running 1 tasks.
Current working directory is /home/rio-hada/workspace/SurrogateModels
> sbatch spy srcc.py -T 1500 --trials 100 --k_size_max 200 --eval_freq 10 --select_mode similarity
Namespace(B=2, D=100, P=16, T=1500, eval_archs=100, eval_freq=10, gpu=False, id=8424, k_size_max=200, mean0=False, name=None, recalc=1, seed=None, select_mode='similarity', trials=100)
save to 'result/image/srcc_t100_T1500_dmax200_sim_mean_8424.png'
Done (1) 202.84353470802307
Done (2) 193.47081971168518
Done (3) 184.50345635414124
Done (4) 179.7017798423767
Done (5) 178.7743046283722
Done (6) 169.54696798324585
Done (7) 163.6422896385193
Done (8) 161.7845470905304
Done (9) 154.99953985214233
Done (10) 152.70832872390747
Done (11) 150.4957880973816
Done (12) 153.49112510681152
Done (13) 152.04510974884033
Done (14) 146.6132996082306
Done (15) 140.08427381515503
Done (16) 138.4736602306366
Done (17) 134.3566541671753
Done (18) 134.472318649292
Done (19) 137.17597341537476
Done (20) 136.5202033519745
Done (21) 133.60682916641235
Done (22) 129.8495054244995
Done (23) 131.2152235507965
Done (24) 131.9599325656891
Done (25) 132.45706939697266
Done (26) 128.47348380088806
Done (27) 133.19168305397034
Done (28) 128.75712084770203
Done (29) 126.7525372505188
Done (30) 127.18960094451904
Done (31) 128.21269059181213
Done (32) 126.41014981269836
Done (33) 128.281800031662
Done (34) 126.41041254997253
Done (35) 126.24325060844421
Done (36) 126.05260229110718
Done (37) 125.6333236694336
Done (38) 128.27060890197754
Done (39) 124.26559400558472
Done (40) 122.61908435821533
Done (41) 123.47629046440125
Done (42) 124.36718726158142
Done (43) 122.35226726531982
Done (44) 126.17478966712952
Done (45) 122.9048011302948
Done (46) 121.49071955680847
Done (47) 123.32750344276428
Done (48) 120.05490636825562
Done (49) 120.70555400848389
Done (50) 126.80974674224854
Done (51) 122.37443900108337
Done (52) 119.72768497467041
Done (53) 122.16480827331543
Done (54) 122.4639527797699
Done (55) 116.76943445205688
Done (56) 112.38955593109131
Done (57) 111.96946668624878
Done (58) 112.00706267356873
Done (59) 111.28929352760315
Done (60) 111.7037923336029
Done (61) 111.34839344024658
Done (62) 110.7680253982544
Done (63) 111.73352098464966
Done (64) 110.47662353515625
Done (65) 110.3963086605072
Done (66) 110.273020029068
Done (67) 115.36895322799683
Done (68) 110.47124528884888
Done (69) 110.92426323890686
Done (70) 108.97664451599121
Done (71) 109.63537502288818
Done (72) 110.0836968421936
Done (73) 109.64240717887878
Done (74) 109.42152452468872
Done (75) 108.4695234298706
Done (76) 107.6248083114624
Done (77) 108.13571572303772
Done (78) 108.9967029094696
Done (79) 109.62393236160278
Done (80) 108.121422290802
Done (81) 108.46913290023804
Done (82) 108.73007535934448
Done (83) 108.30303621292114
Done (84) 108.39295053482056
Done (85) 108.38456082344055
Done (86) 106.75454258918762
Done (87) 114.08764290809631
Done (88) 107.99422955513
Done (89) 106.66257357597351
Done (90) 108.75392317771912
Done (91) 107.81660342216492
Done (92) 107.45719170570374
Done (93) 107.18179893493652
Done (94) 106.33341145515442
Done (95) 106.84339761734009
Done (96) 106.01824593544006
Done (97) 107.5363302230835
Done (98) 106.90219140052795
Done (99) 106.06417608261108
Done (100) 106.93139505386353
{'srcc': array([0.74241512, 0.74001176, 0.7524084 , 0.7546357 , 0.75741338,
       0.76956892, 0.77633447, 0.77062202, 0.76729421, 0.77535698,
       0.77209961, 0.77588971, 0.77427627, 0.77682208, 0.77702826,
       0.77049925, 0.77645725, 0.78230267, 0.78002412, 0.7713661 ,
       0.78229859, 0.77862238, 0.77190423, 0.77966337, 0.7754063 ,
       0.78370021, 0.78471803, 0.78689145, 0.7709889 , 0.77497606,
       0.77674155, 0.77452001, 0.77534653, 0.77124428, 0.77947663,
       0.77569373, 0.77364728, 0.76896946, 0.77195596, 0.77291341,
       0.76646481, 0.77511023, 0.76950351, 0.77264158, 0.76607273,
       0.77659058, 0.7656054 , 0.76755356, 0.77730537, 0.77248725,
       0.76369853, 0.7727982 , 0.77266367, 0.77308263, 0.76390603,
       0.75984818, 0.7696366 , 0.76539166, 0.7707592 , 0.76660258,
       0.76808437, 0.76971389, 0.7630453 , 0.76018938, 0.77110855,
       0.77048617, 0.77233447, 0.76368689, 0.76472187, 0.76705407,
       0.76986211, 0.76501842, 0.76895506, 0.78156964, 0.76814401,
       0.75657018, 0.76435704, 0.77068071, 0.76120132, 0.77022538,
       0.75333321, 0.7599538 , 0.76521524, 0.7676132 , 0.75945071,
       0.75447921, 0.75522556, 0.76361188, 0.76539298, 0.75753999,
       0.76308815, 0.75947795, 0.75423354, 0.76250201, 0.7629619 ,
       0.75967393, 0.75971389, 0.75695722, 0.76299634, 0.76777882,
       0.75246397, 0.75745059, 0.75841992, 0.76170621, 0.75328881,
       0.76318536, 0.75051125, 0.76087345, 0.75976298, 0.75674503,
       0.74832751, 0.75073375, 0.74292277, 0.7524096 , 0.75476592,
       0.74790447, 0.75313051, 0.74456478, 0.75115452, 0.74913555,
       0.75850249, 0.747582  , 0.74330393, 0.75207081, 0.75892769,
       0.75410597, 0.74819826, 0.73693357, 0.74070519, 0.73862358,
       0.75143978, 0.74777678, 0.74007441, 0.75094221, 0.74269643,
       0.73993255, 0.73976358, 0.7443736 , 0.74591371, 0.74354791,
       0.7400336 , 0.7336144 , 0.74512403, 0.73948467, 0.73306583,
       0.74925617, 0.7381991 , 0.75104482, 0.74012385, 0.74537654]), 'acc': array([41.9435555 , 42.03768328, 42.34244995, 42.40859995, 42.19057773,
       42.5218555 , 42.58703328, 42.32497217, 42.39122217, 42.28472217,
       42.51038884, 42.39788884, 42.5398555 , 42.31526106, 42.35472217,
       42.3344055 , 42.43161662, 42.49372773, 42.50043884, 42.41569995,
       42.42961662, 42.58314995, 42.28384995, 42.36654439, 42.32963884,
       42.54046106, 42.45742217, 42.55817773, 42.41323884, 42.35212217,
       42.30032217, 42.36043884, 42.4394055 , 42.29783884, 42.45286106,
       42.25066662, 42.23478884, 42.25699439, 42.34823328, 42.26992773,
       42.20362217, 42.34866106, 42.41284995, 42.18442217, 42.1540055 ,
       42.32064995, 42.19121106, 42.10611106, 42.18196661, 42.08318884,
       42.06833884, 42.11557773, 42.23198328, 42.24051106, 42.16285551,
       41.98837217, 42.19887772, 41.99199995, 42.19908884, 42.17972217,
       42.09247217, 42.20983328, 42.03597217, 42.0583555 , 42.13417217,
       41.99238884, 41.96950551, 41.9343555 , 41.89269995, 41.90528884,
       42.12809995, 42.01836661, 41.8346555 , 42.13999995, 42.1278555 ,
       41.73721661, 41.93602217, 41.94479995, 41.76418328, 42.02791661,
       41.74552217, 41.82708884, 41.71133884, 41.97742772, 41.69599995,
       41.92758884, 41.69258884, 41.69147217, 41.93163884, 41.75302217,
       41.54017773, 41.77253328, 41.74123328, 41.73726662, 41.69667217,
       41.68381106, 41.72802773, 41.66061106, 41.78353884, 41.80136661,
       41.6935555 , 41.65517772, 41.44283328, 41.78534995, 41.59277772,
       41.74367773, 41.51020551, 41.46682773, 41.48328884, 41.55883884,
       41.55517217, 41.28174995, 41.44048884, 41.44401106, 41.48378884,
       41.42767217, 41.56244995, 41.40251106, 41.57192217, 41.24403328,
       41.51613884, 41.50888328, 41.42348328, 41.3480055 , 41.41051106,
       41.36957773, 41.28019439, 41.19899995, 41.2682055 , 41.39627772,
       41.26622217, 41.31121661, 41.11032773, 41.29929995, 41.07103328,
       41.15244995, 41.20798883, 41.30463884, 41.22277217, 41.20329995,
       41.06311661, 41.13222217, 41.08296662, 41.24269995, 41.30083884,
       41.12942772, 41.16419995, 41.06076661, 41.05611106, 41.0897055 ])}
Done at Sat Jan 29 14:48:21 JST 2022
