Running on host c3
Starting at Thu Jan 20 21:39:53 JST 2022
Running on hosts: c3
Running on 1 nodes.
Running 1 tasks.
Current working directory is /home/rio-hada/workspace/SurrogateModels
> sbatch spy srcc.py -T 1500 --trials 100 --k_size_max 200 --eval_freq 10
Namespace(B=2, D=100, P=16, T=1500, eval_archs=100, eval_freq=10, gpu=False, id=8293, k_size_max=200, mean0=False, name=None, recalc=1, seed=None, select_mode='random', trials=100)
save to 'result/image/srcc_t100_T1500_dmax200_mean_8293.png'
Done (1) 1429.865882396698
Done (2) 1142.0187892913818
Done (3) 1002.3083901405334
Done (4) 939.1962838172913
Done (5) 890.6537847518921
Done (6) 864.376133441925
Done (7) 850.427508354187
Done (8) 832.5692682266235
Done (9) 821.7396545410156
Done (10) 795.9552583694458
Done (11) 789.7526452541351
Done (12) 788.6809775829315
Done (13) 780.4361653327942
Done (14) 780.204959154129
Done (15) 779.7449314594269
Done (16) 768.0384669303894
Done (17) 764.2824141979218
Done (18) 767.0094497203827
Done (19) 760.9526081085205
Done (20) 758.0286839008331
Done (21) 760.8148376941681
Done (22) 766.0385711193085
Done (23) 761.0660226345062
Done (24) 756.2599840164185
Done (25) 754.8883121013641
Done (26) 762.9277396202087
Done (27) 754.7437398433685
Done (28) 754.1817598342896
Done (29) 754.1459794044495
Done (30) 753.962283372879
Done (31) 759.5907835960388
Done (32) 751.6731488704681
Done (33) 751.1712546348572
Done (34) 752.8775601387024
Done (35) 751.3098249435425
Done (36) 750.8895344734192
Done (37) 760.2255463600159
Done (38) 753.0893805027008
Done (39) 752.848126411438
Done (40) 750.093798160553
Done (41) 751.442253112793
Done (42) 749.6635308265686
Done (43) 757.1305594444275
Done (44) 749.633632183075
Done (45) 748.4358923435211
Done (46) 746.2703423500061
Done (47) 750.3454658985138
Done (48) 747.9683218002319
Done (49) 754.3650500774384
Done (50) 748.5996561050415
Done (51) 748.2590820789337
Done (52) 746.4738845825195
Done (53) 744.6245486736298
Done (54) 748.012866973877
Done (55) 746.6686327457428
Done (56) 753.9743449687958
Done (57) 744.0115201473236
Done (58) 743.3233697414398
Done (59) 740.9926760196686
Done (60) 744.5921406745911
Done (61) 743.3097667694092
Done (62) 744.5676901340485
Done (63) 744.3052182197571
Done (64) 752.1888945102692
Done (65) 742.96413230896
Done (66) 744.521959066391
Done (67) 742.9881558418274
Done (68) 742.8372912406921
Done (69) 743.2358791828156
Done (70) 743.4247007369995
Done (71) 741.3513903617859
Done (72) 752.670716047287
Done (73) 743.0040600299835
Done (74) 741.7341656684875
Done (75) 742.6138079166412
Done (76) 739.2982170581818
Done (77) 740.7959187030792
Done (78) 738.2349691390991
Done (79) 740.180944442749
Done (80) 744.10768866539
Done (81) 754.1768543720245
Done (82) 743.1996076107025
Done (83) 743.091237783432
Done (84) 743.6915581226349
Done (85) 742.2035875320435
Done (86) 741.1978483200073
Done (87) 740.500476360321
Done (88) 739.6916534900665
Done (89) 738.0923237800598
Done (90) 739.3133280277252
Done (91) 748.8929641246796
Done (92) 737.8625268936157
Done (93) 738.0325064659119
Done (94) 738.2730576992035
Done (95) 739.1602973937988
Done (96) 741.4104723930359
Done (97) 740.7298955917358
Done (98) 743.8318541049957
Done (99) 740.506445646286
Done (100) 750.1704239845276
{'srcc': array([0.74582514, 0.74836064, 0.74988671, 0.76017978, 0.75662934,
       0.77006997, 0.7600036 , 0.76189607, 0.77459898, 0.77532457,
       0.77281632, 0.77162136, 0.77590891, 0.77452925, 0.78254569,
       0.78207177, 0.783579  , 0.78069043, 0.77942034, 0.78407453,
       0.77345911, 0.77870663, 0.78608365, 0.77585503, 0.78490909,
       0.78526697, 0.78257426, 0.7923928 , 0.78959208, 0.7847544 ,
       0.78948935, 0.7816042 , 0.78579442, 0.79341206, 0.7851976 ,
       0.78198848, 0.78875632, 0.79265755, 0.78232307, 0.78512943,
       0.78419646, 0.79816274, 0.79438236, 0.79165017, 0.79986451,
       0.78883444, 0.80015506, 0.77893273, 0.79167693, 0.7938003 ,
       0.79386427, 0.79335266, 0.78951659, 0.79234311, 0.79619178,
       0.78493777, 0.79384494, 0.79181278, 0.79789691, 0.78768521,
       0.79473843, 0.79285113, 0.78868923, 0.79526385, 0.78379454,
       0.78915092, 0.79129445, 0.79313303, 0.78194467, 0.79328917,
       0.78812157, 0.7872288 , 0.79491125, 0.79055638, 0.7955874 ,
       0.78578314, 0.78640132, 0.79097858, 0.78780462, 0.79399016,
       0.7864228 , 0.79927969, 0.79178806, 0.79052145, 0.78558188,
       0.78794623, 0.78455206, 0.7840108 , 0.79315536, 0.78514887,
       0.78485305, 0.78812049, 0.78426043, 0.78653645, 0.79001164,
       0.79370657, 0.78177246, 0.78447933, 0.78213009, 0.78052145,
       0.78803408, 0.7823958 , 0.78743018, 0.78746223, 0.78553639,
       0.78690933, 0.77835572, 0.78223462, 0.7862489 , 0.78891653,
       0.77473183, 0.78287261, 0.77791323, 0.78328725, 0.78337354,
       0.78052541, 0.78109727, 0.78155296, 0.77698722, 0.77654461,
       0.7754003 , 0.77947663, 0.77948275, 0.77078512, 0.77340378,
       0.77693741, 0.77512403, 0.77451965, 0.77046865, 0.77472115,
       0.77419418, 0.76966649, 0.77872019, 0.77910699, 0.77243948,
       0.77723672, 0.78149223, 0.77987963, 0.77751083, 0.76967201,
       0.77185311, 0.76815278, 0.76291089, 0.77341842, 0.77425155,
       0.77405653, 0.7773769 , 0.77424254, 0.76852637, 0.76682052]), 'acc': array([42.0448555 , 42.1720555 , 42.16352772, 42.48114995, 42.46786662,
       42.53022773, 42.45732772, 42.53531106, 42.67138884, 42.7483555 ,
       42.64130551, 42.62769995, 42.61213328, 42.64887773, 42.78407773,
       42.60251661, 42.75909439, 42.71337773, 42.68807217, 42.80531662,
       42.56357773, 42.73102773, 42.67993328, 42.62401106, 42.68226661,
       42.84997217, 42.73277217, 42.57952217, 42.75201106, 42.7279555 ,
       42.78834995, 42.69564439, 42.62164439, 42.69173884, 42.62742217,
       42.62048884, 42.63914439, 42.59427217, 42.55786661, 42.64572217,
       42.65967217, 42.70828883, 42.73094995, 42.55271661, 42.84908328,
       42.64733884, 42.72161106, 42.51587773, 42.6702055 , 42.50614995,
       42.61805551, 42.56856106, 42.45349995, 42.6506055 , 42.58889995,
       42.5177555 , 42.55373884, 42.66307217, 42.52487773, 42.40049439,
       42.51714995, 42.45873884, 42.38596106, 42.57082772, 42.47188884,
       42.55862217, 42.29981661, 42.38102217, 42.32062217, 42.45776662,
       42.38147217, 42.41336106, 42.43794439, 42.38419439, 42.28698328,
       42.22203884, 42.23049439, 42.25058328, 42.30666661, 42.38952217,
       42.24779995, 42.20914995, 42.24048328, 42.23443884, 42.05467773,
       42.17094995, 42.19248884, 42.18391661, 42.20952217, 42.0716555 ,
       42.10753328, 42.15253884, 42.16826662, 42.1289555 , 42.09318884,
       42.20187217, 41.9209055 , 42.0325555 , 42.07641106, 42.06373328,
       42.03568884, 41.88521661, 42.15699439, 41.88818884, 41.87507217,
       41.87496661, 41.85494995, 42.03747217, 42.06963328, 41.98581106,
       41.79661106, 41.87062217, 41.73837773, 41.9279055 , 41.77073884,
       41.85168884, 41.80427773, 41.75111106, 41.72658884, 41.70859995,
       41.70867773, 41.75074439, 41.72397217, 41.77222773, 41.75306106,
       41.54521106, 41.59749995, 41.67039995, 41.72618884, 41.61128884,
       41.75974439, 41.76279439, 41.46578328, 41.53463328, 41.54816106,
       41.53029439, 41.61161661, 41.57304995, 41.43731662, 41.43863884,
       41.53291106, 41.50923884, 41.49509439, 41.43569995, 41.39789439,
       41.44774439, 41.54546661, 41.2748055 , 41.36926661, 41.34481662])}
Done at Fri Jan 21 19:05:00 JST 2022
