Running on host c5
Starting at Mon Jan 24 03:56:46 JST 2022
Running on hosts: c5
Running on 1 nodes.
Running 1 tasks.
Current working directory is /home/rio-hada/workspace/SurrogateModels
> sbatch spy srcc.py -T 1500 --trials 100 --k_size_max 200 --eval_freq 10 --select_mode similarity
Namespace(B=2, D=100, P=16, T=1500, eval_archs=100, eval_freq=10, gpu=False, id=8343, k_size_max=200, mean0=False, name=None, recalc=1, seed=None, select_mode='similarity', trials=100)
save to 'result/image/srcc_t100_T1500_dmax200_sim_mean_8343.png'
Done (1) 201.6809573173523
Done (2) 191.94589138031006
Done (3) 185.9887659549713
Done (4) 179.2195634841919
Done (5) 177.8120095729828
Done (6) 165.97065663337708
Done (7) 161.03463339805603
Done (8) 159.63144874572754
Done (9) 154.0034806728363
Done (10) 151.84897184371948
Done (11) 149.69059920310974
Done (12) 151.90605449676514
Done (13) 149.96610403060913
Done (14) 148.45636367797852
Done (15) 137.90926599502563
Done (16) 137.89580583572388
Done (17) 134.14928340911865
Done (18) 135.92705082893372
Done (19) 136.50319480895996
Done (20) 133.67043447494507
Done (21) 131.3732569217682
Done (22) 131.58399868011475
Done (23) 131.4125418663025
Done (24) 126.34486103057861
Done (25) 129.3501913547516
Done (26) 125.20551085472107
Done (27) 130.451678276062
Done (28) 127.05609345436096
Done (29) 126.60464096069336
Done (30) 124.68156027793884
Done (31) 124.58834338188171
Done (32) 123.88614273071289
Done (33) 122.13282871246338
Done (34) 123.42169666290283
Done (35) 124.17261958122253
Done (36) 122.93954801559448
Done (37) 127.34386849403381
Done (38) 121.93402862548828
Done (39) 123.47208142280579
Done (40) 121.61319661140442
Done (41) 121.60867714881897
Done (42) 122.24860334396362
Done (43) 120.61637163162231
Done (44) 121.33075046539307
Done (45) 122.19043374061584
Done (46) 119.78030037879944
Done (47) 120.27280449867249
Done (48) 123.3726601600647
Done (49) 121.46988368034363
Done (50) 126.66955208778381
Done (51) 120.44964861869812
Done (52) 120.47051548957825
Done (53) 118.91999459266663
Done (54) 121.76833581924438
Done (55) 118.80702686309814
Done (56) 112.90220308303833
Done (57) 108.76127314567566
Done (58) 109.30964374542236
Done (59) 109.67608332633972
Done (60) 109.29556059837341
Done (61) 110.61119937896729
Done (62) 110.58780455589294
Done (63) 110.83519840240479
Done (64) 107.96750330924988
Done (65) 108.05184388160706
Done (66) 108.38073539733887
Done (67) 112.84707546234131
Done (68) 108.02798676490784
Done (69) 109.02646160125732
Done (70) 109.2390878200531
Done (71) 107.62136936187744
Done (72) 107.50406169891357
Done (73) 106.85750150680542
Done (74) 106.87916731834412
Done (75) 108.66720604896545
Done (76) 106.58368611335754
Done (77) 108.53811717033386
Done (78) 106.37002801895142
Done (79) 107.77370262145996
Done (80) 108.58035850524902
Done (81) 107.1079318523407
Done (82) 106.72764539718628
Done (83) 106.5339903831482
Done (84) 107.92907810211182
Done (85) 106.02084350585938
Done (86) 106.52258682250977
Done (87) 107.31713962554932
Done (88) 114.31760859489441
Done (89) 107.21358966827393
Done (90) 107.14769220352173
Done (91) 106.74378848075867
Done (92) 105.08254361152649
Done (93) 106.44503593444824
Done (94) 106.0985963344574
Done (95) 106.19677305221558
Done (96) 105.76100373268127
Done (97) 106.58688831329346
Done (98) 105.56068539619446
Done (99) 105.8486487865448
Done (100) 106.0429744720459
{'srcc': array([0.7483592 , 0.76150699, 0.7537691 , 0.7557751 , 0.75447081,
       0.77162544, 0.76861374, 0.78066787, 0.78195116, 0.77430723,
       0.77904434, 0.77872811, 0.78525641, 0.776388  , 0.77500726,
       0.77866835, 0.78515416, 0.77609121, 0.77615878, 0.77134353,
       0.78052133, 0.77307867, 0.78372529, 0.77543954, 0.77803876,
       0.76730069, 0.77830903, 0.77493249, 0.77255626, 0.76448701,
       0.77357984, 0.77814953, 0.77835788, 0.77857438, 0.78092109,
       0.77298842, 0.77869787, 0.77450765, 0.77855086, 0.77696034,
       0.76533969, 0.77595464, 0.77340414, 0.76750231, 0.76667915,
       0.77281056, 0.77230387, 0.77034551, 0.77451005, 0.76819754,
       0.7674267 , 0.78036052, 0.77877888, 0.77568677, 0.76227831,
       0.76994263, 0.77333633, 0.77027843, 0.7779772 , 0.7644318 ,
       0.76457198, 0.76419742, 0.76837516, 0.76843864, 0.7657733 ,
       0.76000324, 0.77264578, 0.76671719, 0.76857774, 0.77285161,
       0.77511995, 0.77018638, 0.76523972, 0.76366505, 0.76376502,
       0.77166601, 0.754036  , 0.7670171 , 0.76171677, 0.76378266,
       0.76174401, 0.75859586, 0.75443   , 0.76454281, 0.76949703,
       0.76346775, 0.760024  , 0.77122808, 0.76261938, 0.76769997,
       0.76527765, 0.7556282 , 0.76519028, 0.76003936, 0.75945155,
       0.76322436, 0.76173633, 0.76028155, 0.75785167, 0.75169301,
       0.76279184, 0.76166757, 0.7600294 , 0.74583186, 0.75363408,
       0.75328677, 0.76085017, 0.75571497, 0.75741734, 0.74906007,
       0.76056562, 0.74405377, 0.74793087, 0.74985071, 0.74842748,
       0.75451149, 0.75243336, 0.75423582, 0.74309235, 0.75082196,
       0.75642208, 0.74677588, 0.75793303, 0.74783822, 0.74658914,
       0.74921176, 0.74807753, 0.74182166, 0.75448833, 0.75123384,
       0.74402808, 0.741218  , 0.74106499, 0.75715176, 0.74693405,
       0.74824014, 0.7562273 , 0.74936202, 0.75026607, 0.7446267 ,
       0.74719976, 0.74387435, 0.7369883 , 0.74186559, 0.7452162 ,
       0.73247129, 0.74064554, 0.73497462, 0.73836112, 0.74832943]), 'acc': array([42.0943555 , 42.27156661, 42.37154439, 42.22858884, 42.34483884,
       42.54417217, 42.49173328, 42.66779439, 42.63744995, 42.57138884,
       42.49318884, 42.49518328, 42.59612773, 42.46051662, 42.51447772,
       42.62011662, 42.49771106, 42.46813884, 42.54048884, 42.52757217,
       42.59518328, 42.40241106, 42.50719439, 42.34408328, 42.42407217,
       42.4203944 , 42.48404439, 42.34968328, 42.20607217, 42.3162055 ,
       42.32928328, 42.37133884, 42.36484439, 42.23779439, 42.41761106,
       42.3299944 , 42.29234995, 42.29306106, 42.20190551, 42.37741662,
       42.23877217, 42.2854555 , 42.43017773, 42.36999439, 42.33756106,
       42.17141661, 42.17527773, 42.11733328, 42.35027217, 42.23624995,
       42.22932217, 42.16071106, 42.27768884, 42.06846106, 42.00824439,
       42.24872217, 42.13627772, 42.16922773, 42.10639995, 42.05887773,
       42.15339995, 42.10069439, 42.04259995, 41.95907217, 42.01091661,
       41.94296106, 42.02138328, 42.19417217, 42.01871106, 42.14622773,
       42.08718884, 41.93593884, 42.04106106, 41.93247217, 41.95168328,
       41.91352217, 41.8790055 , 41.84641106, 41.83122773, 41.8231555 ,
       41.89104995, 41.85071106, 41.83366661, 41.83086106, 41.9199555 ,
       41.90436106, 41.81372217, 41.84618884, 41.80457217, 41.8586555 ,
       41.74372773, 41.73726661, 41.88239439, 41.78857773, 41.80773328,
       41.76053884, 41.94849995, 41.84487217, 41.71359995, 41.65393884,
       41.56422773, 41.72634995, 41.68448884, 41.77566662, 41.64331661,
       41.53944995, 41.59036106, 41.43266661, 41.54688328, 41.50587217,
       41.63028328, 41.60074439, 41.35892217, 41.60304995, 41.39147217,
       41.43129995, 41.57082217, 41.55612773, 41.34166106, 41.41894439,
       41.50194995, 41.35839439, 41.54201106, 41.51957772, 41.42356661,
       41.38253328, 41.38666106, 41.21646661, 41.18722217, 41.35501661,
       41.31572773, 41.32727217, 41.21364995, 41.22301662, 41.18863328,
       41.30611106, 41.34848328, 41.37332217, 41.31471106, 41.25811106,
       41.03503328, 41.19676106, 40.94766106, 41.25251106, 41.14963328,
       40.98488884, 41.3209055 , 41.05316106, 41.08492217, 41.07137217])}
Done at Mon Jan 24 07:22:36 JST 2022
