Running on host c15
Starting at Wed Jan 26 09:13:20 JST 2022
Running on hosts: c15
Running on 1 nodes.
Running 1 tasks.
Current working directory is /home/rio-hada/workspace/SurrogateModels
> sbatch spy srcc.py -T 1500 --trials 100 --k_size_max 300 --eval_freq 10
Namespace(B=2, D=100, P=16, T=1500, eval_archs=100, eval_freq=10, gpu=False, id=8398, k_size_max=300, mean0=False, name=None, recalc=1, seed=None, select_mode='random', trials=100)
save to 'result/image/srcc_t100_T1500_dmax300_mean_8398.png'
Done (1) 1415.536281824112
Done (2) 1150.6650078296661
Done (3) 1015.5550255775452
Done (4) 952.7633380889893
Done (5) 911.0747005939484
Done (6) 883.5100636482239
Done (7) 861.1017408370972
Done (8) 855.6464898586273
Done (9) 816.3160448074341
Done (10) 805.7602732181549
Done (11) 814.3453180789948
Done (12) 806.5588209629059
Done (13) 798.9513132572174
Done (14) 800.8318796157837
Done (15) 802.7552993297577
Done (16) 793.3739647865295
Done (17) 793.6927349567413
Done (18) 787.7262105941772
Done (19) 785.1113708019257
Done (20) 788.4088788032532
Done (21) 780.250643491745
Done (22) 784.3713612556458
Done (23) 778.0902314186096
Done (24) 778.423056602478
Done (25) 778.8115048408508
Done (26) 781.3497393131256
Done (27) 779.5979351997375
Done (28) 773.4377963542938
Done (29) 776.0426468849182
Done (30) 774.3404541015625
Done (31) 777.305340051651
Done (32) 774.6994807720184
Done (33) 780.2649846076965
Done (34) 772.5332977771759
Done (35) 773.6808602809906
Done (36) 774.1418960094452
Done (37) 771.6775913238525
Done (38) 772.8839340209961
Done (39) 770.0296201705933
Done (40) 768.1101987361908
Done (41) 770.2332508563995
Done (42) 777.9153017997742
Done (43) 771.769829750061
Done (44) 770.8590455055237
Done (45) 771.4745128154755
Done (46) 770.6020336151123
Done (47) 768.8440480232239
Done (48) 766.8223006725311
Done (49) 771.2009108066559
Done (50) 769.438928604126
Done (51) 767.5177743434906
Done (52) 767.7070198059082
Done (53) 776.1834969520569
Done (54) 768.956967830658
Done (55) 772.0167570114136
Done (56) 768.8201780319214
Done (57) 767.2322702407837
Done (58) 763.9095504283905
Done (59) 764.7034451961517
Done (60) 766.1092004776001
Done (61) 768.2545032501221
Done (62) 768.3843307495117
Done (63) 768.1174013614655
Done (64) 768.7268233299255
Done (65) 775.4145920276642
Done (66) 768.688042640686
Done (67) 766.4569230079651
Done (68) 767.18443775177
Done (69) 767.4060111045837
Done (70) 765.8461811542511
Done (71) 765.4502325057983
Done (72) 767.9806053638458
Done (73) 767.8560643196106
Done (74) 765.9825963973999
Done (75) 766.018666267395
Done (76) 766.7259294986725
Done (77) 765.3391182422638
Done (78) 766.1111965179443
Done (79) 767.9877076148987
Done (80) 775.1299154758453
Done (81) 764.3779602050781
Done (82) 764.7447779178619
Done (83) 765.7023046016693
Done (84) 764.6143751144409
Done (85) 764.9937362670898
Done (86) 765.0056259632111
Done (87) 765.5038592815399
Done (88) 765.4082295894623
Done (89) 764.201653957367
Done (90) 763.730596780777
Done (91) 765.0479288101196
Done (92) 764.5300290584564
Done (93) 764.8095128536224
Done (94) 765.0018203258514
Done (95) 765.9433460235596
Done (96) 764.341246843338
Done (97) 765.977037191391
Done (98) 774.9021723270416
Done (99) 764.3651270866394
Done (100) 764.4030904769897
{'srcc': array([0.74516964, 0.75182418, 0.75590123, 0.75754719, 0.76710915,
       0.75455698, 0.77196412, 0.76492253, 0.77783486, 0.7668198 ,
       0.77930765, 0.76627291, 0.77438992, 0.77386391, 0.76854917,
       0.77794155, 0.76971149, 0.78003588, 0.77377762, 0.7731586 ,
       0.78445869, 0.7794483 , 0.78360156, 0.77200216, 0.77468827,
       0.78161968, 0.77597804, 0.78157696, 0.78644668, 0.77661026,
       0.77547903, 0.77579694, 0.79073651, 0.77895602, 0.78305599,
       0.78086577, 0.78181566, 0.77157588, 0.78855842, 0.77732409,
       0.78635872, 0.78338794, 0.78262862, 0.79089937, 0.7893697 ,
       0.7957505 , 0.79386547, 0.78916496, 0.78744614, 0.78453381,
       0.78728977, 0.79188575, 0.79516424, 0.7966465 , 0.78093561,
       0.79401164, 0.79015686, 0.79107423, 0.79426643, 0.79414401,
       0.79677648, 0.78890549, 0.79837888, 0.78201656, 0.79193087,
       0.78893609, 0.79355944, 0.79371941, 0.78786451, 0.78998968,
       0.79459622, 0.79248593, 0.78903726, 0.78371029, 0.79185875,
       0.7908246 , 0.78980378, 0.79205473, 0.79325137, 0.78654089,
       0.7893703 , 0.79503306, 0.78609085, 0.79283516, 0.79308503,
       0.79389607, 0.79426979, 0.7829577 , 0.78819298, 0.7971664 ,
       0.79267303, 0.79070603, 0.78666283, 0.79893969, 0.78326865,
       0.79054293, 0.79396904, 0.78988503, 0.78505587, 0.78638668,
       0.79260066, 0.78568113, 0.78919988, 0.77844824, 0.79531497,
       0.78977606, 0.79359388, 0.79331953, 0.78809409, 0.78754635,
       0.79418374, 0.79348131, 0.78139826, 0.78619478, 0.78932085,
       0.78326133, 0.79018662, 0.78229631, 0.78114575, 0.78760912,
       0.77842448, 0.78442016, 0.78261614, 0.78387339, 0.78374641,
       0.7778117 , 0.78735998, 0.77828155, 0.7750129 , 0.78770297,
       0.79149319, 0.76997564, 0.78674779, 0.78117792, 0.78538746,
       0.77978314, 0.7722417 , 0.77769541, 0.76922676, 0.77579394,
       0.77658914, 0.77609229, 0.78290837, 0.77709679, 0.77272931,
       0.77751803, 0.77398896, 0.77294365, 0.78101758, 0.77891293]), 'acc': array([42.1461055 , 42.24966661, 42.29329995, 42.41581106, 42.55436661,
       42.57473328, 42.55164995, 42.70392773, 42.7419555 , 42.66756662,
       42.73758328, 42.7291055 , 42.76518884, 42.58386106, 42.73957217,
       42.69823328, 42.67448328, 42.82192773, 42.67798884, 42.62806106,
       42.82958328, 42.8178555 , 42.70839995, 42.92444995, 42.78044995,
       42.84610551, 42.72908884, 42.76762773, 42.77324439, 42.83851662,
       42.84749439, 42.6561055 , 42.97436106, 42.64314439, 42.66537773,
       42.57343328, 42.70182217, 42.42967773, 42.75639995, 42.76953884,
       42.68489995, 42.40634439, 42.53191661, 42.71269439, 42.76068884,
       42.65558884, 42.59062217, 42.56823328, 42.53861661, 42.54742217,
       42.68034995, 42.50501106, 42.6253555 , 42.56481106, 42.41457217,
       42.58648328, 42.47766106, 42.64814439, 42.47518883, 42.54268884,
       42.56066106, 42.53444995, 42.6254055 , 42.35581106, 42.50820551,
       42.47037773, 42.51913328, 42.44456662, 42.42869995, 42.42437217,
       42.49298328, 42.45901106, 42.2903055 , 42.31238884, 42.34049995,
       42.23248328, 42.42918884, 42.32133884, 42.19657772, 42.12174439,
       42.13138328, 42.17554995, 42.16071662, 42.23379995, 42.22238328,
       42.20049439, 42.34891106, 42.10406106, 42.1357555 , 42.1125055 ,
       42.12349995, 42.14566661, 42.02732773, 42.1414555 , 42.04338328,
       42.14572217, 42.09493328, 42.0947555 , 42.09752773, 41.98162217,
       41.9498944 , 42.09499995, 42.01999995, 41.92138328, 42.06840551,
       41.89134439, 41.92273328, 42.06016106, 41.97042217, 41.9574555 ,
       41.91071661, 42.03096662, 41.90022772, 41.84542217, 41.93811106,
       41.72354439, 41.93634439, 41.79318328, 41.83333884, 41.84231106,
       41.66919995, 41.7741055 , 41.76552217, 41.8156055 , 41.63679439,
       41.75549439, 41.83602773, 41.62139439, 41.72197772, 41.56301106,
       41.83907773, 41.63863328, 41.75398884, 41.60806106, 41.62342217,
       41.71657773, 41.65199995, 41.60229995, 41.45472773, 41.58184995,
       41.40406661, 41.36572773, 41.68078883, 41.41383884, 41.2718055 ,
       41.45752217, 41.42924439, 41.34081106, 41.42501106, 41.4408944 ])}
Done at Thu Jan 27 07:13:49 JST 2022
