Running on host c16
Starting at Wed Jan 26 09:13:20 JST 2022
Running on hosts: c16
Running on 1 nodes.
Running 1 tasks.
Current working directory is /home/rio-hada/workspace/SurrogateModels
> sbatch spy srcc.py -T 1500 --trials 100 --k_size_max 400 --eval_freq 10
Namespace(B=2, D=100, P=16, T=1500, eval_archs=100, eval_freq=10, gpu=False, id=8399, k_size_max=400, mean0=False, name=None, recalc=1, seed=None, select_mode='random', trials=100)
save to 'result/image/srcc_t100_T1500_dmax400_mean_8399.png'
Done (1) 1378.8486080169678
Done (2) 1134.243344783783
Done (3) 1011.0262713432312
Done (4) 947.4896559715271
Done (5) 895.374757528305
Done (6) 878.182079076767
Done (7) 869.6810760498047
Done (8) 845.6646101474762
Done (9) 818.1484830379486
Done (10) 814.6301398277283
Done (11) 805.6737954616547
Done (12) 805.7870090007782
Done (13) 800.7515721321106
Done (14) 799.8105728626251
Done (15) 796.8057837486267
Done (16) 793.1948385238647
Done (17) 787.7219996452332
Done (18) 784.4060401916504
Done (19) 789.1246063709259
pinv: t = 2836
Done (20) 788.1525790691376
Done (21) 782.8504445552826
Done (22) 783.0224874019623
Done (23) 775.9913334846497
Done (24) 777.030259847641
Done (25) 781.8687181472778
Done (26) 783.3194582462311
Done (27) 777.1563396453857
Done (28) 774.8105578422546
Done (29) 772.2671496868134
Done (30) 775.006071805954
Done (31) 771.4075708389282
Done (32) 772.3412716388702
Done (33) 772.2812919616699
Done (34) 771.0195577144623
Done (35) 778.6777369976044
Done (36) 769.5585980415344
Done (37) 769.5323839187622
Done (38) 771.7807207107544
Done (39) 769.5053210258484
Done (40) 771.2305002212524
Done (41) 768.0601260662079
Done (42) 767.5427467823029
Done (43) 769.8313176631927
Done (44) 766.9910078048706
Done (45) 767.5378794670105
Done (46) 766.8994162082672
Done (47) 773.2502052783966
Done (48) 765.1489160060883
Done (49) 764.2123916149139
Done (50) 764.9845385551453
Done (51) 764.1979987621307
Done (52) 763.9143602848053
Done (53) 762.4359345436096
Done (54) 766.09028840065
Done (55) 763.7217350006104
Done (56) 763.5094747543335
Done (57) 762.9216167926788
Done (58) 765.2600939273834
Done (59) 762.4801986217499
Done (60) 760.4703676700592
Done (61) 764.1231899261475
Done (62) 762.1544766426086
Done (63) 771.9246017932892
Done (64) 764.8316597938538
Done (65) 763.9315099716187
Done (66) 763.8535544872284
Done (67) 763.7445018291473
Done (68) 762.6753966808319
Done (69) 763.053783416748
Done (70) 763.5492582321167
Done (71) 762.9881312847137
Done (72) 763.8468105792999
Done (73) 762.5711913108826
Done (74) 762.8498871326447
Done (75) 763.3815302848816
Done (76) 762.6911561489105
Done (77) 762.2214784622192
Done (78) 762.4286653995514
Done (79) 762.9901101589203
Done (80) 763.8615486621857
Done (81) 764.9145677089691
Done (82) 764.2877316474915
Done (83) 762.7630152702332
Done (84) 771.7693452835083
Done (85) 763.6576805114746
Done (86) 764.0581421852112
Done (87) 762.7165219783783
Done (88) 762.4544994831085
Done (89) 764.3395159244537
Done (90) 763.8175010681152
Done (91) 761.9301013946533
Done (92) 760.1651155948639
Done (93) 760.8123068809509
Done (94) 760.1352272033691
Done (95) 758.9637842178345
Done (96) 760.0134930610657
Done (97) 761.0307595729828
Done (98) 757.9949977397919
Done (99) 762.8902728557587
Done (100) 761.4926934242249
{'srcc': array([0.75053321, 0.75264818, 0.75538086, 0.75908983, 0.76480648,
       0.77320756, 0.78145563, 0.76452217, 0.76546871, 0.77334221,
       0.76880012, 0.76537918, 0.78153207, 0.7710255 , 0.77984734,
       0.77965497, 0.78018194, 0.773994  , 0.76707747, 0.77711731,
       0.78238368, 0.78232355, 0.78174053, 0.77822118, 0.78321104,
       0.77965581, 0.77619814, 0.78438032, 0.78380042, 0.78367777,
       0.78428071, 0.7840174 , 0.78690201, 0.79273195, 0.79982214,
       0.78420282, 0.78991143, 0.7904426 , 0.79183606, 0.79043384,
       0.79720768, 0.79094713, 0.7917847 , 0.79416202, 0.78443384,
       0.79223318, 0.79505707, 0.78865179, 0.79606493, 0.7944114 ,
       0.78865263, 0.79216898, 0.79038704, 0.79569241, 0.79102814,
       0.78748299, 0.78728425, 0.80000456, 0.78945395, 0.79423426,
       0.79786811, 0.79018146, 0.79046769, 0.79521224, 0.79795704,
       0.7941787 , 0.79472331, 0.78438596, 0.78915932, 0.791176  ,
       0.79117528, 0.79452457, 0.7931712 , 0.79097726, 0.79776322,
       0.79483828, 0.79358296, 0.79607705, 0.79883108, 0.79668311,
       0.80000624, 0.79067195, 0.79096886, 0.78905155, 0.78408737,
       0.79325077, 0.78215134, 0.7928486 , 0.78968161, 0.79107147,
       0.79286013, 0.78519784, 0.79052193, 0.79389439, 0.78518812,
       0.79402304, 0.79202664, 0.79640324, 0.79169637, 0.78944734,
       0.78849181, 0.79425023, 0.79331377, 0.79097174, 0.79581086,
       0.79434887, 0.79191119, 0.78550267, 0.79113555, 0.78443588,
       0.79201668, 0.79225503, 0.79470339, 0.79606949, 0.7815682 ,
       0.78793975, 0.7833841 , 0.78286793, 0.78430567, 0.7850021 ,
       0.79233675, 0.79601416, 0.78218746, 0.79102358, 0.78304062,
       0.79226559, 0.7905595 , 0.78466667, 0.78452481, 0.78572661,
       0.78209541, 0.78820066, 0.78380954, 0.78821926, 0.78377594,
       0.77518548, 0.77258626, 0.78496214, 0.78533597, 0.78349667,
       0.78614917, 0.7800378 , 0.78769913, 0.78599304, 0.78057174,
       0.7925871 , 0.78027723, 0.78608941, 0.78048881, 0.78186295]), 'acc': array([42.13908328, 42.14784439, 42.26062773, 42.43297217, 42.45002772,
       42.66956106, 42.62097773, 42.60741661, 42.59699995, 42.55006661,
       42.66573884, 42.53616662, 42.63451106, 42.58249995, 42.82604439,
       42.75544439, 42.69332772, 42.81444439, 42.69891661, 42.89913328,
       42.81546661, 42.73084439, 42.80057217, 42.76429439, 42.83858884,
       42.86366662, 42.78414439, 42.86953328, 42.8080055 , 42.64217217,
       42.69448328, 42.74608328, 42.65227772, 42.91574439, 42.6568055 ,
       42.56276106, 42.69708884, 42.78238328, 42.72899439, 42.60244439,
       42.66249439, 42.72393884, 42.70413328, 42.79871106, 42.54327772,
       42.69517217, 42.57919439, 42.6794444 , 42.52556106, 42.63978328,
       42.5254555 , 42.54281661, 42.59257217, 42.68556106, 42.68152217,
       42.63682773, 42.50204995, 42.68087217, 42.51171106, 42.45556662,
       42.61973328, 42.59812773, 42.55824439, 42.43459995, 42.50826662,
       42.48509995, 42.53326106, 42.50429439, 42.55726662, 42.34611662,
       42.45082217, 42.51352217, 42.42529439, 42.31493328, 42.36262217,
       42.33928884, 42.30463328, 42.39448328, 42.33087217, 42.33453328,
       42.19684995, 42.29651662, 42.0924055 , 42.27572773, 42.16078883,
       42.41022217, 42.35261661, 42.23334995, 42.30614995, 42.11499439,
       42.33843884, 42.07759439, 42.1600555 , 42.18126662, 42.07172217,
       42.08652773, 42.20843884, 42.14828884, 42.22562773, 42.18606106,
       42.09169995, 42.17928884, 41.99903884, 41.95482217, 42.12248328,
       41.95147217, 41.96032773, 42.00904439, 41.95637773, 41.80784439,
       42.02071661, 41.9050555 , 42.01574995, 41.96037773, 41.91744995,
       41.78536106, 41.8122555 , 41.76249439, 41.84836106, 41.87563884,
       41.92416661, 41.89452217, 41.83737772, 41.83748328, 41.69173884,
       41.85388328, 41.63214995, 41.82576106, 41.74258884, 41.72074995,
       41.7348555 , 41.83408328, 41.74911661, 41.74054439, 41.68884439,
       41.59114995, 41.27292773, 41.69588883, 41.58761106, 41.57917217,
       41.53343328, 41.58527217, 41.49794439, 41.68994439, 41.42876662,
       41.56588328, 41.56304995, 41.47219995, 41.43326661, 41.44729439])}
Done at Thu Jan 27 07:08:10 JST 2022
