Running on host c2
Starting at Sun Jan 16 18:48:44 JST 2022
Running on hosts: c2
Running on 1 nodes.
Running 1 tasks.
Current working directory is /home/rio-hada/workspace/SurrogateModels
> sbatch spy srcc.py -T 1500 --trials 100 --k_size_max 700 --eval_freq 10
Namespace(B=2, D=100, P=16, T=1500, eval_archs=100, eval_freq=10, gpu=False, id=8124, k_size_max=700, mean0=False, name=None, recalc=1, seed=None, select_mode='random', trials=100)
save to 'result/image/srcc_t100_T1500_dmax700_mean_8124.png'
Done (1) 1399.3624684810638
Done (2) 1202.7517170906067
Done (3) 1079.686000585556
Done (4) 999.0149209499359
Done (5) 971.5266547203064
Done (6) 920.7337379455566
Done (7) 899.8955969810486
Done (8) 884.0006287097931
Done (9) 861.3614745140076
Done (10) 853.4009790420532
Done (11) 856.0638113021851
Done (12) 843.8814854621887
Done (13) 844.1901392936707
Done (14) 836.3630063533783
Done (15) 839.3186233043671
Done (16) 834.5168430805206
Done (17) 826.2648358345032
Done (18) 825.3332815170288
Done (19) 824.1220428943634
Done (20) 818.6788139343262
Done (21) 818.6623485088348
Done (22) 817.8157839775085
Done (23) 822.975909948349
Done (24) 817.8389902114868
Done (25) 814.7444024085999
Done (26) 815.4536504745483
Done (27) 813.0558576583862
Done (28) 813.0886075496674
Done (29) 810.5395958423615
Done (30) 809.269847869873
Done (31) 807.3750674724579
Done (32) 808.2995171546936
Done (33) 818.2429103851318
Done (34) 808.0460398197174
Done (35) 805.6764039993286
Done (36) 806.5790214538574
Done (37) 812.3014461994171
Done (38) 810.5651593208313
Done (39) 804.5665276050568
Done (40) 806.7640364170074
Done (41) 809.9243876934052
Done (42) 805.7185642719269
Done (43) 805.8289766311646
Done (44) 808.1870748996735
Done (45) 805.7680542469025
Done (46) 807.2501378059387
Done (47) 804.7730069160461
Done (48) 812.1139261722565
Done (49) 804.8419926166534
Done (50) 801.4158005714417
Done (51) 803.9012734889984
Done (52) 801.8092794418335
Done (53) 805.1667387485504
Done (54) 802.6792521476746
Done (55) 803.1950008869171
Done (56) 803.3559761047363
Done (57) 805.462379693985
Done (58) 804.233922958374
Done (59) 802.8006331920624
Done (60) 803.4416172504425
Done (61) 802.7668025493622
Done (62) 802.3227446079254
Done (63) 799.2581880092621
Done (64) 798.9092996120453
Done (65) 801.9355299472809
Done (66) 802.0185198783875
Done (67) 799.8991441726685
Done (68) 801.5969636440277
Done (69) 801.8399662971497
Done (70) 800.913745880127
Done (71) 800.3524379730225
Done (72) 810.294091463089
Done (73) 802.3752076625824
Done (74) 801.3218207359314
Done (75) 798.7681200504303
Done (76) 800.2960016727448
Done (77) 798.6034960746765
Done (78) 799.1157875061035
Done (79) 798.3390018939972
Done (80) 799.31920170784
Done (81) 798.6377110481262
Done (82) 797.0952434539795
Done (83) 798.9467911720276
Done (84) 798.5695719718933
Done (85) 797.1812965869904
Done (86) 797.8108780384064
Done (87) 798.006361246109
Done (88) 797.5195271968842
Done (89) 798.4690399169922
Done (90) 799.0255961418152
Done (91) 797.2374713420868
Done (92) 797.734564781189
Done (93) 798.8755304813385
Done (94) 796.1296892166138
Done (95) 797.5083763599396
Done (96) 796.2890045642853
Done (97) 796.3867154121399
Done (98) 800.2158744335175
Done (99) 797.0902044773102
Done (100) 798.7338950634003
[0.74963408 0.74519196 0.75333945 0.75631839 0.75596604 0.76130777
 0.76126361 0.77139358 0.76727825 0.76821686 0.78281068 0.76440372
 0.77335002 0.77144758 0.76854389 0.76939514 0.77071263 0.77251101
 0.77331665 0.76891041 0.76746955 0.73984842 0.77573501 0.772436
 0.76820654 0.77035692 0.7641997  0.75606505 0.75185563 0.75749583
 0.77096514 0.74129505 0.74797408 0.75289913 0.77047633 0.76583594
 0.77555932 0.76313687 0.7703904  0.77618074 0.7693703  0.77296838
 0.76227747 0.76138794 0.77136118 0.76477024 0.76775974 0.78342934
 0.78093069 0.78522652 0.77192199 0.77380258 0.77544326 0.78367333
 0.78860522 0.79771113 0.79273303 0.78675488 0.79362184 0.79162556
 0.79472919 0.79394863 0.80308563 0.79427303 0.7956174  0.79047801
 0.79779754 0.8059838  0.7979664  0.79949523 0.80017918 0.80201068
 0.80522076 0.801567   0.80254593 0.80223174 0.80196052 0.79759964
 0.80543558 0.79894521 0.80567465 0.80913507 0.81185191 0.80738086
 0.81898626 0.81565029 0.80413621 0.81367165 0.80795524 0.82101134
 0.81553195 0.8180126  0.82158056 0.81257942 0.82050069 0.8178141
 0.81446325 0.8245967  0.81878632 0.82128629 0.81630399 0.81998944
 0.82124548 0.81689493 0.82022442 0.81407789 0.82734137 0.82185047
 0.82390303 0.82320096 0.81921332 0.82479328 0.82165845 0.8277541
 0.82278644 0.82927225 0.82482232 0.82939586 0.81734773 0.82105047
 0.81968869 0.82530705 0.8202093  0.82708083 0.82351119 0.82999016
 0.81994431 0.8236456  0.82467939 0.82148335 0.8331748  0.82713339
 0.82606121 0.82155884 0.82386247 0.81887129 0.82201452 0.82251425
 0.82439616 0.82396052 0.82309127 0.83201452 0.82387867 0.83057906
 0.82299994 0.823603   0.83335086 0.82699958 0.82112031 0.82534593]
Done at Mon Jan 17 17:48:03 JST 2022
