Running on host c5
Starting at Fri Jan 21 19:57:09 JST 2022
Running on hosts: c5
Running on 1 nodes.
Running 1 tasks.
Current working directory is /home/rio-hada/workspace/SurrogateModels
> sbatch spy srcc.py -T 1500 --trials 100 --k_size_max 900 --eval_freq 10
Namespace(B=2, D=100, P=16, T=1500, eval_archs=100, eval_freq=10, gpu=False, id=8312, k_size_max=900, mean0=False, name=None, recalc=1, seed=None, select_mode='random', trials=100)
save to 'result/image/srcc_t100_T1500_dmax900_mean_8312.png'
Done (1) 1412.7635958194733
Done (2) 1228.8802757263184
Done (3) 1120.9777283668518
Done (4) 1038.4851665496826
Done (5) 997.8431222438812
Done (6) 946.2103159427643
Done (7) 936.3502027988434
Done (8) 920.6151671409607
Done (9) 894.2279596328735
Done (10) 905.8789315223694
Done (11) 888.1971487998962
Done (12) 875.4189929962158
Done (13) 870.433678150177
Done (14) 875.3592691421509
Done (15) 866.6317911148071
Done (16) 860.9850330352783
Done (17) 857.2602868080139
Done (18) 861.9360644817352
Done (19) 854.6352264881134
Done (20) 852.7820799350739
Done (21) 857.326263666153
Done (22) 847.6521623134613
Done (23) 850.3054094314575
Done (24) 845.3236434459686
Done (25) 845.7444639205933
Done (26) 840.8323123455048
Done (27) 843.1162598133087
Done (28) 841.8232777118683
Done (29) 850.392849445343
Done (30) 838.3855214118958
Done (31) 839.0878438949585
Done (32) 836.7630980014801
Done (33) 836.5071198940277
Done (34) 833.6107540130615
Done (35) 840.0657489299774
Done (36) 838.4178774356842
Done (37) 833.6146469116211
Done (38) 836.791300535202
Done (39) 833.9350023269653
Done (40) 835.2795395851135
Done (41) 845.1591262817383
Done (42) 837.8156468868256
Done (43) 835.3347356319427
Done (44) 834.3746964931488
Done (45) 832.4939451217651
Done (46) 833.4744913578033
Done (47) 830.8294837474823
Done (48) 829.8070724010468
Done (49) 829.7238957881927
Done (50) 830.6307196617126
Done (51) 832.8711159229279
Done (52) 832.4420945644379
Done (53) 832.5351912975311
Done (54) 829.1300406455994
Done (55) 830.8558125495911
Done (56) 841.4123215675354
Done (57) 829.35342669487
Done (58) 828.7071478366852
Done (59) 826.9015157222748
Done (60) 830.5101320743561
Done (61) 829.3751139640808
Done (62) 828.7415239810944
Done (63) 826.9563553333282
Done (64) 827.7938549518585
Done (65) 827.1842451095581
Done (66) 827.1270592212677
Done (67) 825.701229095459
Done (68) 826.2691826820374
Done (69) 828.3213114738464
Done (70) 827.7525541782379
Done (71) 828.8170745372772
Done (72) 827.1011295318604
Done (73) 827.7726950645447
Done (74) 806.5740742683411
Done (75) 804.4572885036469
Done (76) 805.9459471702576
Done (77) 805.104293346405
Done (78) 804.8827698230743
Done (79) 815.6087443828583
Done (80) 805.2215716838837
Done (81) 806.3340051174164
Done (82) 805.2889316082001
Done (83) 805.0980167388916
Done (84) 806.6236355304718
Done (85) 805.2948515415192
Done (86) 804.2374980449677
Done (87) 804.6201841831207
Done (88) 805.0398862361908
Done (89) 804.624397277832
Done (90) 804.9926073551178
Done (91) 803.638829946518
Done (92) 807.1502261161804
Done (93) 806.556539773941
Done (94) 806.9425933361053
Done (95) 805.8305623531342
Done (96) 804.2818830013275
Done (97) 804.6413834095001
Done (98) 804.4142637252808
Done (99) 804.3954641819
Done (100) 804.2923512458801
{'srcc': array([0.74274023, 0.74487381, 0.75530753, 0.76547075, 0.75905551,
       0.76053801, 0.76315344, 0.76763132, 0.77289277, 0.76038128,
       0.77112307, 0.77175614, 0.77268923, 0.76887069, 0.77419958,
       0.77429859, 0.77718416, 0.75986823, 0.77664854, 0.77608053,
       0.76837108, 0.77049697, 0.76585443, 0.75377258, 0.75575278,
       0.75681596, 0.77005485, 0.75003468, 0.74244872, 0.75593147,
       0.75819082, 0.74134005, 0.74329337, 0.73615038, 0.75829187,
       0.73656886, 0.73850189, 0.73336814, 0.71899082, 0.67731533,
       0.68898038, 0.7098231 , 0.71512787, 0.68704986, 0.6682333 ,
       0.73008125, 0.70897162, 0.71589367, 0.71065047, 0.70222358,
       0.72294509, 0.70771557, 0.72320732, 0.73962244, 0.7222267 ,
       0.74759436, 0.72203468, 0.71754011, 0.72062862, 0.70877576,
       0.75802736, 0.73624974, 0.73396544, 0.72458038, 0.72371545,
       0.7470489 , 0.73078476, 0.73807789, 0.74166229, 0.75151551,
       0.75271803, 0.77134089, 0.75176562, 0.75067111, 0.76080396,
       0.73648005, 0.74952847, 0.75404476, 0.76146127, 0.76830015,
       0.76389595, 0.75591539, 0.77317936, 0.75322976, 0.76862982,
       0.77359088, 0.74940006, 0.74495038, 0.7857949 , 0.77555944,
       0.77364152, 0.79034071, 0.78266151, 0.77539274, 0.78142406,
       0.78664566, 0.78849613, 0.79844464, 0.76374941, 0.78049577,
       0.77837252, 0.78347303, 0.77908803, 0.78396916, 0.78213465,
       0.7850327 , 0.78785851, 0.79465311, 0.80825215, 0.79589955,
       0.7994213 , 0.80034743, 0.79195608, 0.79152283, 0.80967045,
       0.79397912, 0.79379574, 0.79774209, 0.81455878, 0.79814413,
       0.80190327, 0.80755392, 0.79503738, 0.80384494, 0.80606493,
       0.79390291, 0.81305767, 0.80874251, 0.81147891, 0.81716484,
       0.81400168, 0.82045893, 0.80817462, 0.80969505, 0.81174533,
       0.81397792, 0.81752127, 0.81869811, 0.8067784 , 0.81004068,
       0.80829871, 0.81478908, 0.81103474, 0.81290873, 0.81309643,
       0.82137714, 0.81610945, 0.83139574, 0.8242135 , 0.8204288 ]), 'acc': array([42.12976661, 42.16197772, 42.2895555 , 42.54659439, 42.43003328,
       42.57333883, 42.6044555 , 42.71174439, 42.61863884, 42.69372772,
       42.64706106, 42.79686661, 42.72708328, 42.70602772, 42.79679995,
       42.69827773, 42.65006662, 42.52416661, 42.79543328, 42.74258328,
       42.93026661, 42.85343328, 42.7629555 , 42.57054439, 42.61099995,
       42.50663884, 42.75623884, 42.62571106, 42.3337555 , 42.59011662,
       42.53579995, 42.32456106, 42.34201106, 42.31287217, 42.45465551,
       42.08508884, 42.07276662, 42.15198884, 42.11342773, 41.32252217,
       41.70911662, 41.78771106, 41.9203555 , 41.52727773, 41.20501106,
       42.02057772, 41.6601555 , 41.79107217, 41.62226106, 41.48032773,
       41.63617773, 41.65709439, 41.63673884, 41.7431055 , 41.4889055 ,
       41.91962217, 41.52133884, 41.73404439, 41.7326055 , 41.37361106,
       41.8587055 , 41.75142773, 41.9460555 , 41.65694439, 41.57753884,
       41.79601106, 41.45786661, 41.67936661, 41.64451106, 41.7551055 ,
       41.85366106, 41.90732773, 41.60451661, 41.84268884, 41.61082217,
       41.54925551, 41.77121106, 41.55917772, 41.83107217, 41.89988328,
       41.76956661, 41.57362773, 42.04532773, 41.89641106, 41.70901661,
       41.74440551, 41.59854439, 41.49904439, 41.90723884, 41.85618884,
       41.74359995, 41.92522217, 41.97741661, 41.9117555 , 41.69938328,
       41.80583884, 42.0650055 , 41.96308884, 41.7286055 , 41.98703884,
       41.9347055 , 41.97743884, 41.77247772, 41.81366662, 41.82742217,
       41.83212217, 41.9045555 , 42.02339995, 42.15454995, 41.67684995,
       42.09549995, 42.00992773, 41.90698328, 41.97198328, 42.06117773,
       41.98891662, 41.96064995, 41.8181555 , 42.20588328, 41.91667772,
       42.00243328, 41.91387217, 41.87097217, 41.84776661, 41.9196555 ,
       41.79506662, 41.98929995, 41.94679995, 41.9398555 , 42.09988328,
       41.99406661, 41.95743328, 42.04577217, 41.95057773, 41.96674439,
       41.8658555 , 41.94839995, 41.8722555 , 41.80912773, 41.96127217,
       41.9196555 , 41.95527773, 41.96774995, 41.90123883, 41.87721106,
       42.01876106, 41.99083328, 42.15836106, 42.03046106, 41.97244995])}
Done at Sat Jan 22 19:34:57 JST 2022
