Running on host c4
Starting at Mon Jan 17 05:33:03 JST 2022
Running on hosts: c4
Running on 1 nodes.
Running 1 tasks.
Current working directory is /home/rio-hada/workspace/SurrogateModels
> sbatch spy srcc.py -T 1500 --trials 100 --k_size_max 800 --eval_freq 10
Namespace(B=2, D=100, P=16, T=1500, eval_archs=100, eval_freq=10, gpu=False, id=8151, k_size_max=800, mean0=False, name=None, recalc=1, seed=None, select_mode='random', trials=100)
save to 'result/image/srcc_t100_T1500_dmax800_mean_8151.png'
Done (1) 1402.1301987171173
Done (2) 1209.6060979366302
Done (3) 1099.8089706897736
Done (4) 1016.6085498332977
Done (5) 991.4602053165436
Done (6) 940.5484080314636
Done (7) 916.9276175498962
Done (8) 896.820060968399
Done (9) 884.6295971870422
Done (10) 870.7101480960846
Done (11) 867.4250726699829
Done (12) 857.1535289287567
Done (13) 854.0418102741241
Done (14) 845.6309187412262
Done (15) 858.0684521198273
Done (16) 840.2550823688507
Done (17) 837.3358027935028
Done (18) 825.2619411945343
Done (19) 831.3009848594666
Done (20) 822.4393057823181
Done (21) 826.0266873836517
Done (22) 828.9990994930267
Done (23) 824.3954424858093
Done (24) 822.4684884548187
Done (25) 821.520313501358
Done (26) 814.7777955532074
Done (27) 817.5769710540771
Done (28) 815.2009637355804
Done (29) 818.6738455295563
Done (30) 816.3523046970367
Done (31) 810.3133387565613
Done (32) 809.8324494361877
Done (33) 819.3318929672241
Done (34) 811.0506057739258
Done (35) 808.7460820674896
Done (36) 810.0422263145447
Done (37) 811.0269258022308
Done (38) 810.5028269290924
Done (39) 808.6423118114471
Done (40) 809.650936126709
Done (41) 809.2996408939362
Done (42) 809.1783509254456
Done (43) 810.9701018333435
Done (44) 809.2863872051239
Done (45) 812.3205237388611
Done (46) 812.3142256736755
Done (47) 812.4580717086792
pinv: t = 2026
Done (48) 820.973379611969
Done (49) 813.1964511871338
Done (50) 810.6584260463715
Done (51) 801.7424144744873
Done (52) 802.6253759860992
Done (53) 806.1317529678345
Done (54) 808.2351880073547
Done (55) 806.6320295333862
Done (56) 803.4738862514496
Done (57) 805.7222323417664
Done (58) 804.9808442592621
Done (59) 807.0705320835114
Done (60) 807.291704416275
Done (61) 805.8150014877319
Done (62) 806.9350056648254
Done (63) 804.7360920906067
Done (64) 803.5923490524292
Done (65) 808.7530443668365
Done (66) 806.4909024238586
Done (67) 804.5927815437317
Done (68) 800.57599401474
Done (69) 804.8756580352783
Done (70) 804.767210483551
Done (71) 812.9292078018188
Done (72) 801.6175510883331
Done (73) 804.6764290332794
Done (74) 806.2299547195435
Done (75) 806.7549750804901
Done (76) 807.4341764450073
Done (77) 802.4606032371521
Done (78) 803.35040807724
Done (79) 799.2097210884094
Done (80) 800.5874314308167
Done (81) 800.5315728187561
Done (82) 798.6872951984406
Done (83) 799.527617931366
Done (84) 801.6535649299622
Done (85) 791.8849353790283
Done (86) 781.6577980518341
Done (87) 782.5845568180084
Done (88) 782.1814968585968
Done (89) 782.535181760788
Done (90) 782.1745212078094
Done (91) 783.8621406555176
Done (92) 780.6138570308685
Done (93) 780.0770189762115
Done (94) 780.188973903656
Done (95) 781.5642726421356
Done (96) 782.9211297035217
Done (97) 781.3879859447479
Done (98) 781.2865173816681
Done (99) 781.5956728458405
Done (100) 785.2200512886047
[0.73920924 0.74720972 0.76570093 0.74789127 0.75907159 0.76652865
 0.76434167 0.76607645 0.76794479 0.77368917 0.77027495 0.76920036
 0.76974029 0.77440996 0.76874527 0.77711239 0.78131293 0.76278236
 0.77090861 0.76590159 0.77167993 0.77019274 0.77905515 0.76903726
 0.77996592 0.76684008 0.78174977 0.77389139 0.75413513 0.76812661
 0.75314515 0.7548306  0.71320636 0.74312187 0.73537558 0.74930717
 0.7162123  0.74071755 0.70885653 0.76691341 0.76332601 0.75947747
 0.73323624 0.75983306 0.74333465 0.75577966 0.76479052 0.75690513
 0.7567856  0.75907243 0.74459958 0.76722448 0.74651977 0.75994491
 0.75834275 0.77170105 0.76763696 0.75259622 0.74972805 0.77210069
 0.76447069 0.7898333  0.79009277 0.78336658 0.7775502  0.78188503
 0.7820342  0.7843712  0.78651737 0.78429991 0.79541626 0.78655698
 0.79117744 0.77539346 0.7830105  0.7851742  0.7816486  0.79975146
 0.80586307 0.79469031 0.79809349 0.80555152 0.79271563 0.80044044
 0.79712055 0.80310135 0.80557624 0.80513795 0.81014077 0.8020162
 0.79808773 0.80909019 0.79859166 0.79996652 0.8151754  0.80875836
 0.81909079 0.81447621 0.82268443 0.81797408 0.81631539 0.8243892
 0.82133681 0.81718644 0.80471983 0.81352475 0.81373465 0.82952343
 0.80867603 0.82262214 0.82107483 0.82945539 0.82301458 0.81777714
 0.82673171 0.82523288 0.8302165  0.82339274 0.82888917 0.81933993
 0.83064938 0.82402724 0.82151467 0.82979334 0.82080084 0.82153651
 0.83115752 0.82080876 0.81354623 0.83026979 0.82079928 0.82929157
 0.82401296 0.82874107 0.82970921 0.83128905 0.82393003 0.8307994
 0.83077036 0.8346189  0.82264086 0.82832103 0.83065575 0.82825599
 0.82935482 0.83484812 0.83329469 0.82646517 0.8309685  0.82796424]
Done at Tue Jan 18 04:36:15 JST 2022
