Running on host c5
Starting at Fri Feb 11 13:16:01 JST 2022
Running on hosts: c5
Running on 1 nodes.
Running 1 tasks.
Current working directory is /home/rio-hada/workspace/SurrogateModels
> sbatch spy srcc.py -T 1500 --trials 20 --k_size_max 800 --name median_effect_part4
Namespace(B=2, D=100, P=16, T=1500, eval_archs=100, eval_freq=50, gpu=False, id=8497, k_size_max=800, mean0=False, name='median_effect_part4', recalc=1, seed=None, select_mode='random', trials=20)
save to 'result/image/srcc_t20_T1500_dmax800_mean_median_effect_part4_8497.png'
1000 14.407997495032344
1500 7.68053560078751
2000 17.98332066424885
2500 9.24177174347741
3000 11.330201752620951
1000 2.5530220746646015
1500 6.893499529982796
2000 4.4015232737783085
2500 12.44060235314866
3000 8.337387656230682
1000 49.58551525578995
1500 9.779795999549258
2000 11.006915838828503
2500 14.771528452123611
3000 14.322804819159803
1000 3.5497631900519315
1500 14.93901025507786
2000 9.077842518181638
2500 16.74040483041561
3000 148605868443.03976
1000 277.4969558697416
1500 37.809220401032235
2000 7.388163776654531
2500 14.991215606872746
3000 10.12379474786989
1000 8.343663173253661
1500 7.559633543475087
2000 24.542541040578215
2500 14.407100064571566
3000 42.90227608286938
1000 3.5196515120868126
1500 4.506906186021363
2000 10.226452827743948
2500 65.83588482163236
3000 7.7814579261358885
1000 7.820732548324334
1500 16.227063923064016
2000 5.660766176391877
2500 25.93215766959059
3000 33.76886616415279
1000 43.66681398688486
1500 9.846570296211077
2000 54.25753393495003
2500 5.923284238679582
3000 226.70940152078637
1000 4.767569704865758
1500 33.79885942572543
2000 19.79286376531709
2500 12.781090066498624
3000 118.28183617506991
1000 1.7528264234271884
1500 8.282542214884243
2000 10.389888572178423
2500 6.746224908464478
3000 21.0838940853984
1000 7.968703941432608
1500 6.557869556277501
2000 8.364883942289877
2500 78.55298304451392
3000 16.321593092957063
1000 3.7782840045644366
1500 8.847482636969639
2000 22.68120454403157
2500 9.67561192390214
3000 74.21894001332807
1000 3.2274070128193806
1500 10.874338267658958
2000 25.122960122395092
2500 7.828517360977743
3000 11.53980589255277
1000 17.117590326875376
1500 4.001472971707883
2000 93.63629666714924
2500 28.736832115448898
3000 70.91181344002781
1000 1.2945028450824605
1500 8.43029530793524
2000 14.404048387108539
2500 20.99435944316497
3000 27.741053548148194
1000 1.58210235932128
1500 8.77706715169287
2000 6.555240644935749
2500 9.520378815473222
3000 6.235812877838572
1000 10.313848303633755
1500 4.9921585137184605
2000 10.472776303031964
2500 7.170131055574558
3000 24.52279160976088
1000 26.109468665079376
1500 10.06028966221401
2000 29.34915189399638
2500 9.344621428136723
3000 19.90670006280159
1000 4.689638878548472
1500 43.03483252981858
2000 7.2622764634230945
2500 1436122294888.4812
3000 46.84687755127637
{'srcc': array([0.72942754, 0.75207681, 0.77291929, 0.77416022, 0.75732613,
       0.75529973, 0.76324872, 0.74575458, 0.75845725, 0.74949235,
       0.75609001, 0.75114311, 0.7550495 , 0.79641884, 0.79911191,
       0.81840744, 0.80650525, 0.79564356, 0.78963516, 0.81676928,
       0.80613381, 0.80842304, 0.8360336 , 0.81671467, 0.80982598,
       0.82150495, 0.83747315, 0.85308911, 0.84066907, 0.83126793]), 'acc': array([42.23863884, 42.7248055 , 43.02052773, 42.53022217, 42.82836106,
       42.84263883, 42.45247217, 42.20674995, 42.12066661, 41.97344439,
       41.92386106, 41.6468055 , 42.17141662, 42.0290555 , 42.26302772,
       42.19202772, 42.01405551, 41.79822217, 42.18424995, 42.10002773,
       42.23399995, 42.13966661, 42.37794439, 42.1325555 , 42.12647217,
       42.13994439, 42.12716661, 42.34869439, 41.97586106, 42.04872217])}
Done at Fri Feb 11 16:55:41 JST 2022
